[08/03/21 22:21:38:973 GMT]  INFO util.StdOutErrLog: [class com.dotcms.publishing.GenerateBundlePublisher]
[08/03/21 22:21:38:974 GMT]  INFO util.PushPublishLogger: class com.dotcms.publishing.PublisherAPIImpl : [BundleID: 01F09YWY8XG7GBAD4BFVBDKWPB] Started Publishing Task
[08/03/21 22:21:38:975 GMT]  INFO publishing.PublisherAPIImpl: Writing bundle.xml file
[08/03/21 22:21:38:976 GMT]  INFO publishing.PublisherAPIImpl: Start of Bundler: DependencyBundler
[08/03/21 22:21:38:981 GMT]  INFO util.DependencyManager: PublisherFilter { excludeClassesSet = [] , excludeDependencyClassesSet = [] , excludeQueryIds = [] , excludeDependencyQueryIds = [] , relationships = true , dependencies = true}
[08/03/21 22:21:39:047 GMT]  INFO publishing.PublisherAPIImpl: End of Bundler: DependencyBundler
[08/03/21 22:21:39:048 GMT]  INFO publishing.PublisherAPIImpl: Start of Bundler: HostBundler
[08/03/21 22:21:39:050 GMT]  INFO bundler.HostBundler: Searching for ContentletVersionInfo. Identifier: 8a7d5e23-da1e-420a-b4f0-471e7da8ea2d. Language:1
[08/03/21 22:21:39:052 GMT]  INFO bundler.HostBundler: Searching for ContentletVersionInfo. Identifier: 8a7d5e23-da1e-420a-b4f0-471e7da8ea2d. Language:1
[08/03/21 22:21:39:061 GMT]  INFO publishing.PublisherAPIImpl: End of Bundler: HostBundler
[08/03/21 22:21:39:061 GMT]  INFO publishing.PublisherAPIImpl: Start of Bundler: RuleBundler
[08/03/21 22:21:39:064 GMT]  INFO publishing.PublisherAPIImpl: End of Bundler: RuleBundler
[08/03/21 22:21:39:064 GMT]  INFO publishing.PublisherAPIImpl: Start of Bundler: BundleXMLAsc
[08/03/21 22:21:39:064 GMT]  INFO publishing.PublisherAPIImpl: End of Bundler: BundleXMLAsc
[08/03/21 22:21:39:064 GMT]  INFO publishing.PublisherAPIImpl: Start of Bundler: CategoryBundler
[08/03/21 22:21:39:064 GMT]  INFO publishing.PublisherAPIImpl: End of Bundler: CategoryBundler
[08/03/21 22:21:39:064 GMT]  INFO publishing.GenerateBundlePublisher: Bundling Complete: /custom/assets/bundles/01F09YWY8XG7GBAD4BFVBDKWPB
[08/03/21 22:21:39:064 GMT]  INFO util.PushPublishLogger: class com.dotcms.publishing.PublisherAPIImpl : [BundleID: 01F09YWY8XG7GBAD4BFVBDKWPB] Completed Publishing Task
[08/03/21 22:21:39:068 GMT]  INFO junit.RuleWatcher: >>>>>>>>>>>>>>>>>>>>>>>>>>
[08/03/21 22:21:39:068 GMT]  INFO junit.RuleWatcher: >>> publish[9: com.dotcms.publishing.PublisherAPIImplTest$TestCase@37861e6](com.dotcms.publishing.PublisherAPIImplTest) - starting...
[08/03/21 22:21:39:068 GMT]  INFO junit.RuleWatcher: >>>>>>>>>>>>>>>>>>>>>>>>>>
[08/03/21 22:21:39:069 GMT]  INFO publishing.PublisherAPIImplTest: languageVariables [com.dotmarketing.portlets.contentlet.model.Contentlet@3f46b862[map={owner=system, identifier=cb0836fd-237c-4218-b951-30e068778033, nullProperties=[wfExpireDate, filterKey, whereToSend, wfPublishDate, wfNeverExpire, wfActionAssign, iWantTo, wfActionId, wfPublishTime, wfActionComments, wfExpireTime], modDate=2021-03-08 21:39:08.825, languageId=1615239548789, inode=a367fd0b-1ef4-42ae-bbaf-e61ad38e612c, folder=SYSTEM_FOLDER, disabledWYSIWYG=[], sortOrder=0, modUser=system, host=8a7d5e23-da1e-420a-b4f0-471e7da8ea2d, stInode=f4d7c1b8-2c88-4071-abf1-a5328977b07d, value=key-exists-as-contentlet06403aab33works, key=key-exists-as-contentlet06403aab33},lowIndexPriority=false], com.dotmarketing.portlets.contentlet.model.Contentlet@6291dda9[map={owner=system, identifier=6022ab33-9988-4b57-8b05-0743637498a3, nullProperties=[wfExpireDate, filterKey, whereToSend, wfPublishDate, wfNeverExpire, wfActionAssign, iWantTo, wfActionId, wfPublishTime, wfActionComments, wfExpireTime], modDate=2021-03-08 21:35:57.763, languageId=1, inode=9a3a97ee-fca6-4a21-a1d8-6dddb2e6db4c, folder=SYSTEM_FOLDER, disabledWYSIWYG=[], sortOrder=0, modUser=dotcms.org.1, host=SYSTEM_HOST, stInode=f4d7c1b8-2c88-4071-abf1-a5328977b07d, value=test, key=testVarname1615237999908.test1615237999908.name},lowIndexPriority=false], com.dotmarketing.portlets.contentlet.model.Contentlet@6a11f3d7[map={owner=system, identifier=248ff8ed-061d-4a61-96ad-71e424f500a3, nullProperties=[wfExpireDate, filterKey, whereToSend, wfPublishDate, wfNeverExpire, wfActionAssign, iWantTo, wfActionId, wfPublishTime, wfActionComments, wfExpireTime], modDate=2021-03-08 21:13:19.673, languageId=1, inode=b680565c-c561-4776-8c23-2f7734acd5ba, folder=SYSTEM_FOLDER, disabledWYSIWYG=[], sortOrder=0, modUser=system, host=SYSTEM_HOST, stInode=f4d7c1b8-2c88-4071-abf1-a5328977b07d, value=test, key=testVarname1615237999555.test1615237999555.name},lowIndexPriority=false]]
[08/03/21 22:21:39:069 GMT]  INFO util.StdOutErrLog: [class com.dotcms.publishing.PublisherAPIImplTest$PushPublisherMock]
[08/03/21 22:21:39:073 GMT]  INFO util.PushPublishLogger: class com.dotcms.publishing.PublisherAPIImpl : [BundleID: 01F09YWYBY5CN49FD2FF0WPPEB] Started Publishing Task
[08/03/21 22:21:39:073 GMT]  INFO publishing.PublisherAPIImpl: Writing bundle.xml file
[08/03/21 22:21:39:074 GMT]  INFO publishing.PublisherAPIImpl: Start of Bundler: DependencyBundler
[08/03/21 22:21:39:079 GMT]  INFO util.DependencyManager: PublisherFilter { excludeClassesSet = [] , excludeDependencyClassesSet = [] , excludeQueryIds = [] , excludeDependencyQueryIds = [] , relationships = true , dependencies = true}
[08/03/21 22:21:39:103 GMT]  INFO publishing.PublisherAPIImpl: End of Bundler: DependencyBundler
[08/03/21 22:21:39:103 GMT]  INFO publishing.PublisherAPIImpl: Start of Bundler: HostBundler
[08/03/21 22:21:39:106 GMT]  INFO bundler.HostBundler: Searching for ContentletVersionInfo. Identifier: 8a7d5e23-da1e-420a-b4f0-471e7da8ea2d. Language:1
[08/03/21 22:21:39:108 GMT]  INFO bundler.HostBundler: Searching for ContentletVersionInfo. Identifier: 8a7d5e23-da1e-420a-b4f0-471e7da8ea2d. Language:1
[08/03/21 22:21:39:110 GMT]  INFO bundler.HostBundler: Searching for ContentletVersionInfo. Identifier: 5f556e7a-31ca-4fa0-a505-e3974a8c6053. Language:1
[08/03/21 22:21:39:112 GMT]  INFO publishing.PublisherAPIImpl: End of Bundler: HostBundler
[08/03/21 22:21:39:112 GMT]  INFO publishing.PublisherAPIImpl: Start of Bundler: ContentBundler
[08/03/21 22:21:39:122 GMT]  INFO publishing.PublisherAPIImpl: End of Bundler: ContentBundler
[08/03/21 22:21:39:122 GMT]  INFO publishing.PublisherAPIImpl: Start of Bundler: FolderBundler
[08/03/21 22:21:39:122 GMT]  INFO publishing.PublisherAPIImpl: End of Bundler: FolderBundler
[08/03/21 22:21:39:122 GMT]  INFO publishing.PublisherAPIImpl: Start of Bundler: TemplateBundler
[08/03/21 22:21:39:122 GMT]  INFO publishing.PublisherAPIImpl: End of Bundler: TemplateBundler
[08/03/21 22:21:39:122 GMT]  INFO publishing.PublisherAPIImpl: Start of Bundler: ContainerBundler
[08/03/21 22:21:39:122 GMT]  INFO publishing.PublisherAPIImpl: End of Bundler: ContainerBundler
[08/03/21 22:21:39:122 GMT]  INFO publishing.PublisherAPIImpl: Start of Bundler: RuleBundler
[08/03/21 22:21:39:123 GMT]  INFO publishing.PublisherAPIImpl: End of Bundler: RuleBundler
[08/03/21 22:21:39:123 GMT]  INFO publishing.PublisherAPIImpl: Start of Bundler: LinkBundler
[08/03/21 22:21:39:123 GMT]  INFO publishing.PublisherAPIImpl: End of Bundler: LinkBundler
[08/03/21 22:21:39:123 GMT]  INFO publishing.PublisherAPIImpl: Start of Bundler: ContentTypeBundler
[08/03/21 22:21:39:141 GMT]  INFO publishing.PublisherAPIImpl: End of Bundler: ContentTypeBundler
[08/03/21 22:21:39:141 GMT]  INFO publishing.PublisherAPIImpl: Start of Bundler: RelationshipBundler
[08/03/21 22:21:39:141 GMT]  INFO util.PushPublishLogger: class com.dotcms.enterprise.publishing.remote.bundler.RelationshipBundler : Relationship INODE: 08e6ee15-4e3e-48fc-afee-ecd738a4b8b0
[08/03/21 22:21:39:142 GMT]  INFO publishing.PublisherAPIImpl: End of Bundler: RelationshipBundler
[08/03/21 22:21:39:142 GMT]  INFO publishing.PublisherAPIImpl: Start of Bundler: LanguageVariablesBundler
[08/03/21 22:21:39:144 GMT]  INFO publishing.PublisherAPIImpl: End of Bundler: LanguageVariablesBundler
[08/03/21 22:21:39:144 GMT]  INFO publishing.PublisherAPIImpl: Start of Bundler: WorkflowBundler
[08/03/21 22:21:39:162 GMT]  INFO publishing.PublisherAPIImpl: End of Bundler: WorkflowBundler
[08/03/21 22:21:39:162 GMT]  INFO publishing.PublisherAPIImpl: Start of Bundler: LanguageBundler
[08/03/21 22:21:39:163 GMT]  INFO publishing.PublisherAPIImpl: End of Bundler: LanguageBundler
[08/03/21 22:21:39:163 GMT]  INFO publishing.PublisherAPIImpl: Start of Bundler: BundleXMLAsc
[08/03/21 22:21:39:163 GMT]  INFO publishing.PublisherAPIImpl: End of Bundler: BundleXMLAsc
[08/03/21 22:21:39:163 GMT]  INFO publishing.PublisherAPIImpl: Start of Bundler: CategoryBundler
[08/03/21 22:21:39:164 GMT]  INFO publishing.PublisherAPIImpl: End of Bundler: CategoryBundler
[08/03/21 22:21:39:164 GMT]  INFO util.PushPublishLogger: class com.dotcms.publishing.PublisherAPIImpl : [BundleID: 01F09YWYBY5CN49FD2FF0WPPEB] Completed Publishing Task
[08/03/21 22:21:39:175 GMT]  INFO junit.RuleWatcher: >>>>>>>>>>>>>>>>>>>>>>>>>>
[08/03/21 22:21:39:175 GMT]  INFO junit.RuleWatcher: >>> publish[10: com.dotcms.publishing.PublisherAPIImplTest$TestCase@7619ffd2](com.dotcms.publishing.PublisherAPIImplTest) - starting...
[08/03/21 22:21:39:175 GMT]  INFO junit.RuleWatcher: >>>>>>>>>>>>>>>>>>>>>>>>>>
[08/03/21 22:21:39:176 GMT]  INFO publishing.PublisherAPIImplTest: languageVariables [com.dotmarketing.portlets.contentlet.model.Contentlet@3f46b862[map={owner=system, identifier=cb0836fd-237c-4218-b951-30e068778033, nullProperties=[wfExpireDate, filterKey, whereToSend, wfPublishDate, wfNeverExpire, wfActionAssign, iWantTo, wfActionId, wfPublishTime, wfActionComments, wfExpireTime], modDate=2021-03-08 21:39:08.825, languageId=1615239548789, inode=a367fd0b-1ef4-42ae-bbaf-e61ad38e612c, folder=SYSTEM_FOLDER, disabledWYSIWYG=[], sortOrder=0, modUser=system, host=8a7d5e23-da1e-420a-b4f0-471e7da8ea2d, stInode=f4d7c1b8-2c88-4071-abf1-a5328977b07d, value=key-exists-as-contentlet06403aab33works, key=key-exists-as-contentlet06403aab33},lowIndexPriority=false], com.dotmarketing.portlets.contentlet.model.Contentlet@6291dda9[map={owner=system, identifier=6022ab33-9988-4b57-8b05-0743637498a3, nullProperties=[wfExpireDate, filterKey, whereToSend, wfPublishDate, wfNeverExpire, wfActionAssign, iWantTo, wfActionId, wfPublishTime, wfActionComments, wfExpireTime], modDate=2021-03-08 21:35:57.763, languageId=1, inode=9a3a97ee-fca6-4a21-a1d8-6dddb2e6db4c, folder=SYSTEM_FOLDER, disabledWYSIWYG=[], sortOrder=0, modUser=dotcms.org.1, host=SYSTEM_HOST, stInode=f4d7c1b8-2c88-4071-abf1-a5328977b07d, value=test, key=testVarname1615237999908.test1615237999908.name},lowIndexPriority=false], com.dotmarketing.portlets.contentlet.model.Contentlet@6a11f3d7[map={owner=system, identifier=248ff8ed-061d-4a61-96ad-71e424f500a3, nullProperties=[wfExpireDate, filterKey, whereToSend, wfPublishDate, wfNeverExpire, wfActionAssign, iWantTo, wfActionId, wfPublishTime, wfActionComments, wfExpireTime], modDate=2021-03-08 21:13:19.673, languageId=1, inode=b680565c-c561-4776-8c23-2f7734acd5ba, folder=SYSTEM_FOLDER, disabledWYSIWYG=[], sortOrder=0, modUser=system, host=SYSTEM_HOST, stInode=f4d7c1b8-2c88-4071-abf1-a5328977b07d, value=test, key=testVarname1615237999555.test1615237999555.name},lowIndexPriority=false]]
[08/03/21 22:21:39:176 GMT]  INFO util.StdOutErrLog: [class com.dotcms.publishing.PublisherAPIImplTest$PushPublisherMock]
[08/03/21 22:21:39:178 GMT]  INFO util.PushPublishLogger: class com.dotcms.publishing.PublisherAPIImpl : [BundleID: 01F09YWYF9G9899VH37B9KBK5Z] Started Publishing Task
[08/03/21 22:21:39:178 GMT]  INFO publishing.PublisherAPIImpl: Writing bundle.xml file
[08/03/21 22:21:39:180 GMT]  INFO publishing.PublisherAPIImpl: Start of Bundler: DependencyBundler
[08/03/21 22:21:39:185 GMT]  INFO util.DependencyManager: PublisherFilter { excludeClassesSet = [] , excludeDependencyClassesSet = [] , excludeQueryIds = [] , excludeDependencyQueryIds = [] , relationships = true , dependencies = true}
[08/03/21 22:21:39:200 GMT]  INFO publishing.PublisherAPIImpl: End of Bundler: DependencyBundler
[08/03/21 22:21:39:200 GMT]  INFO publishing.PublisherAPIImpl: Start of Bundler: HostBundler
[08/03/21 22:21:39:202 GMT]  INFO bundler.HostBundler: Searching for ContentletVersionInfo. Identifier: 8a7d5e23-da1e-420a-b4f0-471e7da8ea2d. Language:1
[08/03/21 22:21:39:205 GMT]  INFO bundler.HostBundler: Searching for ContentletVersionInfo. Identifier: 8a7d5e23-da1e-420a-b4f0-471e7da8ea2d. Language:1
[08/03/21 22:21:39:207 GMT]  INFO bundler.HostBundler: Searching for ContentletVersionInfo. Identifier: cadb2a8d-694d-4a12-ae98-989748188451. Language:1
[08/03/21 22:21:39:214 GMT]  INFO publishing.PublisherAPIImpl: End of Bundler: HostBundler
[08/03/21 22:21:39:214 GMT]  INFO publishing.PublisherAPIImpl: Start of Bundler: ContentBundler
[08/03/21 22:21:39:223 GMT]  INFO publishing.PublisherAPIImpl: End of Bundler: ContentBundler
[08/03/21 22:21:39:223 GMT]  INFO publishing.PublisherAPIImpl: Start of Bundler: FolderBundler
[08/03/21 22:21:39:223 GMT]  INFO publishing.PublisherAPIImpl: End of Bundler: FolderBundler
[08/03/21 22:21:39:223 GMT]  INFO publishing.PublisherAPIImpl: Start of Bundler: TemplateBundler
[08/03/21 22:21:39:224 GMT]  INFO publishing.PublisherAPIImpl: End of Bundler: TemplateBundler
[08/03/21 22:21:39:224 GMT]  INFO publishing.PublisherAPIImpl: Start of Bundler: ContainerBundler
[08/03/21 22:21:39:225 GMT]  INFO publishing.PublisherAPIImpl: End of Bundler: ContainerBundler
[08/03/21 22:21:39:225 GMT]  INFO publishing.PublisherAPIImpl: Start of Bundler: RuleBundler
[08/03/21 22:21:39:226 GMT]  INFO publishing.PublisherAPIImpl: End of Bundler: RuleBundler
[08/03/21 22:21:39:226 GMT]  INFO publishing.PublisherAPIImpl: Start of Bundler: LinkBundler
[08/03/21 22:21:39:226 GMT]  INFO publishing.PublisherAPIImpl: End of Bundler: LinkBundler
[08/03/21 22:21:39:226 GMT]  INFO publishing.PublisherAPIImpl: Start of Bundler: ContentTypeBundler
[08/03/21 22:21:39:235 GMT]  INFO publishing.PublisherAPIImpl: End of Bundler: ContentTypeBundler
[08/03/21 22:21:39:235 GMT]  INFO publishing.PublisherAPIImpl: Start of Bundler: RelationshipBundler
[08/03/21 22:21:39:235 GMT]  INFO publishing.PublisherAPIImpl: End of Bundler: RelationshipBundler
[08/03/21 22:21:39:235 GMT]  INFO publishing.PublisherAPIImpl: Start of Bundler: LanguageVariablesBundler
[08/03/21 22:21:39:238 GMT]  INFO publishing.PublisherAPIImpl: End of Bundler: LanguageVariablesBundler
[08/03/21 22:21:39:238 GMT]  INFO publishing.PublisherAPIImpl: Start of Bundler: WorkflowBundler
[08/03/21 22:21:39:255 GMT]  INFO publishing.PublisherAPIImpl: End of Bundler: WorkflowBundler
[08/03/21 22:21:39:255 GMT]  INFO publishing.PublisherAPIImpl: Start of Bundler: LanguageBundler
[08/03/21 22:21:39:256 GMT]  INFO publishing.PublisherAPIImpl: End of Bundler: LanguageBundler
[08/03/21 22:21:39:256 GMT]  INFO publishing.PublisherAPIImpl: Start of Bundler: BundleXMLAsc
[08/03/21 22:21:39:256 GMT]  INFO publishing.PublisherAPIImpl: End of Bundler: BundleXMLAsc
[08/03/21 22:21:39:256 GMT]  INFO publishing.PublisherAPIImpl: Start of Bundler: CategoryBundler
[08/03/21 22:21:39:256 GMT]  INFO publishing.PublisherAPIImpl: End of Bundler: CategoryBundler
[08/03/21 22:21:39:256 GMT]  INFO util.PushPublishLogger: class com.dotcms.publishing.PublisherAPIImpl : [BundleID: 01F09YWYF9G9899VH37B9KBK5Z] Completed Publishing Task
[08/03/21 22:21:39:267 GMT]  INFO junit.RuleWatcher: >>>>>>>>>>>>>>>>>>>>>>>>>>
[08/03/21 22:21:39:267 GMT]  INFO junit.RuleWatcher: >>> publish[11: com.dotcms.publishing.PublisherAPIImplTest$TestCase@725e90d7](com.dotcms.publishing.PublisherAPIImplTest) - starting...
[08/03/21 22:21:39:267 GMT]  INFO junit.RuleWatcher: >>>>>>>>>>>>>>>>>>>>>>>>>>
[08/03/21 22:21:39:268 GMT]  INFO publishing.PublisherAPIImplTest: languageVariables [com.dotmarketing.portlets.contentlet.model.Contentlet@3f46b862[map={owner=system, identifier=cb0836fd-237c-4218-b951-30e068778033, nullProperties=[wfExpireDate, filterKey, whereToSend, wfPublishDate, wfNeverExpire, wfActionAssign, iWantTo, wfActionId, wfPublishTime, wfActionComments, wfExpireTime], modDate=2021-03-08 21:39:08.825, languageId=1615239548789, inode=a367fd0b-1ef4-42ae-bbaf-e61ad38e612c, folder=SYSTEM_FOLDER, disabledWYSIWYG=[], sortOrder=0, modUser=system, host=8a7d5e23-da1e-420a-b4f0-471e7da8ea2d, stInode=f4d7c1b8-2c88-4071-abf1-a5328977b07d, value=key-exists-as-contentlet06403aab33works, key=key-exists-as-contentlet06403aab33},lowIndexPriority=false], com.dotmarketing.portlets.contentlet.model.Contentlet@6291dda9[map={owner=system, identifier=6022ab33-9988-4b57-8b05-0743637498a3, nullProperties=[wfExpireDate, filterKey, whereToSend, wfPublishDate, wfNeverExpire, wfActionAssign, iWantTo, wfActionId, wfPublishTime, wfActionComments, wfExpireTime], modDate=2021-03-08 21:35:57.763, languageId=1, inode=9a3a97ee-fca6-4a21-a1d8-6dddb2e6db4c, folder=SYSTEM_FOLDER, disabledWYSIWYG=[], sortOrder=0, modUser=dotcms.org.1, host=SYSTEM_HOST, stInode=f4d7c1b8-2c88-4071-abf1-a5328977b07d, value=test, key=testVarname1615237999908.test1615237999908.name},lowIndexPriority=false], com.dotmarketing.portlets.contentlet.model.Contentlet@6a11f3d7[map={owner=system, identifier=248ff8ed-061d-4a61-96ad-71e424f500a3, nullProperties=[wfExpireDate, filterKey, whereToSend, wfPublishDate, wfNeverExpire, wfActionAssign, iWantTo, wfActionId, wfPublishTime, wfActionComments, wfExpireTime], modDate=2021-03-08 21:13:19.673, languageId=1, inode=b680565c-c561-4776-8c23-2f7734acd5ba, folder=SYSTEM_FOLDER, disabledWYSIWYG=[], sortOrder=0, modUser=system, host=SYSTEM_HOST, stInode=f4d7c1b8-2c88-4071-abf1-a5328977b07d, value=test, key=testVarname1615237999555.test1615237999555.name},lowIndexPriority=false]]
[08/03/21 22:21:39:268 GMT]  INFO util.StdOutErrLog: [class com.dotcms.publishing.PublisherAPIImplTest$PushPublisherMock]
[08/03/21 22:21:39:270 GMT]  INFO util.PushPublishLogger: class com.dotcms.publishing.PublisherAPIImpl : [BundleID: 01F09YWYJ4RMVP6JPMEN1GAPD9] Started Publishing Task
[08/03/21 22:21:39:270 GMT]  INFO publishing.PublisherAPIImpl: Writing bundle.xml file
[08/03/21 22:21:39:276 GMT]  INFO publishing.PublisherAPIImpl: Start of Bundler: DependencyBundler
[08/03/21 22:21:39:294 GMT]  INFO util.DependencyManager: PublisherFilter { excludeClassesSet = [] , excludeDependencyClassesSet = [] , excludeQueryIds = [] , excludeDependencyQueryIds = [] , relationships = true , dependencies = true}
[08/03/21 22:21:39:310 GMT]  INFO publishing.PublisherAPIImpl: End of Bundler: DependencyBundler
[08/03/21 22:21:39:310 GMT]  INFO publishing.PublisherAPIImpl: Start of Bundler: HostBundler
[08/03/21 22:21:39:314 GMT]  INFO bundler.HostBundler: Searching for ContentletVersionInfo. Identifier: 8a7d5e23-da1e-420a-b4f0-471e7da8ea2d. Language:1
[08/03/21 22:21:39:316 GMT]  INFO bundler.HostBundler: Searching for ContentletVersionInfo. Identifier: 8bcc3da0-97a1-4f0f-a066-06a69c1a412f. Language:1
[08/03/21 22:21:39:317 GMT]  INFO bundler.HostBundler: Searching for ContentletVersionInfo. Identifier: 8a7d5e23-da1e-420a-b4f0-471e7da8ea2d. Language:1
[08/03/21 22:21:39:319 GMT]  INFO publishing.PublisherAPIImpl: End of Bundler: HostBundler
[08/03/21 22:21:39:319 GMT]  INFO publishing.PublisherAPIImpl: Start of Bundler: ContentBundler
[08/03/21 22:21:39:327 GMT]  INFO publishing.PublisherAPIImpl: End of Bundler: ContentBundler
[08/03/21 22:21:39:327 GMT]  INFO publishing.PublisherAPIImpl: Start of Bundler: FolderBundler
[08/03/21 22:21:39:327 GMT]  INFO publishing.PublisherAPIImpl: End of Bundler: FolderBundler
[08/03/21 22:21:39:327 GMT]  INFO publishing.PublisherAPIImpl: Start of Bundler: TemplateBundler
[08/03/21 22:21:39:327 GMT]  INFO publishing.PublisherAPIImpl: End of Bundler: TemplateBundler
[08/03/21 22:21:39:327 GMT]  INFO publishing.PublisherAPIImpl: Start of Bundler: ContainerBundler
[08/03/21 22:21:39:328 GMT]  INFO publishing.PublisherAPIImpl: End of Bundler: ContainerBundler
[08/03/21 22:21:39:328 GMT]  INFO publishing.PublisherAPIImpl: Start of Bundler: RuleBundler
[08/03/21 22:21:39:328 GMT]  INFO publishing.PublisherAPIImpl: End of Bundler: RuleBundler
[08/03/21 22:21:39:329 GMT]  INFO publishing.PublisherAPIImpl: Start of Bundler: LinkBundler
[08/03/21 22:21:39:329 GMT]  INFO publishing.PublisherAPIImpl: End of Bundler: LinkBundler
[08/03/21 22:21:39:329 GMT]  INFO publishing.PublisherAPIImpl: Start of Bundler: ContentTypeBundler
[08/03/21 22:21:39:340 GMT]  INFO publishing.PublisherAPIImpl: End of Bundler: ContentTypeBundler
[08/03/21 22:21:39:345 GMT]  INFO publishing.PublisherAPIImpl: Start of Bundler: RelationshipBundler
[08/03/21 22:21:39:345 GMT]  INFO publishing.PublisherAPIImpl: End of Bundler: RelationshipBundler
[08/03/21 22:21:39:345 GMT]  INFO publishing.PublisherAPIImpl: Start of Bundler: LanguageVariablesBundler
[08/03/21 22:21:39:348 GMT]  INFO publishing.PublisherAPIImpl: End of Bundler: LanguageVariablesBundler
[08/03/21 22:21:39:348 GMT]  INFO publishing.PublisherAPIImpl: Start of Bundler: WorkflowBundler
[08/03/21 22:21:39:378 GMT]  INFO publishing.PublisherAPIImpl: End of Bundler: WorkflowBundler
[08/03/21 22:21:39:378 GMT]  INFO publishing.PublisherAPIImpl: Start of Bundler: LanguageBundler
[08/03/21 22:21:39:379 GMT]  INFO publishing.PublisherAPIImpl: End of Bundler: LanguageBundler
[08/03/21 22:21:39:385 GMT]  INFO publishing.PublisherAPIImpl: Start of Bundler: BundleXMLAsc
[08/03/21 22:21:39:385 GMT]  INFO publishing.PublisherAPIImpl: End of Bundler: BundleXMLAsc
[08/03/21 22:21:39:385 GMT]  INFO publishing.PublisherAPIImpl: Start of Bundler: CategoryBundler
[08/03/21 22:21:39:385 GMT]  INFO publishing.PublisherAPIImpl: End of Bundler: CategoryBundler
[08/03/21 22:21:39:386 GMT]  INFO util.PushPublishLogger: class com.dotcms.publishing.PublisherAPIImpl : [BundleID: 01F09YWYJ4RMVP6JPMEN1GAPD9] Completed Publishing Task
[08/03/21 22:21:39:403 GMT]  INFO junit.RuleWatcher: >>>>>>>>>>>>>>>>>>>>>>>>>>
[08/03/21 22:21:39:403 GMT]  INFO junit.RuleWatcher: >>> publish[12: com.dotcms.publishing.PublisherAPIImplTest$TestCase@3228a5c2](com.dotcms.publishing.PublisherAPIImplTest) - starting...
[08/03/21 22:21:39:403 GMT]  INFO junit.RuleWatcher: >>>>>>>>>>>>>>>>>>>>>>>>>>
[08/03/21 22:21:39:403 GMT]  INFO publishing.PublisherAPIImplTest: languageVariables [com.dotmarketing.portlets.contentlet.model.Contentlet@3f46b862[map={owner=system, identifier=cb0836fd-237c-4218-b951-30e068778033, nullProperties=[wfExpireDate, filterKey, whereToSend, wfPublishDate, wfNeverExpire, wfActionAssign, iWantTo, wfActionId, wfPublishTime, wfActionComments, wfExpireTime], modDate=2021-03-08 21:39:08.825, languageId=1615239548789, inode=a367fd0b-1ef4-42ae-bbaf-e61ad38e612c, folder=SYSTEM_FOLDER, disabledWYSIWYG=[], sortOrder=0, modUser=system, host=8a7d5e23-da1e-420a-b4f0-471e7da8ea2d, stInode=f4d7c1b8-2c88-4071-abf1-a5328977b07d, value=key-exists-as-contentlet06403aab33works, key=key-exists-as-contentlet06403aab33},lowIndexPriority=false], com.dotmarketing.portlets.contentlet.model.Contentlet@6291dda9[map={owner=system, identifier=6022ab33-9988-4b57-8b05-0743637498a3, nullProperties=[wfExpireDate, filterKey, whereToSend, wfPublishDate, wfNeverExpire, wfActionAssign, iWantTo, wfActionId, wfPublishTime, wfActionComments, wfExpireTime], modDate=2021-03-08 21:35:57.763, languageId=1, inode=9a3a97ee-fca6-4a21-a1d8-6dddb2e6db4c, folder=SYSTEM_FOLDER, disabledWYSIWYG=[], sortOrder=0, modUser=dotcms.org.1, host=SYSTEM_HOST, stInode=f4d7c1b8-2c88-4071-abf1-a5328977b07d, value=test, key=testVarname1615237999908.test1615237999908.name},lowIndexPriority=false], com.dotmarketing.portlets.contentlet.model.Contentlet@6a11f3d7[map={owner=system, identifier=248ff8ed-061d-4a61-96ad-71e424f500a3, nullProperties=[wfExpireDate, filterKey, whereToSend, wfPublishDate, wfNeverExpire, wfActionAssign, iWantTo, wfActionId, wfPublishTime, wfActionComments, wfExpireTime], modDate=2021-03-08 21:13:19.673, languageId=1, inode=b680565c-c561-4776-8c23-2f7734acd5ba, folder=SYSTEM_FOLDER, disabledWYSIWYG=[], sortOrder=0, modUser=system, host=SYSTEM_HOST, stInode=f4d7c1b8-2c88-4071-abf1-a5328977b07d, value=test, key=testVarname1615237999555.test1615237999555.name},lowIndexPriority=false]]
[08/03/21 22:21:39:405 GMT]  INFO util.StdOutErrLog: [class com.dotcms.publishing.PublisherAPIImplTest$PushPublisherMock]
[08/03/21 22:21:39:407 GMT]  INFO util.PushPublishLogger: class com.dotcms.publishing.PublisherAPIImpl : [BundleID: 01F09YWYPEVF5Z7ER7HTJ4WPS6] Started Publishing Task
[08/03/21 22:21:39:408 GMT]  INFO publishing.PublisherAPIImpl: Writing bundle.xml file
[08/03/21 22:21:39:410 GMT]  INFO publishing.PublisherAPIImpl: Start of Bundler: DependencyBundler
[08/03/21 22:21:39:417 GMT]  INFO util.DependencyManager: PublisherFilter { excludeClassesSet = [] , excludeDependencyClassesSet = [] , excludeQueryIds = [] , excludeDependencyQueryIds = [] , relationships = true , dependencies = true}
[08/03/21 22:21:39:455 GMT]  INFO publishing.PublisherAPIImpl: End of Bundler: DependencyBundler
[08/03/21 22:21:39:455 GMT]  INFO publishing.PublisherAPIImpl: Start of Bundler: HostBundler
[08/03/21 22:21:39:457 GMT]  INFO bundler.HostBundler: Searching for ContentletVersionInfo. Identifier: 8a7d5e23-da1e-420a-b4f0-471e7da8ea2d. Language:1
[08/03/21 22:21:39:459 GMT]  INFO bundler.HostBundler: Searching for ContentletVersionInfo. Identifier: 8a7d5e23-da1e-420a-b4f0-471e7da8ea2d. Language:1
[08/03/21 22:21:39:461 GMT]  INFO bundler.HostBundler: Searching for ContentletVersionInfo. Identifier: 7224c430-2022-489c-a77e-12daff691fbd. Language:1
[08/03/21 22:21:39:463 GMT]  INFO publishing.PublisherAPIImpl: End of Bundler: HostBundler
[08/03/21 22:21:39:463 GMT]  INFO publishing.PublisherAPIImpl: Start of Bundler: ContentBundler
[08/03/21 22:21:39:477 GMT]  INFO publishing.PublisherAPIImpl: End of Bundler: ContentBundler
[08/03/21 22:21:39:477 GMT]  INFO publishing.PublisherAPIImpl: Start of Bundler: FolderBundler
[08/03/21 22:21:39:481 GMT]  INFO publishing.PublisherAPIImpl: End of Bundler: FolderBundler
[08/03/21 22:21:39:481 GMT]  INFO publishing.PublisherAPIImpl: Start of Bundler: TemplateBundler
[08/03/21 22:21:39:481 GMT]  INFO publishing.PublisherAPIImpl: End of Bundler: TemplateBundler
[08/03/21 22:21:39:481 GMT]  INFO publishing.PublisherAPIImpl: Start of Bundler: ContainerBundler
[08/03/21 22:21:39:481 GMT]  INFO publishing.PublisherAPIImpl: End of Bundler: ContainerBundler
[08/03/21 22:21:39:481 GMT]  INFO publishing.PublisherAPIImpl: Start of Bundler: RuleBundler
[08/03/21 22:21:39:482 GMT]  INFO publishing.PublisherAPIImpl: End of Bundler: RuleBundler
[08/03/21 22:21:39:482 GMT]  INFO publishing.PublisherAPIImpl: Start of Bundler: LinkBundler
[08/03/21 22:21:39:483 GMT]  INFO publishing.PublisherAPIImpl: End of Bundler: LinkBundler
[08/03/21 22:21:39:483 GMT]  INFO publishing.PublisherAPIImpl: Start of Bundler: ContentTypeBundler
[08/03/21 22:21:39:497 GMT]  INFO publishing.PublisherAPIImpl: End of Bundler: ContentTypeBundler
[08/03/21 22:21:39:497 GMT]  INFO publishing.PublisherAPIImpl: Start of Bundler: RelationshipBundler
[08/03/21 22:21:39:497 GMT]  INFO publishing.PublisherAPIImpl: End of Bundler: RelationshipBundler
[08/03/21 22:21:39:497 GMT]  INFO publishing.PublisherAPIImpl: Start of Bundler: LanguageVariablesBundler
[08/03/21 22:21:39:499 GMT]  INFO publishing.PublisherAPIImpl: End of Bundler: LanguageVariablesBundler
[08/03/21 22:21:39:499 GMT]  INFO publishing.PublisherAPIImpl: Start of Bundler: WorkflowBundler
[08/03/21 22:21:39:520 GMT]  INFO publishing.PublisherAPIImpl: End of Bundler: WorkflowBundler
[08/03/21 22:21:39:520 GMT]  INFO publishing.PublisherAPIImpl: Start of Bundler: LanguageBundler
[08/03/21 22:21:39:521 GMT]  INFO publishing.PublisherAPIImpl: End of Bundler: LanguageBundler
[08/03/21 22:21:39:521 GMT]  INFO publishing.PublisherAPIImpl: Start of Bundler: BundleXMLAsc
[08/03/21 22:21:39:521 GMT]  INFO publishing.PublisherAPIImpl: End of Bundler: BundleXMLAsc
[08/03/21 22:21:39:521 GMT]  INFO publishing.PublisherAPIImpl: Start of Bundler: CategoryBundler
[08/03/21 22:21:39:521 GMT]  INFO publishing.PublisherAPIImpl: End of Bundler: CategoryBundler
[08/03/21 22:21:39:521 GMT]  INFO util.PushPublishLogger: class com.dotcms.publishing.PublisherAPIImpl : [BundleID: 01F09YWYPEVF5Z7ER7HTJ4WPS6] Completed Publishing Task
[08/03/21 22:21:39:544 GMT]  INFO junit.RuleWatcher: >>>>>>>>>>>>>>>>>>>>>>>>>>
[08/03/21 22:21:39:544 GMT]  INFO junit.RuleWatcher: >>> publish[13: com.dotcms.publishing.PublisherAPIImplTest$TestCase@721f9530](com.dotcms.publishing.PublisherAPIImplTest) - starting...
[08/03/21 22:21:39:544 GMT]  INFO junit.RuleWatcher: >>>>>>>>>>>>>>>>>>>>>>>>>>
[08/03/21 22:21:39:544 GMT]  INFO publishing.PublisherAPIImplTest: languageVariables [com.dotmarketing.portlets.contentlet.model.Contentlet@3f46b862[map={owner=system, identifier=cb0836fd-237c-4218-b951-30e068778033, nullProperties=[wfExpireDate, filterKey, whereToSend, wfPublishDate, wfNeverExpire, wfActionAssign, iWantTo, wfActionId, wfPublishTime, wfActionComments, wfExpireTime], modDate=2021-03-08 21:39:08.825, languageId=1615239548789, inode=a367fd0b-1ef4-42ae-bbaf-e61ad38e612c, folder=SYSTEM_FOLDER, disabledWYSIWYG=[], sortOrder=0, modUser=system, host=8a7d5e23-da1e-420a-b4f0-471e7da8ea2d, stInode=f4d7c1b8-2c88-4071-abf1-a5328977b07d, value=key-exists-as-contentlet06403aab33works, key=key-exists-as-contentlet06403aab33},lowIndexPriority=false], com.dotmarketing.portlets.contentlet.model.Contentlet@6291dda9[map={owner=system, identifier=6022ab33-9988-4b57-8b05-0743637498a3, nullProperties=[wfExpireDate, filterKey, whereToSend, wfPublishDate, wfNeverExpire, wfActionAssign, iWantTo, wfActionId, wfPublishTime, wfActionComments, wfExpireTime], modDate=2021-03-08 21:35:57.763, languageId=1, inode=9a3a97ee-fca6-4a21-a1d8-6dddb2e6db4c, folder=SYSTEM_FOLDER, disabledWYSIWYG=[], sortOrder=0, modUser=dotcms.org.1, host=SYSTEM_HOST, stInode=f4d7c1b8-2c88-4071-abf1-a5328977b07d, value=test, key=testVarname1615237999908.test1615237999908.name},lowIndexPriority=false], com.dotmarketing.portlets.contentlet.model.Contentlet@6a11f3d7[map={owner=system, identifier=248ff8ed-061d-4a61-96ad-71e424f500a3, nullProperties=[wfExpireDate, filterKey, whereToSend, wfPublishDate, wfNeverExpire, wfActionAssign, iWantTo, wfActionId, wfPublishTime, wfActionComments, wfExpireTime], modDate=2021-03-08 21:13:19.673, languageId=1, inode=b680565c-c561-4776-8c23-2f7734acd5ba, folder=SYSTEM_FOLDER, disabledWYSIWYG=[], sortOrder=0, modUser=system, host=SYSTEM_HOST, stInode=f4d7c1b8-2c88-4071-abf1-a5328977b07d, value=test, key=testVarname1615237999555.test1615237999555.name},lowIndexPriority=false]]
[08/03/21 22:21:39:545 GMT]  INFO util.StdOutErrLog: [class com.dotcms.publishing.PublisherAPIImplTest$PushPublisherMock]
[08/03/21 22:21:39:547 GMT]  INFO util.PushPublishLogger: class com.dotcms.publishing.PublisherAPIImpl : [BundleID: 01F09YWYTS32QZFM18H27Y9E5F] Started Publishing Task
[08/03/21 22:21:39:548 GMT]  INFO publishing.PublisherAPIImpl: Writing bundle.xml file
[08/03/21 22:21:39:549 GMT]  INFO publishing.PublisherAPIImpl: Start of Bundler: DependencyBundler
[08/03/21 22:21:39:559 GMT]  INFO util.DependencyManager: PublisherFilter { excludeClassesSet = [] , excludeDependencyClassesSet = [] , excludeQueryIds = [] , excludeDependencyQueryIds = [] , relationships = true , dependencies = true}
[08/03/21 22:21:39:587 GMT]  INFO publishing.PublisherAPIImpl: End of Bundler: DependencyBundler
[08/03/21 22:21:39:587 GMT]  INFO publishing.PublisherAPIImpl: Start of Bundler: HostBundler
[08/03/21 22:21:39:589 GMT]  INFO bundler.HostBundler: Searching for ContentletVersionInfo. Identifier: 8a7d5e23-da1e-420a-b4f0-471e7da8ea2d. Language:1
[08/03/21 22:21:39:591 GMT]  INFO bundler.HostBundler: Searching for ContentletVersionInfo. Identifier: 8a7d5e23-da1e-420a-b4f0-471e7da8ea2d. Language:1
[08/03/21 22:21:39:593 GMT]  INFO bundler.HostBundler: Searching for ContentletVersionInfo. Identifier: 1e85fc47-3929-44d7-8f62-def26b4b56d3. Language:1
[08/03/21 22:21:39:595 GMT]  INFO publishing.PublisherAPIImpl: End of Bundler: HostBundler
[08/03/21 22:21:39:595 GMT]  INFO publishing.PublisherAPIImpl: Start of Bundler: ContentBundler
[08/03/21 22:21:39:607 GMT]  INFO publishing.PublisherAPIImpl: End of Bundler: ContentBundler
[08/03/21 22:21:39:607 GMT]  INFO publishing.PublisherAPIImpl: Start of Bundler: FolderBundler
[08/03/21 22:21:39:608 GMT]  INFO publishing.PublisherAPIImpl: End of Bundler: FolderBundler
[08/03/21 22:21:39:608 GMT]  INFO publishing.PublisherAPIImpl: Start of Bundler: TemplateBundler
[08/03/21 22:21:39:608 GMT]  INFO publishing.PublisherAPIImpl: End of Bundler: TemplateBundler
[08/03/21 22:21:39:608 GMT]  INFO publishing.PublisherAPIImpl: Start of Bundler: ContainerBundler
[08/03/21 22:21:39:609 GMT]  INFO publishing.PublisherAPIImpl: End of Bundler: ContainerBundler
[08/03/21 22:21:39:609 GMT]  INFO publishing.PublisherAPIImpl: Start of Bundler: RuleBundler
[08/03/21 22:21:39:610 GMT]  INFO publishing.PublisherAPIImpl: End of Bundler: RuleBundler
[08/03/21 22:21:39:610 GMT]  INFO publishing.PublisherAPIImpl: Start of Bundler: LinkBundler
[08/03/21 22:21:39:610 GMT]  INFO publishing.PublisherAPIImpl: End of Bundler: LinkBundler
[08/03/21 22:21:39:610 GMT]  INFO publishing.PublisherAPIImpl: Start of Bundler: ContentTypeBundler
[08/03/21 22:21:39:624 GMT]  INFO publishing.PublisherAPIImpl: End of Bundler: ContentTypeBundler
[08/03/21 22:21:39:624 GMT]  INFO publishing.PublisherAPIImpl: Start of Bundler: RelationshipBundler
[08/03/21 22:21:39:624 GMT]  INFO publishing.PublisherAPIImpl: End of Bundler: RelationshipBundler
[08/03/21 22:21:39:624 GMT]  INFO publishing.PublisherAPIImpl: Start of Bundler: LanguageVariablesBundler
[08/03/21 22:21:39:627 GMT]  INFO publishing.PublisherAPIImpl: End of Bundler: LanguageVariablesBundler
[08/03/21 22:21:39:627 GMT]  INFO publishing.PublisherAPIImpl: Start of Bundler: WorkflowBundler
[08/03/21 22:21:39:644 GMT]  INFO publishing.PublisherAPIImpl: End of Bundler: WorkflowBundler
[08/03/21 22:21:39:644 GMT]  INFO publishing.PublisherAPIImpl: Start of Bundler: LanguageBundler
[08/03/21 22:21:39:644 GMT]  INFO publishing.PublisherAPIImpl: End of Bundler: LanguageBundler
[08/03/21 22:21:39:644 GMT]  INFO publishing.PublisherAPIImpl: Start of Bundler: BundleXMLAsc
[08/03/21 22:21:39:644 GMT]  INFO publishing.PublisherAPIImpl: End of Bundler: BundleXMLAsc
[08/03/21 22:21:39:644 GMT]  INFO publishing.PublisherAPIImpl: Start of Bundler: CategoryBundler
[08/03/21 22:21:39:644 GMT]  INFO publishing.PublisherAPIImpl: End of Bundler: CategoryBundler
[08/03/21 22:21:39:644 GMT]  INFO util.PushPublishLogger: class com.dotcms.publishing.PublisherAPIImpl : [BundleID: 01F09YWYTS32QZFM18H27Y9E5F] Completed Publishing Task
[08/03/21 22:21:39:658 GMT]  INFO junit.RuleWatcher: >>>>>>>>>>>>>>>>>>>>>>>>>>
[08/03/21 22:21:39:658 GMT]  INFO junit.RuleWatcher: >>> publish[14: com.dotcms.publishing.PublisherAPIImplTest$TestCase@4bc103ce](com.dotcms.publishing.PublisherAPIImplTest) - starting...
[08/03/21 22:21:39:658 GMT]  INFO junit.RuleWatcher: >>>>>>>>>>>>>>>>>>>>>>>>>>
[08/03/21 22:21:39:659 GMT]  INFO publishing.PublisherAPIImplTest: languageVariables [com.dotmarketing.portlets.contentlet.model.Contentlet@3f46b862[map={owner=system, identifier=cb0836fd-237c-4218-b951-30e068778033, nullProperties=[wfExpireDate, filterKey, whereToSend, wfPublishDate, wfNeverExpire, wfActionAssign, iWantTo, wfActionId, wfPublishTime, wfActionComments, wfExpireTime], modDate=2021-03-08 21:39:08.825, languageId=1615239548789, inode=a367fd0b-1ef4-42ae-bbaf-e61ad38e612c, folder=SYSTEM_FOLDER, disabledWYSIWYG=[], sortOrder=0, modUser=system, host=8a7d5e23-da1e-420a-b4f0-471e7da8ea2d, stInode=f4d7c1b8-2c88-4071-abf1-a5328977b07d, value=key-exists-as-contentlet06403aab33works, key=key-exists-as-contentlet06403aab33},lowIndexPriority=false], com.dotmarketing.portlets.contentlet.model.Contentlet@6291dda9[map={owner=system, identifier=6022ab33-9988-4b57-8b05-0743637498a3, nullProperties=[wfExpireDate, filterKey, whereToSend, wfPublishDate, wfNeverExpire, wfActionAssign, iWantTo, wfActionId, wfPublishTime, wfActionComments, wfExpireTime], modDate=2021-03-08 21:35:57.763, languageId=1, inode=9a3a97ee-fca6-4a21-a1d8-6dddb2e6db4c, folder=SYSTEM_FOLDER, disabledWYSIWYG=[], sortOrder=0, modUser=dotcms.org.1, host=SYSTEM_HOST, stInode=f4d7c1b8-2c88-4071-abf1-a5328977b07d, value=test, key=testVarname1615237999908.test1615237999908.name},lowIndexPriority=false], com.dotmarketing.portlets.contentlet.model.Contentlet@6a11f3d7[map={owner=system, identifier=248ff8ed-061d-4a61-96ad-71e424f500a3, nullProperties=[wfExpireDate, filterKey, whereToSend, wfPublishDate, wfNeverExpire, wfActionAssign, iWantTo, wfActionId, wfPublishTime, wfActionComments, wfExpireTime], modDate=2021-03-08 21:13:19.673, languageId=1, inode=b680565c-c561-4776-8c23-2f7734acd5ba, folder=SYSTEM_FOLDER, disabledWYSIWYG=[], sortOrder=0, modUser=system, host=SYSTEM_HOST, stInode=f4d7c1b8-2c88-4071-abf1-a5328977b07d, value=test, key=testVarname1615237999555.test1615237999555.name},lowIndexPriority=false]]
[08/03/21 22:21:39:659 GMT]  INFO util.StdOutErrLog: [class com.dotcms.publishing.PublisherAPIImplTest$PushPublisherMock]
[08/03/21 22:21:39:661 GMT]  INFO util.PushPublishLogger: class com.dotcms.publishing.PublisherAPIImpl : [BundleID: 01F09YWYYBPY15N3WY8RVTE7N1] Started Publishing Task
[08/03/21 22:21:39:661 GMT]  INFO publishing.PublisherAPIImpl: Writing bundle.xml file
[08/03/21 22:21:39:662 GMT]  INFO publishing.PublisherAPIImpl: Start of Bundler: DependencyBundler
[08/03/21 22:21:39:666 GMT]  INFO util.DependencyManager: PublisherFilter { excludeClassesSet = [] , excludeDependencyClassesSet = [] , excludeQueryIds = [] , excludeDependencyQueryIds = [] , relationships = true , dependencies = true}
[08/03/21 22:21:39:680 GMT]  INFO publishing.PublisherAPIImpl: End of Bundler: DependencyBundler
[08/03/21 22:21:39:680 GMT]  INFO publishing.PublisherAPIImpl: Start of Bundler: HostBundler
[08/03/21 22:21:39:682 GMT]  INFO bundler.HostBundler: Searching for ContentletVersionInfo. Identifier: deb8c887-08e1-4d17-82c3-06c2bbb49ac7. Language:1
[08/03/21 22:21:39:684 GMT]  INFO bundler.HostBundler: Searching for ContentletVersionInfo. Identifier: 8a7d5e23-da1e-420a-b4f0-471e7da8ea2d. Language:1
[08/03/21 22:21:39:687 GMT]  INFO bundler.HostBundler: Searching for ContentletVersionInfo. Identifier: 8a7d5e23-da1e-420a-b4f0-471e7da8ea2d. Language:1
[08/03/21 22:21:39:689 GMT]  INFO publishing.PublisherAPIImpl: End of Bundler: HostBundler
[08/03/21 22:21:39:689 GMT]  INFO publishing.PublisherAPIImpl: Start of Bundler: ContentBundler
[08/03/21 22:21:39:705 GMT]  INFO publishing.PublisherAPIImpl: End of Bundler: ContentBundler
[08/03/21 22:21:39:705 GMT]  INFO publishing.PublisherAPIImpl: Start of Bundler: FolderBundler
[08/03/21 22:21:39:706 GMT]  INFO publishing.PublisherAPIImpl: End of Bundler: FolderBundler
[08/03/21 22:21:39:706 GMT]  INFO publishing.PublisherAPIImpl: Start of Bundler: TemplateBundler
[08/03/21 22:21:39:706 GMT]  INFO publishing.PublisherAPIImpl: End of Bundler: TemplateBundler
[08/03/21 22:21:39:706 GMT]  INFO publishing.PublisherAPIImpl: Start of Bundler: ContainerBundler
[08/03/21 22:21:39:706 GMT]  INFO publishing.PublisherAPIImpl: End of Bundler: ContainerBundler
[08/03/21 22:21:39:706 GMT]  INFO publishing.PublisherAPIImpl: Start of Bundler: RuleBundler
[08/03/21 22:21:39:706 GMT]  INFO publishing.PublisherAPIImpl: End of Bundler: RuleBundler
[08/03/21 22:21:39:706 GMT]  INFO publishing.PublisherAPIImpl: Start of Bundler: LinkBundler
[08/03/21 22:21:39:708 GMT]  INFO publishing.PublisherAPIImpl: End of Bundler: LinkBundler
[08/03/21 22:21:39:708 GMT]  INFO publishing.PublisherAPIImpl: Start of Bundler: ContentTypeBundler
[08/03/21 22:21:39:712 GMT]  INFO publishing.PublisherAPIImpl: End of Bundler: ContentTypeBundler
[08/03/21 22:21:39:712 GMT]  INFO publishing.PublisherAPIImpl: Start of Bundler: RelationshipBundler
[08/03/21 22:21:39:712 GMT]  INFO publishing.PublisherAPIImpl: End of Bundler: RelationshipBundler
[08/03/21 22:21:39:712 GMT]  INFO publishing.PublisherAPIImpl: Start of Bundler: LanguageVariablesBundler
[08/03/21 22:21:39:714 GMT]  INFO publishing.PublisherAPIImpl: End of Bundler: LanguageVariablesBundler
[08/03/21 22:21:39:714 GMT]  INFO publishing.PublisherAPIImpl: Start of Bundler: WorkflowBundler
[08/03/21 22:21:39:732 GMT]  INFO publishing.PublisherAPIImpl: End of Bundler: WorkflowBundler
[08/03/21 22:21:39:732 GMT]  INFO publishing.PublisherAPIImpl: Start of Bundler: LanguageBundler
[08/03/21 22:21:39:732 GMT]  INFO publishing.PublisherAPIImpl: End of Bundler: LanguageBundler
[08/03/21 22:21:39:732 GMT]  INFO publishing.PublisherAPIImpl: Start of Bundler: BundleXMLAsc
[08/03/21 22:21:39:732 GMT]  INFO publishing.PublisherAPIImpl: End of Bundler: BundleXMLAsc
[08/03/21 22:21:39:732 GMT]  INFO publishing.PublisherAPIImpl: Start of Bundler: CategoryBundler
[08/03/21 22:21:39:732 GMT]  INFO publishing.PublisherAPIImpl: End of Bundler: CategoryBundler
[08/03/21 22:21:39:733 GMT]  INFO util.PushPublishLogger: class com.dotcms.publishing.PublisherAPIImpl : [BundleID: 01F09YWYYBPY15N3WY8RVTE7N1] Completed Publishing Task
[08/03/21 22:21:39:743 GMT]  INFO junit.RuleWatcher: >>>>>>>>>>>>>>>>>>>>>>>>>>
[08/03/21 22:21:39:743 GMT]  INFO junit.RuleWatcher: >>> publish[15: com.dotcms.publishing.PublisherAPIImplTest$TestCase@4d9fea49](com.dotcms.publishing.PublisherAPIImplTest) - starting...
[08/03/21 22:21:39:743 GMT]  INFO junit.RuleWatcher: >>>>>>>>>>>>>>>>>>>>>>>>>>
[08/03/21 22:21:39:744 GMT]  INFO publishing.PublisherAPIImplTest: languageVariables [com.dotmarketing.portlets.contentlet.model.Contentlet@3f46b862[map={owner=system, identifier=cb0836fd-237c-4218-b951-30e068778033, nullProperties=[wfExpireDate, filterKey, whereToSend, wfPublishDate, wfNeverExpire, wfActionAssign, iWantTo, wfActionId, wfPublishTime, wfActionComments, wfExpireTime], modDate=2021-03-08 21:39:08.825, languageId=1615239548789, inode=a367fd0b-1ef4-42ae-bbaf-e61ad38e612c, folder=SYSTEM_FOLDER, disabledWYSIWYG=[], sortOrder=0, modUser=system, host=8a7d5e23-da1e-420a-b4f0-471e7da8ea2d, stInode=f4d7c1b8-2c88-4071-abf1-a5328977b07d, value=key-exists-as-contentlet06403aab33works, key=key-exists-as-contentlet06403aab33},lowIndexPriority=false], com.dotmarketing.portlets.contentlet.model.Contentlet@6291dda9[map={owner=system, identifier=6022ab33-9988-4b57-8b05-0743637498a3, nullProperties=[wfExpireDate, filterKey, whereToSend, wfPublishDate, wfNeverExpire, wfActionAssign, iWantTo, wfActionId, wfPublishTime, wfActionComments, wfExpireTime], modDate=2021-03-08 21:35:57.763, languageId=1, inode=9a3a97ee-fca6-4a21-a1d8-6dddb2e6db4c, folder=SYSTEM_FOLDER, disabledWYSIWYG=[], sortOrder=0, modUser=dotcms.org.1, host=SYSTEM_HOST, stInode=f4d7c1b8-2c88-4071-abf1-a5328977b07d, value=test, key=testVarname1615237999908.test1615237999908.name},lowIndexPriority=false], com.dotmarketing.portlets.contentlet.model.Contentlet@6a11f3d7[map={owner=system, identifier=248ff8ed-061d-4a61-96ad-71e424f500a3, nullProperties=[wfExpireDate, filterKey, whereToSend, wfPublishDate, wfNeverExpire, wfActionAssign, iWantTo, wfActionId, wfPublishTime, wfActionComments, wfExpireTime], modDate=2021-03-08 21:13:19.673, languageId=1, inode=b680565c-c561-4776-8c23-2f7734acd5ba, folder=SYSTEM_FOLDER, disabledWYSIWYG=[], sortOrder=0, modUser=system, host=SYSTEM_HOST, stInode=f4d7c1b8-2c88-4071-abf1-a5328977b07d, value=test, key=testVarname1615237999555.test1615237999555.name},lowIndexPriority=false]]
[08/03/21 22:21:39:744 GMT]  INFO util.StdOutErrLog: [class com.dotcms.publishing.PublisherAPIImplTest$PushPublisherMock]
[08/03/21 22:21:39:747 GMT]  INFO util.PushPublishLogger: class com.dotcms.publishing.PublisherAPIImpl : [BundleID: 01F09YWZ11CPR1NMMHHYX3PEZT] Started Publishing Task
[08/03/21 22:21:39:747 GMT]  INFO publishing.PublisherAPIImpl: Writing bundle.xml file
[08/03/21 22:21:39:748 GMT]  INFO publishing.PublisherAPIImpl: Start of Bundler: DependencyBundler
[08/03/21 22:21:39:752 GMT]  INFO util.DependencyManager: PublisherFilter { excludeClassesSet = [] , excludeDependencyClassesSet = [] , excludeQueryIds = [] , excludeDependencyQueryIds = [] , relationships = true , dependencies = true}
[08/03/21 22:21:39:765 GMT]  INFO publishing.PublisherAPIImpl: End of Bundler: DependencyBundler
[08/03/21 22:21:39:765 GMT]  INFO publishing.PublisherAPIImpl: Start of Bundler: HostBundler
[08/03/21 22:21:39:768 GMT]  INFO bundler.HostBundler: Searching for ContentletVersionInfo. Identifier: 8a7d5e23-da1e-420a-b4f0-471e7da8ea2d. Language:1
[08/03/21 22:21:39:771 GMT]  INFO bundler.HostBundler: Searching for ContentletVersionInfo. Identifier: 8a7d5e23-da1e-420a-b4f0-471e7da8ea2d. Language:1
[08/03/21 22:21:39:773 GMT]  INFO publishing.PublisherAPIImpl: End of Bundler: HostBundler
[08/03/21 22:21:39:773 GMT]  INFO publishing.PublisherAPIImpl: Start of Bundler: ContentBundler
[08/03/21 22:21:39:783 GMT]  INFO publishing.PublisherAPIImpl: End of Bundler: ContentBundler
[08/03/21 22:21:39:783 GMT]  INFO publishing.PublisherAPIImpl: Start of Bundler: FolderBundler
[08/03/21 22:21:39:783 GMT]  INFO publishing.PublisherAPIImpl: End of Bundler: FolderBundler
[08/03/21 22:21:39:783 GMT]  INFO publishing.PublisherAPIImpl: Start of Bundler: TemplateBundler
[08/03/21 22:21:39:783 GMT]  INFO publishing.PublisherAPIImpl: End of Bundler: TemplateBundler
[08/03/21 22:21:39:783 GMT]  INFO publishing.PublisherAPIImpl: Start of Bundler: ContainerBundler
[08/03/21 22:21:39:783 GMT]  INFO publishing.PublisherAPIImpl: End of Bundler: ContainerBundler
[08/03/21 22:21:39:783 GMT]  INFO publishing.PublisherAPIImpl: Start of Bundler: RuleBundler
[08/03/21 22:21:39:784 GMT]  INFO publishing.PublisherAPIImpl: End of Bundler: RuleBundler
[08/03/21 22:21:39:784 GMT]  INFO publishing.PublisherAPIImpl: Start of Bundler: LinkBundler
[08/03/21 22:21:39:784 GMT]  INFO publishing.PublisherAPIImpl: End of Bundler: LinkBundler
[08/03/21 22:21:39:784 GMT]  INFO publishing.PublisherAPIImpl: Start of Bundler: ContentTypeBundler
[08/03/21 22:21:39:787 GMT]  INFO publishing.PublisherAPIImpl: End of Bundler: ContentTypeBundler
[08/03/21 22:21:39:787 GMT]  INFO publishing.PublisherAPIImpl: Start of Bundler: RelationshipBundler
[08/03/21 22:21:39:787 GMT]  INFO publishing.PublisherAPIImpl: End of Bundler: RelationshipBundler
[08/03/21 22:21:39:787 GMT]  INFO publishing.PublisherAPIImpl: Start of Bundler: LanguageVariablesBundler
[08/03/21 22:21:39:790 GMT]  INFO publishing.PublisherAPIImpl: End of Bundler: LanguageVariablesBundler
[08/03/21 22:21:39:790 GMT]  INFO publishing.PublisherAPIImpl: Start of Bundler: WorkflowBundler
[08/03/21 22:21:39:813 GMT]  INFO publishing.PublisherAPIImpl: End of Bundler: WorkflowBundler
[08/03/21 22:21:39:813 GMT]  INFO publishing.PublisherAPIImpl: Start of Bundler: LanguageBundler
[08/03/21 22:21:39:814 GMT]  INFO publishing.PublisherAPIImpl: End of Bundler: LanguageBundler
[08/03/21 22:21:39:814 GMT]  INFO publishing.PublisherAPIImpl: Start of Bundler: BundleXMLAsc
[08/03/21 22:21:39:814 GMT]  INFO publishing.PublisherAPIImpl: End of Bundler: BundleXMLAsc
[08/03/21 22:21:39:814 GMT]  INFO publishing.PublisherAPIImpl: Start of Bundler: CategoryBundler
[08/03/21 22:21:39:814 GMT]  INFO publishing.PublisherAPIImpl: End of Bundler: CategoryBundler
[08/03/21 22:21:39:815 GMT]  INFO util.PushPublishLogger: class com.dotcms.publishing.PublisherAPIImpl : [BundleID: 01F09YWZ11CPR1NMMHHYX3PEZT] Completed Publishing Task
[08/03/21 22:21:39:824 GMT]  INFO junit.RuleWatcher: >>>>>>>>>>>>>>>>>>>>>>>>>>
[08/03/21 22:21:39:824 GMT]  INFO junit.RuleWatcher: >>> publish[16: com.dotcms.publishing.PublisherAPIImplTest$TestCase@3a6e508d](com.dotcms.publishing.PublisherAPIImplTest) - starting...
[08/03/21 22:21:39:824 GMT]  INFO junit.RuleWatcher: >>>>>>>>>>>>>>>>>>>>>>>>>>
[08/03/21 22:21:39:825 GMT]  INFO publishing.PublisherAPIImplTest: languageVariables [com.dotmarketing.portlets.contentlet.model.Contentlet@3f46b862[map={owner=system, identifier=cb0836fd-237c-4218-b951-30e068778033, nullProperties=[wfExpireDate, filterKey, whereToSend, wfPublishDate, wfNeverExpire, wfActionAssign, iWantTo, wfActionId, wfPublishTime, wfActionComments, wfExpireTime], modDate=2021-03-08 21:39:08.825, languageId=1615239548789, inode=a367fd0b-1ef4-42ae-bbaf-e61ad38e612c, folder=SYSTEM_FOLDER, disabledWYSIWYG=[], sortOrder=0, modUser=system, host=8a7d5e23-da1e-420a-b4f0-471e7da8ea2d, stInode=f4d7c1b8-2c88-4071-abf1-a5328977b07d, value=key-exists-as-contentlet06403aab33works, key=key-exists-as-contentlet06403aab33},lowIndexPriority=false], com.dotmarketing.portlets.contentlet.model.Contentlet@6291dda9[map={owner=system, identifier=6022ab33-9988-4b57-8b05-0743637498a3, nullProperties=[wfExpireDate, filterKey, whereToSend, wfPublishDate, wfNeverExpire, wfActionAssign, iWantTo, wfActionId, wfPublishTime, wfActionComments, wfExpireTime], modDate=2021-03-08 21:35:57.763, languageId=1, inode=9a3a97ee-fca6-4a21-a1d8-6dddb2e6db4c, folder=SYSTEM_FOLDER, disabledWYSIWYG=[], sortOrder=0, modUser=dotcms.org.1, host=SYSTEM_HOST, stInode=f4d7c1b8-2c88-4071-abf1-a5328977b07d, value=test, key=testVarname1615237999908.test1615237999908.name},lowIndexPriority=false], com.dotmarketing.portlets.contentlet.model.Contentlet@6a11f3d7[map={owner=system, identifier=248ff8ed-061d-4a61-96ad-71e424f500a3, nullProperties=[wfExpireDate, filterKey, whereToSend, wfPublishDate, wfNeverExpire, wfActionAssign, iWantTo, wfActionId, wfPublishTime, wfActionComments, wfExpireTime], modDate=2021-03-08 21:13:19.673, languageId=1, inode=b680565c-c561-4776-8c23-2f7734acd5ba, folder=SYSTEM_FOLDER, disabledWYSIWYG=[], sortOrder=0, modUser=system, host=SYSTEM_HOST, stInode=f4d7c1b8-2c88-4071-abf1-a5328977b07d, value=test, key=testVarname1615237999555.test1615237999555.name},lowIndexPriority=false]]
[08/03/21 22:21:39:825 GMT]  INFO util.StdOutErrLog: [class com.dotcms.publishing.PublisherAPIImplTest$PushPublisherMock]
[08/03/21 22:21:39:826 GMT]  INFO util.PushPublishLogger: class com.dotcms.publishing.PublisherAPIImpl : [BundleID: 01F09YWZ3HAKD9DPCBDMF6V4J4] Started Publishing Task
[08/03/21 22:21:39:826 GMT]  INFO publishing.PublisherAPIImpl: Writing bundle.xml file
[08/03/21 22:21:39:827 GMT]  INFO publishing.PublisherAPIImpl: Start of Bundler: DependencyBundler
[08/03/21 22:21:39:831 GMT]  INFO util.DependencyManager: PublisherFilter { excludeClassesSet = [] , excludeDependencyClassesSet = [] , excludeQueryIds = [] , excludeDependencyQueryIds = [] , relationships = true , dependencies = true}
[08/03/21 22:21:39:843 GMT]  INFO publishing.PublisherAPIImpl: End of Bundler: DependencyBundler
[08/03/21 22:21:39:843 GMT]  INFO publishing.PublisherAPIImpl: Start of Bundler: HostBundler
[08/03/21 22:21:39:845 GMT]  INFO bundler.HostBundler: Searching for ContentletVersionInfo. Identifier: 8a7d5e23-da1e-420a-b4f0-471e7da8ea2d. Language:1
[08/03/21 22:21:39:847 GMT]  INFO bundler.HostBundler: Searching for ContentletVersionInfo. Identifier: 8a7d5e23-da1e-420a-b4f0-471e7da8ea2d. Language:1
[08/03/21 22:21:39:850 GMT]  INFO publishing.PublisherAPIImpl: End of Bundler: HostBundler
[08/03/21 22:21:39:850 GMT]  INFO publishing.PublisherAPIImpl: Start of Bundler: ContentBundler
[08/03/21 22:21:39:860 GMT]  INFO publishing.PublisherAPIImpl: End of Bundler: ContentBundler
[08/03/21 22:21:39:860 GMT]  INFO publishing.PublisherAPIImpl: Start of Bundler: FolderBundler
[08/03/21 22:21:39:860 GMT]  INFO publishing.PublisherAPIImpl: End of Bundler: FolderBundler
[08/03/21 22:21:39:860 GMT]  INFO publishing.PublisherAPIImpl: Start of Bundler: TemplateBundler
[08/03/21 22:21:39:860 GMT]  INFO publishing.PublisherAPIImpl: End of Bundler: TemplateBundler
[08/03/21 22:21:39:860 GMT]  INFO publishing.PublisherAPIImpl: Start of Bundler: ContainerBundler
[08/03/21 22:21:39:860 GMT]  INFO publishing.PublisherAPIImpl: End of Bundler: ContainerBundler
[08/03/21 22:21:39:860 GMT]  INFO publishing.PublisherAPIImpl: Start of Bundler: RuleBundler
[08/03/21 22:21:39:860 GMT]  INFO publishing.PublisherAPIImpl: End of Bundler: RuleBundler
[08/03/21 22:21:39:860 GMT]  INFO publishing.PublisherAPIImpl: Start of Bundler: LinkBundler
[08/03/21 22:21:39:860 GMT]  INFO publishing.PublisherAPIImpl: End of Bundler: LinkBundler
[08/03/21 22:21:39:860 GMT]  INFO publishing.PublisherAPIImpl: Start of Bundler: ContentTypeBundler
[08/03/21 22:21:39:864 GMT]  INFO publishing.PublisherAPIImpl: End of Bundler: ContentTypeBundler
[08/03/21 22:21:39:864 GMT]  INFO publishing.PublisherAPIImpl: Start of Bundler: RelationshipBundler
[08/03/21 22:21:39:864 GMT]  INFO publishing.PublisherAPIImpl: End of Bundler: RelationshipBundler
[08/03/21 22:21:39:864 GMT]  INFO publishing.PublisherAPIImpl: Start of Bundler: LanguageVariablesBundler
[08/03/21 22:21:39:867 GMT]  INFO publishing.PublisherAPIImpl: End of Bundler: LanguageVariablesBundler
[08/03/21 22:21:39:867 GMT]  INFO publishing.PublisherAPIImpl: Start of Bundler: WorkflowBundler
[08/03/21 22:21:39:883 GMT]  INFO publishing.PublisherAPIImpl: End of Bundler: WorkflowBundler
[08/03/21 22:21:39:883 GMT]  INFO publishing.PublisherAPIImpl: Start of Bundler: LanguageBundler
[08/03/21 22:21:39:884 GMT]  INFO publishing.PublisherAPIImpl: End of Bundler: LanguageBundler
[08/03/21 22:21:39:884 GMT]  INFO publishing.PublisherAPIImpl: Start of Bundler: BundleXMLAsc
[08/03/21 22:21:39:884 GMT]  INFO publishing.PublisherAPIImpl: End of Bundler: BundleXMLAsc
[08/03/21 22:21:39:884 GMT]  INFO publishing.PublisherAPIImpl: Start of Bundler: CategoryBundler
[08/03/21 22:21:39:884 GMT]  INFO publishing.PublisherAPIImpl: End of Bundler: CategoryBundler
[08/03/21 22:21:39:884 GMT]  INFO util.PushPublishLogger: class com.dotcms.publishing.PublisherAPIImpl : [BundleID: 01F09YWZ3HAKD9DPCBDMF6V4J4] Completed Publishing Task
[08/03/21 22:21:39:889 GMT]  INFO junit.RuleWatcher: >>>>>>>>>>>>>>>>>>>>>>>>>>
[08/03/21 22:21:39:889 GMT]  INFO junit.RuleWatcher: >>> publish[17: com.dotcms.publishing.PublisherAPIImplTest$TestCase@34d6e4e5](com.dotcms.publishing.PublisherAPIImplTest) - starting...
[08/03/21 22:21:39:889 GMT]  INFO junit.RuleWatcher: >>>>>>>>>>>>>>>>>>>>>>>>>>
[08/03/21 22:21:39:890 GMT]  INFO publishing.PublisherAPIImplTest: languageVariables [com.dotmarketing.portlets.contentlet.model.Contentlet@3f46b862[map={owner=system, identifier=cb0836fd-237c-4218-b951-30e068778033, nullProperties=[wfExpireDate, filterKey, whereToSend, wfPublishDate, wfNeverExpire, wfActionAssign, iWantTo, wfActionId, wfPublishTime, wfActionComments, wfExpireTime], modDate=2021-03-08 21:39:08.825, languageId=1615239548789, inode=a367fd0b-1ef4-42ae-bbaf-e61ad38e612c, folder=SYSTEM_FOLDER, disabledWYSIWYG=[], sortOrder=0, modUser=system, host=8a7d5e23-da1e-420a-b4f0-471e7da8ea2d, stInode=f4d7c1b8-2c88-4071-abf1-a5328977b07d, value=key-exists-as-contentlet06403aab33works, key=key-exists-as-contentlet06403aab33},lowIndexPriority=false], com.dotmarketing.portlets.contentlet.model.Contentlet@6291dda9[map={owner=system, identifier=6022ab33-9988-4b57-8b05-0743637498a3, nullProperties=[wfExpireDate, filterKey, whereToSend, wfPublishDate, wfNeverExpire, wfActionAssign, iWantTo, wfActionId, wfPublishTime, wfActionComments, wfExpireTime], modDate=2021-03-08 21:35:57.763, languageId=1, inode=9a3a97ee-fca6-4a21-a1d8-6dddb2e6db4c, folder=SYSTEM_FOLDER, disabledWYSIWYG=[], sortOrder=0, modUser=dotcms.org.1, host=SYSTEM_HOST, stInode=f4d7c1b8-2c88-4071-abf1-a5328977b07d, value=test, key=testVarname1615237999908.test1615237999908.name},lowIndexPriority=false], com.dotmarketing.portlets.contentlet.model.Contentlet@6a11f3d7[map={owner=system, identifier=248ff8ed-061d-4a61-96ad-71e424f500a3, nullProperties=[wfExpireDate, filterKey, whereToSend, wfPublishDate, wfNeverExpire, wfActionAssign, iWantTo, wfActionId, wfPublishTime, wfActionComments, wfExpireTime], modDate=2021-03-08 21:13:19.673, languageId=1, inode=b680565c-c561-4776-8c23-2f7734acd5ba, folder=SYSTEM_FOLDER, disabledWYSIWYG=[], sortOrder=0, modUser=system, host=SYSTEM_HOST, stInode=f4d7c1b8-2c88-4071-abf1-a5328977b07d, value=test, key=testVarname1615237999555.test1615237999555.name},lowIndexPriority=false]]
[08/03/21 22:21:39:890 GMT]  INFO util.StdOutErrLog: [class com.dotcms.publishing.PublisherAPIImplTest$PushPublisherMock]
[08/03/21 22:21:39:891 GMT]  INFO util.PushPublishLogger: class com.dotcms.publishing.PublisherAPIImpl : [BundleID: 01F09YWZ5J7AS05ZJGJMXJRXZP] Started Publishing Task
[08/03/21 22:21:39:891 GMT]  INFO publishing.PublisherAPIImpl: Writing bundle.xml file
[08/03/21 22:21:39:892 GMT]  INFO publishing.PublisherAPIImpl: Start of Bundler: DependencyBundler
[08/03/21 22:21:39:896 GMT]  INFO util.DependencyManager: PublisherFilter { excludeClassesSet = [] , excludeDependencyClassesSet = [] , excludeQueryIds = [] , excludeDependencyQueryIds = [] , relationships = true , dependencies = true}
[08/03/21 22:21:39:909 GMT]  INFO publishing.PublisherAPIImpl: End of Bundler: DependencyBundler
[08/03/21 22:21:39:909 GMT]  INFO publishing.PublisherAPIImpl: Start of Bundler: HostBundler
[08/03/21 22:21:39:910 GMT]  INFO bundler.HostBundler: Searching for ContentletVersionInfo. Identifier: 8a7d5e23-da1e-420a-b4f0-471e7da8ea2d. Language:1
[08/03/21 22:21:39:912 GMT]  INFO bundler.HostBundler: Searching for ContentletVersionInfo. Identifier: 8a7d5e23-da1e-420a-b4f0-471e7da8ea2d. Language:1
[08/03/21 22:21:39:927 GMT]  INFO publishing.PublisherAPIImpl: End of Bundler: HostBundler
[08/03/21 22:21:39:927 GMT]  INFO publishing.PublisherAPIImpl: Start of Bundler: RuleBundler
[08/03/21 22:21:39:929 GMT]  INFO publishing.PublisherAPIImpl: End of Bundler: RuleBundler
[08/03/21 22:21:39:929 GMT]  INFO publishing.PublisherAPIImpl: Start of Bundler: BundleXMLAsc
[08/03/21 22:21:39:929 GMT]  INFO publishing.PublisherAPIImpl: End of Bundler: BundleXMLAsc
[08/03/21 22:21:39:929 GMT]  INFO publishing.PublisherAPIImpl: Start of Bundler: CategoryBundler
[08/03/21 22:21:39:929 GMT]  INFO publishing.PublisherAPIImpl: End of Bundler: CategoryBundler
[08/03/21 22:21:39:929 GMT]  INFO util.PushPublishLogger: class com.dotcms.publishing.PublisherAPIImpl : [BundleID: 01F09YWZ5J7AS05ZJGJMXJRXZP] Completed Publishing Task
[08/03/21 22:21:39:940 GMT]  WARN shorty.ShortyIdAPIImpl: An error occurred when getting shorty value for '' of type 'CONTENT': shorty  is not a short id.  Short Ids should be 10 chars in length
[08/03/21 22:21:39:950 GMT]  WARN shorty.ShortyIdAPIImpl: An error occurred when getting shorty value for '' of type 'CONTENT': shorty  is not a short id.  Short Ids should be 10 chars in length
[08/03/21 22:21:39:956 GMT]  INFO util.ActivityLogger: class com.dotcms.content.elasticsearch.business.ESContentletAPIImpl: demo.dotcms.com : Saving Content , StartDate: N/D; EndDate: N/D; User:system; ContentIdentifier: 
[08/03/21 22:21:39:986 GMT]  INFO caffine.CaffineCache: ***	 Building Cache : esquerycache, size:1000,Concurrency:32
[08/03/21 22:21:39:986 GMT]  INFO caffine.CaffineCache: ***	 Building Cache : esquerycountcache, size:1000,Concurrency:32
[08/03/21 22:21:39:986 GMT]  INFO caffine.CaffineCache: ***	 Building Cache : esquerycountcache, size:1000,Concurrency:32
[08/03/21 22:21:40:019 GMT]  INFO caffine.CaffineCache: ***	 Building Cache : esquerycache, size:1000,Concurrency:32
[08/03/21 22:21:40:019 GMT]  INFO caffine.CaffineCache: ***	 Building Cache : esquerycache, size:1000,Concurrency:32
[08/03/21 22:21:40:019 GMT]  INFO caffine.CaffineCache: ***	 Building Cache : esquerycountcache, size:1000,Concurrency:32
[08/03/21 22:21:40:020 GMT]  INFO caffine.CaffineCache: ***	 Building Cache : esquerycountcache, size:1000,Concurrency:32
[08/03/21 22:21:40:023 GMT]  INFO business.ContentletIndexAPIImpl: Indexing: eeaf2e25-946b-450d-b174-ba6dd8280606 : TestContent, includeDependencies: true, policy: FORCE
[08/03/21 22:21:40:032 GMT]  INFO util.ActivityLogger: class com.dotcms.content.elasticsearch.business.ESContentletAPIImpl: demo.dotcms.com : Content Saved , StartDate: N/D; EndDate: N/D; User:system; ContentIdentifier: eeaf2e25-946b-450d-b174-ba6dd8280606
[08/03/21 22:21:40:042 GMT]  INFO caffine.CaffineCache: ***	 Building Cache : esquerycache, size:1000,Concurrency:32
[08/03/21 22:21:40:042 GMT]  INFO caffine.CaffineCache: ***	 Building Cache : esquerycountcache, size:1000,Concurrency:32
[08/03/21 22:21:40:042 GMT]  INFO caffine.CaffineCache: ***	 Building Cache : esquerycache, size:1000,Concurrency:32
[08/03/21 22:21:40:042 GMT]  INFO caffine.CaffineCache: ***	 Building Cache : esquerycountcache, size:1000,Concurrency:32
[08/03/21 22:21:40:057 GMT]  INFO util.SecurityLogger: class com.dotmarketing.portlets.workflows.business.WorkflowAPIImpl : The Workflow task with id:77275d85-a17c-4de8-9bfe-0a479c8109ac has been saved. -- ip:ukn,user:null
[08/03/21 22:21:40:076 GMT]  INFO util.ActivityLogger: class com.dotcms.content.elasticsearch.business.ESContentletAPIImpl: demo.dotcms.com : Saving Content , StartDate: N/D; EndDate: N/D; User:system; ContentIdentifier: 
[08/03/21 22:21:40:107 GMT]  INFO caffine.CaffineCache: ***	 Building Cache : esquerycache, size:1000,Concurrency:32
[08/03/21 22:21:40:107 GMT]  INFO caffine.CaffineCache: ***	 Building Cache : esquerycache, size:1000,Concurrency:32
[08/03/21 22:21:40:108 GMT]  INFO caffine.CaffineCache: ***	 Building Cache : esquerycountcache, size:1000,Concurrency:32
[08/03/21 22:21:40:108 GMT]  INFO caffine.CaffineCache: ***	 Building Cache : esquerycountcache, size:1000,Concurrency:32
[08/03/21 22:21:40:124 GMT]  INFO caffine.CaffineCache: ***	 Building Cache : esquerycache, size:1000,Concurrency:32
[08/03/21 22:21:40:124 GMT]  INFO caffine.CaffineCache: ***	 Building Cache : esquerycountcache, size:1000,Concurrency:32
[08/03/21 22:21:40:124 GMT]  INFO caffine.CaffineCache: ***	 Building Cache : esquerycache, size:1000,Concurrency:32
[08/03/21 22:21:40:124 GMT]  INFO caffine.CaffineCache: ***	 Building Cache : esquerycountcache, size:1000,Concurrency:32
[08/03/21 22:21:40:139 GMT]  INFO caffine.CaffineCache: ***	 Building Cache : esquerycache, size:1000,Concurrency:32
[08/03/21 22:21:40:139 GMT]  INFO caffine.CaffineCache: ***	 Building Cache : esquerycache, size:1000,Concurrency:32
[08/03/21 22:21:40:139 GMT]  INFO caffine.CaffineCache: ***	 Building Cache : esquerycountcache, size:1000,Concurrency:32
[08/03/21 22:21:40:139 GMT]  INFO caffine.CaffineCache: ***	 Building Cache : esquerycountcache, size:1000,Concurrency:32
[08/03/21 22:21:40:143 GMT]  INFO business.ContentletIndexAPIImpl: Indexing: 55f223c3-c663-4067-8b01-0eea3208f14a : TestContent, includeDependencies: true, policy: FORCE
[08/03/21 22:21:40:151 GMT]  INFO util.ActivityLogger: class com.dotcms.content.elasticsearch.business.ESContentletAPIImpl: demo.dotcms.com : Content Saved , StartDate: N/D; EndDate: N/D; User:system; ContentIdentifier: 55f223c3-c663-4067-8b01-0eea3208f14a
[08/03/21 22:21:40:153 GMT]  INFO caffine.CaffineCache: ***	 Building Cache : esquerycache, size:1000,Concurrency:32
[08/03/21 22:21:40:153 GMT]  INFO caffine.CaffineCache: ***	 Building Cache : esquerycountcache, size:1000,Concurrency:32
[08/03/21 22:21:40:155 GMT]  INFO caffine.CaffineCache: ***	 Building Cache : esquerycache, size:1000,Concurrency:32
[08/03/21 22:21:40:155 GMT]  INFO caffine.CaffineCache: ***	 Building Cache : esquerycountcache, size:1000,Concurrency:32
[08/03/21 22:21:40:181 GMT]  INFO util.SecurityLogger: class com.dotmarketing.portlets.workflows.business.WorkflowAPIImpl : The Workflow task with id:eae4521f-8dee-45f2-bc48-5a019128a571 has been saved. -- ip:ukn,user:null
[08/03/21 22:21:40:270 GMT]  INFO caffine.CaffineCache: ***	 Building Cache : esquerycache, size:1000,Concurrency:32
[08/03/21 22:21:40:270 GMT]  INFO caffine.CaffineCache: ***	 Building Cache : esquerycountcache, size:1000,Concurrency:32
[08/03/21 22:21:40:271 GMT]  INFO caffine.CaffineCache: ***	 Building Cache : esquerycache, size:1000,Concurrency:32
[08/03/21 22:21:40:271 GMT]  INFO caffine.CaffineCache: ***	 Building Cache : esquerycountcache, size:1000,Concurrency:32
[08/03/21 22:21:40:279 GMT]  WARN shorty.ShortyIdAPIImpl: An error occurred when getting shorty value for '' of type 'CONTENT': shorty  is not a short id.  Short Ids should be 10 chars in length
[08/03/21 22:21:40:284 GMT]  WARN shorty.ShortyIdAPIImpl: An error occurred when getting shorty value for '' of type 'CONTENT': shorty  is not a short id.  Short Ids should be 10 chars in length
[08/03/21 22:21:40:292 GMT]  WARN shorty.ShortyIdAPIImpl: An error occurred when getting shorty value for '' of type 'CONTENT': shorty  is not a short id.  Short Ids should be 10 chars in length
[08/03/21 22:21:40:297 GMT]  WARN shorty.ShortyIdAPIImpl: An error occurred when getting shorty value for '' of type 'CONTENT': shorty  is not a short id.  Short Ids should be 10 chars in length
[08/03/21 22:21:40:315 GMT]  INFO util.ActivityLogger: class com.dotcms.contenttype.business.ContentTypeAPIImpl: system : Save ContentType Action , User system/system user system user added ContentType testName1615242100309 to host id:48190c8c-42c4-46af-8d1a-0cd5db894797
[08/03/21 22:21:40:315 GMT]  INFO business.ContentTypeAPIImpl: UserId : system : ContentType : ContentType saved : testName1615242100309
[08/03/21 22:21:40:315 GMT]  INFO util.AdminLogger: UserId : system : class com.dotcms.contenttype.business.ContentTypeAPIImpl : ContentType : ContentType saved : testName1615242100309
[08/03/21 22:21:40:315 GMT]  INFO business.WorkflowAPIImpl: Saving Schemas: d61a59e1-a49c-46f2-a929-db2b4bfa88b2 for Content type c3b6c9bc-e8ee-4c95-bdd9-ff156a40c672
[08/03/21 22:21:40:315 GMT]  INFO util.SecurityLogger: class com.dotmarketing.portlets.workflows.business.WorkflowAPIImpl : Saving Schemas: d61a59e1-a49c-46f2-a929-db2b4bfa88b2 for Content type c3b6c9bc-e8ee-4c95-bdd9-ff156a40c672 -- ip:127.0.0.1,user:system user system user [ID: system][email:system@dotcmsfakeemail.org]
[08/03/21 22:21:40:321 GMT]  INFO caffine.CaffineCache: ***	 Building Cache : workflowstepcache, size:1000,Concurrency:32
[08/03/21 22:21:40:322 GMT]  INFO caffine.CaffineCache: ***	 Building Cache : workflowstepcache, size:1000,Concurrency:32
[08/03/21 22:21:40:322 GMT]  INFO caffine.CaffineCache: ***	 Building Cache : workflowstepcache, size:1000,Concurrency:32
[08/03/21 22:21:40:510 GMT]  INFO caffine.CaffineCache: ***	 Building Cache : workflowstepcache, size:1000,Concurrency:32
[08/03/21 22:21:40:510 GMT]  INFO caffine.CaffineCache: ***	 Building Cache : workflowstepcache, size:1000,Concurrency:32
[08/03/21 22:21:40:531 GMT]  INFO business.FieldAPIImpl: Elasticsearch mapping set for Field: testFieldName1615242100323. Content type: testName1615242100309 on Index: live_20210308210104
[08/03/21 22:21:40:637 GMT]  WARN business.FieldAPIImpl: Error trying to set Elasticsearch mapping for Field: testFieldName1615242100323. Content type: testName1615242100309
[08/03/21 22:21:40:637 GMT]  WARN business.FieldAPIImpl: Elasticsearch exception [type=illegal_argument_exception, reason=Limit of total fields [10000] in index [cluster_27aed37ab7.working_20210308210104] has been exceeded]
[08/03/21 22:21:40:638 GMT]  WARN business.FieldAPIImpl: org.elasticsearch.rest.BytesRestResponse.errorFromXContent(BytesRestResponse.java:177)
[08/03/21 22:21:40:638 GMT]  INFO util.ActivityLogger: class com.dotmarketing.util.ActivityLogger: system : Save Field Action , User system/system user added field testFieldName1615242100323 to testName1615242100309 Structure.
[08/03/21 22:21:40:872 GMT]  INFO business.FieldAPIImpl: Elasticsearch mapping set for Field: testFieldName1615242100639. Content type: testName1615242100309 on Index: live_20210308210104
[08/03/21 22:21:40:972 GMT]  WARN business.FieldAPIImpl: Error trying to set Elasticsearch mapping for Field: testFieldName1615242100639. Content type: testName1615242100309
[08/03/21 22:21:40:972 GMT]  WARN business.FieldAPIImpl: Elasticsearch exception [type=illegal_argument_exception, reason=Limit of total fields [10000] in index [cluster_27aed37ab7.working_20210308210104] has been exceeded]
[08/03/21 22:21:40:972 GMT]  WARN business.FieldAPIImpl: org.elasticsearch.rest.BytesRestResponse.errorFromXContent(BytesRestResponse.java:177)
[08/03/21 22:21:40:972 GMT]  INFO util.ActivityLogger: class com.dotmarketing.util.ActivityLogger: system : Save Field Action , User system/system user added field testFieldName1615242100639 to testName1615242100309 Structure.
[08/03/21 22:21:40:980 GMT]  INFO util.ActivityLogger: class com.dotcms.contenttype.business.ContentTypeAPIImpl: system : Save ContentType Action , User system/system user system user added ContentType testName1615242100974 to host id:48190c8c-42c4-46af-8d1a-0cd5db894797
[08/03/21 22:21:40:980 GMT]  INFO business.ContentTypeAPIImpl: UserId : system : ContentType : ContentType saved : testName1615242100974
[08/03/21 22:21:40:980 GMT]  INFO util.AdminLogger: UserId : system : class com.dotcms.contenttype.business.ContentTypeAPIImpl : ContentType : ContentType saved : testName1615242100974
[08/03/21 22:21:40:981 GMT]  INFO business.WorkflowAPIImpl: Saving Schemas: d61a59e1-a49c-46f2-a929-db2b4bfa88b2 for Content type 1ac928c5-e1fa-433f-8a82-70fa4a6b5bd3
[08/03/21 22:21:40:981 GMT]  INFO util.SecurityLogger: class com.dotmarketing.portlets.workflows.business.WorkflowAPIImpl : Saving Schemas: d61a59e1-a49c-46f2-a929-db2b4bfa88b2 for Content type 1ac928c5-e1fa-433f-8a82-70fa4a6b5bd3 -- ip:127.0.0.1,user:system user system user [ID: system][email:system@dotcmsfakeemail.org]
[08/03/21 22:21:40:987 GMT]  INFO caffine.CaffineCache: ***	 Building Cache : workflowstepcache, size:1000,Concurrency:32
[08/03/21 22:21:40:987 GMT]  INFO caffine.CaffineCache: ***	 Building Cache : workflowstepcache, size:1000,Concurrency:32
[08/03/21 22:21:40:988 GMT]  INFO caffine.CaffineCache: ***	 Building Cache : workflowstepcache, size:1000,Concurrency:32
[08/03/21 22:21:40:988 GMT]  INFO caffine.CaffineCache: ***	 Building Cache : workflowstepcache, size:1000,Concurrency:32
[08/03/21 22:21:40:995 GMT]  INFO util.ActivityLogger: class com.dotcms.contenttype.business.ContentTypeAPIImpl: system : Save ContentType Action , User system/system user system user added ContentType testName1615242100989 to host id:48190c8c-42c4-46af-8d1a-0cd5db894797
[08/03/21 22:21:40:995 GMT]  INFO business.ContentTypeAPIImpl: UserId : system : ContentType : ContentType saved : testName1615242100989
[08/03/21 22:21:40:995 GMT]  INFO util.AdminLogger: UserId : system : class com.dotcms.contenttype.business.ContentTypeAPIImpl : ContentType : ContentType saved : testName1615242100989
[08/03/21 22:21:40:996 GMT]  INFO business.WorkflowAPIImpl: Saving Schemas: d61a59e1-a49c-46f2-a929-db2b4bfa88b2 for Content type d940e879-7f28-45e0-96a8-8004c72fa9c2
[08/03/21 22:21:40:996 GMT]  INFO util.SecurityLogger: class com.dotmarketing.portlets.workflows.business.WorkflowAPIImpl : Saving Schemas: d61a59e1-a49c-46f2-a929-db2b4bfa88b2 for Content type d940e879-7f28-45e0-96a8-8004c72fa9c2 -- ip:127.0.0.1,user:system user system user [ID: system][email:system@dotcmsfakeemail.org]
[08/03/21 22:21:41:002 GMT]  INFO caffine.CaffineCache: ***	 Building Cache : workflowstepcache, size:1000,Concurrency:32
[08/03/21 22:21:41:002 GMT]  INFO caffine.CaffineCache: ***	 Building Cache : workflowstepcache, size:1000,Concurrency:32
[08/03/21 22:21:41:003 GMT]  INFO caffine.CaffineCache: ***	 Building Cache : workflowstepcache, size:1000,Concurrency:32
[08/03/21 22:21:41:003 GMT]  INFO caffine.CaffineCache: ***	 Building Cache : workflowstepcache, size:1000,Concurrency:32
[08/03/21 22:21:41:015 GMT]  INFO util.ActivityLogger: class com.dotcms.contenttype.business.ContentTypeAPIImpl: system : Save ContentType Action , User system/system user system user added ContentType testName1615242101007 to host id:48190c8c-42c4-46af-8d1a-0cd5db894797
[08/03/21 22:21:41:015 GMT]  INFO business.ContentTypeAPIImpl: UserId : system : ContentType : ContentType saved : testName1615242101007
[08/03/21 22:21:41:015 GMT]  INFO util.AdminLogger: UserId : system : class com.dotcms.contenttype.business.ContentTypeAPIImpl : ContentType : ContentType saved : testName1615242101007
[08/03/21 22:21:41:015 GMT]  INFO business.WorkflowAPIImpl: Saving Schemas: d61a59e1-a49c-46f2-a929-db2b4bfa88b2 for Content type 8ee6aac0-d08a-4ba0-bb95-9fa06b620633
[08/03/21 22:21:41:016 GMT]  INFO util.SecurityLogger: class com.dotmarketing.portlets.workflows.business.WorkflowAPIImpl : Saving Schemas: d61a59e1-a49c-46f2-a929-db2b4bfa88b2 for Content type 8ee6aac0-d08a-4ba0-bb95-9fa06b620633 -- ip:127.0.0.1,user:system user system user [ID: system][email:system@dotcmsfakeemail.org]
[08/03/21 22:21:41:021 GMT]  INFO caffine.CaffineCache: ***	 Building Cache : workflowstepcache, size:1000,Concurrency:32
[08/03/21 22:21:41:021 GMT]  INFO caffine.CaffineCache: ***	 Building Cache : workflowstepcache, size:1000,Concurrency:32
[08/03/21 22:21:41:022 GMT]  INFO caffine.CaffineCache: ***	 Building Cache : workflowstepcache, size:1000,Concurrency:32
[08/03/21 22:21:41:022 GMT]  INFO caffine.CaffineCache: ***	 Building Cache : workflowstepcache, size:1000,Concurrency:32
[08/03/21 22:21:41:030 GMT]  INFO util.ActivityLogger: class com.dotcms.contenttype.business.ContentTypeAPIImpl: system : Save ContentType Action , User system/system user system user added ContentType testName1615242101023 to host id:48190c8c-42c4-46af-8d1a-0cd5db894797
[08/03/21 22:21:41:030 GMT]  INFO business.ContentTypeAPIImpl: UserId : system : ContentType : ContentType saved : testName1615242101023
[08/03/21 22:21:41:030 GMT]  INFO util.AdminLogger: UserId : system : class com.dotcms.contenttype.business.ContentTypeAPIImpl : ContentType : ContentType saved : testName1615242101023
[08/03/21 22:21:41:030 GMT]  INFO business.WorkflowAPIImpl: Saving Schemas: d61a59e1-a49c-46f2-a929-db2b4bfa88b2 for Content type 75563a0b-4cc5-44d5-948e-0eddb1c0aeb3
[08/03/21 22:21:41:030 GMT]  INFO util.SecurityLogger: class com.dotmarketing.portlets.workflows.business.WorkflowAPIImpl : Saving Schemas: d61a59e1-a49c-46f2-a929-db2b4bfa88b2 for Content type 75563a0b-4cc5-44d5-948e-0eddb1c0aeb3 -- ip:127.0.0.1,user:system user system user [ID: system][email:system@dotcmsfakeemail.org]
[08/03/21 22:21:41:036 GMT]  INFO caffine.CaffineCache: ***	 Building Cache : workflowstepcache, size:1000,Concurrency:32
[08/03/21 22:21:41:036 GMT]  INFO caffine.CaffineCache: ***	 Building Cache : workflowstepcache, size:1000,Concurrency:32
[08/03/21 22:21:41:037 GMT]  INFO caffine.CaffineCache: ***	 Building Cache : workflowstepcache, size:1000,Concurrency:32
[08/03/21 22:21:41:037 GMT]  INFO caffine.CaffineCache: ***	 Building Cache : workflowstepcache, size:1000,Concurrency:32
[08/03/21 22:21:41:041 GMT]  INFO junit.RuleWatcher: >>>>>>>>>>>>>>>>>>>>>>>>>>
[08/03/21 22:21:41:041 GMT]  INFO junit.RuleWatcher: >>> test404Cache(com.dotcms.uuid.shorty.LegacyShortyIdApiTest) - starting...
[08/03/21 22:21:41:041 GMT]  INFO junit.RuleWatcher: >>>>>>>>>>>>>>>>>>>>>>>>>>
[08/03/21 22:21:41:059 GMT]  INFO junit.RuleWatcher: >>>>>>>>>>>>>>>>>>>>>>>>>>
[08/03/21 22:21:41:060 GMT]  INFO junit.RuleWatcher: >>> test_shortify[0: (, )](com.dotcms.uuid.shorty.LegacyShortyIdApiTest) - starting...
[08/03/21 22:21:41:060 GMT]  INFO junit.RuleWatcher: >>>>>>>>>>>>>>>>>>>>>>>>>>
[08/03/21 22:21:41:060 GMT]  INFO junit.RuleWatcher: >>>>>>>>>>>>>>>>>>>>>>>>>>
[08/03/21 22:21:41:060 GMT]  INFO junit.RuleWatcher: >>> test_shortify[1: (1234, 1234)](com.dotcms.uuid.shorty.LegacyShortyIdApiTest) - starting...
[08/03/21 22:21:41:060 GMT]  INFO junit.RuleWatcher: >>>>>>>>>>>>>>>>>>>>>>>>>>
[08/03/21 22:21:41:060 GMT]  INFO junit.RuleWatcher: >>>>>>>>>>>>>>>>>>>>>>>>>>
[08/03/21 22:21:41:060 GMT]  INFO junit.RuleWatcher: >>> test_shortify[2: (12345, 12345)](com.dotcms.uuid.shorty.LegacyShortyIdApiTest) - starting...
[08/03/21 22:21:41:060 GMT]  INFO junit.RuleWatcher: >>>>>>>>>>>>>>>>>>>>>>>>>>
[08/03/21 22:21:41:060 GMT]  INFO junit.RuleWatcher: >>>>>>>>>>>>>>>>>>>>>>>>>>
[08/03/21 22:21:41:060 GMT]  INFO junit.RuleWatcher: >>> test_shortify[3: (12345-6, 123456)](com.dotcms.uuid.shorty.LegacyShortyIdApiTest) - starting...
[08/03/21 22:21:41:060 GMT]  INFO junit.RuleWatcher: >>>>>>>>>>>>>>>>>>>>>>>>>>
[08/03/21 22:21:41:061 GMT]  INFO junit.RuleWatcher: >>>>>>>>>>>>>>>>>>>>>>>>>>
[08/03/21 22:21:41:061 GMT]  INFO junit.RuleWatcher: >>> test_shortify[4: (12345-67, 1234567)](com.dotcms.uuid.shorty.LegacyShortyIdApiTest) - starting...
[08/03/21 22:21:41:061 GMT]  INFO junit.RuleWatcher: >>>>>>>>>>>>>>>>>>>>>>>>>>
[08/03/21 22:21:41:061 GMT]  INFO junit.RuleWatcher: >>>>>>>>>>>>>>>>>>>>>>>>>>
[08/03/21 22:21:41:061 GMT]  INFO junit.RuleWatcher: >>> test_shortify[5: (12345-678, 12345678)](com.dotcms.uuid.shorty.LegacyShortyIdApiTest) - starting...
[08/03/21 22:21:41:061 GMT]  INFO junit.RuleWatcher: >>>>>>>>>>>>>>>>>>>>>>>>>>
[08/03/21 22:21:41:061 GMT]  INFO junit.RuleWatcher: >>>>>>>>>>>>>>>>>>>>>>>>>>
[08/03/21 22:21:41:061 GMT]  INFO junit.RuleWatcher: >>> test_shortify[6: (12345-6789, 123456789)](com.dotcms.uuid.shorty.LegacyShortyIdApiTest) - starting...
[08/03/21 22:21:41:061 GMT]  INFO junit.RuleWatcher: >>>>>>>>>>>>>>>>>>>>>>>>>>
[08/03/21 22:21:41:061 GMT]  INFO junit.RuleWatcher: >>>>>>>>>>>>>>>>>>>>>>>>>>
[08/03/21 22:21:41:062 GMT]  INFO junit.RuleWatcher: >>> test_shortify[7: (12345-6789-0, 1234567890)](com.dotcms.uuid.shorty.LegacyShortyIdApiTest) - starting...
[08/03/21 22:21:41:062 GMT]  INFO junit.RuleWatcher: >>>>>>>>>>>>>>>>>>>>>>>>>>
[08/03/21 22:21:41:062 GMT]  INFO junit.RuleWatcher: >>>>>>>>>>>>>>>>>>>>>>>>>>
[08/03/21 22:21:41:062 GMT]  INFO junit.RuleWatcher: >>> test_shortify[8: (12345-6789-01, 1234567890)](com.dotcms.uuid.shorty.LegacyShortyIdApiTest) - starting...
[08/03/21 22:21:41:062 GMT]  INFO junit.RuleWatcher: >>>>>>>>>>>>>>>>>>>>>>>>>>
[08/03/21 22:21:41:062 GMT]  INFO junit.RuleWatcher: >>>>>>>>>>>>>>>>>>>>>>>>>>
[08/03/21 22:21:41:062 GMT]  INFO junit.RuleWatcher: >>> test_shortify[9: (12345-6789-012, 1234567890)](com.dotcms.uuid.shorty.LegacyShortyIdApiTest) - starting...
[08/03/21 22:21:41:062 GMT]  INFO junit.RuleWatcher: >>>>>>>>>>>>>>>>>>>>>>>>>>
[08/03/21 22:21:41:062 GMT]  INFO junit.RuleWatcher: >>>>>>>>>>>>>>>>>>>>>>>>>>
[08/03/21 22:21:41:062 GMT]  INFO junit.RuleWatcher: >>> test_shortify[10: (12345-6789-011-12, 1234567890)](com.dotcms.uuid.shorty.LegacyShortyIdApiTest) - starting...
[08/03/21 22:21:41:062 GMT]  INFO junit.RuleWatcher: >>>>>>>>>>>>>>>>>>>>>>>>>>
[08/03/21 22:21:41:063 GMT]  INFO junit.RuleWatcher: >>>>>>>>>>>>>>>>>>>>>>>>>>
[08/03/21 22:21:41:063 GMT]  INFO junit.RuleWatcher: >>> testShortyLookup(com.dotcms.uuid.shorty.LegacyShortyIdApiTest) - starting...
[08/03/21 22:21:41:063 GMT]  INFO junit.RuleWatcher: >>>>>>>>>>>>>>>>>>>>>>>>>>
[08/03/21 22:21:41:075 GMT]  INFO caffine.CaffineCache: ***	 Building Cache : workflowstepcache, size:1000,Concurrency:32
[08/03/21 22:21:41:075 GMT]  INFO caffine.CaffineCache: ***	 Building Cache : workflowstepcache, size:1000,Concurrency:32
[08/03/21 22:21:41:078 GMT]  INFO junit.RuleWatcher: >>>>>>>>>>>>>>>>>>>>>>>>>>
[08/03/21 22:21:41:078 GMT]  INFO junit.RuleWatcher: >>> test_shortify_modify_MINIMUM_SHORTY_ID_LENGTH_success(com.dotcms.uuid.shorty.LegacyShortyIdApiTest) - starting...
[08/03/21 22:21:41:078 GMT]  INFO junit.RuleWatcher: >>>>>>>>>>>>>>>>>>>>>>>>>>
[08/03/21 22:21:41:079 GMT]  INFO junit.RuleWatcher: >>>>>>>>>>>>>>>>>>>>>>>>>>
[08/03/21 22:21:41:079 GMT]  INFO junit.RuleWatcher: >>> testShortyCache(com.dotcms.uuid.shorty.LegacyShortyIdApiTest) - starting...
[08/03/21 22:21:41:079 GMT]  INFO junit.RuleWatcher: >>>>>>>>>>>>>>>>>>>>>>>>>>
[08/03/21 22:21:41:080 GMT]  INFO junit.RuleWatcher: >>>>>>>>>>>>>>>>>>>>>>>>>>
[08/03/21 22:21:41:080 GMT]  INFO junit.RuleWatcher: >>> testValidShorty[0: (asdd-1234-asdasda-asda, true)](com.dotcms.uuid.shorty.LegacyShortyIdApiTest) - starting...
[08/03/21 22:21:41:080 GMT]  INFO junit.RuleWatcher: >>>>>>>>>>>>>>>>>>>>>>>>>>
[08/03/21 22:21:41:080 GMT]  INFO junit.RuleWatcher: >>>>>>>>>>>>>>>>>>>>>>>>>>
[08/03/21 22:21:41:080 GMT]  INFO junit.RuleWatcher: >>> testValidShorty[1: (asd87-234-214, true)](com.dotcms.uuid.shorty.LegacyShortyIdApiTest) - starting...
[08/03/21 22:21:41:080 GMT]  INFO junit.RuleWatcher: >>>>>>>>>>>>>>>>>>>>>>>>>>
[08/03/21 22:21:41:080 GMT]  INFO junit.RuleWatcher: >>>>>>>>>>>>>>>>>>>>>>>>>>
[08/03/21 22:21:41:080 GMT]  INFO junit.RuleWatcher: >>> testValidShorty[2: (asd87-234:-251, false)](com.dotcms.uuid.shorty.LegacyShortyIdApiTest) - starting...
[08/03/21 22:21:41:080 GMT]  INFO junit.RuleWatcher: >>>>>>>>>>>>>>>>>>>>>>>>>>
[08/03/21 22:21:41:081 GMT]  INFO junit.RuleWatcher: >>>>>>>>>>>>>>>>>>>>>>>>>>
[08/03/21 22:21:41:081 GMT]  INFO junit.RuleWatcher: >>> testValidShorty[3: (asd87-234;-251, false)](com.dotcms.uuid.shorty.LegacyShortyIdApiTest) - starting...
[08/03/21 22:21:41:081 GMT]  INFO junit.RuleWatcher: >>>>>>>>>>>>>>>>>>>>>>>>>>
[08/03/21 22:21:41:081 GMT]  INFO junit.RuleWatcher: >>>>>>>>>>>>>>>>>>>>>>>>>>
[08/03/21 22:21:41:081 GMT]  INFO junit.RuleWatcher: >>> testValidShorty[4: (asd87-234"-251, false)](com.dotcms.uuid.shorty.LegacyShortyIdApiTest) - starting...
[08/03/21 22:21:41:081 GMT]  INFO junit.RuleWatcher: >>>>>>>>>>>>>>>>>>>>>>>>>>
[08/03/21 22:21:41:081 GMT]  INFO junit.RuleWatcher: >>>>>>>>>>>>>>>>>>>>>>>>>>
[08/03/21 22:21:41:081 GMT]  INFO junit.RuleWatcher: >>> testValidShorty[5: (asd87-234*-251, false)](com.dotcms.uuid.shorty.LegacyShortyIdApiTest) - starting...
[08/03/21 22:21:41:081 GMT]  INFO junit.RuleWatcher: >>>>>>>>>>>>>>>>>>>>>>>>>>
[08/03/21 22:21:41:081 GMT]  INFO junit.RuleWatcher: >>>>>>>>>>>>>>>>>>>>>>>>>>
[08/03/21 22:21:41:081 GMT]  INFO junit.RuleWatcher: >>> testValidShorty[6: (asd87_232_251, false)](com.dotcms.uuid.shorty.LegacyShortyIdApiTest) - starting...
[08/03/21 22:21:41:081 GMT]  INFO junit.RuleWatcher: >>>>>>>>>>>>>>>>>>>>>>>>>>
[08/03/21 22:21:41:082 GMT]  INFO junit.RuleWatcher: >>>>>>>>>>>>>>>>>>>>>>>>>>
[08/03/21 22:21:41:082 GMT]  INFO junit.RuleWatcher: >>> testValidShorty[7: (null, false)](com.dotcms.uuid.shorty.LegacyShortyIdApiTest) - starting...
[08/03/21 22:21:41:082 GMT]  INFO junit.RuleWatcher: >>>>>>>>>>>>>>>>>>>>>>>>>>
[08/03/21 22:21:41:082 GMT]  INFO junit.RuleWatcher: >>>>>>>>>>>>>>>>>>>>>>>>>>
[08/03/21 22:21:41:082 GMT]  INFO junit.RuleWatcher: >>> testValidShorty[8: (asd81, false)](com.dotcms.uuid.shorty.LegacyShortyIdApiTest) - starting...
[08/03/21 22:21:41:082 GMT]  INFO junit.RuleWatcher: >>>>>>>>>>>>>>>>>>>>>>>>>>
[08/03/21 22:21:41:082 GMT]  INFO junit.RuleWatcher: >>>>>>>>>>>>>>>>>>>>>>>>>>
[08/03/21 22:21:41:082 GMT]  INFO junit.RuleWatcher: >>> test404CacheInvalidation(com.dotcms.uuid.shorty.LegacyShortyIdApiTest) - starting...
[08/03/21 22:21:41:082 GMT]  INFO junit.RuleWatcher: >>>>>>>>>>>>>>>>>>>>>>>>>>
[08/03/21 22:21:41:084 GMT] ERROR business.ChainableCacheAdministratorImpl: The cache to locally remove key is invalid. The value was :hostcache
[08/03/21 22:21:41:084 GMT]  INFO caffine.CaffineCache: ***	 Building Cache : hostaliascache, size:1000,Concurrency:32
[08/03/21 22:21:41:085 GMT]  INFO util.ActivityLogger: class com.dotcms.content.elasticsearch.business.ESContentletAPIImpl: system : Saving Content , StartDate: N/D; EndDate: N/D; User:system; ContentIdentifier: 
[08/03/21 22:21:41:085 GMT]  INFO caffine.CaffineCache: ***	 Building Cache : workflowstepcache, size:1000,Concurrency:32
[08/03/21 22:21:41:085 GMT]  INFO caffine.CaffineCache: ***	 Building Cache : workflowstepcache, size:1000,Concurrency:32
[08/03/21 22:21:41:086 GMT]  INFO caffine.CaffineCache: ***	 Building Cache : esquerycache, size:1000,Concurrency:32
[08/03/21 22:21:41:100 GMT]  INFO caffine.CaffineCache: ***	 Building Cache : workflowstepcache, size:1000,Concurrency:32
[08/03/21 22:21:41:100 GMT]  INFO caffine.CaffineCache: ***	 Building Cache : workflowstepcache, size:1000,Concurrency:32
[08/03/21 22:21:41:111 GMT]  INFO caffine.CaffineCache: ***	 Building Cache : workflowstepcache, size:1000,Concurrency:32
[08/03/21 22:21:41:111 GMT]  INFO caffine.CaffineCache: ***	 Building Cache : workflowstepcache, size:1000,Concurrency:32
[08/03/21 22:21:41:137 GMT]  INFO caffine.CaffineCache: ***	 Building Cache : esquerycache, size:1000,Concurrency:32
[08/03/21 22:21:41:138 GMT]  INFO caffine.CaffineCache: ***	 Building Cache : esquerycountcache, size:1000,Concurrency:32
[08/03/21 22:21:41:138 GMT]  INFO caffine.CaffineCache: ***	 Building Cache : esquerycountcache, size:1000,Concurrency:32
[08/03/21 22:21:41:177 GMT]  INFO caffine.CaffineCache: ***	 Building Cache : esquerycache, size:1000,Concurrency:32
[08/03/21 22:21:41:177 GMT]  INFO caffine.CaffineCache: ***	 Building Cache : esquerycache, size:1000,Concurrency:32
[08/03/21 22:21:41:177 GMT]  INFO caffine.CaffineCache: ***	 Building Cache : esquerycountcache, size:1000,Concurrency:32
[08/03/21 22:21:41:177 GMT]  INFO caffine.CaffineCache: ***	 Building Cache : esquerycountcache, size:1000,Concurrency:32
[08/03/21 22:21:41:181 GMT]  INFO caffine.CaffineCache: ***	 Building Cache : hostaliascache, size:1000,Concurrency:32
[08/03/21 22:21:41:181 GMT]  INFO caffine.CaffineCache: ***	 Building Cache : hostaliascache, size:1000,Concurrency:32
[08/03/21 22:21:41:181 GMT]  INFO caffine.CaffineCache: ***	 Building Cache : hostaliascache, size:1000,Concurrency:32
[08/03/21 22:21:41:186 GMT]  INFO caffine.CaffineCache: ***	 Building Cache : hostaliascache, size:1000,Concurrency:32
[08/03/21 22:21:41:186 GMT]  INFO caffine.CaffineCache: ***	 Building Cache : hostaliascache, size:1000,Concurrency:32
[08/03/21 22:21:41:212 GMT]  INFO caffine.CaffineCache: ***	 Building Cache : esquerycache, size:1000,Concurrency:32
[08/03/21 22:21:41:212 GMT]  INFO caffine.CaffineCache: ***	 Building Cache : esquerycache, size:1000,Concurrency:32
[08/03/21 22:21:41:212 GMT]  INFO caffine.CaffineCache: ***	 Building Cache : esquerycountcache, size:1000,Concurrency:32
[08/03/21 22:21:41:212 GMT]  INFO caffine.CaffineCache: ***	 Building Cache : esquerycountcache, size:1000,Concurrency:32
[08/03/21 22:21:41:237 GMT]  INFO caffine.CaffineCache: ***	 Building Cache : esquerycache, size:1000,Concurrency:32
[08/03/21 22:21:41:237 GMT]  INFO caffine.CaffineCache: ***	 Building Cache : esquerycache, size:1000,Concurrency:32
[08/03/21 22:21:41:237 GMT]  INFO caffine.CaffineCache: ***	 Building Cache : esquerycountcache, size:1000,Concurrency:32
[08/03/21 22:21:41:237 GMT]  INFO caffine.CaffineCache: ***	 Building Cache : esquerycountcache, size:1000,Concurrency:32
[08/03/21 22:21:41:238 GMT]  INFO business.ContentletIndexAPIImpl: Indexing: af899b92-07a6-47ff-bf91-0eef25f26045 : test1615242101083.dotcms.com, includeDependencies: true, policy: WAIT_FOR
[08/03/21 22:21:41:262 GMT]  INFO caffine.CaffineCache: ***	 Building Cache : esquerycache, size:1000,Concurrency:32
[08/03/21 22:21:41:267 GMT]  INFO util.ActivityLogger: class com.dotcms.content.elasticsearch.business.ESContentletAPIImpl: System Host : Content Saved , StartDate: N/D; EndDate: N/D; User:system; ContentIdentifier: af899b92-07a6-47ff-bf91-0eef25f26045
[08/03/21 22:21:41:268 GMT]  INFO caffine.CaffineCache: ***	 Building Cache : hostaliascache, size:1000,Concurrency:32
[08/03/21 22:21:41:268 GMT]  INFO caffine.CaffineCache: ***	 Building Cache : hostaliascache, size:1000,Concurrency:32
[08/03/21 22:21:41:270 GMT] ERROR business.ChainableCacheAdministratorImpl: The cache to locally remove key is invalid. The value was :hostcache
[08/03/21 22:21:41:270 GMT]  INFO caffine.CaffineCache: ***	 Building Cache : hostaliascache, size:1000,Concurrency:32
[08/03/21 22:21:41:270 GMT]  INFO caffine.CaffineCache: ***	 Building Cache : hostaliascache, size:1000,Concurrency:32
[08/03/21 22:21:41:276 GMT]  INFO caffine.CaffineCache: ***	 Building Cache : esquerycountcache, size:1000,Concurrency:32
[08/03/21 22:21:41:276 GMT]  INFO caffine.CaffineCache: ***	 Building Cache : esquerycache, size:1000,Concurrency:32
[08/03/21 22:21:41:276 GMT]  INFO caffine.CaffineCache: ***	 Building Cache : esquerycountcache, size:1000,Concurrency:32
[08/03/21 22:21:41:393 GMT] ERROR business.ChainableCacheAdministratorImpl: The cache to locally remove key is invalid. The value was :hostcache
[08/03/21 22:21:41:393 GMT]  INFO caffine.CaffineCache: ***	 Building Cache : hostaliascache, size:1000,Concurrency:32
[08/03/21 22:21:41:393 GMT]  INFO caffine.CaffineCache: ***	 Building Cache : hostaliascache, size:1000,Concurrency:32
[08/03/21 22:21:41:395 GMT]  INFO caffine.CaffineCache: ***	 Building Cache : esquerycache, size:1000,Concurrency:32
[08/03/21 22:21:41:395 GMT]  INFO caffine.CaffineCache: ***	 Building Cache : esquerycountcache, size:1000,Concurrency:32
[08/03/21 22:21:41:396 GMT]  INFO caffine.CaffineCache: ***	 Building Cache : esquerycache, size:1000,Concurrency:32
[08/03/21 22:21:41:396 GMT]  INFO caffine.CaffineCache: ***	 Building Cache : esquerycountcache, size:1000,Concurrency:32
[08/03/21 22:21:41:561 GMT]  INFO caffine.CaffineCache: ***	 Building Cache : hostaliascache, size:1000,Concurrency:32
[08/03/21 22:21:41:561 GMT]  INFO caffine.CaffineCache: ***	 Building Cache : hostaliascache, size:1000,Concurrency:32
[08/03/21 22:21:41:564 GMT]  INFO caffine.CaffineCache: ***	 Building Cache : esquerycache, size:1000,Concurrency:32
[08/03/21 22:21:41:567 GMT]  INFO util.ActivityLogger: class com.dotcms.content.elasticsearch.business.ESContentletAPIImpl: System Host : Publishing Content , StartDate: N/D; EndDate: N/D; User:system; ContentIdentifier: af899b92-07a6-47ff-bf91-0eef25f26045
[08/03/21 22:21:41:569 GMT]  INFO business.ContentletIndexAPIImpl: Indexing: af899b92-07a6-47ff-bf91-0eef25f26045 : test1615242101083.dotcms.com, includeDependencies: true, policy: FORCE
[08/03/21 22:21:41:639 GMT]  INFO caffine.CaffineCache: ***	 Building Cache : esquerycache, size:1000,Concurrency:32
[08/03/21 22:21:41:639 GMT]  INFO caffine.CaffineCache: ***	 Building Cache : esquerycountcache, size:1000,Concurrency:32
[08/03/21 22:21:41:639 GMT]  INFO caffine.CaffineCache: ***	 Building Cache : esquerycountcache, size:1000,Concurrency:32
[08/03/21 22:21:41:640 GMT]  INFO caffine.CaffineCache: ***	 Building Cache : esquerycache, size:1000,Concurrency:32
[08/03/21 22:21:41:644 GMT]  INFO util.ActivityLogger: class com.dotcms.content.elasticsearch.business.ESContentletAPIImpl: System Host : Content Published , StartDate: N/D; EndDate: N/D; User:system; ContentIdentifier: af899b92-07a6-47ff-bf91-0eef25f26045
[08/03/21 22:21:41:658 GMT]  INFO caffine.CaffineCache: ***	 Building Cache : esquerycountcache, size:1000,Concurrency:32
[08/03/21 22:21:41:666 GMT]  INFO caffine.CaffineCache: ***	 Building Cache : esquerycache, size:1000,Concurrency:32
[08/03/21 22:21:41:666 GMT]  INFO caffine.CaffineCache: ***	 Building Cache : esquerycountcache, size:1000,Concurrency:32
[08/03/21 22:21:41:680 GMT]  INFO caffine.CaffineCache: ***	 Building Cache : esquerycache, size:1000,Concurrency:32
[08/03/21 22:21:41:685 GMT]  INFO caffine.CaffineCache: ***	 Building Cache : esquerycountcache, size:1000,Concurrency:32
[08/03/21 22:21:41:685 GMT]  INFO caffine.CaffineCache: ***	 Building Cache : esquerycache, size:1000,Concurrency:32
[08/03/21 22:21:41:685 GMT]  INFO caffine.CaffineCache: ***	 Building Cache : esquerycountcache, size:1000,Concurrency:32
[08/03/21 22:21:41:698 GMT]  INFO caffine.CaffineCache: ***	 Building Cache : hostaliascache, size:1000,Concurrency:32
[08/03/21 22:21:41:698 GMT]  INFO caffine.CaffineCache: ***	 Building Cache : hostaliascache, size:1000,Concurrency:32
[08/03/21 22:21:41:698 GMT]  WARN shorty.ShortyIdAPIImpl: An error occurred when getting shorty value for '' of type 'CONTENT': shorty  is not a short id.  Short Ids should be 10 chars in length
[08/03/21 22:21:41:701 GMT]  INFO junit.RuleWatcher: >>>>>>>>>>>>>>>>>>>>>>>>>>
[08/03/21 22:21:41:701 GMT]  INFO junit.RuleWatcher: >>> shouldReturnOkWithLogoutRequest(com.dotmarketing.filters.AutoLoginFilterTest) - starting...
[08/03/21 22:21:41:701 GMT]  INFO junit.RuleWatcher: >>>>>>>>>>>>>>>>>>>>>>>>>>
[08/03/21 22:21:41:724 GMT] ERROR saml.DotSamlProxyFactory: Could not add the Dotsaml REST Service Redirect Rule. Requests to /dotsaml/login/{UUID} will fail!
[08/03/21 22:21:41:724 GMT]  INFO login.LogoutWebInterceptor: Starting Logout --> /dotAdmin/logout?r=1615242101701
[08/03/21 22:21:41:725 GMT]  INFO login.LogoutWebInterceptor: Doing the logout
[08/03/21 22:21:41:725 GMT]  INFO login.LogoutWebInterceptor: Logout DONE
[08/03/21 22:21:41:727 GMT]  INFO junit.RuleWatcher: >>>>>>>>>>>>>>>>>>>>>>>>>>
[08/03/21 22:21:41:727 GMT]  INFO junit.RuleWatcher: >>> testPUT_GivenSystemFolderWithSystemHost_ShouldStillHaveSystemHostInFolder(com.dotmarketing.cache.FolderCacheImplIntegrationTest) - starting...
[08/03/21 22:21:41:727 GMT]  INFO junit.RuleWatcher: >>>>>>>>>>>>>>>>>>>>>>>>>>
[08/03/21 22:21:41:727 GMT]  INFO caffine.CaffineCache: ***	 Building Cache : foldercache, size:1000,Concurrency:32
[08/03/21 22:21:41:727 GMT]  INFO caffine.CaffineCache: ***	 Building Cache : foldercache, size:1000,Concurrency:32
[08/03/21 22:21:41:727 GMT]  INFO junit.RuleWatcher: >>>>>>>>>>>>>>>>>>>>>>>>>>
[08/03/21 22:21:41:727 GMT]  INFO junit.RuleWatcher: >>> testPUT_GivenSystemFolderWithHostDifferentFromSystemHost_ShouldSetSystemHostToFolder(com.dotmarketing.cache.FolderCacheImplIntegrationTest) - starting...
[08/03/21 22:21:41:727 GMT]  INFO junit.RuleWatcher: >>>>>>>>>>>>>>>>>>>>>>>>>>
[08/03/21 22:21:41:728 GMT]  INFO caffine.CaffineCache: ***	 Building Cache : foldercache, size:1000,Concurrency:32
[08/03/21 22:21:41:728 GMT] ERROR cache.FolderCacheImpl: Host ID for SYSTEM_FOLDER must always be SYSTEM_HOST. Value '563d6a03-0544-4e63-a72d-d273844ef70f' was set.
[08/03/21 22:21:41:728 GMT] ERROR cache.FolderCacheImpl: 	at java.lang.Thread.getStackTrace(Thread.java:1559)
	at com.dotcms.exception.ExceptionUtil.getCurrentStackTraceAsString(ExceptionUtil.java:395)
	at com.dotmarketing.cache.FolderCacheImpl.addFolder(FolderCacheImpl.java:31)
	at com.dotmarketing.cache.FolderCacheImplIntegrationTest.testPUT_GivenSystemFolderWithHostDifferentFromSystemHost_ShouldSetSystemHostToFolder(FolderCacheImplIntegrationTest.java:44)
	at sun.reflect.NativeMethodAccessorImpl.invoke0(Native Method)
	at sun.reflect.NativeMethodAccessorImpl.invoke(NativeMethodAccessorImpl.java:62)
	at sun.reflect.DelegatingMethodAccessorImpl.invoke(DelegatingMethodAccessorImpl.java:43)
	at java.lang.reflect.Method.invoke(Method.java:498)
	at org.junit.runners.model.FrameworkMethod$1.runReflectiveCall(FrameworkMethod.java:50)
	at org.junit.internal.runners.model.ReflectiveCallable.run(ReflectiveCallable.java:12)
	at org.junit.runners.model.FrameworkMethod.invokeExplosively(FrameworkMethod.java:47)
	at org.junit.internal.runners.statements.InvokeMethod.evaluate(InvokeMethod.java:17)
	at org.junit.internal.runners.statements.RunBefores.evaluate(RunBefores.java:26)
	at org.junit.internal.runners.statements.RunAfters.evaluate(RunAfters.java:27)
	at org.junit.rules.TestWatcher$1.evaluate(TestWatcher.java:55)
	at org.junit.rules.RunRules.evaluate(RunRules.java:20)
	at org.junit.runners.ParentRunner.runLeaf(ParentRunner.java:325)
	at com.dotcms.junit.CustomDataProviderRunner.runChild(CustomDataProviderRunner.java:28)
	at com.dotcms.junit.CustomDataProviderRunner.runChild(CustomDataProviderRunner.java:13)
	at org.junit.runners.ParentRunner$3.run(ParentRunner.java:290)
	at org.junit.runners.ParentRunner$1.schedule(ParentRunner.java:71)
	at org.junit.runners.ParentRunner.runChildren(ParentRunner.java:288)
	at org.junit.runners.ParentRunner.access$000(ParentRunner.java:58)
	at org.junit.runners.ParentRunner$2.evaluate(ParentRunner.java:268)
	at org.junit.internal.runners.statements.RunBefores.evaluate(RunBefores.java:26)
	at org.junit.runners.ParentRunner.run(ParentRunner.java:363)
	at org.junit.runners.Suite.runChild(Suite.java:128)
	at org.junit.runners.Suite.runChild(Suite.java:27)
	at org.junit.runners.ParentRunner$3.run(ParentRunner.java:290)
	at org.junit.runners.ParentRunner$1.schedule(ParentRunner.java:71)
	at org.junit.runners.ParentRunner.runChildren(ParentRunner.java:288)
	at org.junit.runners.ParentRunner.access$000(ParentRunner.java:58)
	at org.junit.runners.ParentRunner$2.evaluate(ParentRunner.java:268)
	at org.junit.runners.ParentRunner.run(ParentRunner.java:363)
	at org.gradle.api.internal.tasks.testing.junit.JUnitTestClassExecutor.runTestClass(JUnitTestClassExecutor.java:106)
	at org.gradle.api.internal.tasks.testing.junit.JUnitTestClassExecutor.execute(JUnitTestClassExecutor.java:58)
	at org.gradle.api.internal.tasks.testing.junit.JUnitTestClassExecutor.execute(JUnitTestClassExecutor.java:38)
	at org.gradle.api.internal.tasks.testing.junit.AbstractJUnitTestClassProcessor.processTestClass(AbstractJUnitTestClassProcessor.java:66)
	at org.gradle.api.internal.tasks.testing.SuiteTestClassProcessor.processTestClass(SuiteTestClassProcessor.java:51)
	at sun.reflect.NativeMethodAccessorImpl.invoke0(Native Method)
	at sun.reflect.NativeMethodAccessorImpl.invoke(NativeMethodAccessorImpl.java:62)
	at sun.reflect.DelegatingMethodAccessorImpl.invoke(DelegatingMethodAccessorImpl.java:43)
	at java.lang.reflect.Method.invoke(Method.java:498)
	at org.gradle.internal.dispatch.ReflectionDispatch.dispatch(ReflectionDispatch.java:35)
	at org.gradle.internal.dispatch.ReflectionDispatch.dispatch(ReflectionDispatch.java:24)
	at org.gradle.internal.dispatch.ContextClassLoaderDispatch.dispatch(ContextClassLoaderDispatch.java:32)
	at org.gradle.internal.dispatch.ProxyDispatchAdapter$DispatchingInvocationHandler.invoke(ProxyDispatchAdapter.java:93)
	at com.sun.proxy.$Proxy2.processTestClass(Unknown Source)
	at org.gradle.api.internal.tasks.testing.worker.TestWorker.processTestClass(TestWorker.java:117)
	at sun.reflect.NativeMethodAccessorImpl.invoke0(Native Method)
	at sun.reflect.NativeMethodAccessorImpl.invoke(NativeMethodAccessorImpl.java:62)
	at sun.reflect.DelegatingMethodAccessorImpl.invoke(DelegatingMethodAccessorImpl.java:43)
	at java.lang.reflect.Method.invoke(Method.java:498)
	at org.gradle.internal.dispatch.ReflectionDispatch.dispatch(ReflectionDispatch.java:35)
	at org.gradle.internal.dispatch.ReflectionDispatch.dispatch(ReflectionDispatch.java:24)
	at org.gradle.internal.remote.internal.hub.MessageHubBackedObjectConnection$DispatchWrapper.dispatch(MessageHubBackedObjectConnection.java:155)
	at org.gradle.internal.remote.internal.hub.MessageHubBackedObjectConnection$DispatchWrapper.dispatch(MessageHubBackedObjectConnection.java:137)
	at org.gradle.internal.remote.internal.hub.MessageHub$Handler.run(MessageHub.java:404)
	at org.gradle.internal.concurrent.ExecutorPolicy$CatchAndRecordFailures.onExecute(ExecutorPolicy.java:63)
	at org.gradle.internal.concurrent.ManagedExecutorImpl$1.run(ManagedExecutorImpl.java:46)
	at java.util.concurrent.ThreadPoolExecutor.runWorker(ThreadPoolExecutor.java:1149)
	at java.util.concurrent.ThreadPoolExecutor$Worker.run(ThreadPoolExecutor.java:624)
	at org.gradle.internal.concurrent.ThreadFactoryImpl$ManagedThreadRunnable.run(ThreadFactoryImpl.java:55)
	at java.lang.Thread.run(Thread.java:748)

[08/03/21 22:21:41:728 GMT]  INFO caffine.CaffineCache: ***	 Building Cache : foldercache, size:1000,Concurrency:32
