[09/03/21 19:21:00:659 GMT]  INFO util.StdOutErrLog: [class com.dotcms.publishing.PublisherAPIImplTest$PushPublisherMock]
[09/03/21 19:21:00:661 GMT]  INFO util.PushPublishLogger: class com.dotcms.publishing.PublisherAPIImpl : [BundleID: 01F0C6YWZM6SM9RH6A9DFRZSRH] Started Publishing Task
[09/03/21 19:21:00:661 GMT]  INFO publishing.PublisherAPIImpl: Writing bundle.xml file
[09/03/21 19:21:00:662 GMT]  INFO publishing.PublisherAPIImpl: Start of Bundler: DependencyBundler
[09/03/21 19:21:00:665 GMT]  INFO util.DependencyManager: PublisherFilter { excludeClassesSet = [] , excludeDependencyClassesSet = [] , excludeQueryIds = [] , excludeDependencyQueryIds = [] , relationships = true , dependencies = true}
[09/03/21 19:21:00:675 GMT]  INFO publishing.PublisherAPIImpl: End of Bundler: DependencyBundler
[09/03/21 19:21:00:675 GMT]  INFO publishing.PublisherAPIImpl: Start of Bundler: HostBundler
[09/03/21 19:21:00:676 GMT]  INFO bundler.HostBundler: Searching for ContentletVersionInfo. Identifier: 8a7d5e23-da1e-420a-b4f0-471e7da8ea2d. Language:1
[09/03/21 19:21:00:678 GMT]  INFO bundler.HostBundler: Searching for ContentletVersionInfo. Identifier: 8a7d5e23-da1e-420a-b4f0-471e7da8ea2d. Language:1
[09/03/21 19:21:00:679 GMT]  INFO publishing.PublisherAPIImpl: End of Bundler: HostBundler
[09/03/21 19:21:00:679 GMT]  INFO publishing.PublisherAPIImpl: Start of Bundler: ContentBundler
[09/03/21 19:21:00:686 GMT]  INFO publishing.PublisherAPIImpl: End of Bundler: ContentBundler
[09/03/21 19:21:00:686 GMT]  INFO publishing.PublisherAPIImpl: Start of Bundler: FolderBundler
[09/03/21 19:21:00:686 GMT]  INFO publishing.PublisherAPIImpl: End of Bundler: FolderBundler
[09/03/21 19:21:00:686 GMT]  INFO publishing.PublisherAPIImpl: Start of Bundler: TemplateBundler
[09/03/21 19:21:00:686 GMT]  INFO publishing.PublisherAPIImpl: End of Bundler: TemplateBundler
[09/03/21 19:21:00:686 GMT]  INFO publishing.PublisherAPIImpl: Start of Bundler: ContainerBundler
[09/03/21 19:21:00:686 GMT]  INFO publishing.PublisherAPIImpl: End of Bundler: ContainerBundler
[09/03/21 19:21:00:686 GMT]  INFO publishing.PublisherAPIImpl: Start of Bundler: RuleBundler
[09/03/21 19:21:00:687 GMT]  INFO publishing.PublisherAPIImpl: End of Bundler: RuleBundler
[09/03/21 19:21:00:687 GMT]  INFO publishing.PublisherAPIImpl: Start of Bundler: LinkBundler
[09/03/21 19:21:00:687 GMT]  INFO publishing.PublisherAPIImpl: End of Bundler: LinkBundler
[09/03/21 19:21:00:687 GMT]  INFO publishing.PublisherAPIImpl: Start of Bundler: ContentTypeBundler
[09/03/21 19:21:00:690 GMT]  INFO publishing.PublisherAPIImpl: End of Bundler: ContentTypeBundler
[09/03/21 19:21:00:690 GMT]  INFO publishing.PublisherAPIImpl: Start of Bundler: RelationshipBundler
[09/03/21 19:21:00:690 GMT]  INFO publishing.PublisherAPIImpl: End of Bundler: RelationshipBundler
[09/03/21 19:21:00:690 GMT]  INFO publishing.PublisherAPIImpl: Start of Bundler: LanguageVariablesBundler
[09/03/21 19:21:00:692 GMT]  INFO publishing.PublisherAPIImpl: End of Bundler: LanguageVariablesBundler
[09/03/21 19:21:00:692 GMT]  INFO publishing.PublisherAPIImpl: Start of Bundler: WorkflowBundler
[09/03/21 19:21:00:709 GMT]  INFO publishing.PublisherAPIImpl: End of Bundler: WorkflowBundler
[09/03/21 19:21:00:709 GMT]  INFO publishing.PublisherAPIImpl: Start of Bundler: LanguageBundler
[09/03/21 19:21:00:709 GMT]  INFO publishing.PublisherAPIImpl: End of Bundler: LanguageBundler
[09/03/21 19:21:00:709 GMT]  INFO publishing.PublisherAPIImpl: Start of Bundler: BundleXMLAsc
[09/03/21 19:21:00:709 GMT]  INFO publishing.PublisherAPIImpl: End of Bundler: BundleXMLAsc
[09/03/21 19:21:00:709 GMT]  INFO publishing.PublisherAPIImpl: Start of Bundler: CategoryBundler
[09/03/21 19:21:00:709 GMT]  INFO publishing.PublisherAPIImpl: End of Bundler: CategoryBundler
[09/03/21 19:21:00:709 GMT]  INFO util.PushPublishLogger: class com.dotcms.publishing.PublisherAPIImpl : [BundleID: 01F0C6YWZM6SM9RH6A9DFRZSRH] Completed Publishing Task
[09/03/21 19:21:00:717 GMT]  INFO junit.RuleWatcher: >>>>>>>>>>>>>>>>>>>>>>>>>>
[09/03/21 19:21:00:717 GMT]  INFO junit.RuleWatcher: >>> publish[16: com.dotcms.publishing.PublisherAPIImplTest$TestCase@33b3a629](com.dotcms.publishing.PublisherAPIImplTest) - starting...
[09/03/21 19:21:00:717 GMT]  INFO junit.RuleWatcher: >>>>>>>>>>>>>>>>>>>>>>>>>>
[09/03/21 19:21:00:718 GMT]  INFO publishing.PublisherAPIImplTest: languageVariables [com.dotmarketing.portlets.contentlet.model.Contentlet@5b5762eb[map={owner=system, identifier=5ce5f84c-084d-453a-a945-c9c81ceeccfa, nullProperties=[wfExpireDate, filterKey, whereToSend, wfPublishDate, wfNeverExpire, wfActionAssign, iWantTo, wfActionId, wfPublishTime, wfActionComments, wfExpireTime], modDate=2021-03-09 18:47:05.851, languageId=1615315625833, inode=25d73019-1d62-429d-8b26-44f3f23d76d1, folder=SYSTEM_FOLDER, disabledWYSIWYG=[], sortOrder=0, modUser=system, host=8a7d5e23-da1e-420a-b4f0-471e7da8ea2d, stInode=f4d7c1b8-2c88-4071-abf1-a5328977b07d, value=key-exists-as-contentlet7e8e4bd238works, key=key-exists-as-contentlet7e8e4bd238},lowIndexPriority=false], com.dotmarketing.portlets.contentlet.model.Contentlet@527f73d5[map={owner=system, identifier=81daa5d5-1bfd-49b1-a2c8-8aa95fb31275, nullProperties=[wfExpireDate, filterKey, whereToSend, wfPublishDate, wfNeverExpire, wfActionAssign, iWantTo, wfActionId, wfPublishTime, wfActionComments, wfExpireTime], modDate=2021-03-09 18:45:19.856, languageId=1, inode=f4ba8f21-3ae8-4278-a725-92b4b6649022, folder=SYSTEM_FOLDER, disabledWYSIWYG=[], sortOrder=0, modUser=dotcms.org.1, host=SYSTEM_HOST, stInode=f4d7c1b8-2c88-4071-abf1-a5328977b07d, value=test, key=testVarname1615314169693.test1615314169693.name},lowIndexPriority=false], com.dotmarketing.portlets.contentlet.model.Contentlet@71f4852b[map={owner=system, identifier=8e6d86e2-06c0-4d2f-b374-ec069b13dd0e, nullProperties=[wfExpireDate, filterKey, whereToSend, wfPublishDate, wfNeverExpire, wfActionAssign, iWantTo, wfActionId, wfPublishTime, wfActionComments, wfExpireTime], modDate=2021-03-09 18:22:49.51, languageId=1, inode=0ef0f556-b4b0-4181-9e1e-0cfa8e58b7fc, folder=SYSTEM_FOLDER, disabledWYSIWYG=[], sortOrder=0, modUser=system, host=SYSTEM_HOST, stInode=f4d7c1b8-2c88-4071-abf1-a5328977b07d, value=test, key=testVarname1615314169440.test1615314169440.name},lowIndexPriority=false]]
[09/03/21 19:21:00:718 GMT]  INFO util.StdOutErrLog: [class com.dotcms.publishing.PublisherAPIImplTest$PushPublisherMock]
[09/03/21 19:21:00:719 GMT]  INFO util.PushPublishLogger: class com.dotcms.publishing.PublisherAPIImpl : [BundleID: 01F0C6YX1E14EHKA3XTW9WVATD] Started Publishing Task
[09/03/21 19:21:00:720 GMT]  INFO publishing.PublisherAPIImpl: Writing bundle.xml file
[09/03/21 19:21:00:720 GMT]  INFO publishing.PublisherAPIImpl: Start of Bundler: DependencyBundler
[09/03/21 19:21:00:723 GMT]  INFO util.DependencyManager: PublisherFilter { excludeClassesSet = [] , excludeDependencyClassesSet = [] , excludeQueryIds = [] , excludeDependencyQueryIds = [] , relationships = true , dependencies = true}
[09/03/21 19:21:00:733 GMT]  INFO publishing.PublisherAPIImpl: End of Bundler: DependencyBundler
[09/03/21 19:21:00:733 GMT]  INFO publishing.PublisherAPIImpl: Start of Bundler: HostBundler
[09/03/21 19:21:00:734 GMT]  INFO bundler.HostBundler: Searching for ContentletVersionInfo. Identifier: 8a7d5e23-da1e-420a-b4f0-471e7da8ea2d. Language:1
[09/03/21 19:21:00:737 GMT]  INFO bundler.HostBundler: Searching for ContentletVersionInfo. Identifier: 8a7d5e23-da1e-420a-b4f0-471e7da8ea2d. Language:1
[09/03/21 19:21:00:738 GMT]  INFO publishing.PublisherAPIImpl: End of Bundler: HostBundler
[09/03/21 19:21:00:738 GMT]  INFO publishing.PublisherAPIImpl: Start of Bundler: ContentBundler
[09/03/21 19:21:00:745 GMT]  INFO publishing.PublisherAPIImpl: End of Bundler: ContentBundler
[09/03/21 19:21:00:745 GMT]  INFO publishing.PublisherAPIImpl: Start of Bundler: FolderBundler
[09/03/21 19:21:00:745 GMT]  INFO publishing.PublisherAPIImpl: End of Bundler: FolderBundler
[09/03/21 19:21:00:745 GMT]  INFO publishing.PublisherAPIImpl: Start of Bundler: TemplateBundler
[09/03/21 19:21:00:745 GMT]  INFO publishing.PublisherAPIImpl: End of Bundler: TemplateBundler
[09/03/21 19:21:00:745 GMT]  INFO publishing.PublisherAPIImpl: Start of Bundler: ContainerBundler
[09/03/21 19:21:00:745 GMT]  INFO publishing.PublisherAPIImpl: End of Bundler: ContainerBundler
[09/03/21 19:21:00:745 GMT]  INFO publishing.PublisherAPIImpl: Start of Bundler: RuleBundler
[09/03/21 19:21:00:746 GMT]  INFO publishing.PublisherAPIImpl: End of Bundler: RuleBundler
[09/03/21 19:21:00:746 GMT]  INFO publishing.PublisherAPIImpl: Start of Bundler: LinkBundler
[09/03/21 19:21:00:746 GMT]  INFO publishing.PublisherAPIImpl: End of Bundler: LinkBundler
[09/03/21 19:21:00:746 GMT]  INFO publishing.PublisherAPIImpl: Start of Bundler: ContentTypeBundler
[09/03/21 19:21:00:749 GMT]  INFO publishing.PublisherAPIImpl: End of Bundler: ContentTypeBundler
[09/03/21 19:21:00:749 GMT]  INFO publishing.PublisherAPIImpl: Start of Bundler: RelationshipBundler
[09/03/21 19:21:00:749 GMT]  INFO publishing.PublisherAPIImpl: End of Bundler: RelationshipBundler
[09/03/21 19:21:00:749 GMT]  INFO publishing.PublisherAPIImpl: Start of Bundler: LanguageVariablesBundler
[09/03/21 19:21:00:752 GMT]  INFO publishing.PublisherAPIImpl: End of Bundler: LanguageVariablesBundler
[09/03/21 19:21:00:752 GMT]  INFO publishing.PublisherAPIImpl: Start of Bundler: WorkflowBundler
[09/03/21 19:21:00:767 GMT]  INFO publishing.PublisherAPIImpl: End of Bundler: WorkflowBundler
[09/03/21 19:21:00:767 GMT]  INFO publishing.PublisherAPIImpl: Start of Bundler: LanguageBundler
[09/03/21 19:21:00:768 GMT]  INFO publishing.PublisherAPIImpl: End of Bundler: LanguageBundler
[09/03/21 19:21:00:768 GMT]  INFO publishing.PublisherAPIImpl: Start of Bundler: BundleXMLAsc
[09/03/21 19:21:00:768 GMT]  INFO publishing.PublisherAPIImpl: End of Bundler: BundleXMLAsc
[09/03/21 19:21:00:768 GMT]  INFO publishing.PublisherAPIImpl: Start of Bundler: CategoryBundler
[09/03/21 19:21:00:768 GMT]  INFO publishing.PublisherAPIImpl: End of Bundler: CategoryBundler
[09/03/21 19:21:00:768 GMT]  INFO util.PushPublishLogger: class com.dotcms.publishing.PublisherAPIImpl : [BundleID: 01F0C6YX1E14EHKA3XTW9WVATD] Completed Publishing Task
[09/03/21 19:21:00:772 GMT]  INFO junit.RuleWatcher: >>>>>>>>>>>>>>>>>>>>>>>>>>
[09/03/21 19:21:00:772 GMT]  INFO junit.RuleWatcher: >>> publish[17: com.dotcms.publishing.PublisherAPIImplTest$TestCase@62c5f2b5](com.dotcms.publishing.PublisherAPIImplTest) - starting...
[09/03/21 19:21:00:772 GMT]  INFO junit.RuleWatcher: >>>>>>>>>>>>>>>>>>>>>>>>>>
[09/03/21 19:21:00:773 GMT]  INFO publishing.PublisherAPIImplTest: languageVariables [com.dotmarketing.portlets.contentlet.model.Contentlet@5b5762eb[map={owner=system, identifier=5ce5f84c-084d-453a-a945-c9c81ceeccfa, nullProperties=[wfExpireDate, filterKey, whereToSend, wfPublishDate, wfNeverExpire, wfActionAssign, iWantTo, wfActionId, wfPublishTime, wfActionComments, wfExpireTime], modDate=2021-03-09 18:47:05.851, languageId=1615315625833, inode=25d73019-1d62-429d-8b26-44f3f23d76d1, folder=SYSTEM_FOLDER, disabledWYSIWYG=[], sortOrder=0, modUser=system, host=8a7d5e23-da1e-420a-b4f0-471e7da8ea2d, stInode=f4d7c1b8-2c88-4071-abf1-a5328977b07d, value=key-exists-as-contentlet7e8e4bd238works, key=key-exists-as-contentlet7e8e4bd238},lowIndexPriority=false], com.dotmarketing.portlets.contentlet.model.Contentlet@527f73d5[map={owner=system, identifier=81daa5d5-1bfd-49b1-a2c8-8aa95fb31275, nullProperties=[wfExpireDate, filterKey, whereToSend, wfPublishDate, wfNeverExpire, wfActionAssign, iWantTo, wfActionId, wfPublishTime, wfActionComments, wfExpireTime], modDate=2021-03-09 18:45:19.856, languageId=1, inode=f4ba8f21-3ae8-4278-a725-92b4b6649022, folder=SYSTEM_FOLDER, disabledWYSIWYG=[], sortOrder=0, modUser=dotcms.org.1, host=SYSTEM_HOST, stInode=f4d7c1b8-2c88-4071-abf1-a5328977b07d, value=test, key=testVarname1615314169693.test1615314169693.name},lowIndexPriority=false], com.dotmarketing.portlets.contentlet.model.Contentlet@71f4852b[map={owner=system, identifier=8e6d86e2-06c0-4d2f-b374-ec069b13dd0e, nullProperties=[wfExpireDate, filterKey, whereToSend, wfPublishDate, wfNeverExpire, wfActionAssign, iWantTo, wfActionId, wfPublishTime, wfActionComments, wfExpireTime], modDate=2021-03-09 18:22:49.51, languageId=1, inode=0ef0f556-b4b0-4181-9e1e-0cfa8e58b7fc, folder=SYSTEM_FOLDER, disabledWYSIWYG=[], sortOrder=0, modUser=system, host=SYSTEM_HOST, stInode=f4d7c1b8-2c88-4071-abf1-a5328977b07d, value=test, key=testVarname1615314169440.test1615314169440.name},lowIndexPriority=false]]
[09/03/21 19:21:00:773 GMT]  INFO util.StdOutErrLog: [class com.dotcms.publishing.PublisherAPIImplTest$PushPublisherMock]
[09/03/21 19:21:00:774 GMT]  INFO util.PushPublishLogger: class com.dotcms.publishing.PublisherAPIImpl : [BundleID: 01F0C6YX35M713CRGX4TWN6WQ6] Started Publishing Task
[09/03/21 19:21:00:774 GMT]  INFO publishing.PublisherAPIImpl: Writing bundle.xml file
[09/03/21 19:21:00:775 GMT]  INFO publishing.PublisherAPIImpl: Start of Bundler: DependencyBundler
[09/03/21 19:21:00:777 GMT]  INFO util.DependencyManager: PublisherFilter { excludeClassesSet = [] , excludeDependencyClassesSet = [] , excludeQueryIds = [] , excludeDependencyQueryIds = [] , relationships = true , dependencies = true}
[09/03/21 19:21:00:786 GMT]  INFO publishing.PublisherAPIImpl: End of Bundler: DependencyBundler
[09/03/21 19:21:00:786 GMT]  INFO publishing.PublisherAPIImpl: Start of Bundler: HostBundler
[09/03/21 19:21:00:787 GMT]  INFO bundler.HostBundler: Searching for ContentletVersionInfo. Identifier: 8a7d5e23-da1e-420a-b4f0-471e7da8ea2d. Language:1
[09/03/21 19:21:00:789 GMT]  INFO bundler.HostBundler: Searching for ContentletVersionInfo. Identifier: 8a7d5e23-da1e-420a-b4f0-471e7da8ea2d. Language:1
[09/03/21 19:21:00:790 GMT]  INFO publishing.PublisherAPIImpl: End of Bundler: HostBundler
[09/03/21 19:21:00:790 GMT]  INFO publishing.PublisherAPIImpl: Start of Bundler: RuleBundler
[09/03/21 19:21:00:791 GMT]  INFO publishing.PublisherAPIImpl: End of Bundler: RuleBundler
[09/03/21 19:21:00:791 GMT]  INFO publishing.PublisherAPIImpl: Start of Bundler: BundleXMLAsc
[09/03/21 19:21:00:791 GMT]  INFO publishing.PublisherAPIImpl: End of Bundler: BundleXMLAsc
[09/03/21 19:21:00:791 GMT]  INFO publishing.PublisherAPIImpl: Start of Bundler: CategoryBundler
[09/03/21 19:21:00:791 GMT]  INFO publishing.PublisherAPIImpl: End of Bundler: CategoryBundler
[09/03/21 19:21:00:791 GMT]  INFO util.PushPublishLogger: class com.dotcms.publishing.PublisherAPIImpl : [BundleID: 01F0C6YX35M713CRGX4TWN6WQ6] Completed Publishing Task
[09/03/21 19:21:00:802 GMT]  WARN shorty.ShortyIdAPIImpl: An error occurred when getting shorty value for '' of type 'CONTENT': shorty  is not a short id.  Short Ids should be 10 chars in length
[09/03/21 19:21:00:808 GMT]  WARN shorty.ShortyIdAPIImpl: An error occurred when getting shorty value for '' of type 'CONTENT': shorty  is not a short id.  Short Ids should be 10 chars in length
[09/03/21 19:21:00:815 GMT]  INFO util.ActivityLogger: class com.dotcms.content.elasticsearch.business.ESContentletAPIImpl: demo.dotcms.com : Saving Content , StartDate: N/D; EndDate: N/D; User:system; ContentIdentifier: 
[09/03/21 19:21:00:830 GMT]  INFO caffine.CaffineCache: ***	 Building Cache : esquerycache, size:1000,Concurrency:32
[09/03/21 19:21:00:830 GMT]  INFO caffine.CaffineCache: ***	 Building Cache : esquerycountcache, size:1000,Concurrency:32
[09/03/21 19:21:00:830 GMT]  INFO caffine.CaffineCache: ***	 Building Cache : esquerycountcache, size:1000,Concurrency:32
[09/03/21 19:21:00:847 GMT]  INFO caffine.CaffineCache: ***	 Building Cache : esquerycache, size:1000,Concurrency:32
[09/03/21 19:21:00:847 GMT]  INFO caffine.CaffineCache: ***	 Building Cache : esquerycache, size:1000,Concurrency:32
[09/03/21 19:21:00:847 GMT]  INFO caffine.CaffineCache: ***	 Building Cache : esquerycountcache, size:1000,Concurrency:32
[09/03/21 19:21:00:847 GMT]  INFO caffine.CaffineCache: ***	 Building Cache : esquerycountcache, size:1000,Concurrency:32
[09/03/21 19:21:00:851 GMT]  INFO business.ContentletIndexAPIImpl: Indexing: 7ef0a5f0-625a-4e47-b3ee-508e741cd868 : TestContent, includeDependencies: true, policy: FORCE
[09/03/21 19:21:00:855 GMT]  INFO util.ActivityLogger: class com.dotcms.content.elasticsearch.business.ESContentletAPIImpl: demo.dotcms.com : Content Saved , StartDate: N/D; EndDate: N/D; User:system; ContentIdentifier: 7ef0a5f0-625a-4e47-b3ee-508e741cd868
[09/03/21 19:21:00:858 GMT]  INFO caffine.CaffineCache: ***	 Building Cache : esquerycache, size:1000,Concurrency:32
[09/03/21 19:21:00:859 GMT]  INFO caffine.CaffineCache: ***	 Building Cache : esquerycountcache, size:1000,Concurrency:32
[09/03/21 19:21:00:862 GMT]  INFO caffine.CaffineCache: ***	 Building Cache : esquerycache, size:1000,Concurrency:32
[09/03/21 19:21:00:862 GMT]  INFO caffine.CaffineCache: ***	 Building Cache : esquerycountcache, size:1000,Concurrency:32
[09/03/21 19:21:00:865 GMT]  INFO util.SecurityLogger: class com.dotmarketing.portlets.workflows.business.WorkflowAPIImpl : The Workflow task with id:fa327b65-b485-451b-b32d-befad9530f23 has been saved. -- ip:ukn,user:null
[09/03/21 19:21:00:886 GMT]  INFO util.ActivityLogger: class com.dotcms.content.elasticsearch.business.ESContentletAPIImpl: demo.dotcms.com : Saving Content , StartDate: N/D; EndDate: N/D; User:system; ContentIdentifier: 
[09/03/21 19:21:00:901 GMT]  INFO caffine.CaffineCache: ***	 Building Cache : esquerycache, size:1000,Concurrency:32
[09/03/21 19:21:00:901 GMT]  INFO caffine.CaffineCache: ***	 Building Cache : esquerycache, size:1000,Concurrency:32
[09/03/21 19:21:00:901 GMT]  INFO caffine.CaffineCache: ***	 Building Cache : esquerycountcache, size:1000,Concurrency:32
[09/03/21 19:21:00:901 GMT]  INFO caffine.CaffineCache: ***	 Building Cache : esquerycountcache, size:1000,Concurrency:32
[09/03/21 19:21:00:918 GMT]  INFO caffine.CaffineCache: ***	 Building Cache : esquerycache, size:1000,Concurrency:32
[09/03/21 19:21:00:918 GMT]  INFO caffine.CaffineCache: ***	 Building Cache : esquerycountcache, size:1000,Concurrency:32
[09/03/21 19:21:00:919 GMT]  INFO caffine.CaffineCache: ***	 Building Cache : esquerycache, size:1000,Concurrency:32
[09/03/21 19:21:00:919 GMT]  INFO caffine.CaffineCache: ***	 Building Cache : esquerycountcache, size:1000,Concurrency:32
[09/03/21 19:21:00:921 GMT]  INFO business.ContentletIndexAPIImpl: Indexing: dc46ac81-0b70-4eaf-a9c9-02287bf1b820 : TestContent, includeDependencies: true, policy: FORCE
[09/03/21 19:21:00:926 GMT]  INFO util.ActivityLogger: class com.dotcms.content.elasticsearch.business.ESContentletAPIImpl: demo.dotcms.com : Content Saved , StartDate: N/D; EndDate: N/D; User:system; ContentIdentifier: dc46ac81-0b70-4eaf-a9c9-02287bf1b820
[09/03/21 19:21:00:930 GMT]  INFO caffine.CaffineCache: ***	 Building Cache : esquerycache, size:1000,Concurrency:32
[09/03/21 19:21:00:930 GMT]  INFO caffine.CaffineCache: ***	 Building Cache : esquerycountcache, size:1000,Concurrency:32
[09/03/21 19:21:00:931 GMT]  INFO caffine.CaffineCache: ***	 Building Cache : esquerycache, size:1000,Concurrency:32
[09/03/21 19:21:00:931 GMT]  INFO caffine.CaffineCache: ***	 Building Cache : esquerycountcache, size:1000,Concurrency:32
[09/03/21 19:21:00:935 GMT]  INFO util.SecurityLogger: class com.dotmarketing.portlets.workflows.business.WorkflowAPIImpl : The Workflow task with id:3e9332a2-7327-4a2e-a560-d09834e4bf5f has been saved. -- ip:ukn,user:null
[09/03/21 19:21:00:965 GMT]  INFO caffine.CaffineCache: ***	 Building Cache : esquerycache, size:1000,Concurrency:32
[09/03/21 19:21:00:965 GMT]  INFO caffine.CaffineCache: ***	 Building Cache : esquerycountcache, size:1000,Concurrency:32
[09/03/21 19:21:00:965 GMT]  INFO caffine.CaffineCache: ***	 Building Cache : esquerycache, size:1000,Concurrency:32
[09/03/21 19:21:00:965 GMT]  INFO caffine.CaffineCache: ***	 Building Cache : esquerycountcache, size:1000,Concurrency:32
[09/03/21 19:21:00:972 GMT]  INFO caffine.CaffineCache: ***	 Building Cache : esquerycache, size:1000,Concurrency:32
[09/03/21 19:21:00:972 GMT]  INFO caffine.CaffineCache: ***	 Building Cache : esquerycountcache, size:1000,Concurrency:32
[09/03/21 19:21:00:975 GMT]  INFO caffine.CaffineCache: ***	 Building Cache : esquerycache, size:1000,Concurrency:32
[09/03/21 19:21:00:975 GMT]  INFO caffine.CaffineCache: ***	 Building Cache : esquerycountcache, size:1000,Concurrency:32
[09/03/21 19:21:01:000 GMT]  WARN shorty.ShortyIdAPIImpl: An error occurred when getting shorty value for '' of type 'CONTENT': shorty  is not a short id.  Short Ids should be 10 chars in length
[09/03/21 19:21:01:004 GMT]  WARN shorty.ShortyIdAPIImpl: An error occurred when getting shorty value for '' of type 'CONTENT': shorty  is not a short id.  Short Ids should be 10 chars in length
[09/03/21 19:21:01:008 GMT]  WARN shorty.ShortyIdAPIImpl: An error occurred when getting shorty value for '' of type 'CONTENT': shorty  is not a short id.  Short Ids should be 10 chars in length
[09/03/21 19:21:01:012 GMT]  WARN shorty.ShortyIdAPIImpl: An error occurred when getting shorty value for '' of type 'CONTENT': shorty  is not a short id.  Short Ids should be 10 chars in length
[09/03/21 19:21:01:024 GMT]  INFO util.ActivityLogger: class com.dotcms.contenttype.business.ContentTypeAPIImpl: system : Save ContentType Action , User system/system user system user added ContentType testName1615317661020 to host id:48190c8c-42c4-46af-8d1a-0cd5db894797
[09/03/21 19:21:01:024 GMT]  INFO business.ContentTypeAPIImpl: UserId : system : ContentType : ContentType saved : testName1615317661020
[09/03/21 19:21:01:024 GMT]  INFO util.AdminLogger: UserId : system : class com.dotcms.contenttype.business.ContentTypeAPIImpl : ContentType : ContentType saved : testName1615317661020
[09/03/21 19:21:01:025 GMT]  INFO business.WorkflowAPIImpl: Saving Schemas: d61a59e1-a49c-46f2-a929-db2b4bfa88b2 for Content type 438e732f-0ff2-4ce6-b218-7bf59f15f62a
[09/03/21 19:21:01:025 GMT]  INFO util.SecurityLogger: class com.dotmarketing.portlets.workflows.business.WorkflowAPIImpl : Saving Schemas: d61a59e1-a49c-46f2-a929-db2b4bfa88b2 for Content type 438e732f-0ff2-4ce6-b218-7bf59f15f62a -- ip:127.0.0.1,user:system user system user [ID: system][email:system@dotcmsfakeemail.org]
[09/03/21 19:21:01:029 GMT]  INFO caffine.CaffineCache: ***	 Building Cache : workflowstepcache, size:1000,Concurrency:32
[09/03/21 19:21:01:029 GMT]  INFO caffine.CaffineCache: ***	 Building Cache : workflowstepcache, size:1000,Concurrency:32
[09/03/21 19:21:01:029 GMT]  INFO caffine.CaffineCache: ***	 Building Cache : workflowstepcache, size:1000,Concurrency:32
[09/03/21 19:21:01:212 GMT]  INFO caffine.CaffineCache: ***	 Building Cache : workflowstepcache, size:1000,Concurrency:32
[09/03/21 19:21:01:212 GMT]  INFO caffine.CaffineCache: ***	 Building Cache : workflowstepcache, size:1000,Concurrency:32
[09/03/21 19:21:01:232 GMT]  INFO business.FieldAPIImpl: Elasticsearch mapping set for Field: testFieldName1615317661030. Content type: testName1615317661020 on Index: live_20210309181315
[09/03/21 19:21:01:321 GMT]  WARN business.FieldAPIImpl: Error trying to set Elasticsearch mapping for Field: testFieldName1615317661030. Content type: testName1615317661020
[09/03/21 19:21:01:321 GMT]  WARN business.FieldAPIImpl: Elasticsearch exception [type=illegal_argument_exception, reason=Limit of total fields [10000] in index [cluster_f3bb53b9b9.working_20210309181315] has been exceeded]
[09/03/21 19:21:01:321 GMT]  WARN business.FieldAPIImpl: org.elasticsearch.rest.BytesRestResponse.errorFromXContent(BytesRestResponse.java:177)
[09/03/21 19:21:01:322 GMT]  INFO util.ActivityLogger: class com.dotmarketing.util.ActivityLogger: system : Save Field Action , User system/system user added field testFieldName1615317661030 to testName1615317661020 Structure.
[09/03/21 19:21:01:555 GMT]  INFO business.FieldAPIImpl: Elasticsearch mapping set for Field: testFieldName1615317661340. Content type: testName1615317661020 on Index: live_20210309181315
[09/03/21 19:21:01:656 GMT]  WARN business.FieldAPIImpl: Error trying to set Elasticsearch mapping for Field: testFieldName1615317661340. Content type: testName1615317661020
[09/03/21 19:21:01:656 GMT]  WARN business.FieldAPIImpl: Elasticsearch exception [type=illegal_argument_exception, reason=Limit of total fields [10000] in index [cluster_f3bb53b9b9.working_20210309181315] has been exceeded]
[09/03/21 19:21:01:656 GMT]  WARN business.FieldAPIImpl: org.elasticsearch.rest.BytesRestResponse.errorFromXContent(BytesRestResponse.java:177)
[09/03/21 19:21:01:656 GMT]  INFO util.ActivityLogger: class com.dotmarketing.util.ActivityLogger: system : Save Field Action , User system/system user added field testFieldName1615317661340 to testName1615317661020 Structure.
[09/03/21 19:21:01:661 GMT]  INFO util.ActivityLogger: class com.dotcms.contenttype.business.ContentTypeAPIImpl: system : Save ContentType Action , User system/system user system user added ContentType testName1615317661657 to host id:48190c8c-42c4-46af-8d1a-0cd5db894797
[09/03/21 19:21:01:661 GMT]  INFO business.ContentTypeAPIImpl: UserId : system : ContentType : ContentType saved : testName1615317661657
[09/03/21 19:21:01:661 GMT]  INFO util.AdminLogger: UserId : system : class com.dotcms.contenttype.business.ContentTypeAPIImpl : ContentType : ContentType saved : testName1615317661657
[09/03/21 19:21:01:662 GMT]  INFO business.WorkflowAPIImpl: Saving Schemas: d61a59e1-a49c-46f2-a929-db2b4bfa88b2 for Content type 85f907e0-9670-42ba-80c9-f6702e0f8b10
[09/03/21 19:21:01:662 GMT]  INFO util.SecurityLogger: class com.dotmarketing.portlets.workflows.business.WorkflowAPIImpl : Saving Schemas: d61a59e1-a49c-46f2-a929-db2b4bfa88b2 for Content type 85f907e0-9670-42ba-80c9-f6702e0f8b10 -- ip:127.0.0.1,user:system user system user [ID: system][email:system@dotcmsfakeemail.org]
[09/03/21 19:21:01:665 GMT]  INFO caffine.CaffineCache: ***	 Building Cache : workflowstepcache, size:1000,Concurrency:32
[09/03/21 19:21:01:665 GMT]  INFO caffine.CaffineCache: ***	 Building Cache : workflowstepcache, size:1000,Concurrency:32
[09/03/21 19:21:01:666 GMT]  INFO caffine.CaffineCache: ***	 Building Cache : workflowstepcache, size:1000,Concurrency:32
[09/03/21 19:21:01:666 GMT]  INFO caffine.CaffineCache: ***	 Building Cache : workflowstepcache, size:1000,Concurrency:32
[09/03/21 19:21:01:671 GMT]  INFO util.ActivityLogger: class com.dotcms.contenttype.business.ContentTypeAPIImpl: system : Save ContentType Action , User system/system user system user added ContentType testName1615317661667 to host id:48190c8c-42c4-46af-8d1a-0cd5db894797
[09/03/21 19:21:01:671 GMT]  INFO business.ContentTypeAPIImpl: UserId : system : ContentType : ContentType saved : testName1615317661667
[09/03/21 19:21:01:671 GMT]  INFO util.AdminLogger: UserId : system : class com.dotcms.contenttype.business.ContentTypeAPIImpl : ContentType : ContentType saved : testName1615317661667
[09/03/21 19:21:01:671 GMT]  INFO business.WorkflowAPIImpl: Saving Schemas: d61a59e1-a49c-46f2-a929-db2b4bfa88b2 for Content type ec402161-8489-479a-b70c-3388748ab225
[09/03/21 19:21:01:671 GMT]  INFO util.SecurityLogger: class com.dotmarketing.portlets.workflows.business.WorkflowAPIImpl : Saving Schemas: d61a59e1-a49c-46f2-a929-db2b4bfa88b2 for Content type ec402161-8489-479a-b70c-3388748ab225 -- ip:127.0.0.1,user:system user system user [ID: system][email:system@dotcmsfakeemail.org]
[09/03/21 19:21:01:675 GMT]  INFO caffine.CaffineCache: ***	 Building Cache : workflowstepcache, size:1000,Concurrency:32
[09/03/21 19:21:01:675 GMT]  INFO caffine.CaffineCache: ***	 Building Cache : workflowstepcache, size:1000,Concurrency:32
[09/03/21 19:21:01:676 GMT]  INFO caffine.CaffineCache: ***	 Building Cache : workflowstepcache, size:1000,Concurrency:32
[09/03/21 19:21:01:676 GMT]  INFO caffine.CaffineCache: ***	 Building Cache : workflowstepcache, size:1000,Concurrency:32
[09/03/21 19:21:01:681 GMT]  INFO util.ActivityLogger: class com.dotcms.contenttype.business.ContentTypeAPIImpl: system : Save ContentType Action , User system/system user system user added ContentType testName1615317661678 to host id:48190c8c-42c4-46af-8d1a-0cd5db894797
[09/03/21 19:21:01:681 GMT]  INFO business.ContentTypeAPIImpl: UserId : system : ContentType : ContentType saved : testName1615317661678
[09/03/21 19:21:01:681 GMT]  INFO util.AdminLogger: UserId : system : class com.dotcms.contenttype.business.ContentTypeAPIImpl : ContentType : ContentType saved : testName1615317661678
[09/03/21 19:21:01:682 GMT]  INFO business.WorkflowAPIImpl: Saving Schemas: d61a59e1-a49c-46f2-a929-db2b4bfa88b2 for Content type f2e9c089-7328-480c-b801-d01e55c33d5a
[09/03/21 19:21:01:682 GMT]  INFO util.SecurityLogger: class com.dotmarketing.portlets.workflows.business.WorkflowAPIImpl : Saving Schemas: d61a59e1-a49c-46f2-a929-db2b4bfa88b2 for Content type f2e9c089-7328-480c-b801-d01e55c33d5a -- ip:127.0.0.1,user:system user system user [ID: system][email:system@dotcmsfakeemail.org]
[09/03/21 19:21:01:685 GMT]  INFO caffine.CaffineCache: ***	 Building Cache : workflowstepcache, size:1000,Concurrency:32
[09/03/21 19:21:01:685 GMT]  INFO caffine.CaffineCache: ***	 Building Cache : workflowstepcache, size:1000,Concurrency:32
[09/03/21 19:21:01:686 GMT]  INFO caffine.CaffineCache: ***	 Building Cache : workflowstepcache, size:1000,Concurrency:32
[09/03/21 19:21:01:686 GMT]  INFO caffine.CaffineCache: ***	 Building Cache : workflowstepcache, size:1000,Concurrency:32
[09/03/21 19:21:01:690 GMT]  INFO util.ActivityLogger: class com.dotcms.contenttype.business.ContentTypeAPIImpl: system : Save ContentType Action , User system/system user system user added ContentType testName1615317661687 to host id:48190c8c-42c4-46af-8d1a-0cd5db894797
[09/03/21 19:21:01:690 GMT]  INFO business.ContentTypeAPIImpl: UserId : system : ContentType : ContentType saved : testName1615317661687
[09/03/21 19:21:01:690 GMT]  INFO util.AdminLogger: UserId : system : class com.dotcms.contenttype.business.ContentTypeAPIImpl : ContentType : ContentType saved : testName1615317661687
[09/03/21 19:21:01:690 GMT]  INFO business.WorkflowAPIImpl: Saving Schemas: d61a59e1-a49c-46f2-a929-db2b4bfa88b2 for Content type 686dbf2f-bb22-481d-99f1-4ca8381d66f2
[09/03/21 19:21:01:691 GMT]  INFO util.SecurityLogger: class com.dotmarketing.portlets.workflows.business.WorkflowAPIImpl : Saving Schemas: d61a59e1-a49c-46f2-a929-db2b4bfa88b2 for Content type 686dbf2f-bb22-481d-99f1-4ca8381d66f2 -- ip:127.0.0.1,user:system user system user [ID: system][email:system@dotcmsfakeemail.org]
[09/03/21 19:21:01:695 GMT]  INFO caffine.CaffineCache: ***	 Building Cache : workflowstepcache, size:1000,Concurrency:32
[09/03/21 19:21:01:695 GMT]  INFO caffine.CaffineCache: ***	 Building Cache : workflowstepcache, size:1000,Concurrency:32
[09/03/21 19:21:01:711 GMT]  INFO caffine.CaffineCache: ***	 Building Cache : workflowstepcache, size:1000,Concurrency:32
[09/03/21 19:21:01:711 GMT]  INFO caffine.CaffineCache: ***	 Building Cache : workflowstepcache, size:1000,Concurrency:32
[09/03/21 19:21:01:714 GMT]  INFO junit.RuleWatcher: >>>>>>>>>>>>>>>>>>>>>>>>>>
[09/03/21 19:21:01:714 GMT]  INFO junit.RuleWatcher: >>> test404Cache(com.dotcms.uuid.shorty.LegacyShortyIdApiTest) - starting...
[09/03/21 19:21:01:714 GMT]  INFO junit.RuleWatcher: >>>>>>>>>>>>>>>>>>>>>>>>>>
[09/03/21 19:21:01:729 GMT]  INFO junit.RuleWatcher: >>>>>>>>>>>>>>>>>>>>>>>>>>
[09/03/21 19:21:01:729 GMT]  INFO junit.RuleWatcher: >>> test_shortify[0: (, )](com.dotcms.uuid.shorty.LegacyShortyIdApiTest) - starting...
[09/03/21 19:21:01:729 GMT]  INFO junit.RuleWatcher: >>>>>>>>>>>>>>>>>>>>>>>>>>
[09/03/21 19:21:01:729 GMT]  INFO junit.RuleWatcher: >>>>>>>>>>>>>>>>>>>>>>>>>>
[09/03/21 19:21:01:729 GMT]  INFO junit.RuleWatcher: >>> test_shortify[1: (1234, 1234)](com.dotcms.uuid.shorty.LegacyShortyIdApiTest) - starting...
[09/03/21 19:21:01:729 GMT]  INFO junit.RuleWatcher: >>>>>>>>>>>>>>>>>>>>>>>>>>
[09/03/21 19:21:01:729 GMT]  INFO junit.RuleWatcher: >>>>>>>>>>>>>>>>>>>>>>>>>>
[09/03/21 19:21:01:729 GMT]  INFO junit.RuleWatcher: >>> test_shortify[2: (12345, 12345)](com.dotcms.uuid.shorty.LegacyShortyIdApiTest) - starting...
[09/03/21 19:21:01:729 GMT]  INFO junit.RuleWatcher: >>>>>>>>>>>>>>>>>>>>>>>>>>
[09/03/21 19:21:01:729 GMT]  INFO junit.RuleWatcher: >>>>>>>>>>>>>>>>>>>>>>>>>>
[09/03/21 19:21:01:729 GMT]  INFO junit.RuleWatcher: >>> test_shortify[3: (12345-6, 123456)](com.dotcms.uuid.shorty.LegacyShortyIdApiTest) - starting...
[09/03/21 19:21:01:729 GMT]  INFO junit.RuleWatcher: >>>>>>>>>>>>>>>>>>>>>>>>>>
[09/03/21 19:21:01:729 GMT]  INFO junit.RuleWatcher: >>>>>>>>>>>>>>>>>>>>>>>>>>
[09/03/21 19:21:01:729 GMT]  INFO junit.RuleWatcher: >>> test_shortify[4: (12345-67, 1234567)](com.dotcms.uuid.shorty.LegacyShortyIdApiTest) - starting...
[09/03/21 19:21:01:729 GMT]  INFO junit.RuleWatcher: >>>>>>>>>>>>>>>>>>>>>>>>>>
[09/03/21 19:21:01:729 GMT]  INFO junit.RuleWatcher: >>>>>>>>>>>>>>>>>>>>>>>>>>
[09/03/21 19:21:01:729 GMT]  INFO junit.RuleWatcher: >>> test_shortify[5: (12345-678, 12345678)](com.dotcms.uuid.shorty.LegacyShortyIdApiTest) - starting...
[09/03/21 19:21:01:729 GMT]  INFO junit.RuleWatcher: >>>>>>>>>>>>>>>>>>>>>>>>>>
[09/03/21 19:21:01:729 GMT]  INFO junit.RuleWatcher: >>>>>>>>>>>>>>>>>>>>>>>>>>
[09/03/21 19:21:01:729 GMT]  INFO junit.RuleWatcher: >>> test_shortify[6: (12345-6789, 123456789)](com.dotcms.uuid.shorty.LegacyShortyIdApiTest) - starting...
[09/03/21 19:21:01:729 GMT]  INFO junit.RuleWatcher: >>>>>>>>>>>>>>>>>>>>>>>>>>
[09/03/21 19:21:01:729 GMT]  INFO junit.RuleWatcher: >>>>>>>>>>>>>>>>>>>>>>>>>>
[09/03/21 19:21:01:729 GMT]  INFO junit.RuleWatcher: >>> test_shortify[7: (12345-6789-0, 1234567890)](com.dotcms.uuid.shorty.LegacyShortyIdApiTest) - starting...
[09/03/21 19:21:01:729 GMT]  INFO junit.RuleWatcher: >>>>>>>>>>>>>>>>>>>>>>>>>>
[09/03/21 19:21:01:729 GMT]  INFO junit.RuleWatcher: >>>>>>>>>>>>>>>>>>>>>>>>>>
[09/03/21 19:21:01:729 GMT]  INFO junit.RuleWatcher: >>> test_shortify[8: (12345-6789-01, 1234567890)](com.dotcms.uuid.shorty.LegacyShortyIdApiTest) - starting...
[09/03/21 19:21:01:729 GMT]  INFO junit.RuleWatcher: >>>>>>>>>>>>>>>>>>>>>>>>>>
[09/03/21 19:21:01:729 GMT]  INFO junit.RuleWatcher: >>>>>>>>>>>>>>>>>>>>>>>>>>
[09/03/21 19:21:01:729 GMT]  INFO junit.RuleWatcher: >>> test_shortify[9: (12345-6789-012, 1234567890)](com.dotcms.uuid.shorty.LegacyShortyIdApiTest) - starting...
[09/03/21 19:21:01:729 GMT]  INFO junit.RuleWatcher: >>>>>>>>>>>>>>>>>>>>>>>>>>
[09/03/21 19:21:01:729 GMT]  INFO junit.RuleWatcher: >>>>>>>>>>>>>>>>>>>>>>>>>>
[09/03/21 19:21:01:729 GMT]  INFO junit.RuleWatcher: >>> test_shortify[10: (12345-6789-011-12, 1234567890)](com.dotcms.uuid.shorty.LegacyShortyIdApiTest) - starting...
[09/03/21 19:21:01:729 GMT]  INFO junit.RuleWatcher: >>>>>>>>>>>>>>>>>>>>>>>>>>
[09/03/21 19:21:01:730 GMT]  INFO junit.RuleWatcher: >>>>>>>>>>>>>>>>>>>>>>>>>>
[09/03/21 19:21:01:730 GMT]  INFO junit.RuleWatcher: >>> testShortyLookup(com.dotcms.uuid.shorty.LegacyShortyIdApiTest) - starting...
[09/03/21 19:21:01:730 GMT]  INFO junit.RuleWatcher: >>>>>>>>>>>>>>>>>>>>>>>>>>
[09/03/21 19:21:01:744 GMT]  INFO junit.RuleWatcher: >>>>>>>>>>>>>>>>>>>>>>>>>>
[09/03/21 19:21:01:744 GMT]  INFO junit.RuleWatcher: >>> test_shortify_modify_MINIMUM_SHORTY_ID_LENGTH_success(com.dotcms.uuid.shorty.LegacyShortyIdApiTest) - starting...
[09/03/21 19:21:01:744 GMT]  INFO junit.RuleWatcher: >>>>>>>>>>>>>>>>>>>>>>>>>>
[09/03/21 19:21:01:744 GMT]  INFO junit.RuleWatcher: >>>>>>>>>>>>>>>>>>>>>>>>>>
[09/03/21 19:21:01:744 GMT]  INFO junit.RuleWatcher: >>> testShortyCache(com.dotcms.uuid.shorty.LegacyShortyIdApiTest) - starting...
[09/03/21 19:21:01:744 GMT]  INFO junit.RuleWatcher: >>>>>>>>>>>>>>>>>>>>>>>>>>
[09/03/21 19:21:01:745 GMT]  INFO junit.RuleWatcher: >>>>>>>>>>>>>>>>>>>>>>>>>>
[09/03/21 19:21:01:745 GMT]  INFO junit.RuleWatcher: >>> testValidShorty[0: (asdd-1234-asdasda-asda, true)](com.dotcms.uuid.shorty.LegacyShortyIdApiTest) - starting...
[09/03/21 19:21:01:745 GMT]  INFO junit.RuleWatcher: >>>>>>>>>>>>>>>>>>>>>>>>>>
[09/03/21 19:21:01:745 GMT]  INFO junit.RuleWatcher: >>>>>>>>>>>>>>>>>>>>>>>>>>
[09/03/21 19:21:01:745 GMT]  INFO junit.RuleWatcher: >>> testValidShorty[1: (asd87-234-214, true)](com.dotcms.uuid.shorty.LegacyShortyIdApiTest) - starting...
[09/03/21 19:21:01:745 GMT]  INFO junit.RuleWatcher: >>>>>>>>>>>>>>>>>>>>>>>>>>
[09/03/21 19:21:01:745 GMT]  INFO junit.RuleWatcher: >>>>>>>>>>>>>>>>>>>>>>>>>>
[09/03/21 19:21:01:745 GMT]  INFO junit.RuleWatcher: >>> testValidShorty[2: (asd87-234:-251, false)](com.dotcms.uuid.shorty.LegacyShortyIdApiTest) - starting...
[09/03/21 19:21:01:745 GMT]  INFO junit.RuleWatcher: >>>>>>>>>>>>>>>>>>>>>>>>>>
[09/03/21 19:21:01:745 GMT]  INFO junit.RuleWatcher: >>>>>>>>>>>>>>>>>>>>>>>>>>
[09/03/21 19:21:01:745 GMT]  INFO junit.RuleWatcher: >>> testValidShorty[3: (asd87-234;-251, false)](com.dotcms.uuid.shorty.LegacyShortyIdApiTest) - starting...
[09/03/21 19:21:01:745 GMT]  INFO junit.RuleWatcher: >>>>>>>>>>>>>>>>>>>>>>>>>>
[09/03/21 19:21:01:745 GMT]  INFO junit.RuleWatcher: >>>>>>>>>>>>>>>>>>>>>>>>>>
[09/03/21 19:21:01:745 GMT]  INFO junit.RuleWatcher: >>> testValidShorty[4: (asd87-234"-251, false)](com.dotcms.uuid.shorty.LegacyShortyIdApiTest) - starting...
[09/03/21 19:21:01:745 GMT]  INFO junit.RuleWatcher: >>>>>>>>>>>>>>>>>>>>>>>>>>
[09/03/21 19:21:01:745 GMT]  INFO junit.RuleWatcher: >>>>>>>>>>>>>>>>>>>>>>>>>>
[09/03/21 19:21:01:745 GMT]  INFO junit.RuleWatcher: >>> testValidShorty[5: (asd87-234*-251, false)](com.dotcms.uuid.shorty.LegacyShortyIdApiTest) - starting...
[09/03/21 19:21:01:745 GMT]  INFO junit.RuleWatcher: >>>>>>>>>>>>>>>>>>>>>>>>>>
[09/03/21 19:21:01:745 GMT]  INFO junit.RuleWatcher: >>>>>>>>>>>>>>>>>>>>>>>>>>
[09/03/21 19:21:01:745 GMT]  INFO junit.RuleWatcher: >>> testValidShorty[6: (asd87_232_251, false)](com.dotcms.uuid.shorty.LegacyShortyIdApiTest) - starting...
[09/03/21 19:21:01:745 GMT]  INFO junit.RuleWatcher: >>>>>>>>>>>>>>>>>>>>>>>>>>
[09/03/21 19:21:01:745 GMT]  INFO junit.RuleWatcher: >>>>>>>>>>>>>>>>>>>>>>>>>>
[09/03/21 19:21:01:745 GMT]  INFO junit.RuleWatcher: >>> testValidShorty[7: (null, false)](com.dotcms.uuid.shorty.LegacyShortyIdApiTest) - starting...
[09/03/21 19:21:01:745 GMT]  INFO junit.RuleWatcher: >>>>>>>>>>>>>>>>>>>>>>>>>>
[09/03/21 19:21:01:745 GMT]  INFO junit.RuleWatcher: >>>>>>>>>>>>>>>>>>>>>>>>>>
[09/03/21 19:21:01:745 GMT]  INFO junit.RuleWatcher: >>> testValidShorty[8: (asd81, false)](com.dotcms.uuid.shorty.LegacyShortyIdApiTest) - starting...
[09/03/21 19:21:01:745 GMT]  INFO junit.RuleWatcher: >>>>>>>>>>>>>>>>>>>>>>>>>>
[09/03/21 19:21:01:746 GMT]  INFO junit.RuleWatcher: >>>>>>>>>>>>>>>>>>>>>>>>>>
[09/03/21 19:21:01:746 GMT]  INFO junit.RuleWatcher: >>> test404CacheInvalidation(com.dotcms.uuid.shorty.LegacyShortyIdApiTest) - starting...
[09/03/21 19:21:01:746 GMT]  INFO junit.RuleWatcher: >>>>>>>>>>>>>>>>>>>>>>>>>>
[09/03/21 19:21:01:747 GMT] ERROR business.ChainableCacheAdministratorImpl: The cache to locally remove key is invalid. The value was :hostcache
[09/03/21 19:21:01:747 GMT]  INFO caffine.CaffineCache: ***	 Building Cache : hostaliascache, size:1000,Concurrency:32
[09/03/21 19:21:01:748 GMT]  INFO util.ActivityLogger: class com.dotcms.content.elasticsearch.business.ESContentletAPIImpl: system : Saving Content , StartDate: N/D; EndDate: N/D; User:system; ContentIdentifier: 
[09/03/21 19:21:01:749 GMT]  INFO caffine.CaffineCache: ***	 Building Cache : esquerycache, size:1000,Concurrency:32
[09/03/21 19:21:01:775 GMT]  INFO caffine.CaffineCache: ***	 Building Cache : workflowstepcache, size:1000,Concurrency:32
[09/03/21 19:21:01:781 GMT]  INFO caffine.CaffineCache: ***	 Building Cache : workflowstepcache, size:1000,Concurrency:32
[09/03/21 19:21:01:782 GMT]  INFO caffine.CaffineCache: ***	 Building Cache : esquerycache, size:1000,Concurrency:32
[09/03/21 19:21:01:782 GMT]  INFO caffine.CaffineCache: ***	 Building Cache : esquerycountcache, size:1000,Concurrency:32
[09/03/21 19:21:01:782 GMT]  INFO caffine.CaffineCache: ***	 Building Cache : esquerycountcache, size:1000,Concurrency:32
[09/03/21 19:21:01:786 GMT]  INFO caffine.CaffineCache: ***	 Building Cache : workflowstepcache, size:1000,Concurrency:32
[09/03/21 19:21:01:786 GMT]  INFO caffine.CaffineCache: ***	 Building Cache : workflowstepcache, size:1000,Concurrency:32
[09/03/21 19:21:01:801 GMT]  INFO caffine.CaffineCache: ***	 Building Cache : workflowstepcache, size:1000,Concurrency:32
[09/03/21 19:21:01:801 GMT]  INFO caffine.CaffineCache: ***	 Building Cache : workflowstepcache, size:1000,Concurrency:32
[09/03/21 19:21:01:802 GMT]  INFO caffine.CaffineCache: ***	 Building Cache : esquerycache, size:1000,Concurrency:32
[09/03/21 19:21:01:802 GMT]  INFO caffine.CaffineCache: ***	 Building Cache : esquerycountcache, size:1000,Concurrency:32
[09/03/21 19:21:01:803 GMT]  INFO caffine.CaffineCache: ***	 Building Cache : esquerycache, size:1000,Concurrency:32
[09/03/21 19:21:01:803 GMT]  INFO caffine.CaffineCache: ***	 Building Cache : esquerycountcache, size:1000,Concurrency:32
[09/03/21 19:21:01:805 GMT]  INFO caffine.CaffineCache: ***	 Building Cache : hostaliascache, size:1000,Concurrency:32
[09/03/21 19:21:01:806 GMT]  INFO caffine.CaffineCache: ***	 Building Cache : hostaliascache, size:1000,Concurrency:32
[09/03/21 19:21:01:806 GMT]  INFO caffine.CaffineCache: ***	 Building Cache : hostaliascache, size:1000,Concurrency:32
[09/03/21 19:21:01:809 GMT]  INFO caffine.CaffineCache: ***	 Building Cache : hostaliascache, size:1000,Concurrency:32
[09/03/21 19:21:01:809 GMT]  INFO caffine.CaffineCache: ***	 Building Cache : hostaliascache, size:1000,Concurrency:32
[09/03/21 19:21:01:811 GMT]  INFO caffine.CaffineCache: ***	 Building Cache : workflowstepcache, size:1000,Concurrency:32
[09/03/21 19:21:01:817 GMT]  INFO caffine.CaffineCache: ***	 Building Cache : workflowstepcache, size:1000,Concurrency:32
[09/03/21 19:21:01:824 GMT]  INFO caffine.CaffineCache: ***	 Building Cache : esquerycache, size:1000,Concurrency:32
[09/03/21 19:21:01:824 GMT]  INFO caffine.CaffineCache: ***	 Building Cache : esquerycache, size:1000,Concurrency:32
[09/03/21 19:21:01:825 GMT]  INFO caffine.CaffineCache: ***	 Building Cache : esquerycountcache, size:1000,Concurrency:32
[09/03/21 19:21:01:825 GMT]  INFO caffine.CaffineCache: ***	 Building Cache : esquerycountcache, size:1000,Concurrency:32
[09/03/21 19:21:01:840 GMT]  INFO caffine.CaffineCache: ***	 Building Cache : esquerycache, size:1000,Concurrency:32
[09/03/21 19:21:01:841 GMT]  INFO caffine.CaffineCache: ***	 Building Cache : esquerycache, size:1000,Concurrency:32
[09/03/21 19:21:01:841 GMT]  INFO caffine.CaffineCache: ***	 Building Cache : esquerycountcache, size:1000,Concurrency:32
[09/03/21 19:21:01:841 GMT]  INFO caffine.CaffineCache: ***	 Building Cache : esquerycountcache, size:1000,Concurrency:32
[09/03/21 19:21:01:841 GMT]  INFO business.ContentletIndexAPIImpl: Indexing: b3fb473a-be8f-4239-98cd-03204026fa8a : test1615317661747.dotcms.com, includeDependencies: true, policy: WAIT_FOR
[09/03/21 19:21:01:867 GMT]  INFO caffine.CaffineCache: ***	 Building Cache : esquerycache, size:1000,Concurrency:32
[09/03/21 19:21:01:869 GMT]  INFO util.ActivityLogger: class com.dotcms.content.elasticsearch.business.ESContentletAPIImpl: System Host : Content Saved , StartDate: N/D; EndDate: N/D; User:system; ContentIdentifier: b3fb473a-be8f-4239-98cd-03204026fa8a
[09/03/21 19:21:01:870 GMT]  INFO caffine.CaffineCache: ***	 Building Cache : hostaliascache, size:1000,Concurrency:32
[09/03/21 19:21:01:870 GMT]  INFO caffine.CaffineCache: ***	 Building Cache : hostaliascache, size:1000,Concurrency:32
[09/03/21 19:21:01:871 GMT] ERROR business.ChainableCacheAdministratorImpl: The cache to locally remove key is invalid. The value was :hostcache
[09/03/21 19:21:01:871 GMT]  INFO caffine.CaffineCache: ***	 Building Cache : hostaliascache, size:1000,Concurrency:32
[09/03/21 19:21:01:871 GMT]  INFO caffine.CaffineCache: ***	 Building Cache : hostaliascache, size:1000,Concurrency:32
[09/03/21 19:21:01:872 GMT]  INFO caffine.CaffineCache: ***	 Building Cache : esquerycountcache, size:1000,Concurrency:32
[09/03/21 19:21:01:872 GMT]  INFO caffine.CaffineCache: ***	 Building Cache : esquerycache, size:1000,Concurrency:32
[09/03/21 19:21:01:872 GMT]  INFO caffine.CaffineCache: ***	 Building Cache : esquerycountcache, size:1000,Concurrency:32
[09/03/21 19:21:01:957 GMT] ERROR business.ChainableCacheAdministratorImpl: The cache to locally remove key is invalid. The value was :hostcache
[09/03/21 19:21:01:957 GMT]  INFO caffine.CaffineCache: ***	 Building Cache : hostaliascache, size:1000,Concurrency:32
[09/03/21 19:21:01:957 GMT]  INFO caffine.CaffineCache: ***	 Building Cache : hostaliascache, size:1000,Concurrency:32
[09/03/21 19:21:01:959 GMT]  INFO caffine.CaffineCache: ***	 Building Cache : esquerycache, size:1000,Concurrency:32
[09/03/21 19:21:01:959 GMT]  INFO caffine.CaffineCache: ***	 Building Cache : esquerycountcache, size:1000,Concurrency:32
[09/03/21 19:21:01:959 GMT]  INFO caffine.CaffineCache: ***	 Building Cache : esquerycache, size:1000,Concurrency:32
[09/03/21 19:21:01:959 GMT]  INFO caffine.CaffineCache: ***	 Building Cache : esquerycountcache, size:1000,Concurrency:32
[09/03/21 19:21:02:037 GMT]  INFO delegate.SystemEventsJobDelegate: The event: fb342823-139d-4934-bd58-65562a4b6b75, has been skipped on the server: 85eada59-b71d-4545-86e2-cf108056504f
[09/03/21 19:21:02:037 GMT]  INFO delegate.SystemEventsJobDelegate: The event: 9b2ce28e-7f2e-474b-9b07-9a62436ff1b2, has been skipped on the server: 85eada59-b71d-4545-86e2-cf108056504f
[09/03/21 19:21:02:037 GMT]  INFO delegate.SystemEventsJobDelegate: The event: bc3fa93a-7f07-4103-88f5-91a28ddb1080, has been skipped on the server: 85eada59-b71d-4545-86e2-cf108056504f
[09/03/21 19:21:02:037 GMT]  INFO delegate.SystemEventsJobDelegate: The event: d3e88e33-5e9f-4b6d-a815-f748c2617204, has been skipped on the server: 85eada59-b71d-4545-86e2-cf108056504f
[09/03/21 19:21:02:638 GMT]  INFO caffine.CaffineCache: ***	 Building Cache : hostaliascache, size:1000,Concurrency:32
[09/03/21 19:21:02:638 GMT]  INFO caffine.CaffineCache: ***	 Building Cache : hostaliascache, size:1000,Concurrency:32
[09/03/21 19:21:02:639 GMT]  INFO caffine.CaffineCache: ***	 Building Cache : esquerycache, size:1000,Concurrency:32
[09/03/21 19:21:02:642 GMT]  INFO util.ActivityLogger: class com.dotcms.content.elasticsearch.business.ESContentletAPIImpl: System Host : Publishing Content , StartDate: N/D; EndDate: N/D; User:system; ContentIdentifier: b3fb473a-be8f-4239-98cd-03204026fa8a
[09/03/21 19:21:02:644 GMT]  INFO business.ContentletIndexAPIImpl: Indexing: b3fb473a-be8f-4239-98cd-03204026fa8a : test1615317661747.dotcms.com, includeDependencies: true, policy: FORCE
[09/03/21 19:21:02:683 GMT]  INFO caffine.CaffineCache: ***	 Building Cache : esquerycache, size:1000,Concurrency:32
[09/03/21 19:21:02:683 GMT]  INFO caffine.CaffineCache: ***	 Building Cache : esquerycountcache, size:1000,Concurrency:32
[09/03/21 19:21:02:683 GMT]  INFO caffine.CaffineCache: ***	 Building Cache : esquerycountcache, size:1000,Concurrency:32
[09/03/21 19:21:02:684 GMT]  INFO caffine.CaffineCache: ***	 Building Cache : esquerycache, size:1000,Concurrency:32
[09/03/21 19:21:02:687 GMT]  INFO util.ActivityLogger: class com.dotcms.content.elasticsearch.business.ESContentletAPIImpl: System Host : Content Published , StartDate: N/D; EndDate: N/D; User:system; ContentIdentifier: b3fb473a-be8f-4239-98cd-03204026fa8a
[09/03/21 19:21:02:691 GMT]  INFO caffine.CaffineCache: ***	 Building Cache : esquerycountcache, size:1000,Concurrency:32
[09/03/21 19:21:02:691 GMT]  INFO caffine.CaffineCache: ***	 Building Cache : esquerycache, size:1000,Concurrency:32
[09/03/21 19:21:02:691 GMT]  INFO caffine.CaffineCache: ***	 Building Cache : esquerycountcache, size:1000,Concurrency:32
[09/03/21 19:21:02:727 GMT]  INFO caffine.CaffineCache: ***	 Building Cache : hostaliascache, size:1000,Concurrency:32
[09/03/21 19:21:02:727 GMT]  INFO caffine.CaffineCache: ***	 Building Cache : hostaliascache, size:1000,Concurrency:32
[09/03/21 19:21:02:728 GMT]  WARN shorty.ShortyIdAPIImpl: An error occurred when getting shorty value for '' of type 'CONTENT': shorty  is not a short id.  Short Ids should be 10 chars in length
[09/03/21 19:21:02:729 GMT]  INFO junit.RuleWatcher: >>>>>>>>>>>>>>>>>>>>>>>>>>
[09/03/21 19:21:02:729 GMT]  INFO junit.RuleWatcher: >>> testPUT_GivenSystemFolderWithSystemHost_ShouldStillHaveSystemHostInFolder(com.dotmarketing.cache.FolderCacheImplIntegrationTest) - starting...
[09/03/21 19:21:02:729 GMT]  INFO junit.RuleWatcher: >>>>>>>>>>>>>>>>>>>>>>>>>>
[09/03/21 19:21:02:730 GMT]  INFO caffine.CaffineCache: ***	 Building Cache : foldercache, size:1000,Concurrency:32
[09/03/21 19:21:02:730 GMT]  INFO caffine.CaffineCache: ***	 Building Cache : foldercache, size:1000,Concurrency:32
[09/03/21 19:21:02:731 GMT]  INFO junit.RuleWatcher: >>>>>>>>>>>>>>>>>>>>>>>>>>
[09/03/21 19:21:02:732 GMT]  INFO junit.RuleWatcher: >>> testPUT_GivenSystemFolderWithHostDifferentFromSystemHost_ShouldSetSystemHostToFolder(com.dotmarketing.cache.FolderCacheImplIntegrationTest) - starting...
[09/03/21 19:21:02:732 GMT]  INFO junit.RuleWatcher: >>>>>>>>>>>>>>>>>>>>>>>>>>
[09/03/21 19:21:02:732 GMT] ERROR cache.FolderCacheImpl: Host ID for SYSTEM_FOLDER must always be SYSTEM_HOST. Value 'f64ad34f-e347-449c-b80c-b7815f82efcf' was set.
[09/03/21 19:21:02:732 GMT] ERROR cache.FolderCacheImpl: 	at java.lang.Thread.getStackTrace(Thread.java:1559)
	at com.dotcms.exception.ExceptionUtil.getCurrentStackTraceAsString(ExceptionUtil.java:395)
	at com.dotmarketing.cache.FolderCacheImpl.addFolder(FolderCacheImpl.java:31)
	at com.dotmarketing.cache.FolderCacheImplIntegrationTest.testPUT_GivenSystemFolderWithHostDifferentFromSystemHost_ShouldSetSystemHostToFolder(FolderCacheImplIntegrationTest.java:44)
	at sun.reflect.NativeMethodAccessorImpl.invoke0(Native Method)
	at sun.reflect.NativeMethodAccessorImpl.invoke(NativeMethodAccessorImpl.java:62)
	at sun.reflect.DelegatingMethodAccessorImpl.invoke(DelegatingMethodAccessorImpl.java:43)
	at java.lang.reflect.Method.invoke(Method.java:498)
	at org.junit.runners.model.FrameworkMethod$1.runReflectiveCall(FrameworkMethod.java:50)
	at org.junit.internal.runners.model.ReflectiveCallable.run(ReflectiveCallable.java:12)
	at org.junit.runners.model.FrameworkMethod.invokeExplosively(FrameworkMethod.java:47)
	at org.junit.internal.runners.statements.InvokeMethod.evaluate(InvokeMethod.java:17)
	at org.junit.internal.runners.statements.RunBefores.evaluate(RunBefores.java:26)
	at org.junit.internal.runners.statements.RunAfters.evaluate(RunAfters.java:27)
	at org.junit.rules.TestWatcher$1.evaluate(TestWatcher.java:55)
	at org.junit.rules.RunRules.evaluate(RunRules.java:20)
	at org.junit.runners.ParentRunner.runLeaf(ParentRunner.java:325)
	at com.dotcms.junit.CustomDataProviderRunner.runChild(CustomDataProviderRunner.java:28)
	at com.dotcms.junit.CustomDataProviderRunner.runChild(CustomDataProviderRunner.java:13)
	at org.junit.runners.ParentRunner$3.run(ParentRunner.java:290)
	at org.junit.runners.ParentRunner$1.schedule(ParentRunner.java:71)
	at org.junit.runners.ParentRunner.runChildren(ParentRunner.java:288)
	at org.junit.runners.ParentRunner.access$000(ParentRunner.java:58)
	at org.junit.runners.ParentRunner$2.evaluate(ParentRunner.java:268)
	at org.junit.internal.runners.statements.RunBefores.evaluate(RunBefores.java:26)
	at org.junit.runners.ParentRunner.run(ParentRunner.java:363)
	at org.junit.runners.Suite.runChild(Suite.java:128)
	at org.junit.runners.Suite.runChild(Suite.java:27)
	at org.junit.runners.ParentRunner$3.run(ParentRunner.java:290)
	at org.junit.runners.ParentRunner$1.schedule(ParentRunner.java:71)
	at org.junit.runners.ParentRunner.runChildren(ParentRunner.java:288)
	at org.junit.runners.ParentRunner.access$000(ParentRunner.java:58)
	at org.junit.runners.ParentRunner$2.evaluate(ParentRunner.java:268)
	at org.junit.runners.ParentRunner.run(ParentRunner.java:363)
	at org.gradle.api.internal.tasks.testing.junit.JUnitTestClassExecutor.runTestClass(JUnitTestClassExecutor.java:106)
	at org.gradle.api.internal.tasks.testing.junit.JUnitTestClassExecutor.execute(JUnitTestClassExecutor.java:58)
	at org.gradle.api.internal.tasks.testing.junit.JUnitTestClassExecutor.execute(JUnitTestClassExecutor.java:38)
	at org.gradle.api.internal.tasks.testing.junit.AbstractJUnitTestClassProcessor.processTestClass(AbstractJUnitTestClassProcessor.java:66)
	at org.gradle.api.internal.tasks.testing.SuiteTestClassProcessor.processTestClass(SuiteTestClassProcessor.java:51)
	at sun.reflect.NativeMethodAccessorImpl.invoke0(Native Method)
	at sun.reflect.NativeMethodAccessorImpl.invoke(NativeMethodAccessorImpl.java:62)
	at sun.reflect.DelegatingMethodAccessorImpl.invoke(DelegatingMethodAccessorImpl.java:43)
	at java.lang.reflect.Method.invoke(Method.java:498)
	at org.gradle.internal.dispatch.ReflectionDispatch.dispatch(ReflectionDispatch.java:35)
	at org.gradle.internal.dispatch.ReflectionDispatch.dispatch(ReflectionDispatch.java:24)
	at org.gradle.internal.dispatch.ContextClassLoaderDispatch.dispatch(ContextClassLoaderDispatch.java:32)
	at org.gradle.internal.dispatch.ProxyDispatchAdapter$DispatchingInvocationHandler.invoke(ProxyDispatchAdapter.java:93)
	at com.sun.proxy.$Proxy2.processTestClass(Unknown Source)
	at org.gradle.api.internal.tasks.testing.worker.TestWorker.processTestClass(TestWorker.java:117)
	at sun.reflect.NativeMethodAccessorImpl.invoke0(Native Method)
	at sun.reflect.NativeMethodAccessorImpl.invoke(NativeMethodAccessorImpl.java:62)
	at sun.reflect.DelegatingMethodAccessorImpl.invoke(DelegatingMethodAccessorImpl.java:43)
	at java.lang.reflect.Method.invoke(Method.java:498)
	at org.gradle.internal.dispatch.ReflectionDispatch.dispatch(ReflectionDispatch.java:35)
	at org.gradle.internal.dispatch.ReflectionDispatch.dispatch(ReflectionDispatch.java:24)
	at org.gradle.internal.remote.internal.hub.MessageHubBackedObjectConnection$DispatchWrapper.dispatch(MessageHubBackedObjectConnection.java:155)
	at org.gradle.internal.remote.internal.hub.MessageHubBackedObjectConnection$DispatchWrapper.dispatch(MessageHubBackedObjectConnection.java:137)
	at org.gradle.internal.remote.internal.hub.MessageHub$Handler.run(MessageHub.java:404)
	at org.gradle.internal.concurrent.ExecutorPolicy$CatchAndRecordFailures.onExecute(ExecutorPolicy.java:63)
	at org.gradle.internal.concurrent.ManagedExecutorImpl$1.run(ManagedExecutorImpl.java:46)
	at java.util.concurrent.ThreadPoolExecutor.runWorker(ThreadPoolExecutor.java:1149)
	at java.util.concurrent.ThreadPoolExecutor$Worker.run(ThreadPoolExecutor.java:624)
	at org.gradle.internal.concurrent.ThreadFactoryImpl$ManagedThreadRunnable.run(ThreadFactoryImpl.java:55)
	at java.lang.Thread.run(Thread.java:748)

[09/03/21 19:21:02:732 GMT]  INFO caffine.CaffineCache: ***	 Building Cache : foldercache, size:1000,Concurrency:32
