[06/03/21 02:47:55:244 GMT]  INFO publishing.PublisherAPIImplTest: languageVariables [com.dotmarketing.portlets.contentlet.model.Contentlet@6266f4da[map={owner=system, identifier=a4524dd9-7e0e-43d2-adb2-ea0bf8287042, nullProperties=[wfExpireDate, filterKey, whereToSend, wfPublishDate, wfNeverExpire, wfActionAssign, iWantTo, wfActionId, wfPublishTime, wfActionComments, wfExpireTime], modDate=2021-03-06 02:01:35.522, languageId=1614996095492, inode=fb097873-95b6-4c2a-bfd4-01b99f6002dd, folder=SYSTEM_FOLDER, disabledWYSIWYG=[], sortOrder=0, modUser=system, host=8a7d5e23-da1e-420a-b4f0-471e7da8ea2d, stInode=f4d7c1b8-2c88-4071-abf1-a5328977b07d, value=key-exists-as-contentletab4a617e0fworks, key=key-exists-as-contentletab4a617e0f},lowIndexPriority=false], com.dotmarketing.portlets.contentlet.model.Contentlet@4951b399[map={owner=system, identifier=8f6573ba-7a9b-4d99-a2bc-f2dca84b670a, nullProperties=[wfExpireDate, filterKey, whereToSend, wfPublishDate, wfNeverExpire, wfActionAssign, iWantTo, wfActionId, wfPublishTime, wfActionComments, wfExpireTime], modDate=2021-03-06 01:59:15.172, languageId=1, inode=b94a424d-8a39-4f1b-bab2-2301b923ef35, folder=SYSTEM_FOLDER, disabledWYSIWYG=[], sortOrder=0, modUser=dotcms.org.1, host=SYSTEM_HOST, stInode=f4d7c1b8-2c88-4071-abf1-a5328977b07d, value=test, key=testVarname1614994522014.test1614994522014.name},lowIndexPriority=false], com.dotmarketing.portlets.contentlet.model.Contentlet@d3e6eae[map={owner=system, identifier=5b1bad23-f8e0-48f0-ac12-59326f4965c9, nullProperties=[wfExpireDate, filterKey, whereToSend, wfPublishDate, wfNeverExpire, wfActionAssign, iWantTo, wfActionId, wfPublishTime, wfActionComments, wfExpireTime], modDate=2021-03-06 01:35:21.691, languageId=1, inode=250315d8-fc55-4e94-83f5-5406a0a39075, folder=SYSTEM_FOLDER, disabledWYSIWYG=[], sortOrder=0, modUser=system, host=SYSTEM_HOST, stInode=f4d7c1b8-2c88-4071-abf1-a5328977b07d, value=test, key=testVarname1614994521548.test1614994521548.name},lowIndexPriority=false]]
[06/03/21 02:47:55:244 GMT]  INFO util.StdOutErrLog: [class com.dotcms.publishing.PublisherAPIImplTest$PushPublisherMock]
[06/03/21 02:47:55:246 GMT]  INFO util.PushPublishLogger: class com.dotcms.publishing.PublisherAPIImpl : [BundleID: 01F02PYB3DMCJ0RZWBSB96ENP1] Started Publishing Task
[06/03/21 02:47:55:246 GMT]  INFO publishing.PublisherAPIImpl: Writing bundle.xml file
[06/03/21 02:47:55:247 GMT]  INFO publishing.PublisherAPIImpl: Start of Bundler: DependencyBundler
[06/03/21 02:47:55:252 GMT]  INFO util.DependencyManager: PublisherFilter { excludeClassesSet = [] , excludeDependencyClassesSet = [] , excludeQueryIds = [] , excludeDependencyQueryIds = [] , relationships = true , dependencies = true}
[06/03/21 02:47:55:277 GMT]  INFO publishing.PublisherAPIImpl: End of Bundler: DependencyBundler
[06/03/21 02:47:55:277 GMT]  INFO publishing.PublisherAPIImpl: Start of Bundler: HostBundler
[06/03/21 02:47:55:283 GMT]  INFO bundler.HostBundler: Searching for ContentletVersionInfo. Identifier: 8a7d5e23-da1e-420a-b4f0-471e7da8ea2d. Language:1
[06/03/21 02:47:55:285 GMT]  INFO bundler.HostBundler: Searching for ContentletVersionInfo. Identifier: 8a7d5e23-da1e-420a-b4f0-471e7da8ea2d. Language:1
[06/03/21 02:47:55:293 GMT]  INFO bundler.HostBundler: Searching for ContentletVersionInfo. Identifier: af57ae1a-9781-4599-8dab-02952d91c892. Language:1
[06/03/21 02:47:55:297 GMT]  INFO publishing.PublisherAPIImpl: End of Bundler: HostBundler
[06/03/21 02:47:55:297 GMT]  INFO publishing.PublisherAPIImpl: Start of Bundler: ContentBundler
[06/03/21 02:47:55:311 GMT]  INFO publishing.PublisherAPIImpl: End of Bundler: ContentBundler
[06/03/21 02:47:55:313 GMT]  INFO publishing.PublisherAPIImpl: Start of Bundler: FolderBundler
[06/03/21 02:47:55:313 GMT]  INFO publishing.PublisherAPIImpl: End of Bundler: FolderBundler
[06/03/21 02:47:55:313 GMT]  INFO publishing.PublisherAPIImpl: Start of Bundler: TemplateBundler
[06/03/21 02:47:55:313 GMT]  INFO publishing.PublisherAPIImpl: End of Bundler: TemplateBundler
[06/03/21 02:47:55:313 GMT]  INFO publishing.PublisherAPIImpl: Start of Bundler: ContainerBundler
[06/03/21 02:47:55:313 GMT]  INFO publishing.PublisherAPIImpl: End of Bundler: ContainerBundler
[06/03/21 02:47:55:313 GMT]  INFO publishing.PublisherAPIImpl: Start of Bundler: RuleBundler
[06/03/21 02:47:55:314 GMT]  INFO publishing.PublisherAPIImpl: End of Bundler: RuleBundler
[06/03/21 02:47:55:314 GMT]  INFO publishing.PublisherAPIImpl: Start of Bundler: LinkBundler
[06/03/21 02:47:55:314 GMT]  INFO publishing.PublisherAPIImpl: End of Bundler: LinkBundler
[06/03/21 02:47:55:314 GMT]  INFO publishing.PublisherAPIImpl: Start of Bundler: ContentTypeBundler
[06/03/21 02:47:55:332 GMT]  INFO publishing.PublisherAPIImpl: End of Bundler: ContentTypeBundler
[06/03/21 02:47:55:337 GMT]  INFO publishing.PublisherAPIImpl: Start of Bundler: RelationshipBundler
[06/03/21 02:47:55:337 GMT]  INFO util.PushPublishLogger: class com.dotcms.enterprise.publishing.remote.bundler.RelationshipBundler : Relationship INODE: 4e7865ca-5ed3-479a-bdc4-46198d9fd8e3
[06/03/21 02:47:55:337 GMT]  INFO publishing.PublisherAPIImpl: End of Bundler: RelationshipBundler
[06/03/21 02:47:55:338 GMT]  INFO publishing.PublisherAPIImpl: Start of Bundler: LanguageVariablesBundler
[06/03/21 02:47:55:340 GMT]  INFO publishing.PublisherAPIImpl: End of Bundler: LanguageVariablesBundler
[06/03/21 02:47:55:340 GMT]  INFO publishing.PublisherAPIImpl: Start of Bundler: WorkflowBundler
[06/03/21 02:47:55:372 GMT]  INFO publishing.PublisherAPIImpl: End of Bundler: WorkflowBundler
[06/03/21 02:47:55:372 GMT]  INFO publishing.PublisherAPIImpl: Start of Bundler: LanguageBundler
[06/03/21 02:47:55:372 GMT]  INFO publishing.PublisherAPIImpl: End of Bundler: LanguageBundler
[06/03/21 02:47:55:372 GMT]  INFO publishing.PublisherAPIImpl: Start of Bundler: BundleXMLAsc
[06/03/21 02:47:55:372 GMT]  INFO publishing.PublisherAPIImpl: End of Bundler: BundleXMLAsc
[06/03/21 02:47:55:372 GMT]  INFO publishing.PublisherAPIImpl: Start of Bundler: CategoryBundler
[06/03/21 02:47:55:373 GMT]  INFO publishing.PublisherAPIImpl: End of Bundler: CategoryBundler
[06/03/21 02:47:55:378 GMT]  INFO util.PushPublishLogger: class com.dotcms.publishing.PublisherAPIImpl : [BundleID: 01F02PYB3DMCJ0RZWBSB96ENP1] Completed Publishing Task
[06/03/21 02:47:55:399 GMT]  INFO junit.RuleWatcher: >>>>>>>>>>>>>>>>>>>>>>>>>>
[06/03/21 02:47:55:399 GMT]  INFO junit.RuleWatcher: >>> publish[10: com.dotcms.publishing.PublisherAPIImplTest$TestCase@75157515](com.dotcms.publishing.PublisherAPIImplTest) - starting...
[06/03/21 02:47:55:399 GMT]  INFO junit.RuleWatcher: >>>>>>>>>>>>>>>>>>>>>>>>>>
[06/03/21 02:47:55:400 GMT]  INFO publishing.PublisherAPIImplTest: languageVariables [com.dotmarketing.portlets.contentlet.model.Contentlet@6266f4da[map={owner=system, identifier=a4524dd9-7e0e-43d2-adb2-ea0bf8287042, nullProperties=[wfExpireDate, filterKey, whereToSend, wfPublishDate, wfNeverExpire, wfActionAssign, iWantTo, wfActionId, wfPublishTime, wfActionComments, wfExpireTime], modDate=2021-03-06 02:01:35.522, languageId=1614996095492, inode=fb097873-95b6-4c2a-bfd4-01b99f6002dd, folder=SYSTEM_FOLDER, disabledWYSIWYG=[], sortOrder=0, modUser=system, host=8a7d5e23-da1e-420a-b4f0-471e7da8ea2d, stInode=f4d7c1b8-2c88-4071-abf1-a5328977b07d, value=key-exists-as-contentletab4a617e0fworks, key=key-exists-as-contentletab4a617e0f},lowIndexPriority=false], com.dotmarketing.portlets.contentlet.model.Contentlet@4951b399[map={owner=system, identifier=8f6573ba-7a9b-4d99-a2bc-f2dca84b670a, nullProperties=[wfExpireDate, filterKey, whereToSend, wfPublishDate, wfNeverExpire, wfActionAssign, iWantTo, wfActionId, wfPublishTime, wfActionComments, wfExpireTime], modDate=2021-03-06 01:59:15.172, languageId=1, inode=b94a424d-8a39-4f1b-bab2-2301b923ef35, folder=SYSTEM_FOLDER, disabledWYSIWYG=[], sortOrder=0, modUser=dotcms.org.1, host=SYSTEM_HOST, stInode=f4d7c1b8-2c88-4071-abf1-a5328977b07d, value=test, key=testVarname1614994522014.test1614994522014.name},lowIndexPriority=false], com.dotmarketing.portlets.contentlet.model.Contentlet@d3e6eae[map={owner=system, identifier=5b1bad23-f8e0-48f0-ac12-59326f4965c9, nullProperties=[wfExpireDate, filterKey, whereToSend, wfPublishDate, wfNeverExpire, wfActionAssign, iWantTo, wfActionId, wfPublishTime, wfActionComments, wfExpireTime], modDate=2021-03-06 01:35:21.691, languageId=1, inode=250315d8-fc55-4e94-83f5-5406a0a39075, folder=SYSTEM_FOLDER, disabledWYSIWYG=[], sortOrder=0, modUser=system, host=SYSTEM_HOST, stInode=f4d7c1b8-2c88-4071-abf1-a5328977b07d, value=test, key=testVarname1614994521548.test1614994521548.name},lowIndexPriority=false]]
[06/03/21 02:47:55:400 GMT]  INFO util.StdOutErrLog: [class com.dotcms.publishing.PublisherAPIImplTest$PushPublisherMock]
[06/03/21 02:47:55:416 GMT]  INFO util.PushPublishLogger: class com.dotcms.publishing.PublisherAPIImpl : [BundleID: 01F02PYB8DDC3N5PZNHKZWD982] Started Publishing Task
[06/03/21 02:47:55:416 GMT]  INFO publishing.PublisherAPIImpl: Writing bundle.xml file
[06/03/21 02:47:55:417 GMT]  INFO publishing.PublisherAPIImpl: Start of Bundler: DependencyBundler
[06/03/21 02:47:55:425 GMT]  INFO util.DependencyManager: PublisherFilter { excludeClassesSet = [] , excludeDependencyClassesSet = [] , excludeQueryIds = [] , excludeDependencyQueryIds = [] , relationships = true , dependencies = true}
[06/03/21 02:47:55:440 GMT]  INFO publishing.PublisherAPIImpl: End of Bundler: DependencyBundler
[06/03/21 02:47:55:440 GMT]  INFO publishing.PublisherAPIImpl: Start of Bundler: HostBundler
[06/03/21 02:47:55:442 GMT]  INFO bundler.HostBundler: Searching for ContentletVersionInfo. Identifier: 31da79fb-0531-4e6d-9a15-002337e1bf61. Language:1
[06/03/21 02:47:55:445 GMT]  INFO bundler.HostBundler: Searching for ContentletVersionInfo. Identifier: 8a7d5e23-da1e-420a-b4f0-471e7da8ea2d. Language:1
[06/03/21 02:47:55:451 GMT]  INFO bundler.HostBundler: Searching for ContentletVersionInfo. Identifier: 8a7d5e23-da1e-420a-b4f0-471e7da8ea2d. Language:1
[06/03/21 02:47:55:453 GMT]  INFO publishing.PublisherAPIImpl: End of Bundler: HostBundler
[06/03/21 02:47:55:453 GMT]  INFO publishing.PublisherAPIImpl: Start of Bundler: ContentBundler
[06/03/21 02:47:55:466 GMT]  INFO publishing.PublisherAPIImpl: End of Bundler: ContentBundler
[06/03/21 02:47:55:466 GMT]  INFO publishing.PublisherAPIImpl: Start of Bundler: FolderBundler
[06/03/21 02:47:55:467 GMT]  INFO publishing.PublisherAPIImpl: End of Bundler: FolderBundler
[06/03/21 02:47:55:467 GMT]  INFO publishing.PublisherAPIImpl: Start of Bundler: TemplateBundler
[06/03/21 02:47:55:468 GMT]  INFO publishing.PublisherAPIImpl: End of Bundler: TemplateBundler
[06/03/21 02:47:55:468 GMT]  INFO publishing.PublisherAPIImpl: Start of Bundler: ContainerBundler
[06/03/21 02:47:55:470 GMT]  INFO publishing.PublisherAPIImpl: End of Bundler: ContainerBundler
[06/03/21 02:47:55:470 GMT]  INFO publishing.PublisherAPIImpl: Start of Bundler: RuleBundler
[06/03/21 02:47:55:471 GMT]  INFO publishing.PublisherAPIImpl: End of Bundler: RuleBundler
[06/03/21 02:47:55:471 GMT]  INFO publishing.PublisherAPIImpl: Start of Bundler: LinkBundler
[06/03/21 02:47:55:471 GMT]  INFO publishing.PublisherAPIImpl: End of Bundler: LinkBundler
[06/03/21 02:47:55:471 GMT]  INFO publishing.PublisherAPIImpl: Start of Bundler: ContentTypeBundler
[06/03/21 02:47:55:483 GMT]  INFO publishing.PublisherAPIImpl: End of Bundler: ContentTypeBundler
[06/03/21 02:47:55:488 GMT]  INFO publishing.PublisherAPIImpl: Start of Bundler: RelationshipBundler
[06/03/21 02:47:55:488 GMT]  INFO publishing.PublisherAPIImpl: End of Bundler: RelationshipBundler
[06/03/21 02:47:55:488 GMT]  INFO publishing.PublisherAPIImpl: Start of Bundler: LanguageVariablesBundler
[06/03/21 02:47:55:493 GMT]  INFO publishing.PublisherAPIImpl: End of Bundler: LanguageVariablesBundler
[06/03/21 02:47:55:495 GMT]  INFO publishing.PublisherAPIImpl: Start of Bundler: WorkflowBundler
[06/03/21 02:47:55:521 GMT]  INFO publishing.PublisherAPIImpl: End of Bundler: WorkflowBundler
[06/03/21 02:47:55:521 GMT]  INFO publishing.PublisherAPIImpl: Start of Bundler: LanguageBundler
[06/03/21 02:47:55:522 GMT]  INFO publishing.PublisherAPIImpl: End of Bundler: LanguageBundler
[06/03/21 02:47:55:522 GMT]  INFO publishing.PublisherAPIImpl: Start of Bundler: BundleXMLAsc
[06/03/21 02:47:55:522 GMT]  INFO publishing.PublisherAPIImpl: End of Bundler: BundleXMLAsc
[06/03/21 02:47:55:522 GMT]  INFO publishing.PublisherAPIImpl: Start of Bundler: CategoryBundler
[06/03/21 02:47:55:522 GMT]  INFO publishing.PublisherAPIImpl: End of Bundler: CategoryBundler
[06/03/21 02:47:55:523 GMT]  INFO util.PushPublishLogger: class com.dotcms.publishing.PublisherAPIImpl : [BundleID: 01F02PYB8DDC3N5PZNHKZWD982] Completed Publishing Task
[06/03/21 02:47:55:528 GMT]  INFO junit.RuleWatcher: >>>>>>>>>>>>>>>>>>>>>>>>>>
[06/03/21 02:47:55:535 GMT]  INFO junit.RuleWatcher: >>> publish[11: com.dotcms.publishing.PublisherAPIImplTest$TestCase@1be5a2b4](com.dotcms.publishing.PublisherAPIImplTest) - starting...
[06/03/21 02:47:55:535 GMT]  INFO junit.RuleWatcher: >>>>>>>>>>>>>>>>>>>>>>>>>>
[06/03/21 02:47:55:535 GMT]  INFO publishing.PublisherAPIImplTest: languageVariables [com.dotmarketing.portlets.contentlet.model.Contentlet@6266f4da[map={owner=system, identifier=a4524dd9-7e0e-43d2-adb2-ea0bf8287042, nullProperties=[wfExpireDate, filterKey, whereToSend, wfPublishDate, wfNeverExpire, wfActionAssign, iWantTo, wfActionId, wfPublishTime, wfActionComments, wfExpireTime], modDate=2021-03-06 02:01:35.522, languageId=1614996095492, inode=fb097873-95b6-4c2a-bfd4-01b99f6002dd, folder=SYSTEM_FOLDER, disabledWYSIWYG=[], sortOrder=0, modUser=system, host=8a7d5e23-da1e-420a-b4f0-471e7da8ea2d, stInode=f4d7c1b8-2c88-4071-abf1-a5328977b07d, value=key-exists-as-contentletab4a617e0fworks, key=key-exists-as-contentletab4a617e0f},lowIndexPriority=false], com.dotmarketing.portlets.contentlet.model.Contentlet@4951b399[map={owner=system, identifier=8f6573ba-7a9b-4d99-a2bc-f2dca84b670a, nullProperties=[wfExpireDate, filterKey, whereToSend, wfPublishDate, wfNeverExpire, wfActionAssign, iWantTo, wfActionId, wfPublishTime, wfActionComments, wfExpireTime], modDate=2021-03-06 01:59:15.172, languageId=1, inode=b94a424d-8a39-4f1b-bab2-2301b923ef35, folder=SYSTEM_FOLDER, disabledWYSIWYG=[], sortOrder=0, modUser=dotcms.org.1, host=SYSTEM_HOST, stInode=f4d7c1b8-2c88-4071-abf1-a5328977b07d, value=test, key=testVarname1614994522014.test1614994522014.name},lowIndexPriority=false], com.dotmarketing.portlets.contentlet.model.Contentlet@d3e6eae[map={owner=system, identifier=5b1bad23-f8e0-48f0-ac12-59326f4965c9, nullProperties=[wfExpireDate, filterKey, whereToSend, wfPublishDate, wfNeverExpire, wfActionAssign, iWantTo, wfActionId, wfPublishTime, wfActionComments, wfExpireTime], modDate=2021-03-06 01:35:21.691, languageId=1, inode=250315d8-fc55-4e94-83f5-5406a0a39075, folder=SYSTEM_FOLDER, disabledWYSIWYG=[], sortOrder=0, modUser=system, host=SYSTEM_HOST, stInode=f4d7c1b8-2c88-4071-abf1-a5328977b07d, value=test, key=testVarname1614994521548.test1614994521548.name},lowIndexPriority=false]]
[06/03/21 02:47:55:536 GMT]  INFO util.StdOutErrLog: [class com.dotcms.publishing.PublisherAPIImplTest$PushPublisherMock]
[06/03/21 02:47:55:542 GMT]  INFO util.PushPublishLogger: class com.dotcms.publishing.PublisherAPIImpl : [BundleID: 01F02PYBCG070ZABAMZVEFMK3H] Started Publishing Task
[06/03/21 02:47:55:542 GMT]  INFO publishing.PublisherAPIImpl: Writing bundle.xml file
[06/03/21 02:47:55:544 GMT]  INFO publishing.PublisherAPIImpl: Start of Bundler: DependencyBundler
[06/03/21 02:47:55:551 GMT]  INFO util.DependencyManager: PublisherFilter { excludeClassesSet = [] , excludeDependencyClassesSet = [] , excludeQueryIds = [] , excludeDependencyQueryIds = [] , relationships = true , dependencies = true}
[06/03/21 02:47:55:567 GMT]  INFO publishing.PublisherAPIImpl: End of Bundler: DependencyBundler
[06/03/21 02:47:55:567 GMT]  INFO publishing.PublisherAPIImpl: Start of Bundler: HostBundler
[06/03/21 02:47:55:570 GMT]  INFO bundler.HostBundler: Searching for ContentletVersionInfo. Identifier: ad693b59-11c9-4fec-83d6-9514e9f8049f. Language:1
[06/03/21 02:47:55:573 GMT]  INFO bundler.HostBundler: Searching for ContentletVersionInfo. Identifier: 8a7d5e23-da1e-420a-b4f0-471e7da8ea2d. Language:1
[06/03/21 02:47:55:575 GMT]  INFO bundler.HostBundler: Searching for ContentletVersionInfo. Identifier: 8a7d5e23-da1e-420a-b4f0-471e7da8ea2d. Language:1
[06/03/21 02:47:55:578 GMT]  INFO publishing.PublisherAPIImpl: End of Bundler: HostBundler
[06/03/21 02:47:55:578 GMT]  INFO publishing.PublisherAPIImpl: Start of Bundler: ContentBundler
[06/03/21 02:47:55:608 GMT]  INFO publishing.PublisherAPIImpl: End of Bundler: ContentBundler
[06/03/21 02:47:55:608 GMT]  INFO publishing.PublisherAPIImpl: Start of Bundler: FolderBundler
[06/03/21 02:47:55:608 GMT]  INFO publishing.PublisherAPIImpl: End of Bundler: FolderBundler
[06/03/21 02:47:55:608 GMT]  INFO publishing.PublisherAPIImpl: Start of Bundler: TemplateBundler
[06/03/21 02:47:55:608 GMT]  INFO publishing.PublisherAPIImpl: End of Bundler: TemplateBundler
[06/03/21 02:47:55:608 GMT]  INFO publishing.PublisherAPIImpl: Start of Bundler: ContainerBundler
[06/03/21 02:47:55:609 GMT]  INFO publishing.PublisherAPIImpl: End of Bundler: ContainerBundler
[06/03/21 02:47:55:609 GMT]  INFO publishing.PublisherAPIImpl: Start of Bundler: RuleBundler
[06/03/21 02:47:55:610 GMT]  INFO publishing.PublisherAPIImpl: End of Bundler: RuleBundler
[06/03/21 02:47:55:610 GMT]  INFO publishing.PublisherAPIImpl: Start of Bundler: LinkBundler
[06/03/21 02:47:55:610 GMT]  INFO publishing.PublisherAPIImpl: End of Bundler: LinkBundler
[06/03/21 02:47:55:610 GMT]  INFO publishing.PublisherAPIImpl: Start of Bundler: ContentTypeBundler
[06/03/21 02:47:55:617 GMT]  INFO publishing.PublisherAPIImpl: End of Bundler: ContentTypeBundler
[06/03/21 02:47:55:617 GMT]  INFO publishing.PublisherAPIImpl: Start of Bundler: RelationshipBundler
[06/03/21 02:47:55:618 GMT]  INFO publishing.PublisherAPIImpl: End of Bundler: RelationshipBundler
[06/03/21 02:47:55:618 GMT]  INFO publishing.PublisherAPIImpl: Start of Bundler: LanguageVariablesBundler
[06/03/21 02:47:55:620 GMT]  INFO publishing.PublisherAPIImpl: End of Bundler: LanguageVariablesBundler
[06/03/21 02:47:55:620 GMT]  INFO publishing.PublisherAPIImpl: Start of Bundler: WorkflowBundler
[06/03/21 02:47:55:639 GMT]  INFO publishing.PublisherAPIImpl: End of Bundler: WorkflowBundler
[06/03/21 02:47:55:639 GMT]  INFO publishing.PublisherAPIImpl: Start of Bundler: LanguageBundler
[06/03/21 02:47:55:640 GMT]  INFO publishing.PublisherAPIImpl: End of Bundler: LanguageBundler
[06/03/21 02:47:55:640 GMT]  INFO publishing.PublisherAPIImpl: Start of Bundler: BundleXMLAsc
[06/03/21 02:47:55:640 GMT]  INFO publishing.PublisherAPIImpl: End of Bundler: BundleXMLAsc
[06/03/21 02:47:55:640 GMT]  INFO publishing.PublisherAPIImpl: Start of Bundler: CategoryBundler
[06/03/21 02:47:55:640 GMT]  INFO publishing.PublisherAPIImpl: End of Bundler: CategoryBundler
[06/03/21 02:47:55:640 GMT]  INFO util.PushPublishLogger: class com.dotcms.publishing.PublisherAPIImpl : [BundleID: 01F02PYBCG070ZABAMZVEFMK3H] Completed Publishing Task
[06/03/21 02:47:55:652 GMT]  INFO junit.RuleWatcher: >>>>>>>>>>>>>>>>>>>>>>>>>>
[06/03/21 02:47:55:652 GMT]  INFO junit.RuleWatcher: >>> publish[12: com.dotcms.publishing.PublisherAPIImplTest$TestCase@41b9e5a3](com.dotcms.publishing.PublisherAPIImplTest) - starting...
[06/03/21 02:47:55:652 GMT]  INFO junit.RuleWatcher: >>>>>>>>>>>>>>>>>>>>>>>>>>
[06/03/21 02:47:55:653 GMT]  INFO publishing.PublisherAPIImplTest: languageVariables [com.dotmarketing.portlets.contentlet.model.Contentlet@6266f4da[map={owner=system, identifier=a4524dd9-7e0e-43d2-adb2-ea0bf8287042, nullProperties=[wfExpireDate, filterKey, whereToSend, wfPublishDate, wfNeverExpire, wfActionAssign, iWantTo, wfActionId, wfPublishTime, wfActionComments, wfExpireTime], modDate=2021-03-06 02:01:35.522, languageId=1614996095492, inode=fb097873-95b6-4c2a-bfd4-01b99f6002dd, folder=SYSTEM_FOLDER, disabledWYSIWYG=[], sortOrder=0, modUser=system, host=8a7d5e23-da1e-420a-b4f0-471e7da8ea2d, stInode=f4d7c1b8-2c88-4071-abf1-a5328977b07d, value=key-exists-as-contentletab4a617e0fworks, key=key-exists-as-contentletab4a617e0f},lowIndexPriority=false], com.dotmarketing.portlets.contentlet.model.Contentlet@4951b399[map={owner=system, identifier=8f6573ba-7a9b-4d99-a2bc-f2dca84b670a, nullProperties=[wfExpireDate, filterKey, whereToSend, wfPublishDate, wfNeverExpire, wfActionAssign, iWantTo, wfActionId, wfPublishTime, wfActionComments, wfExpireTime], modDate=2021-03-06 01:59:15.172, languageId=1, inode=b94a424d-8a39-4f1b-bab2-2301b923ef35, folder=SYSTEM_FOLDER, disabledWYSIWYG=[], sortOrder=0, modUser=dotcms.org.1, host=SYSTEM_HOST, stInode=f4d7c1b8-2c88-4071-abf1-a5328977b07d, value=test, key=testVarname1614994522014.test1614994522014.name},lowIndexPriority=false], com.dotmarketing.portlets.contentlet.model.Contentlet@d3e6eae[map={owner=system, identifier=5b1bad23-f8e0-48f0-ac12-59326f4965c9, nullProperties=[wfExpireDate, filterKey, whereToSend, wfPublishDate, wfNeverExpire, wfActionAssign, iWantTo, wfActionId, wfPublishTime, wfActionComments, wfExpireTime], modDate=2021-03-06 01:35:21.691, languageId=1, inode=250315d8-fc55-4e94-83f5-5406a0a39075, folder=SYSTEM_FOLDER, disabledWYSIWYG=[], sortOrder=0, modUser=system, host=SYSTEM_HOST, stInode=f4d7c1b8-2c88-4071-abf1-a5328977b07d, value=test, key=testVarname1614994521548.test1614994521548.name},lowIndexPriority=false]]
[06/03/21 02:47:55:654 GMT]  INFO util.StdOutErrLog: [class com.dotcms.publishing.PublisherAPIImplTest$PushPublisherMock]
[06/03/21 02:47:55:655 GMT]  INFO util.PushPublishLogger: class com.dotcms.publishing.PublisherAPIImpl : [BundleID: 01F02PYBG6T5C1CVCEBE0WNDZE] Started Publishing Task
[06/03/21 02:47:55:656 GMT]  INFO publishing.PublisherAPIImpl: Writing bundle.xml file
[06/03/21 02:47:55:656 GMT]  INFO publishing.PublisherAPIImpl: Start of Bundler: DependencyBundler
[06/03/21 02:47:55:661 GMT]  INFO util.DependencyManager: PublisherFilter { excludeClassesSet = [] , excludeDependencyClassesSet = [] , excludeQueryIds = [] , excludeDependencyQueryIds = [] , relationships = true , dependencies = true}
[06/03/21 02:47:55:707 GMT]  INFO publishing.PublisherAPIImpl: End of Bundler: DependencyBundler
[06/03/21 02:47:55:707 GMT]  INFO publishing.PublisherAPIImpl: Start of Bundler: HostBundler
[06/03/21 02:47:55:710 GMT]  INFO bundler.HostBundler: Searching for ContentletVersionInfo. Identifier: 8a7d5e23-da1e-420a-b4f0-471e7da8ea2d. Language:1
[06/03/21 02:47:55:712 GMT]  INFO bundler.HostBundler: Searching for ContentletVersionInfo. Identifier: 12b506b6-10f9-4c49-8310-e870c780c704. Language:1
[06/03/21 02:47:55:729 GMT]  INFO bundler.HostBundler: Searching for ContentletVersionInfo. Identifier: 8a7d5e23-da1e-420a-b4f0-471e7da8ea2d. Language:1
[06/03/21 02:47:55:732 GMT]  INFO publishing.PublisherAPIImpl: End of Bundler: HostBundler
[06/03/21 02:47:55:732 GMT]  INFO publishing.PublisherAPIImpl: Start of Bundler: ContentBundler
[06/03/21 02:47:55:767 GMT]  INFO publishing.PublisherAPIImpl: End of Bundler: ContentBundler
[06/03/21 02:47:55:767 GMT]  INFO publishing.PublisherAPIImpl: Start of Bundler: FolderBundler
[06/03/21 02:47:55:782 GMT]  INFO publishing.PublisherAPIImpl: End of Bundler: FolderBundler
[06/03/21 02:47:55:789 GMT]  INFO publishing.PublisherAPIImpl: Start of Bundler: TemplateBundler
[06/03/21 02:47:55:789 GMT]  INFO publishing.PublisherAPIImpl: End of Bundler: TemplateBundler
[06/03/21 02:47:55:789 GMT]  INFO publishing.PublisherAPIImpl: Start of Bundler: ContainerBundler
[06/03/21 02:47:55:789 GMT]  INFO publishing.PublisherAPIImpl: End of Bundler: ContainerBundler
[06/03/21 02:47:55:790 GMT]  INFO publishing.PublisherAPIImpl: Start of Bundler: RuleBundler
[06/03/21 02:47:55:790 GMT]  INFO publishing.PublisherAPIImpl: End of Bundler: RuleBundler
[06/03/21 02:47:55:790 GMT]  INFO publishing.PublisherAPIImpl: Start of Bundler: LinkBundler
[06/03/21 02:47:55:793 GMT]  INFO publishing.PublisherAPIImpl: End of Bundler: LinkBundler
[06/03/21 02:47:55:793 GMT]  INFO publishing.PublisherAPIImpl: Start of Bundler: ContentTypeBundler
[06/03/21 02:47:55:837 GMT]  INFO publishing.PublisherAPIImpl: End of Bundler: ContentTypeBundler
[06/03/21 02:47:55:837 GMT]  INFO publishing.PublisherAPIImpl: Start of Bundler: RelationshipBundler
[06/03/21 02:47:55:837 GMT]  INFO publishing.PublisherAPIImpl: End of Bundler: RelationshipBundler
[06/03/21 02:47:55:837 GMT]  INFO publishing.PublisherAPIImpl: Start of Bundler: LanguageVariablesBundler
[06/03/21 02:47:55:846 GMT]  INFO publishing.PublisherAPIImpl: End of Bundler: LanguageVariablesBundler
[06/03/21 02:47:55:847 GMT]  INFO publishing.PublisherAPIImpl: Start of Bundler: WorkflowBundler
[06/03/21 02:47:55:880 GMT]  INFO publishing.PublisherAPIImpl: End of Bundler: WorkflowBundler
[06/03/21 02:47:55:880 GMT]  INFO publishing.PublisherAPIImpl: Start of Bundler: LanguageBundler
[06/03/21 02:47:55:884 GMT]  INFO publishing.PublisherAPIImpl: End of Bundler: LanguageBundler
[06/03/21 02:47:55:884 GMT]  INFO publishing.PublisherAPIImpl: Start of Bundler: BundleXMLAsc
[06/03/21 02:47:55:884 GMT]  INFO publishing.PublisherAPIImpl: End of Bundler: BundleXMLAsc
[06/03/21 02:47:55:884 GMT]  INFO publishing.PublisherAPIImpl: Start of Bundler: CategoryBundler
[06/03/21 02:47:55:884 GMT]  INFO publishing.PublisherAPIImpl: End of Bundler: CategoryBundler
[06/03/21 02:47:55:884 GMT]  INFO util.PushPublishLogger: class com.dotcms.publishing.PublisherAPIImpl : [BundleID: 01F02PYBG6T5C1CVCEBE0WNDZE] Completed Publishing Task
[06/03/21 02:47:55:914 GMT]  INFO junit.RuleWatcher: >>>>>>>>>>>>>>>>>>>>>>>>>>
[06/03/21 02:47:55:914 GMT]  INFO junit.RuleWatcher: >>> publish[13: com.dotcms.publishing.PublisherAPIImplTest$TestCase@76cf36a6](com.dotcms.publishing.PublisherAPIImplTest) - starting...
[06/03/21 02:47:55:914 GMT]  INFO junit.RuleWatcher: >>>>>>>>>>>>>>>>>>>>>>>>>>
[06/03/21 02:47:55:915 GMT]  INFO publishing.PublisherAPIImplTest: languageVariables [com.dotmarketing.portlets.contentlet.model.Contentlet@6266f4da[map={owner=system, identifier=a4524dd9-7e0e-43d2-adb2-ea0bf8287042, nullProperties=[wfExpireDate, filterKey, whereToSend, wfPublishDate, wfNeverExpire, wfActionAssign, iWantTo, wfActionId, wfPublishTime, wfActionComments, wfExpireTime], modDate=2021-03-06 02:01:35.522, languageId=1614996095492, inode=fb097873-95b6-4c2a-bfd4-01b99f6002dd, folder=SYSTEM_FOLDER, disabledWYSIWYG=[], sortOrder=0, modUser=system, host=8a7d5e23-da1e-420a-b4f0-471e7da8ea2d, stInode=f4d7c1b8-2c88-4071-abf1-a5328977b07d, value=key-exists-as-contentletab4a617e0fworks, key=key-exists-as-contentletab4a617e0f},lowIndexPriority=false], com.dotmarketing.portlets.contentlet.model.Contentlet@4951b399[map={owner=system, identifier=8f6573ba-7a9b-4d99-a2bc-f2dca84b670a, nullProperties=[wfExpireDate, filterKey, whereToSend, wfPublishDate, wfNeverExpire, wfActionAssign, iWantTo, wfActionId, wfPublishTime, wfActionComments, wfExpireTime], modDate=2021-03-06 01:59:15.172, languageId=1, inode=b94a424d-8a39-4f1b-bab2-2301b923ef35, folder=SYSTEM_FOLDER, disabledWYSIWYG=[], sortOrder=0, modUser=dotcms.org.1, host=SYSTEM_HOST, stInode=f4d7c1b8-2c88-4071-abf1-a5328977b07d, value=test, key=testVarname1614994522014.test1614994522014.name},lowIndexPriority=false], com.dotmarketing.portlets.contentlet.model.Contentlet@d3e6eae[map={owner=system, identifier=5b1bad23-f8e0-48f0-ac12-59326f4965c9, nullProperties=[wfExpireDate, filterKey, whereToSend, wfPublishDate, wfNeverExpire, wfActionAssign, iWantTo, wfActionId, wfPublishTime, wfActionComments, wfExpireTime], modDate=2021-03-06 01:35:21.691, languageId=1, inode=250315d8-fc55-4e94-83f5-5406a0a39075, folder=SYSTEM_FOLDER, disabledWYSIWYG=[], sortOrder=0, modUser=system, host=SYSTEM_HOST, stInode=f4d7c1b8-2c88-4071-abf1-a5328977b07d, value=test, key=testVarname1614994521548.test1614994521548.name},lowIndexPriority=false]]
[06/03/21 02:47:55:915 GMT]  INFO util.StdOutErrLog: [class com.dotcms.publishing.PublisherAPIImplTest$PushPublisherMock]
[06/03/21 02:47:55:917 GMT]  INFO util.PushPublishLogger: class com.dotcms.publishing.PublisherAPIImpl : [BundleID: 01F02PYBRB3EN4VFPZGCCB1V8H] Started Publishing Task
[06/03/21 02:47:55:917 GMT]  INFO publishing.PublisherAPIImpl: Writing bundle.xml file
[06/03/21 02:47:55:918 GMT]  INFO publishing.PublisherAPIImpl: Start of Bundler: DependencyBundler
[06/03/21 02:47:55:923 GMT]  INFO util.DependencyManager: PublisherFilter { excludeClassesSet = [] , excludeDependencyClassesSet = [] , excludeQueryIds = [] , excludeDependencyQueryIds = [] , relationships = true , dependencies = true}
[06/03/21 02:47:55:955 GMT]  INFO publishing.PublisherAPIImpl: End of Bundler: DependencyBundler
[06/03/21 02:47:55:955 GMT]  INFO publishing.PublisherAPIImpl: Start of Bundler: HostBundler
[06/03/21 02:47:55:957 GMT]  INFO bundler.HostBundler: Searching for ContentletVersionInfo. Identifier: 8a7d5e23-da1e-420a-b4f0-471e7da8ea2d. Language:1
[06/03/21 02:47:55:960 GMT]  INFO bundler.HostBundler: Searching for ContentletVersionInfo. Identifier: 8a7d5e23-da1e-420a-b4f0-471e7da8ea2d. Language:1
[06/03/21 02:47:55:962 GMT]  INFO bundler.HostBundler: Searching for ContentletVersionInfo. Identifier: d8d0ef88-e851-49b5-8a28-9cd0a09a7b44. Language:1
[06/03/21 02:47:55:964 GMT]  INFO publishing.PublisherAPIImpl: End of Bundler: HostBundler
[06/03/21 02:47:55:964 GMT]  INFO publishing.PublisherAPIImpl: Start of Bundler: ContentBundler
[06/03/21 02:47:55:976 GMT]  INFO publishing.PublisherAPIImpl: End of Bundler: ContentBundler
[06/03/21 02:47:55:976 GMT]  INFO publishing.PublisherAPIImpl: Start of Bundler: FolderBundler
[06/03/21 02:47:55:977 GMT]  INFO publishing.PublisherAPIImpl: End of Bundler: FolderBundler
[06/03/21 02:47:55:977 GMT]  INFO publishing.PublisherAPIImpl: Start of Bundler: TemplateBundler
[06/03/21 02:47:55:978 GMT]  INFO publishing.PublisherAPIImpl: End of Bundler: TemplateBundler
[06/03/21 02:47:55:978 GMT]  INFO publishing.PublisherAPIImpl: Start of Bundler: ContainerBundler
[06/03/21 02:47:55:978 GMT]  INFO publishing.PublisherAPIImpl: End of Bundler: ContainerBundler
[06/03/21 02:47:55:978 GMT]  INFO publishing.PublisherAPIImpl: Start of Bundler: RuleBundler
[06/03/21 02:47:55:980 GMT]  INFO publishing.PublisherAPIImpl: End of Bundler: RuleBundler
[06/03/21 02:47:55:980 GMT]  INFO publishing.PublisherAPIImpl: Start of Bundler: LinkBundler
[06/03/21 02:47:55:980 GMT]  INFO publishing.PublisherAPIImpl: End of Bundler: LinkBundler
[06/03/21 02:47:55:980 GMT]  INFO publishing.PublisherAPIImpl: Start of Bundler: ContentTypeBundler
[06/03/21 02:47:56:016 GMT]  INFO publishing.PublisherAPIImpl: End of Bundler: ContentTypeBundler
[06/03/21 02:47:56:016 GMT]  INFO publishing.PublisherAPIImpl: Start of Bundler: RelationshipBundler
[06/03/21 02:47:56:016 GMT]  INFO publishing.PublisherAPIImpl: End of Bundler: RelationshipBundler
[06/03/21 02:47:56:016 GMT]  INFO publishing.PublisherAPIImpl: Start of Bundler: LanguageVariablesBundler
[06/03/21 02:47:56:019 GMT]  INFO publishing.PublisherAPIImpl: End of Bundler: LanguageVariablesBundler
[06/03/21 02:47:56:019 GMT]  INFO publishing.PublisherAPIImpl: Start of Bundler: WorkflowBundler
[06/03/21 02:47:56:057 GMT]  INFO publishing.PublisherAPIImpl: End of Bundler: WorkflowBundler
[06/03/21 02:47:56:057 GMT]  INFO publishing.PublisherAPIImpl: Start of Bundler: LanguageBundler
[06/03/21 02:47:56:058 GMT]  INFO publishing.PublisherAPIImpl: End of Bundler: LanguageBundler
[06/03/21 02:47:56:058 GMT]  INFO publishing.PublisherAPIImpl: Start of Bundler: BundleXMLAsc
[06/03/21 02:47:56:058 GMT]  INFO publishing.PublisherAPIImpl: End of Bundler: BundleXMLAsc
[06/03/21 02:47:56:058 GMT]  INFO publishing.PublisherAPIImpl: Start of Bundler: CategoryBundler
[06/03/21 02:47:56:058 GMT]  INFO publishing.PublisherAPIImpl: End of Bundler: CategoryBundler
[06/03/21 02:47:56:063 GMT]  INFO util.PushPublishLogger: class com.dotcms.publishing.PublisherAPIImpl : [BundleID: 01F02PYBRB3EN4VFPZGCCB1V8H] Completed Publishing Task
[06/03/21 02:47:56:103 GMT]  INFO junit.RuleWatcher: >>>>>>>>>>>>>>>>>>>>>>>>>>
[06/03/21 02:47:56:103 GMT]  INFO junit.RuleWatcher: >>> publish[14: com.dotcms.publishing.PublisherAPIImplTest$TestCase@282c58b7](com.dotcms.publishing.PublisherAPIImplTest) - starting...
[06/03/21 02:47:56:103 GMT]  INFO junit.RuleWatcher: >>>>>>>>>>>>>>>>>>>>>>>>>>
[06/03/21 02:47:56:103 GMT]  INFO publishing.PublisherAPIImplTest: languageVariables [com.dotmarketing.portlets.contentlet.model.Contentlet@6266f4da[map={owner=system, identifier=a4524dd9-7e0e-43d2-adb2-ea0bf8287042, nullProperties=[wfExpireDate, filterKey, whereToSend, wfPublishDate, wfNeverExpire, wfActionAssign, iWantTo, wfActionId, wfPublishTime, wfActionComments, wfExpireTime], modDate=2021-03-06 02:01:35.522, languageId=1614996095492, inode=fb097873-95b6-4c2a-bfd4-01b99f6002dd, folder=SYSTEM_FOLDER, disabledWYSIWYG=[], sortOrder=0, modUser=system, host=8a7d5e23-da1e-420a-b4f0-471e7da8ea2d, stInode=f4d7c1b8-2c88-4071-abf1-a5328977b07d, value=key-exists-as-contentletab4a617e0fworks, key=key-exists-as-contentletab4a617e0f},lowIndexPriority=false], com.dotmarketing.portlets.contentlet.model.Contentlet@4951b399[map={owner=system, identifier=8f6573ba-7a9b-4d99-a2bc-f2dca84b670a, nullProperties=[wfExpireDate, filterKey, whereToSend, wfPublishDate, wfNeverExpire, wfActionAssign, iWantTo, wfActionId, wfPublishTime, wfActionComments, wfExpireTime], modDate=2021-03-06 01:59:15.172, languageId=1, inode=b94a424d-8a39-4f1b-bab2-2301b923ef35, folder=SYSTEM_FOLDER, disabledWYSIWYG=[], sortOrder=0, modUser=dotcms.org.1, host=SYSTEM_HOST, stInode=f4d7c1b8-2c88-4071-abf1-a5328977b07d, value=test, key=testVarname1614994522014.test1614994522014.name},lowIndexPriority=false], com.dotmarketing.portlets.contentlet.model.Contentlet@d3e6eae[map={owner=system, identifier=5b1bad23-f8e0-48f0-ac12-59326f4965c9, nullProperties=[wfExpireDate, filterKey, whereToSend, wfPublishDate, wfNeverExpire, wfActionAssign, iWantTo, wfActionId, wfPublishTime, wfActionComments, wfExpireTime], modDate=2021-03-06 01:35:21.691, languageId=1, inode=250315d8-fc55-4e94-83f5-5406a0a39075, folder=SYSTEM_FOLDER, disabledWYSIWYG=[], sortOrder=0, modUser=system, host=SYSTEM_HOST, stInode=f4d7c1b8-2c88-4071-abf1-a5328977b07d, value=test, key=testVarname1614994521548.test1614994521548.name},lowIndexPriority=false]]
[06/03/21 02:47:56:104 GMT]  INFO util.StdOutErrLog: [class com.dotcms.publishing.PublisherAPIImplTest$PushPublisherMock]
[06/03/21 02:47:56:107 GMT]  INFO util.PushPublishLogger: class com.dotcms.publishing.PublisherAPIImpl : [BundleID: 01F02PYBY8EJ86FTBNW5GJC6Y5] Started Publishing Task
[06/03/21 02:47:56:107 GMT]  INFO publishing.PublisherAPIImpl: Writing bundle.xml file
[06/03/21 02:47:56:108 GMT]  INFO publishing.PublisherAPIImpl: Start of Bundler: DependencyBundler
[06/03/21 02:47:56:113 GMT]  INFO util.DependencyManager: PublisherFilter { excludeClassesSet = [] , excludeDependencyClassesSet = [] , excludeQueryIds = [] , excludeDependencyQueryIds = [] , relationships = true , dependencies = true}
[06/03/21 02:47:56:136 GMT]  INFO publishing.PublisherAPIImpl: End of Bundler: DependencyBundler
[06/03/21 02:47:56:136 GMT]  INFO publishing.PublisherAPIImpl: Start of Bundler: HostBundler
[06/03/21 02:47:56:139 GMT]  INFO bundler.HostBundler: Searching for ContentletVersionInfo. Identifier: 89f23893-fe48-410a-b83e-2130d4f98451. Language:1
[06/03/21 02:47:56:142 GMT]  INFO bundler.HostBundler: Searching for ContentletVersionInfo. Identifier: 8a7d5e23-da1e-420a-b4f0-471e7da8ea2d. Language:1
[06/03/21 02:47:56:144 GMT]  INFO bundler.HostBundler: Searching for ContentletVersionInfo. Identifier: 8a7d5e23-da1e-420a-b4f0-471e7da8ea2d. Language:1
[06/03/21 02:47:56:146 GMT]  INFO publishing.PublisherAPIImpl: End of Bundler: HostBundler
[06/03/21 02:47:56:146 GMT]  INFO publishing.PublisherAPIImpl: Start of Bundler: ContentBundler
[06/03/21 02:47:56:154 GMT]  INFO publishing.PublisherAPIImpl: End of Bundler: ContentBundler
[06/03/21 02:47:56:154 GMT]  INFO publishing.PublisherAPIImpl: Start of Bundler: FolderBundler
[06/03/21 02:47:56:155 GMT]  INFO publishing.PublisherAPIImpl: End of Bundler: FolderBundler
[06/03/21 02:47:56:155 GMT]  INFO publishing.PublisherAPIImpl: Start of Bundler: TemplateBundler
[06/03/21 02:47:56:155 GMT]  INFO publishing.PublisherAPIImpl: End of Bundler: TemplateBundler
[06/03/21 02:47:56:155 GMT]  INFO publishing.PublisherAPIImpl: Start of Bundler: ContainerBundler
[06/03/21 02:47:56:155 GMT]  INFO publishing.PublisherAPIImpl: End of Bundler: ContainerBundler
[06/03/21 02:47:56:155 GMT]  INFO publishing.PublisherAPIImpl: Start of Bundler: RuleBundler
[06/03/21 02:47:56:156 GMT]  INFO publishing.PublisherAPIImpl: End of Bundler: RuleBundler
[06/03/21 02:47:56:156 GMT]  INFO publishing.PublisherAPIImpl: Start of Bundler: LinkBundler
[06/03/21 02:47:56:157 GMT]  INFO publishing.PublisherAPIImpl: End of Bundler: LinkBundler
[06/03/21 02:47:56:157 GMT]  INFO publishing.PublisherAPIImpl: Start of Bundler: ContentTypeBundler
[06/03/21 02:47:56:168 GMT]  INFO publishing.PublisherAPIImpl: End of Bundler: ContentTypeBundler
[06/03/21 02:47:56:168 GMT]  INFO publishing.PublisherAPIImpl: Start of Bundler: RelationshipBundler
[06/03/21 02:47:56:168 GMT]  INFO publishing.PublisherAPIImpl: End of Bundler: RelationshipBundler
[06/03/21 02:47:56:168 GMT]  INFO publishing.PublisherAPIImpl: Start of Bundler: LanguageVariablesBundler
[06/03/21 02:47:56:171 GMT]  INFO publishing.PublisherAPIImpl: End of Bundler: LanguageVariablesBundler
[06/03/21 02:47:56:171 GMT]  INFO publishing.PublisherAPIImpl: Start of Bundler: WorkflowBundler
[06/03/21 02:47:56:191 GMT]  INFO publishing.PublisherAPIImpl: End of Bundler: WorkflowBundler
[06/03/21 02:47:56:191 GMT]  INFO publishing.PublisherAPIImpl: Start of Bundler: LanguageBundler
[06/03/21 02:47:56:192 GMT]  INFO publishing.PublisherAPIImpl: End of Bundler: LanguageBundler
[06/03/21 02:47:56:192 GMT]  INFO publishing.PublisherAPIImpl: Start of Bundler: BundleXMLAsc
[06/03/21 02:47:56:192 GMT]  INFO publishing.PublisherAPIImpl: End of Bundler: BundleXMLAsc
[06/03/21 02:47:56:192 GMT]  INFO publishing.PublisherAPIImpl: Start of Bundler: CategoryBundler
[06/03/21 02:47:56:192 GMT]  INFO publishing.PublisherAPIImpl: End of Bundler: CategoryBundler
[06/03/21 02:47:56:192 GMT]  INFO util.PushPublishLogger: class com.dotcms.publishing.PublisherAPIImpl : [BundleID: 01F02PYBY8EJ86FTBNW5GJC6Y5] Completed Publishing Task
[06/03/21 02:47:56:215 GMT]  INFO junit.RuleWatcher: >>>>>>>>>>>>>>>>>>>>>>>>>>
[06/03/21 02:47:56:215 GMT]  INFO junit.RuleWatcher: >>> publish[15: com.dotcms.publishing.PublisherAPIImplTest$TestCase@1eeaaf04](com.dotcms.publishing.PublisherAPIImplTest) - starting...
[06/03/21 02:47:56:215 GMT]  INFO junit.RuleWatcher: >>>>>>>>>>>>>>>>>>>>>>>>>>
[06/03/21 02:47:56:233 GMT]  INFO publishing.PublisherAPIImplTest: languageVariables [com.dotmarketing.portlets.contentlet.model.Contentlet@6266f4da[map={owner=system, identifier=a4524dd9-7e0e-43d2-adb2-ea0bf8287042, nullProperties=[wfExpireDate, filterKey, whereToSend, wfPublishDate, wfNeverExpire, wfActionAssign, iWantTo, wfActionId, wfPublishTime, wfActionComments, wfExpireTime], modDate=2021-03-06 02:01:35.522, languageId=1614996095492, inode=fb097873-95b6-4c2a-bfd4-01b99f6002dd, folder=SYSTEM_FOLDER, disabledWYSIWYG=[], sortOrder=0, modUser=system, host=8a7d5e23-da1e-420a-b4f0-471e7da8ea2d, stInode=f4d7c1b8-2c88-4071-abf1-a5328977b07d, value=key-exists-as-contentletab4a617e0fworks, key=key-exists-as-contentletab4a617e0f},lowIndexPriority=false], com.dotmarketing.portlets.contentlet.model.Contentlet@4951b399[map={owner=system, identifier=8f6573ba-7a9b-4d99-a2bc-f2dca84b670a, nullProperties=[wfExpireDate, filterKey, whereToSend, wfPublishDate, wfNeverExpire, wfActionAssign, iWantTo, wfActionId, wfPublishTime, wfActionComments, wfExpireTime], modDate=2021-03-06 01:59:15.172, languageId=1, inode=b94a424d-8a39-4f1b-bab2-2301b923ef35, folder=SYSTEM_FOLDER, disabledWYSIWYG=[], sortOrder=0, modUser=dotcms.org.1, host=SYSTEM_HOST, stInode=f4d7c1b8-2c88-4071-abf1-a5328977b07d, value=test, key=testVarname1614994522014.test1614994522014.name},lowIndexPriority=false], com.dotmarketing.portlets.contentlet.model.Contentlet@d3e6eae[map={owner=system, identifier=5b1bad23-f8e0-48f0-ac12-59326f4965c9, nullProperties=[wfExpireDate, filterKey, whereToSend, wfPublishDate, wfNeverExpire, wfActionAssign, iWantTo, wfActionId, wfPublishTime, wfActionComments, wfExpireTime], modDate=2021-03-06 01:35:21.691, languageId=1, inode=250315d8-fc55-4e94-83f5-5406a0a39075, folder=SYSTEM_FOLDER, disabledWYSIWYG=[], sortOrder=0, modUser=system, host=SYSTEM_HOST, stInode=f4d7c1b8-2c88-4071-abf1-a5328977b07d, value=test, key=testVarname1614994521548.test1614994521548.name},lowIndexPriority=false]]
[06/03/21 02:47:56:233 GMT]  INFO util.StdOutErrLog: [class com.dotcms.publishing.PublisherAPIImplTest$PushPublisherMock]
[06/03/21 02:47:56:235 GMT]  INFO util.PushPublishLogger: class com.dotcms.publishing.PublisherAPIImpl : [BundleID: 01F02PYC2AW5XXJ800BH1NDPXG] Started Publishing Task
[06/03/21 02:47:56:236 GMT]  INFO publishing.PublisherAPIImpl: Writing bundle.xml file
[06/03/21 02:47:56:241 GMT]  INFO publishing.PublisherAPIImpl: Start of Bundler: DependencyBundler
[06/03/21 02:47:56:245 GMT]  INFO util.DependencyManager: PublisherFilter { excludeClassesSet = [] , excludeDependencyClassesSet = [] , excludeQueryIds = [] , excludeDependencyQueryIds = [] , relationships = true , dependencies = true}
[06/03/21 02:47:56:259 GMT]  INFO publishing.PublisherAPIImpl: End of Bundler: DependencyBundler
[06/03/21 02:47:56:259 GMT]  INFO publishing.PublisherAPIImpl: Start of Bundler: HostBundler
[06/03/21 02:47:56:261 GMT]  INFO bundler.HostBundler: Searching for ContentletVersionInfo. Identifier: 8a7d5e23-da1e-420a-b4f0-471e7da8ea2d. Language:1
[06/03/21 02:47:56:263 GMT]  INFO bundler.HostBundler: Searching for ContentletVersionInfo. Identifier: 8a7d5e23-da1e-420a-b4f0-471e7da8ea2d. Language:1
[06/03/21 02:47:56:266 GMT]  INFO publishing.PublisherAPIImpl: End of Bundler: HostBundler
[06/03/21 02:47:56:266 GMT]  INFO publishing.PublisherAPIImpl: Start of Bundler: ContentBundler
[06/03/21 02:47:56:285 GMT]  INFO publishing.PublisherAPIImpl: End of Bundler: ContentBundler
[06/03/21 02:47:56:285 GMT]  INFO publishing.PublisherAPIImpl: Start of Bundler: FolderBundler
[06/03/21 02:47:56:285 GMT]  INFO publishing.PublisherAPIImpl: End of Bundler: FolderBundler
[06/03/21 02:47:56:285 GMT]  INFO publishing.PublisherAPIImpl: Start of Bundler: TemplateBundler
[06/03/21 02:47:56:285 GMT]  INFO publishing.PublisherAPIImpl: End of Bundler: TemplateBundler
[06/03/21 02:47:56:285 GMT]  INFO publishing.PublisherAPIImpl: Start of Bundler: ContainerBundler
[06/03/21 02:47:56:285 GMT]  INFO publishing.PublisherAPIImpl: End of Bundler: ContainerBundler
[06/03/21 02:47:56:285 GMT]  INFO publishing.PublisherAPIImpl: Start of Bundler: RuleBundler
[06/03/21 02:47:56:286 GMT]  INFO publishing.PublisherAPIImpl: End of Bundler: RuleBundler
[06/03/21 02:47:56:286 GMT]  INFO publishing.PublisherAPIImpl: Start of Bundler: LinkBundler
[06/03/21 02:47:56:286 GMT]  INFO publishing.PublisherAPIImpl: End of Bundler: LinkBundler
[06/03/21 02:47:56:286 GMT]  INFO publishing.PublisherAPIImpl: Start of Bundler: ContentTypeBundler
[06/03/21 02:47:56:290 GMT]  INFO publishing.PublisherAPIImpl: End of Bundler: ContentTypeBundler
[06/03/21 02:47:56:290 GMT]  INFO publishing.PublisherAPIImpl: Start of Bundler: RelationshipBundler
[06/03/21 02:47:56:290 GMT]  INFO publishing.PublisherAPIImpl: End of Bundler: RelationshipBundler
[06/03/21 02:47:56:290 GMT]  INFO publishing.PublisherAPIImpl: Start of Bundler: LanguageVariablesBundler
[06/03/21 02:47:56:293 GMT]  INFO publishing.PublisherAPIImpl: End of Bundler: LanguageVariablesBundler
[06/03/21 02:47:56:293 GMT]  INFO publishing.PublisherAPIImpl: Start of Bundler: WorkflowBundler
[06/03/21 02:47:56:319 GMT]  INFO publishing.PublisherAPIImpl: End of Bundler: WorkflowBundler
[06/03/21 02:47:56:319 GMT]  INFO publishing.PublisherAPIImpl: Start of Bundler: LanguageBundler
[06/03/21 02:47:56:320 GMT]  INFO publishing.PublisherAPIImpl: End of Bundler: LanguageBundler
[06/03/21 02:47:56:320 GMT]  INFO publishing.PublisherAPIImpl: Start of Bundler: BundleXMLAsc
[06/03/21 02:47:56:320 GMT]  INFO publishing.PublisherAPIImpl: End of Bundler: BundleXMLAsc
[06/03/21 02:47:56:320 GMT]  INFO publishing.PublisherAPIImpl: Start of Bundler: CategoryBundler
[06/03/21 02:47:56:320 GMT]  INFO publishing.PublisherAPIImpl: End of Bundler: CategoryBundler
[06/03/21 02:47:56:320 GMT]  INFO util.PushPublishLogger: class com.dotcms.publishing.PublisherAPIImpl : [BundleID: 01F02PYC2AW5XXJ800BH1NDPXG] Completed Publishing Task
[06/03/21 02:47:56:328 GMT]  INFO junit.RuleWatcher: >>>>>>>>>>>>>>>>>>>>>>>>>>
[06/03/21 02:47:56:328 GMT]  INFO junit.RuleWatcher: >>> publish[16: com.dotcms.publishing.PublisherAPIImplTest$TestCase@1070c587](com.dotcms.publishing.PublisherAPIImplTest) - starting...
[06/03/21 02:47:56:328 GMT]  INFO junit.RuleWatcher: >>>>>>>>>>>>>>>>>>>>>>>>>>
[06/03/21 02:47:56:329 GMT]  INFO publishing.PublisherAPIImplTest: languageVariables [com.dotmarketing.portlets.contentlet.model.Contentlet@6266f4da[map={owner=system, identifier=a4524dd9-7e0e-43d2-adb2-ea0bf8287042, nullProperties=[wfExpireDate, filterKey, whereToSend, wfPublishDate, wfNeverExpire, wfActionAssign, iWantTo, wfActionId, wfPublishTime, wfActionComments, wfExpireTime], modDate=2021-03-06 02:01:35.522, languageId=1614996095492, inode=fb097873-95b6-4c2a-bfd4-01b99f6002dd, folder=SYSTEM_FOLDER, disabledWYSIWYG=[], sortOrder=0, modUser=system, host=8a7d5e23-da1e-420a-b4f0-471e7da8ea2d, stInode=f4d7c1b8-2c88-4071-abf1-a5328977b07d, value=key-exists-as-contentletab4a617e0fworks, key=key-exists-as-contentletab4a617e0f},lowIndexPriority=false], com.dotmarketing.portlets.contentlet.model.Contentlet@4951b399[map={owner=system, identifier=8f6573ba-7a9b-4d99-a2bc-f2dca84b670a, nullProperties=[wfExpireDate, filterKey, whereToSend, wfPublishDate, wfNeverExpire, wfActionAssign, iWantTo, wfActionId, wfPublishTime, wfActionComments, wfExpireTime], modDate=2021-03-06 01:59:15.172, languageId=1, inode=b94a424d-8a39-4f1b-bab2-2301b923ef35, folder=SYSTEM_FOLDER, disabledWYSIWYG=[], sortOrder=0, modUser=dotcms.org.1, host=SYSTEM_HOST, stInode=f4d7c1b8-2c88-4071-abf1-a5328977b07d, value=test, key=testVarname1614994522014.test1614994522014.name},lowIndexPriority=false], com.dotmarketing.portlets.contentlet.model.Contentlet@d3e6eae[map={owner=system, identifier=5b1bad23-f8e0-48f0-ac12-59326f4965c9, nullProperties=[wfExpireDate, filterKey, whereToSend, wfPublishDate, wfNeverExpire, wfActionAssign, iWantTo, wfActionId, wfPublishTime, wfActionComments, wfExpireTime], modDate=2021-03-06 01:35:21.691, languageId=1, inode=250315d8-fc55-4e94-83f5-5406a0a39075, folder=SYSTEM_FOLDER, disabledWYSIWYG=[], sortOrder=0, modUser=system, host=SYSTEM_HOST, stInode=f4d7c1b8-2c88-4071-abf1-a5328977b07d, value=test, key=testVarname1614994521548.test1614994521548.name},lowIndexPriority=false]]
[06/03/21 02:47:56:329 GMT]  INFO util.StdOutErrLog: [class com.dotcms.publishing.PublisherAPIImplTest$PushPublisherMock]
[06/03/21 02:47:56:331 GMT]  INFO util.PushPublishLogger: class com.dotcms.publishing.PublisherAPIImpl : [BundleID: 01F02PYC5AGNBQ48DY5KY8H8J4] Started Publishing Task
[06/03/21 02:47:56:331 GMT]  INFO publishing.PublisherAPIImpl: Writing bundle.xml file
[06/03/21 02:47:56:332 GMT]  INFO publishing.PublisherAPIImpl: Start of Bundler: DependencyBundler
[06/03/21 02:47:56:337 GMT]  INFO util.DependencyManager: PublisherFilter { excludeClassesSet = [] , excludeDependencyClassesSet = [] , excludeQueryIds = [] , excludeDependencyQueryIds = [] , relationships = true , dependencies = true}
[06/03/21 02:47:56:352 GMT]  INFO publishing.PublisherAPIImpl: End of Bundler: DependencyBundler
[06/03/21 02:47:56:352 GMT]  INFO publishing.PublisherAPIImpl: Start of Bundler: HostBundler
[06/03/21 02:47:56:353 GMT]  INFO bundler.HostBundler: Searching for ContentletVersionInfo. Identifier: 8a7d5e23-da1e-420a-b4f0-471e7da8ea2d. Language:1
[06/03/21 02:47:56:355 GMT]  INFO bundler.HostBundler: Searching for ContentletVersionInfo. Identifier: 8a7d5e23-da1e-420a-b4f0-471e7da8ea2d. Language:1
[06/03/21 02:47:56:357 GMT]  INFO publishing.PublisherAPIImpl: End of Bundler: HostBundler
[06/03/21 02:47:56:357 GMT]  INFO publishing.PublisherAPIImpl: Start of Bundler: ContentBundler
[06/03/21 02:47:56:366 GMT]  INFO publishing.PublisherAPIImpl: End of Bundler: ContentBundler
[06/03/21 02:47:56:366 GMT]  INFO publishing.PublisherAPIImpl: Start of Bundler: FolderBundler
[06/03/21 02:47:56:366 GMT]  INFO publishing.PublisherAPIImpl: End of Bundler: FolderBundler
[06/03/21 02:47:56:366 GMT]  INFO publishing.PublisherAPIImpl: Start of Bundler: TemplateBundler
[06/03/21 02:47:56:366 GMT]  INFO publishing.PublisherAPIImpl: End of Bundler: TemplateBundler
[06/03/21 02:47:56:366 GMT]  INFO publishing.PublisherAPIImpl: Start of Bundler: ContainerBundler
[06/03/21 02:47:56:366 GMT]  INFO publishing.PublisherAPIImpl: End of Bundler: ContainerBundler
[06/03/21 02:47:56:366 GMT]  INFO publishing.PublisherAPIImpl: Start of Bundler: RuleBundler
[06/03/21 02:47:56:367 GMT]  INFO publishing.PublisherAPIImpl: End of Bundler: RuleBundler
[06/03/21 02:47:56:367 GMT]  INFO publishing.PublisherAPIImpl: Start of Bundler: LinkBundler
[06/03/21 02:47:56:367 GMT]  INFO publishing.PublisherAPIImpl: End of Bundler: LinkBundler
[06/03/21 02:47:56:367 GMT]  INFO publishing.PublisherAPIImpl: Start of Bundler: ContentTypeBundler
[06/03/21 02:47:56:383 GMT]  INFO publishing.PublisherAPIImpl: End of Bundler: ContentTypeBundler
[06/03/21 02:47:56:383 GMT]  INFO publishing.PublisherAPIImpl: Start of Bundler: RelationshipBundler
[06/03/21 02:47:56:383 GMT]  INFO publishing.PublisherAPIImpl: End of Bundler: RelationshipBundler
[06/03/21 02:47:56:383 GMT]  INFO publishing.PublisherAPIImpl: Start of Bundler: LanguageVariablesBundler
[06/03/21 02:47:56:386 GMT]  INFO publishing.PublisherAPIImpl: End of Bundler: LanguageVariablesBundler
[06/03/21 02:47:56:386 GMT]  INFO publishing.PublisherAPIImpl: Start of Bundler: WorkflowBundler
[06/03/21 02:47:56:420 GMT]  INFO publishing.PublisherAPIImpl: End of Bundler: WorkflowBundler
[06/03/21 02:47:56:420 GMT]  INFO publishing.PublisherAPIImpl: Start of Bundler: LanguageBundler
[06/03/21 02:47:56:421 GMT]  INFO publishing.PublisherAPIImpl: End of Bundler: LanguageBundler
[06/03/21 02:47:56:421 GMT]  INFO publishing.PublisherAPIImpl: Start of Bundler: BundleXMLAsc
[06/03/21 02:47:56:421 GMT]  INFO publishing.PublisherAPIImpl: End of Bundler: BundleXMLAsc
[06/03/21 02:47:56:421 GMT]  INFO publishing.PublisherAPIImpl: Start of Bundler: CategoryBundler
[06/03/21 02:47:56:421 GMT]  INFO publishing.PublisherAPIImpl: End of Bundler: CategoryBundler
[06/03/21 02:47:56:421 GMT]  INFO util.PushPublishLogger: class com.dotcms.publishing.PublisherAPIImpl : [BundleID: 01F02PYC5AGNBQ48DY5KY8H8J4] Completed Publishing Task
[06/03/21 02:47:56:428 GMT]  INFO junit.RuleWatcher: >>>>>>>>>>>>>>>>>>>>>>>>>>
[06/03/21 02:47:56:428 GMT]  INFO junit.RuleWatcher: >>> publish[17: com.dotcms.publishing.PublisherAPIImplTest$TestCase@1f05bb29](com.dotcms.publishing.PublisherAPIImplTest) - starting...
[06/03/21 02:47:56:428 GMT]  INFO junit.RuleWatcher: >>>>>>>>>>>>>>>>>>>>>>>>>>
[06/03/21 02:47:56:429 GMT]  INFO publishing.PublisherAPIImplTest: languageVariables [com.dotmarketing.portlets.contentlet.model.Contentlet@6266f4da[map={owner=system, identifier=a4524dd9-7e0e-43d2-adb2-ea0bf8287042, nullProperties=[wfExpireDate, filterKey, whereToSend, wfPublishDate, wfNeverExpire, wfActionAssign, iWantTo, wfActionId, wfPublishTime, wfActionComments, wfExpireTime], modDate=2021-03-06 02:01:35.522, languageId=1614996095492, inode=fb097873-95b6-4c2a-bfd4-01b99f6002dd, folder=SYSTEM_FOLDER, disabledWYSIWYG=[], sortOrder=0, modUser=system, host=8a7d5e23-da1e-420a-b4f0-471e7da8ea2d, stInode=f4d7c1b8-2c88-4071-abf1-a5328977b07d, value=key-exists-as-contentletab4a617e0fworks, key=key-exists-as-contentletab4a617e0f},lowIndexPriority=false], com.dotmarketing.portlets.contentlet.model.Contentlet@4951b399[map={owner=system, identifier=8f6573ba-7a9b-4d99-a2bc-f2dca84b670a, nullProperties=[wfExpireDate, filterKey, whereToSend, wfPublishDate, wfNeverExpire, wfActionAssign, iWantTo, wfActionId, wfPublishTime, wfActionComments, wfExpireTime], modDate=2021-03-06 01:59:15.172, languageId=1, inode=b94a424d-8a39-4f1b-bab2-2301b923ef35, folder=SYSTEM_FOLDER, disabledWYSIWYG=[], sortOrder=0, modUser=dotcms.org.1, host=SYSTEM_HOST, stInode=f4d7c1b8-2c88-4071-abf1-a5328977b07d, value=test, key=testVarname1614994522014.test1614994522014.name},lowIndexPriority=false], com.dotmarketing.portlets.contentlet.model.Contentlet@d3e6eae[map={owner=system, identifier=5b1bad23-f8e0-48f0-ac12-59326f4965c9, nullProperties=[wfExpireDate, filterKey, whereToSend, wfPublishDate, wfNeverExpire, wfActionAssign, iWantTo, wfActionId, wfPublishTime, wfActionComments, wfExpireTime], modDate=2021-03-06 01:35:21.691, languageId=1, inode=250315d8-fc55-4e94-83f5-5406a0a39075, folder=SYSTEM_FOLDER, disabledWYSIWYG=[], sortOrder=0, modUser=system, host=SYSTEM_HOST, stInode=f4d7c1b8-2c88-4071-abf1-a5328977b07d, value=test, key=testVarname1614994521548.test1614994521548.name},lowIndexPriority=false]]
[06/03/21 02:47:56:429 GMT]  INFO util.StdOutErrLog: [class com.dotcms.publishing.PublisherAPIImplTest$PushPublisherMock]
[06/03/21 02:47:56:431 GMT]  INFO util.PushPublishLogger: class com.dotcms.publishing.PublisherAPIImpl : [BundleID: 01F02PYC8DD7FFJ469WWZD54WX] Started Publishing Task
[06/03/21 02:47:56:432 GMT]  INFO publishing.PublisherAPIImpl: Writing bundle.xml file
[06/03/21 02:47:56:432 GMT]  INFO publishing.PublisherAPIImpl: Start of Bundler: DependencyBundler
[06/03/21 02:47:56:437 GMT]  INFO util.DependencyManager: PublisherFilter { excludeClassesSet = [] , excludeDependencyClassesSet = [] , excludeQueryIds = [] , excludeDependencyQueryIds = [] , relationships = true , dependencies = true}
[06/03/21 02:47:56:450 GMT]  INFO publishing.PublisherAPIImpl: End of Bundler: DependencyBundler
[06/03/21 02:47:56:451 GMT]  INFO publishing.PublisherAPIImpl: Start of Bundler: HostBundler
[06/03/21 02:47:56:452 GMT]  INFO bundler.HostBundler: Searching for ContentletVersionInfo. Identifier: 8a7d5e23-da1e-420a-b4f0-471e7da8ea2d. Language:1
[06/03/21 02:47:56:454 GMT]  INFO bundler.HostBundler: Searching for ContentletVersionInfo. Identifier: 8a7d5e23-da1e-420a-b4f0-471e7da8ea2d. Language:1
[06/03/21 02:47:56:456 GMT]  INFO publishing.PublisherAPIImpl: End of Bundler: HostBundler
[06/03/21 02:47:56:456 GMT]  INFO publishing.PublisherAPIImpl: Start of Bundler: RuleBundler
[06/03/21 02:47:56:459 GMT]  INFO publishing.PublisherAPIImpl: End of Bundler: RuleBundler
[06/03/21 02:47:56:459 GMT]  INFO publishing.PublisherAPIImpl: Start of Bundler: BundleXMLAsc
[06/03/21 02:47:56:459 GMT]  INFO publishing.PublisherAPIImpl: End of Bundler: BundleXMLAsc
[06/03/21 02:47:56:459 GMT]  INFO publishing.PublisherAPIImpl: Start of Bundler: CategoryBundler
[06/03/21 02:47:56:459 GMT]  INFO publishing.PublisherAPIImpl: End of Bundler: CategoryBundler
[06/03/21 02:47:56:460 GMT]  INFO util.PushPublishLogger: class com.dotcms.publishing.PublisherAPIImpl : [BundleID: 01F02PYC8DD7FFJ469WWZD54WX] Completed Publishing Task
[06/03/21 02:47:56:471 GMT]  WARN shorty.ShortyIdAPIImpl: An error occurred when getting shorty value for '' of type 'CONTENT': shorty  is not a short id.  Short Ids should be 10 chars in length
[06/03/21 02:47:56:480 GMT]  WARN shorty.ShortyIdAPIImpl: An error occurred when getting shorty value for '' of type 'CONTENT': shorty  is not a short id.  Short Ids should be 10 chars in length
[06/03/21 02:47:56:488 GMT]  INFO util.ActivityLogger: class com.dotcms.content.elasticsearch.business.ESContentletAPIImpl: demo.dotcms.com : Saving Content , StartDate: N/D; EndDate: N/D; User:system; ContentIdentifier: 
[06/03/21 02:47:56:544 GMT]  INFO caffine.CaffineCache: ***	 Building Cache : esquerycache, size:1000,Concurrency:32
[06/03/21 02:47:56:544 GMT]  INFO caffine.CaffineCache: ***	 Building Cache : esquerycountcache, size:1000,Concurrency:32
[06/03/21 02:47:56:544 GMT]  INFO caffine.CaffineCache: ***	 Building Cache : esquerycountcache, size:1000,Concurrency:32
[06/03/21 02:47:56:610 GMT]  INFO caffine.CaffineCache: ***	 Building Cache : esquerycache, size:1000,Concurrency:32
[06/03/21 02:47:56:610 GMT]  INFO caffine.CaffineCache: ***	 Building Cache : esquerycache, size:1000,Concurrency:32
[06/03/21 02:47:56:611 GMT]  INFO caffine.CaffineCache: ***	 Building Cache : esquerycountcache, size:1000,Concurrency:32
[06/03/21 02:47:56:611 GMT]  INFO caffine.CaffineCache: ***	 Building Cache : esquerycountcache, size:1000,Concurrency:32
[06/03/21 02:47:56:615 GMT]  INFO business.ContentletIndexAPIImpl: Indexing: 5e819aad-6a9e-41ad-bddd-32999a47690c : TestContent, includeDependencies: true, policy: FORCE
[06/03/21 02:47:56:630 GMT]  INFO util.ActivityLogger: class com.dotcms.content.elasticsearch.business.ESContentletAPIImpl: demo.dotcms.com : Content Saved , StartDate: N/D; EndDate: N/D; User:system; ContentIdentifier: 5e819aad-6a9e-41ad-bddd-32999a47690c
[06/03/21 02:47:56:645 GMT]  INFO util.SecurityLogger: class com.dotmarketing.portlets.workflows.business.WorkflowAPIImpl : The Workflow task with id:eb5e2e50-dec1-4331-a997-51dc53fc0d02 has been saved. -- ip:ukn,user:null
[06/03/21 02:47:56:647 GMT]  INFO caffine.CaffineCache: ***	 Building Cache : esquerycache, size:1000,Concurrency:32
[06/03/21 02:47:56:647 GMT]  INFO caffine.CaffineCache: ***	 Building Cache : esquerycountcache, size:1000,Concurrency:32
[06/03/21 02:47:56:648 GMT]  INFO caffine.CaffineCache: ***	 Building Cache : esquerycache, size:1000,Concurrency:32
[06/03/21 02:47:56:649 GMT]  INFO caffine.CaffineCache: ***	 Building Cache : esquerycountcache, size:1000,Concurrency:32
[06/03/21 02:47:56:705 GMT]  INFO caffine.CaffineCache: ***	 Building Cache : esquerycache, size:1000,Concurrency:32
[06/03/21 02:47:56:707 GMT]  INFO caffine.CaffineCache: ***	 Building Cache : esquerycountcache, size:1000,Concurrency:32
[06/03/21 02:47:56:707 GMT]  INFO caffine.CaffineCache: ***	 Building Cache : esquerycache, size:1000,Concurrency:32
[06/03/21 02:47:56:707 GMT]  INFO caffine.CaffineCache: ***	 Building Cache : esquerycountcache, size:1000,Concurrency:32
[06/03/21 02:47:56:712 GMT]  INFO util.ActivityLogger: class com.dotcms.content.elasticsearch.business.ESContentletAPIImpl: demo.dotcms.com : Saving Content , StartDate: N/D; EndDate: N/D; User:system; ContentIdentifier: 
[06/03/21 02:47:56:795 GMT]  INFO caffine.CaffineCache: ***	 Building Cache : esquerycache, size:1000,Concurrency:32
[06/03/21 02:47:56:795 GMT]  INFO caffine.CaffineCache: ***	 Building Cache : esquerycache, size:1000,Concurrency:32
[06/03/21 02:47:56:795 GMT]  INFO caffine.CaffineCache: ***	 Building Cache : esquerycountcache, size:1000,Concurrency:32
[06/03/21 02:47:56:795 GMT]  INFO caffine.CaffineCache: ***	 Building Cache : esquerycountcache, size:1000,Concurrency:32
[06/03/21 02:47:56:885 GMT]  INFO caffine.CaffineCache: ***	 Building Cache : esquerycache, size:1000,Concurrency:32
[06/03/21 02:47:56:885 GMT]  INFO caffine.CaffineCache: ***	 Building Cache : esquerycache, size:1000,Concurrency:32
[06/03/21 02:47:56:886 GMT]  INFO caffine.CaffineCache: ***	 Building Cache : esquerycountcache, size:1000,Concurrency:32
[06/03/21 02:47:56:886 GMT]  INFO caffine.CaffineCache: ***	 Building Cache : esquerycountcache, size:1000,Concurrency:32
[06/03/21 02:47:56:893 GMT]  INFO business.ContentletIndexAPIImpl: Indexing: 31c1ce32-f4cf-467f-b42c-15888b88546d : TestContent, includeDependencies: true, policy: FORCE
[06/03/21 02:47:56:915 GMT]  INFO util.ActivityLogger: class com.dotcms.content.elasticsearch.business.ESContentletAPIImpl: demo.dotcms.com : Content Saved , StartDate: N/D; EndDate: N/D; User:system; ContentIdentifier: 31c1ce32-f4cf-467f-b42c-15888b88546d
[06/03/21 02:47:56:930 GMT]  INFO util.SecurityLogger: class com.dotmarketing.portlets.workflows.business.WorkflowAPIImpl : The Workflow task with id:94df8aa5-5b1d-4d6d-bf6e-38085b93bfb9 has been saved. -- ip:ukn,user:null
[06/03/21 02:47:56:935 GMT]  INFO caffine.CaffineCache: ***	 Building Cache : esquerycache, size:1000,Concurrency:32
[06/03/21 02:47:56:935 GMT]  INFO caffine.CaffineCache: ***	 Building Cache : esquerycountcache, size:1000,Concurrency:32
[06/03/21 02:47:56:937 GMT]  INFO caffine.CaffineCache: ***	 Building Cache : esquerycache, size:1000,Concurrency:32
[06/03/21 02:47:56:937 GMT]  INFO caffine.CaffineCache: ***	 Building Cache : esquerycountcache, size:1000,Concurrency:32
[06/03/21 02:47:56:995 GMT]  INFO caffine.CaffineCache: ***	 Building Cache : esquerycache, size:1000,Concurrency:32
[06/03/21 02:47:56:995 GMT]  INFO caffine.CaffineCache: ***	 Building Cache : esquerycountcache, size:1000,Concurrency:32
[06/03/21 02:47:57:003 GMT]  INFO caffine.CaffineCache: ***	 Building Cache : esquerycache, size:1000,Concurrency:32
[06/03/21 02:47:57:003 GMT]  INFO caffine.CaffineCache: ***	 Building Cache : esquerycountcache, size:1000,Concurrency:32
[06/03/21 02:47:57:071 GMT]  WARN shorty.ShortyIdAPIImpl: An error occurred when getting shorty value for '' of type 'CONTENT': shorty  is not a short id.  Short Ids should be 10 chars in length
[06/03/21 02:47:57:079 GMT]  WARN shorty.ShortyIdAPIImpl: An error occurred when getting shorty value for '' of type 'CONTENT': shorty  is not a short id.  Short Ids should be 10 chars in length
[06/03/21 02:47:57:088 GMT]  WARN shorty.ShortyIdAPIImpl: An error occurred when getting shorty value for '' of type 'CONTENT': shorty  is not a short id.  Short Ids should be 10 chars in length
[06/03/21 02:47:57:096 GMT]  WARN shorty.ShortyIdAPIImpl: An error occurred when getting shorty value for '' of type 'CONTENT': shorty  is not a short id.  Short Ids should be 10 chars in length
[06/03/21 02:47:57:118 GMT]  INFO util.ActivityLogger: class com.dotcms.contenttype.business.ContentTypeAPIImpl: system : Save ContentType Action , User system/system user system user added ContentType testName1614998877110 to host id:48190c8c-42c4-46af-8d1a-0cd5db894797
[06/03/21 02:47:57:118 GMT]  INFO business.ContentTypeAPIImpl: UserId : system : ContentType : ContentType saved : testName1614998877110
[06/03/21 02:47:57:118 GMT]  INFO util.AdminLogger: UserId : system : class com.dotcms.contenttype.business.ContentTypeAPIImpl : ContentType : ContentType saved : testName1614998877110
[06/03/21 02:47:57:119 GMT]  INFO business.WorkflowAPIImpl: Saving Schemas: d61a59e1-a49c-46f2-a929-db2b4bfa88b2 for Content type df0825d4-227a-4733-9693-49cb7cf859e0
[06/03/21 02:47:57:119 GMT]  INFO util.SecurityLogger: class com.dotmarketing.portlets.workflows.business.WorkflowAPIImpl : Saving Schemas: d61a59e1-a49c-46f2-a929-db2b4bfa88b2 for Content type df0825d4-227a-4733-9693-49cb7cf859e0 -- ip:127.0.0.1,user:system user system user [ID: system][email:system@dotcmsfakeemail.org]
[06/03/21 02:47:57:125 GMT]  INFO caffine.CaffineCache: ***	 Building Cache : workflowstepcache, size:1000,Concurrency:32
[06/03/21 02:47:57:126 GMT]  INFO caffine.CaffineCache: ***	 Building Cache : workflowstepcache, size:1000,Concurrency:32
[06/03/21 02:47:57:126 GMT]  INFO caffine.CaffineCache: ***	 Building Cache : workflowstepcache, size:1000,Concurrency:32
[06/03/21 02:47:57:215 GMT]  INFO delegate.SystemEventsJobDelegate: The event: a960a3f9-fb82-4ae7-a311-c9ac955c5150, has been skipped on the server: 58320a44-2ae2-454a-b742-07d7468647a3
[06/03/21 02:47:57:215 GMT]  INFO delegate.SystemEventsJobDelegate: The event: 68c09135-916f-42cf-9e2f-73b48b04ff77, has been skipped on the server: 58320a44-2ae2-454a-b742-07d7468647a3
[06/03/21 02:47:57:215 GMT]  INFO delegate.SystemEventsJobDelegate: The event: ca9c2c5c-ae3d-47a7-a37f-b647b5d397aa, has been skipped on the server: 58320a44-2ae2-454a-b742-07d7468647a3
[06/03/21 02:47:57:215 GMT]  INFO delegate.SystemEventsJobDelegate: The event: a700d046-b11a-4908-a86e-a641b7ac8751, has been skipped on the server: 58320a44-2ae2-454a-b742-07d7468647a3
[06/03/21 02:47:57:241 GMT]  INFO caffine.CaffineCache: ***	 Building Cache : workflowstepcache, size:1000,Concurrency:32
[06/03/21 02:47:57:241 GMT]  INFO caffine.CaffineCache: ***	 Building Cache : workflowstepcache, size:1000,Concurrency:32
[06/03/21 02:47:57:453 GMT]  INFO business.FieldAPIImpl: Elasticsearch mapping set for Field: testFieldName1614998877127. Content type: testName1614998877110 on Index: live_20210306012158
[06/03/21 02:47:57:765 GMT]  INFO business.FieldAPIImpl: Elasticsearch mapping set for Field: testFieldName1614998877127. Content type: testName1614998877110 on Index: working_20210306012158
[06/03/21 02:47:57:765 GMT]  INFO util.ActivityLogger: class com.dotmarketing.util.ActivityLogger: system : Save Field Action , User system/system user added field testFieldName1614998877127 to testName1614998877110 Structure.
[06/03/21 02:47:58:111 GMT]  INFO business.FieldAPIImpl: Elasticsearch mapping set for Field: testFieldName1614998877776. Content type: testName1614998877110 on Index: live_20210306012158
[06/03/21 02:47:58:428 GMT]  INFO business.FieldAPIImpl: Elasticsearch mapping set for Field: testFieldName1614998877776. Content type: testName1614998877110 on Index: working_20210306012158
[06/03/21 02:47:58:428 GMT]  INFO util.ActivityLogger: class com.dotmarketing.util.ActivityLogger: system : Save Field Action , User system/system user added field testFieldName1614998877776 to testName1614998877110 Structure.
[06/03/21 02:47:58:437 GMT]  INFO util.ActivityLogger: class com.dotcms.contenttype.business.ContentTypeAPIImpl: system : Save ContentType Action , User system/system user system user added ContentType testName1614998878431 to host id:48190c8c-42c4-46af-8d1a-0cd5db894797
[06/03/21 02:47:58:437 GMT]  INFO business.ContentTypeAPIImpl: UserId : system : ContentType : ContentType saved : testName1614998878431
[06/03/21 02:47:58:437 GMT]  INFO util.AdminLogger: UserId : system : class com.dotcms.contenttype.business.ContentTypeAPIImpl : ContentType : ContentType saved : testName1614998878431
[06/03/21 02:47:58:438 GMT]  INFO business.WorkflowAPIImpl: Saving Schemas: d61a59e1-a49c-46f2-a929-db2b4bfa88b2 for Content type 3a74d6c7-253a-43d2-a0af-fa683ca27eac
[06/03/21 02:47:58:438 GMT]  INFO util.SecurityLogger: class com.dotmarketing.portlets.workflows.business.WorkflowAPIImpl : Saving Schemas: d61a59e1-a49c-46f2-a929-db2b4bfa88b2 for Content type 3a74d6c7-253a-43d2-a0af-fa683ca27eac -- ip:127.0.0.1,user:system user system user [ID: system][email:system@dotcmsfakeemail.org]
[06/03/21 02:47:58:444 GMT]  INFO caffine.CaffineCache: ***	 Building Cache : workflowstepcache, size:1000,Concurrency:32
[06/03/21 02:47:58:444 GMT]  INFO caffine.CaffineCache: ***	 Building Cache : workflowstepcache, size:1000,Concurrency:32
[06/03/21 02:47:58:445 GMT]  INFO caffine.CaffineCache: ***	 Building Cache : workflowstepcache, size:1000,Concurrency:32
[06/03/21 02:47:58:445 GMT]  INFO caffine.CaffineCache: ***	 Building Cache : workflowstepcache, size:1000,Concurrency:32
[06/03/21 02:47:58:452 GMT]  INFO util.ActivityLogger: class com.dotcms.contenttype.business.ContentTypeAPIImpl: system : Save ContentType Action , User system/system user system user added ContentType testName1614998878446 to host id:48190c8c-42c4-46af-8d1a-0cd5db894797
[06/03/21 02:47:58:452 GMT]  INFO business.ContentTypeAPIImpl: UserId : system : ContentType : ContentType saved : testName1614998878446
[06/03/21 02:47:58:452 GMT]  INFO util.AdminLogger: UserId : system : class com.dotcms.contenttype.business.ContentTypeAPIImpl : ContentType : ContentType saved : testName1614998878446
[06/03/21 02:47:58:453 GMT]  INFO business.WorkflowAPIImpl: Saving Schemas: d61a59e1-a49c-46f2-a929-db2b4bfa88b2 for Content type 0d3fee13-bf19-4db8-b4e5-07c17c52321d
[06/03/21 02:47:58:453 GMT]  INFO util.SecurityLogger: class com.dotmarketing.portlets.workflows.business.WorkflowAPIImpl : Saving Schemas: d61a59e1-a49c-46f2-a929-db2b4bfa88b2 for Content type 0d3fee13-bf19-4db8-b4e5-07c17c52321d -- ip:127.0.0.1,user:system user system user [ID: system][email:system@dotcmsfakeemail.org]
[06/03/21 02:47:58:459 GMT]  INFO caffine.CaffineCache: ***	 Building Cache : workflowstepcache, size:1000,Concurrency:32
[06/03/21 02:47:58:459 GMT]  INFO caffine.CaffineCache: ***	 Building Cache : workflowstepcache, size:1000,Concurrency:32
[06/03/21 02:47:58:460 GMT]  INFO caffine.CaffineCache: ***	 Building Cache : workflowstepcache, size:1000,Concurrency:32
[06/03/21 02:47:58:460 GMT]  INFO caffine.CaffineCache: ***	 Building Cache : workflowstepcache, size:1000,Concurrency:32
[06/03/21 02:47:58:470 GMT]  INFO util.ActivityLogger: class com.dotcms.contenttype.business.ContentTypeAPIImpl: system : Save ContentType Action , User system/system user system user added ContentType testName1614998878464 to host id:48190c8c-42c4-46af-8d1a-0cd5db894797
[06/03/21 02:47:58:470 GMT]  INFO business.ContentTypeAPIImpl: UserId : system : ContentType : ContentType saved : testName1614998878464
[06/03/21 02:47:58:470 GMT]  INFO util.AdminLogger: UserId : system : class com.dotcms.contenttype.business.ContentTypeAPIImpl : ContentType : ContentType saved : testName1614998878464
[06/03/21 02:47:58:471 GMT]  INFO business.WorkflowAPIImpl: Saving Schemas: d61a59e1-a49c-46f2-a929-db2b4bfa88b2 for Content type fd6c3731-6124-450b-8517-bb6c9682de12
[06/03/21 02:47:58:471 GMT]  INFO util.SecurityLogger: class com.dotmarketing.portlets.workflows.business.WorkflowAPIImpl : Saving Schemas: d61a59e1-a49c-46f2-a929-db2b4bfa88b2 for Content type fd6c3731-6124-450b-8517-bb6c9682de12 -- ip:127.0.0.1,user:system user system user [ID: system][email:system@dotcmsfakeemail.org]
[06/03/21 02:47:58:478 GMT]  INFO caffine.CaffineCache: ***	 Building Cache : workflowstepcache, size:1000,Concurrency:32
[06/03/21 02:47:58:478 GMT]  INFO caffine.CaffineCache: ***	 Building Cache : workflowstepcache, size:1000,Concurrency:32
[06/03/21 02:47:58:479 GMT]  INFO caffine.CaffineCache: ***	 Building Cache : workflowstepcache, size:1000,Concurrency:32
[06/03/21 02:47:58:479 GMT]  INFO caffine.CaffineCache: ***	 Building Cache : workflowstepcache, size:1000,Concurrency:32
[06/03/21 02:47:58:487 GMT]  INFO util.ActivityLogger: class com.dotcms.contenttype.business.ContentTypeAPIImpl: system : Save ContentType Action , User system/system user system user added ContentType testName1614998878481 to host id:48190c8c-42c4-46af-8d1a-0cd5db894797
[06/03/21 02:47:58:487 GMT]  INFO business.ContentTypeAPIImpl: UserId : system : ContentType : ContentType saved : testName1614998878481
[06/03/21 02:47:58:487 GMT]  INFO util.AdminLogger: UserId : system : class com.dotcms.contenttype.business.ContentTypeAPIImpl : ContentType : ContentType saved : testName1614998878481
[06/03/21 02:47:58:488 GMT]  INFO business.WorkflowAPIImpl: Saving Schemas: d61a59e1-a49c-46f2-a929-db2b4bfa88b2 for Content type 0f5203bd-f8d1-4dc7-9c1a-08c43dc292aa
[06/03/21 02:47:58:488 GMT]  INFO util.SecurityLogger: class com.dotmarketing.portlets.workflows.business.WorkflowAPIImpl : Saving Schemas: d61a59e1-a49c-46f2-a929-db2b4bfa88b2 for Content type 0f5203bd-f8d1-4dc7-9c1a-08c43dc292aa -- ip:127.0.0.1,user:system user system user [ID: system][email:system@dotcmsfakeemail.org]
[06/03/21 02:47:58:490 GMT]  INFO caffine.CaffineCache: ***	 Building Cache : workflowstepcache, size:1000,Concurrency:32
[06/03/21 02:47:58:490 GMT]  INFO caffine.CaffineCache: ***	 Building Cache : workflowstepcache, size:1000,Concurrency:32
[06/03/21 02:47:58:495 GMT]  INFO caffine.CaffineCache: ***	 Building Cache : workflowstepcache, size:1000,Concurrency:32
[06/03/21 02:47:58:495 GMT]  INFO caffine.CaffineCache: ***	 Building Cache : workflowstepcache, size:1000,Concurrency:32
[06/03/21 02:47:58:496 GMT]  INFO caffine.CaffineCache: ***	 Building Cache : workflowstepcache, size:1000,Concurrency:32
[06/03/21 02:47:58:496 GMT]  INFO caffine.CaffineCache: ***	 Building Cache : workflowstepcache, size:1000,Concurrency:32
[06/03/21 02:47:58:500 GMT]  INFO junit.RuleWatcher: >>>>>>>>>>>>>>>>>>>>>>>>>>
[06/03/21 02:47:58:500 GMT]  INFO junit.RuleWatcher: >>> test404Cache(com.dotcms.uuid.shorty.LegacyShortyIdApiTest) - starting...
[06/03/21 02:47:58:500 GMT]  INFO junit.RuleWatcher: >>>>>>>>>>>>>>>>>>>>>>>>>>
[06/03/21 02:47:58:500 GMT]  INFO caffine.CaffineCache: ***	 Building Cache : workflowstepcache, size:1000,Concurrency:32
[06/03/21 02:47:58:501 GMT]  INFO caffine.CaffineCache: ***	 Building Cache : workflowstepcache, size:1000,Concurrency:32
[06/03/21 02:47:58:519 GMT]  INFO junit.RuleWatcher: >>>>>>>>>>>>>>>>>>>>>>>>>>
[06/03/21 02:47:58:520 GMT]  INFO junit.RuleWatcher: >>> test_shortify[0: (, )](com.dotcms.uuid.shorty.LegacyShortyIdApiTest) - starting...
[06/03/21 02:47:58:520 GMT]  INFO junit.RuleWatcher: >>>>>>>>>>>>>>>>>>>>>>>>>>
[06/03/21 02:47:58:520 GMT]  INFO junit.RuleWatcher: >>>>>>>>>>>>>>>>>>>>>>>>>>
[06/03/21 02:47:58:520 GMT]  INFO junit.RuleWatcher: >>> test_shortify[1: (1234, 1234)](com.dotcms.uuid.shorty.LegacyShortyIdApiTest) - starting...
[06/03/21 02:47:58:520 GMT]  INFO junit.RuleWatcher: >>>>>>>>>>>>>>>>>>>>>>>>>>
[06/03/21 02:47:58:520 GMT]  INFO junit.RuleWatcher: >>>>>>>>>>>>>>>>>>>>>>>>>>
[06/03/21 02:47:58:520 GMT]  INFO junit.RuleWatcher: >>> test_shortify[2: (12345, 12345)](com.dotcms.uuid.shorty.LegacyShortyIdApiTest) - starting...
[06/03/21 02:47:58:520 GMT]  INFO junit.RuleWatcher: >>>>>>>>>>>>>>>>>>>>>>>>>>
[06/03/21 02:47:58:521 GMT]  INFO junit.RuleWatcher: >>>>>>>>>>>>>>>>>>>>>>>>>>
[06/03/21 02:47:58:521 GMT]  INFO junit.RuleWatcher: >>> test_shortify[3: (12345-6, 123456)](com.dotcms.uuid.shorty.LegacyShortyIdApiTest) - starting...
[06/03/21 02:47:58:521 GMT]  INFO junit.RuleWatcher: >>>>>>>>>>>>>>>>>>>>>>>>>>
[06/03/21 02:47:58:521 GMT]  INFO junit.RuleWatcher: >>>>>>>>>>>>>>>>>>>>>>>>>>
[06/03/21 02:47:58:521 GMT]  INFO junit.RuleWatcher: >>> test_shortify[4: (12345-67, 1234567)](com.dotcms.uuid.shorty.LegacyShortyIdApiTest) - starting...
[06/03/21 02:47:58:521 GMT]  INFO junit.RuleWatcher: >>>>>>>>>>>>>>>>>>>>>>>>>>
[06/03/21 02:47:58:521 GMT]  INFO junit.RuleWatcher: >>>>>>>>>>>>>>>>>>>>>>>>>>
[06/03/21 02:47:58:521 GMT]  INFO junit.RuleWatcher: >>> test_shortify[5: (12345-678, 12345678)](com.dotcms.uuid.shorty.LegacyShortyIdApiTest) - starting...
[06/03/21 02:47:58:521 GMT]  INFO junit.RuleWatcher: >>>>>>>>>>>>>>>>>>>>>>>>>>
[06/03/21 02:47:58:522 GMT]  INFO junit.RuleWatcher: >>>>>>>>>>>>>>>>>>>>>>>>>>
[06/03/21 02:47:58:522 GMT]  INFO junit.RuleWatcher: >>> test_shortify[6: (12345-6789, 123456789)](com.dotcms.uuid.shorty.LegacyShortyIdApiTest) - starting...
[06/03/21 02:47:58:522 GMT]  INFO junit.RuleWatcher: >>>>>>>>>>>>>>>>>>>>>>>>>>
[06/03/21 02:47:58:522 GMT]  INFO junit.RuleWatcher: >>>>>>>>>>>>>>>>>>>>>>>>>>
[06/03/21 02:47:58:522 GMT]  INFO junit.RuleWatcher: >>> test_shortify[7: (12345-6789-0, 1234567890)](com.dotcms.uuid.shorty.LegacyShortyIdApiTest) - starting...
[06/03/21 02:47:58:522 GMT]  INFO junit.RuleWatcher: >>>>>>>>>>>>>>>>>>>>>>>>>>
[06/03/21 02:47:58:522 GMT]  INFO junit.RuleWatcher: >>>>>>>>>>>>>>>>>>>>>>>>>>
[06/03/21 02:47:58:523 GMT]  INFO junit.RuleWatcher: >>> test_shortify[8: (12345-6789-01, 1234567890)](com.dotcms.uuid.shorty.LegacyShortyIdApiTest) - starting...
[06/03/21 02:47:58:523 GMT]  INFO junit.RuleWatcher: >>>>>>>>>>>>>>>>>>>>>>>>>>
[06/03/21 02:47:58:523 GMT]  INFO junit.RuleWatcher: >>>>>>>>>>>>>>>>>>>>>>>>>>
[06/03/21 02:47:58:523 GMT]  INFO junit.RuleWatcher: >>> test_shortify[9: (12345-6789-012, 1234567890)](com.dotcms.uuid.shorty.LegacyShortyIdApiTest) - starting...
[06/03/21 02:47:58:523 GMT]  INFO junit.RuleWatcher: >>>>>>>>>>>>>>>>>>>>>>>>>>
[06/03/21 02:47:58:523 GMT]  INFO junit.RuleWatcher: >>>>>>>>>>>>>>>>>>>>>>>>>>
[06/03/21 02:47:58:523 GMT]  INFO junit.RuleWatcher: >>> test_shortify[10: (12345-6789-011-12, 1234567890)](com.dotcms.uuid.shorty.LegacyShortyIdApiTest) - starting...
[06/03/21 02:47:58:523 GMT]  INFO junit.RuleWatcher: >>>>>>>>>>>>>>>>>>>>>>>>>>
[06/03/21 02:47:58:523 GMT]  INFO junit.RuleWatcher: >>>>>>>>>>>>>>>>>>>>>>>>>>
[06/03/21 02:47:58:523 GMT]  INFO junit.RuleWatcher: >>> testShortyLookup(com.dotcms.uuid.shorty.LegacyShortyIdApiTest) - starting...
[06/03/21 02:47:58:523 GMT]  INFO junit.RuleWatcher: >>>>>>>>>>>>>>>>>>>>>>>>>>
[06/03/21 02:47:58:543 GMT]  INFO junit.RuleWatcher: >>>>>>>>>>>>>>>>>>>>>>>>>>
[06/03/21 02:47:58:543 GMT]  INFO junit.RuleWatcher: >>> test_shortify_modify_MINIMUM_SHORTY_ID_LENGTH_success(com.dotcms.uuid.shorty.LegacyShortyIdApiTest) - starting...
[06/03/21 02:47:58:543 GMT]  INFO junit.RuleWatcher: >>>>>>>>>>>>>>>>>>>>>>>>>>
[06/03/21 02:47:58:543 GMT]  INFO junit.RuleWatcher: >>>>>>>>>>>>>>>>>>>>>>>>>>
[06/03/21 02:47:58:544 GMT]  INFO junit.RuleWatcher: >>> testShortyCache(com.dotcms.uuid.shorty.LegacyShortyIdApiTest) - starting...
[06/03/21 02:47:58:544 GMT]  INFO junit.RuleWatcher: >>>>>>>>>>>>>>>>>>>>>>>>>>
[06/03/21 02:47:58:545 GMT]  INFO junit.RuleWatcher: >>>>>>>>>>>>>>>>>>>>>>>>>>
[06/03/21 02:47:58:545 GMT]  INFO junit.RuleWatcher: >>> testValidShorty[0: (asdd-1234-asdasda-asda, true)](com.dotcms.uuid.shorty.LegacyShortyIdApiTest) - starting...
[06/03/21 02:47:58:545 GMT]  INFO junit.RuleWatcher: >>>>>>>>>>>>>>>>>>>>>>>>>>
[06/03/21 02:47:58:545 GMT]  INFO junit.RuleWatcher: >>>>>>>>>>>>>>>>>>>>>>>>>>
[06/03/21 02:47:58:545 GMT]  INFO junit.RuleWatcher: >>> testValidShorty[1: (asd87-234-214, true)](com.dotcms.uuid.shorty.LegacyShortyIdApiTest) - starting...
[06/03/21 02:47:58:545 GMT]  INFO junit.RuleWatcher: >>>>>>>>>>>>>>>>>>>>>>>>>>
[06/03/21 02:47:58:545 GMT]  INFO junit.RuleWatcher: >>>>>>>>>>>>>>>>>>>>>>>>>>
[06/03/21 02:47:58:545 GMT]  INFO junit.RuleWatcher: >>> testValidShorty[2: (asd87-234:-251, false)](com.dotcms.uuid.shorty.LegacyShortyIdApiTest) - starting...
[06/03/21 02:47:58:545 GMT]  INFO junit.RuleWatcher: >>>>>>>>>>>>>>>>>>>>>>>>>>
[06/03/21 02:47:58:546 GMT]  INFO junit.RuleWatcher: >>>>>>>>>>>>>>>>>>>>>>>>>>
[06/03/21 02:47:58:546 GMT]  INFO junit.RuleWatcher: >>> testValidShorty[3: (asd87-234;-251, false)](com.dotcms.uuid.shorty.LegacyShortyIdApiTest) - starting...
[06/03/21 02:47:58:546 GMT]  INFO junit.RuleWatcher: >>>>>>>>>>>>>>>>>>>>>>>>>>
[06/03/21 02:47:58:546 GMT]  INFO junit.RuleWatcher: >>>>>>>>>>>>>>>>>>>>>>>>>>
[06/03/21 02:47:58:546 GMT]  INFO junit.RuleWatcher: >>> testValidShorty[4: (asd87-234"-251, false)](com.dotcms.uuid.shorty.LegacyShortyIdApiTest) - starting...
[06/03/21 02:47:58:546 GMT]  INFO junit.RuleWatcher: >>>>>>>>>>>>>>>>>>>>>>>>>>
[06/03/21 02:47:58:546 GMT]  INFO junit.RuleWatcher: >>>>>>>>>>>>>>>>>>>>>>>>>>
[06/03/21 02:47:58:546 GMT]  INFO junit.RuleWatcher: >>> testValidShorty[5: (asd87-234*-251, false)](com.dotcms.uuid.shorty.LegacyShortyIdApiTest) - starting...
[06/03/21 02:47:58:546 GMT]  INFO junit.RuleWatcher: >>>>>>>>>>>>>>>>>>>>>>>>>>
[06/03/21 02:47:58:547 GMT]  INFO junit.RuleWatcher: >>>>>>>>>>>>>>>>>>>>>>>>>>
[06/03/21 02:47:58:547 GMT]  INFO junit.RuleWatcher: >>> testValidShorty[6: (asd87_232_251, false)](com.dotcms.uuid.shorty.LegacyShortyIdApiTest) - starting...
[06/03/21 02:47:58:547 GMT]  INFO junit.RuleWatcher: >>>>>>>>>>>>>>>>>>>>>>>>>>
[06/03/21 02:47:58:547 GMT]  INFO junit.RuleWatcher: >>>>>>>>>>>>>>>>>>>>>>>>>>
[06/03/21 02:47:58:547 GMT]  INFO junit.RuleWatcher: >>> testValidShorty[7: (null, false)](com.dotcms.uuid.shorty.LegacyShortyIdApiTest) - starting...
[06/03/21 02:47:58:547 GMT]  INFO junit.RuleWatcher: >>>>>>>>>>>>>>>>>>>>>>>>>>
[06/03/21 02:47:58:547 GMT]  INFO junit.RuleWatcher: >>>>>>>>>>>>>>>>>>>>>>>>>>
[06/03/21 02:47:58:547 GMT]  INFO junit.RuleWatcher: >>> testValidShorty[8: (asd81, false)](com.dotcms.uuid.shorty.LegacyShortyIdApiTest) - starting...
[06/03/21 02:47:58:547 GMT]  INFO junit.RuleWatcher: >>>>>>>>>>>>>>>>>>>>>>>>>>
[06/03/21 02:47:58:547 GMT]  INFO junit.RuleWatcher: >>>>>>>>>>>>>>>>>>>>>>>>>>
[06/03/21 02:47:58:547 GMT]  INFO junit.RuleWatcher: >>> test404CacheInvalidation(com.dotcms.uuid.shorty.LegacyShortyIdApiTest) - starting...
[06/03/21 02:47:58:547 GMT]  INFO junit.RuleWatcher: >>>>>>>>>>>>>>>>>>>>>>>>>>
[06/03/21 02:47:58:552 GMT] ERROR business.ChainableCacheAdministratorImpl: The cache to locally remove key is invalid. The value was :hostcache
[06/03/21 02:47:58:552 GMT]  INFO caffine.CaffineCache: ***	 Building Cache : hostaliascache, size:1000,Concurrency:32
[06/03/21 02:47:58:553 GMT]  INFO util.ActivityLogger: class com.dotcms.content.elasticsearch.business.ESContentletAPIImpl: system : Saving Content , StartDate: N/D; EndDate: N/D; User:system; ContentIdentifier: 
[06/03/21 02:47:58:555 GMT]  INFO caffine.CaffineCache: ***	 Building Cache : esquerycache, size:1000,Concurrency:32
[06/03/21 02:47:58:617 GMT]  INFO caffine.CaffineCache: ***	 Building Cache : esquerycache, size:1000,Concurrency:32
[06/03/21 02:47:58:617 GMT]  INFO caffine.CaffineCache: ***	 Building Cache : esquerycountcache, size:1000,Concurrency:32
[06/03/21 02:47:58:617 GMT]  INFO caffine.CaffineCache: ***	 Building Cache : esquerycountcache, size:1000,Concurrency:32
[06/03/21 02:47:58:652 GMT]  INFO caffine.CaffineCache: ***	 Building Cache : workflowstepcache, size:1000,Concurrency:32
[06/03/21 02:47:58:652 GMT]  INFO caffine.CaffineCache: ***	 Building Cache : workflowstepcache, size:1000,Concurrency:32
[06/03/21 02:47:58:657 GMT]  INFO caffine.CaffineCache: ***	 Building Cache : esquerycache, size:1000,Concurrency:32
[06/03/21 02:47:58:657 GMT]  INFO caffine.CaffineCache: ***	 Building Cache : esquerycache, size:1000,Concurrency:32
[06/03/21 02:47:58:657 GMT]  INFO caffine.CaffineCache: ***	 Building Cache : esquerycountcache, size:1000,Concurrency:32
[06/03/21 02:47:58:657 GMT]  INFO caffine.CaffineCache: ***	 Building Cache : esquerycountcache, size:1000,Concurrency:32
[06/03/21 02:47:58:662 GMT]  INFO caffine.CaffineCache: ***	 Building Cache : hostaliascache, size:1000,Concurrency:32
[06/03/21 02:47:58:662 GMT]  INFO caffine.CaffineCache: ***	 Building Cache : workflowstepcache, size:1000,Concurrency:32
[06/03/21 02:47:58:662 GMT]  INFO caffine.CaffineCache: ***	 Building Cache : hostaliascache, size:1000,Concurrency:32
[06/03/21 02:47:58:662 GMT]  INFO caffine.CaffineCache: ***	 Building Cache : hostaliascache, size:1000,Concurrency:32
[06/03/21 02:47:58:662 GMT]  INFO caffine.CaffineCache: ***	 Building Cache : workflowstepcache, size:1000,Concurrency:32
[06/03/21 02:47:58:662 GMT]  INFO caffine.CaffineCache: ***	 Building Cache : hostaliascache, size:1000,Concurrency:32
[06/03/21 02:47:58:667 GMT]  INFO caffine.CaffineCache: ***	 Building Cache : hostaliascache, size:1000,Concurrency:32
[06/03/21 02:47:58:667 GMT]  INFO caffine.CaffineCache: ***	 Building Cache : hostaliascache, size:1000,Concurrency:32
[06/03/21 02:47:58:696 GMT]  INFO caffine.CaffineCache: ***	 Building Cache : esquerycache, size:1000,Concurrency:32
[06/03/21 02:47:58:696 GMT]  INFO caffine.CaffineCache: ***	 Building Cache : esquerycountcache, size:1000,Concurrency:32
[06/03/21 02:47:58:696 GMT]  INFO caffine.CaffineCache: ***	 Building Cache : esquerycache, size:1000,Concurrency:32
[06/03/21 02:47:58:696 GMT]  INFO caffine.CaffineCache: ***	 Building Cache : esquerycountcache, size:1000,Concurrency:32
[06/03/21 02:47:58:722 GMT]  INFO caffine.CaffineCache: ***	 Building Cache : esquerycache, size:1000,Concurrency:32
[06/03/21 02:47:58:722 GMT]  INFO caffine.CaffineCache: ***	 Building Cache : esquerycountcache, size:1000,Concurrency:32
[06/03/21 02:47:58:722 GMT]  INFO caffine.CaffineCache: ***	 Building Cache : esquerycache, size:1000,Concurrency:32
[06/03/21 02:47:58:722 GMT]  INFO caffine.CaffineCache: ***	 Building Cache : esquerycountcache, size:1000,Concurrency:32
[06/03/21 02:47:58:724 GMT]  INFO business.ContentletIndexAPIImpl: Indexing: 0d11c99e-ece0-42dd-a3d8-2b9485626333 : test1614998878552.dotcms.com, includeDependencies: true, policy: WAIT_FOR
[06/03/21 02:47:58:762 GMT]  INFO caffine.CaffineCache: ***	 Building Cache : esquerycache, size:1000,Concurrency:32
[06/03/21 02:47:58:766 GMT]  INFO util.ActivityLogger: class com.dotcms.content.elasticsearch.business.ESContentletAPIImpl: System Host : Content Saved , StartDate: N/D; EndDate: N/D; User:system; ContentIdentifier: 0d11c99e-ece0-42dd-a3d8-2b9485626333
[06/03/21 02:47:58:766 GMT]  INFO caffine.CaffineCache: ***	 Building Cache : hostaliascache, size:1000,Concurrency:32
[06/03/21 02:47:58:766 GMT]  INFO caffine.CaffineCache: ***	 Building Cache : hostaliascache, size:1000,Concurrency:32
[06/03/21 02:47:58:768 GMT] ERROR business.ChainableCacheAdministratorImpl: The cache to locally remove key is invalid. The value was :hostcache
[06/03/21 02:47:58:768 GMT]  INFO caffine.CaffineCache: ***	 Building Cache : hostaliascache, size:1000,Concurrency:32
[06/03/21 02:47:58:768 GMT]  INFO caffine.CaffineCache: ***	 Building Cache : hostaliascache, size:1000,Concurrency:32
[06/03/21 02:47:58:778 GMT]  INFO caffine.CaffineCache: ***	 Building Cache : esquerycountcache, size:1000,Concurrency:32
[06/03/21 02:47:58:779 GMT]  INFO caffine.CaffineCache: ***	 Building Cache : esquerycache, size:1000,Concurrency:32
[06/03/21 02:47:58:779 GMT]  INFO caffine.CaffineCache: ***	 Building Cache : esquerycountcache, size:1000,Concurrency:32
[06/03/21 02:47:58:812 GMT] ERROR business.ChainableCacheAdministratorImpl: The cache to locally remove key is invalid. The value was :hostcache
[06/03/21 02:47:58:812 GMT]  INFO caffine.CaffineCache: ***	 Building Cache : hostaliascache, size:1000,Concurrency:32
[06/03/21 02:47:58:812 GMT]  INFO caffine.CaffineCache: ***	 Building Cache : hostaliascache, size:1000,Concurrency:32
[06/03/21 02:47:58:814 GMT]  INFO caffine.CaffineCache: ***	 Building Cache : esquerycache, size:1000,Concurrency:32
[06/03/21 02:47:58:814 GMT]  INFO caffine.CaffineCache: ***	 Building Cache : esquerycountcache, size:1000,Concurrency:32
[06/03/21 02:47:58:821 GMT]  INFO caffine.CaffineCache: ***	 Building Cache : esquerycache, size:1000,Concurrency:32
[06/03/21 02:47:58:821 GMT]  INFO caffine.CaffineCache: ***	 Building Cache : esquerycountcache, size:1000,Concurrency:32
[06/03/21 02:47:59:022 GMT]  INFO caffine.CaffineCache: ***	 Building Cache : hostaliascache, size:1000,Concurrency:32
[06/03/21 02:47:59:022 GMT]  INFO caffine.CaffineCache: ***	 Building Cache : hostaliascache, size:1000,Concurrency:32
[06/03/21 02:47:59:025 GMT]  INFO caffine.CaffineCache: ***	 Building Cache : esquerycache, size:1000,Concurrency:32
[06/03/21 02:47:59:029 GMT]  INFO util.ActivityLogger: class com.dotcms.content.elasticsearch.business.ESContentletAPIImpl: System Host : Publishing Content , StartDate: N/D; EndDate: N/D; User:system; ContentIdentifier: 0d11c99e-ece0-42dd-a3d8-2b9485626333
[06/03/21 02:47:59:034 GMT]  INFO business.ContentletIndexAPIImpl: Indexing: 0d11c99e-ece0-42dd-a3d8-2b9485626333 : test1614998878552.dotcms.com, includeDependencies: true, policy: FORCE
[06/03/21 02:47:59:072 GMT]  INFO caffine.CaffineCache: ***	 Building Cache : esquerycountcache, size:1000,Concurrency:32
[06/03/21 02:47:59:074 GMT]  INFO caffine.CaffineCache: ***	 Building Cache : esquerycache, size:1000,Concurrency:32
[06/03/21 02:47:59:077 GMT]  INFO util.ActivityLogger: class com.dotcms.content.elasticsearch.business.ESContentletAPIImpl: System Host : Content Published , StartDate: N/D; EndDate: N/D; User:system; ContentIdentifier: 0d11c99e-ece0-42dd-a3d8-2b9485626333
[06/03/21 02:47:59:085 GMT]  INFO caffine.CaffineCache: ***	 Building Cache : esquerycountcache, size:1000,Concurrency:32
[06/03/21 02:47:59:103 GMT]  INFO caffine.CaffineCache: ***	 Building Cache : esquerycache, size:1000,Concurrency:32
[06/03/21 02:47:59:103 GMT]  INFO caffine.CaffineCache: ***	 Building Cache : esquerycountcache, size:1000,Concurrency:32
[06/03/21 02:47:59:135 GMT]  INFO caffine.CaffineCache: ***	 Building Cache : esquerycache, size:1000,Concurrency:32
[06/03/21 02:47:59:135 GMT]  INFO caffine.CaffineCache: ***	 Building Cache : esquerycountcache, size:1000,Concurrency:32
[06/03/21 02:47:59:150 GMT]  INFO caffine.CaffineCache: ***	 Building Cache : esquerycache, size:1000,Concurrency:32
[06/03/21 02:47:59:150 GMT]  INFO caffine.CaffineCache: ***	 Building Cache : esquerycountcache, size:1000,Concurrency:32
[06/03/21 02:47:59:152 GMT]  INFO caffine.CaffineCache: ***	 Building Cache : esquerycache, size:1000,Concurrency:32
[06/03/21 02:47:59:153 GMT]  INFO caffine.CaffineCache: ***	 Building Cache : esquerycountcache, size:1000,Concurrency:32
[06/03/21 02:47:59:155 GMT]  INFO caffine.CaffineCache: ***	 Building Cache : hostaliascache, size:1000,Concurrency:32
[06/03/21 02:47:59:155 GMT]  INFO caffine.CaffineCache: ***	 Building Cache : hostaliascache, size:1000,Concurrency:32
[06/03/21 02:47:59:156 GMT]  WARN shorty.ShortyIdAPIImpl: An error occurred when getting shorty value for '' of type 'CONTENT': shorty  is not a short id.  Short Ids should be 10 chars in length
