[09/03/21 22:54:37:305 GMT]  INFO publishing.PublisherAPIImpl: Writing bundle.xml file
[09/03/21 22:54:37:306 GMT]  INFO publishing.PublisherAPIImpl: Start of Bundler: DependencyBundler
[09/03/21 22:54:37:309 GMT]  INFO util.DependencyManager: PublisherFilter { excludeClassesSet = [] , excludeDependencyClassesSet = [] , excludeQueryIds = [] , excludeDependencyQueryIds = [] , relationships = true , dependencies = true}
[09/03/21 22:54:37:319 GMT]  INFO publishing.PublisherAPIImpl: End of Bundler: DependencyBundler
[09/03/21 22:54:37:319 GMT]  INFO publishing.PublisherAPIImpl: Start of Bundler: HostBundler
[09/03/21 22:54:37:321 GMT]  INFO bundler.HostBundler: Searching for ContentletVersionInfo. Identifier: 8a7d5e23-da1e-420a-b4f0-471e7da8ea2d. Language:1
[09/03/21 22:54:37:322 GMT]  INFO bundler.HostBundler: Searching for ContentletVersionInfo. Identifier: 8a7d5e23-da1e-420a-b4f0-471e7da8ea2d. Language:1
[09/03/21 22:54:37:324 GMT]  INFO publishing.PublisherAPIImpl: End of Bundler: HostBundler
[09/03/21 22:54:37:324 GMT]  INFO publishing.PublisherAPIImpl: Start of Bundler: ContentBundler
[09/03/21 22:54:37:331 GMT]  INFO publishing.PublisherAPIImpl: End of Bundler: ContentBundler
[09/03/21 22:54:37:331 GMT]  INFO publishing.PublisherAPIImpl: Start of Bundler: FolderBundler
[09/03/21 22:54:37:331 GMT]  INFO publishing.PublisherAPIImpl: End of Bundler: FolderBundler
[09/03/21 22:54:37:331 GMT]  INFO publishing.PublisherAPIImpl: Start of Bundler: TemplateBundler
[09/03/21 22:54:37:331 GMT]  INFO publishing.PublisherAPIImpl: End of Bundler: TemplateBundler
[09/03/21 22:54:37:331 GMT]  INFO publishing.PublisherAPIImpl: Start of Bundler: ContainerBundler
[09/03/21 22:54:37:331 GMT]  INFO publishing.PublisherAPIImpl: End of Bundler: ContainerBundler
[09/03/21 22:54:37:331 GMT]  INFO publishing.PublisherAPIImpl: Start of Bundler: RuleBundler
[09/03/21 22:54:37:332 GMT]  INFO publishing.PublisherAPIImpl: End of Bundler: RuleBundler
[09/03/21 22:54:37:332 GMT]  INFO publishing.PublisherAPIImpl: Start of Bundler: LinkBundler
[09/03/21 22:54:37:332 GMT]  INFO publishing.PublisherAPIImpl: End of Bundler: LinkBundler
[09/03/21 22:54:37:332 GMT]  INFO publishing.PublisherAPIImpl: Start of Bundler: ContentTypeBundler
[09/03/21 22:54:37:335 GMT]  INFO publishing.PublisherAPIImpl: End of Bundler: ContentTypeBundler
[09/03/21 22:54:37:335 GMT]  INFO publishing.PublisherAPIImpl: Start of Bundler: RelationshipBundler
[09/03/21 22:54:37:335 GMT]  INFO publishing.PublisherAPIImpl: End of Bundler: RelationshipBundler
[09/03/21 22:54:37:335 GMT]  INFO publishing.PublisherAPIImpl: Start of Bundler: LanguageVariablesBundler
[09/03/21 22:54:37:337 GMT]  INFO publishing.PublisherAPIImpl: End of Bundler: LanguageVariablesBundler
[09/03/21 22:54:37:337 GMT]  INFO publishing.PublisherAPIImpl: Start of Bundler: WorkflowBundler
[09/03/21 22:54:37:354 GMT]  INFO publishing.PublisherAPIImpl: End of Bundler: WorkflowBundler
[09/03/21 22:54:37:354 GMT]  INFO publishing.PublisherAPIImpl: Start of Bundler: LanguageBundler
[09/03/21 22:54:37:354 GMT]  INFO publishing.PublisherAPIImpl: End of Bundler: LanguageBundler
[09/03/21 22:54:37:354 GMT]  INFO publishing.PublisherAPIImpl: Start of Bundler: BundleXMLAsc
[09/03/21 22:54:37:354 GMT]  INFO publishing.PublisherAPIImpl: End of Bundler: BundleXMLAsc
[09/03/21 22:54:37:354 GMT]  INFO publishing.PublisherAPIImpl: Start of Bundler: CategoryBundler
[09/03/21 22:54:37:354 GMT]  INFO publishing.PublisherAPIImpl: End of Bundler: CategoryBundler
[09/03/21 22:54:37:354 GMT]  INFO util.PushPublishLogger: class com.dotcms.publishing.PublisherAPIImpl : [BundleID: 01F0CK617RAC23CMS1XY7ZDGVF] Completed Publishing Task
[09/03/21 22:54:37:363 GMT]  INFO junit.RuleWatcher: >>>>>>>>>>>>>>>>>>>>>>>>>>
[09/03/21 22:54:37:363 GMT]  INFO junit.RuleWatcher: >>> publish[16: com.dotcms.publishing.PublisherAPIImplTest$TestCase@4bc103ce](com.dotcms.publishing.PublisherAPIImplTest) - starting...
[09/03/21 22:54:37:363 GMT]  INFO junit.RuleWatcher: >>>>>>>>>>>>>>>>>>>>>>>>>>
[09/03/21 22:54:37:363 GMT]  INFO publishing.PublisherAPIImplTest: languageVariables [com.dotmarketing.portlets.contentlet.model.Contentlet@31a00eee[map={owner=system, identifier=01b25631-b8b9-4cf0-99e8-4f4102701366, nullProperties=[wfExpireDate, filterKey, whereToSend, wfPublishDate, wfNeverExpire, wfActionAssign, iWantTo, wfActionId, wfPublishTime, wfActionComments, wfExpireTime], modDate=2021-03-09 22:13:28.517, languageId=1615328008474, inode=c67c64dc-66c0-49be-a417-5eed0842e785, folder=SYSTEM_FOLDER, disabledWYSIWYG=[], sortOrder=0, modUser=system, host=8a7d5e23-da1e-420a-b4f0-471e7da8ea2d, stInode=f4d7c1b8-2c88-4071-abf1-a5328977b07d, value=key-exists-as-contentletbfe12e6518works, key=key-exists-as-contentletbfe12e6518},lowIndexPriority=false], com.dotmarketing.portlets.contentlet.model.Contentlet@6713e3b1[map={owner=system, identifier=5109a050-86a4-4d63-870d-1258f1c5cd40, nullProperties=[wfExpireDate, filterKey, whereToSend, wfPublishDate, wfNeverExpire, wfActionAssign, iWantTo, wfActionId, wfPublishTime, wfActionComments, wfExpireTime], modDate=2021-03-09 22:09:05.951, languageId=1, inode=d40b3618-2fc5-41bc-a075-1091ce57d8a1, folder=SYSTEM_FOLDER, disabledWYSIWYG=[], sortOrder=0, modUser=dotcms.org.1, host=SYSTEM_HOST, stInode=f4d7c1b8-2c88-4071-abf1-a5328977b07d, value=test, key=testVarname1615326490218.test1615326490218.name},lowIndexPriority=false], com.dotmarketing.portlets.contentlet.model.Contentlet@4006e430[map={owner=system, identifier=9e002e5d-56e3-4419-9b72-3c3a60266b1e, nullProperties=[wfExpireDate, filterKey, whereToSend, wfPublishDate, wfNeverExpire, wfActionAssign, iWantTo, wfActionId, wfPublishTime, wfActionComments, wfExpireTime], modDate=2021-03-09 21:48:10.766, languageId=1, inode=854839d2-84c7-4880-83dc-2df2802b9796, folder=SYSTEM_FOLDER, disabledWYSIWYG=[], sortOrder=0, modUser=system, host=SYSTEM_HOST, stInode=f4d7c1b8-2c88-4071-abf1-a5328977b07d, value=test, key=testVarname1615326490682.test1615326490682.name},lowIndexPriority=false]]
[09/03/21 22:54:37:363 GMT]  INFO util.StdOutErrLog: [class com.dotcms.publishing.PublisherAPIImplTest$PushPublisherMock]
[09/03/21 22:54:37:365 GMT]  INFO util.PushPublishLogger: class com.dotcms.publishing.PublisherAPIImpl : [BundleID: 01F0CK619MMCD4BK7GYKMAVR6X] Started Publishing Task
[09/03/21 22:54:37:365 GMT]  INFO publishing.PublisherAPIImpl: Writing bundle.xml file
[09/03/21 22:54:37:366 GMT]  INFO publishing.PublisherAPIImpl: Start of Bundler: DependencyBundler
[09/03/21 22:54:37:369 GMT]  INFO util.DependencyManager: PublisherFilter { excludeClassesSet = [] , excludeDependencyClassesSet = [] , excludeQueryIds = [] , excludeDependencyQueryIds = [] , relationships = true , dependencies = true}
[09/03/21 22:54:37:380 GMT]  INFO publishing.PublisherAPIImpl: End of Bundler: DependencyBundler
[09/03/21 22:54:37:380 GMT]  INFO publishing.PublisherAPIImpl: Start of Bundler: HostBundler
[09/03/21 22:54:37:381 GMT]  INFO bundler.HostBundler: Searching for ContentletVersionInfo. Identifier: 8a7d5e23-da1e-420a-b4f0-471e7da8ea2d. Language:1
[09/03/21 22:54:37:383 GMT]  INFO bundler.HostBundler: Searching for ContentletVersionInfo. Identifier: 8a7d5e23-da1e-420a-b4f0-471e7da8ea2d. Language:1
[09/03/21 22:54:37:384 GMT]  INFO publishing.PublisherAPIImpl: End of Bundler: HostBundler
[09/03/21 22:54:37:384 GMT]  INFO publishing.PublisherAPIImpl: Start of Bundler: ContentBundler
[09/03/21 22:54:37:391 GMT]  INFO publishing.PublisherAPIImpl: End of Bundler: ContentBundler
[09/03/21 22:54:37:391 GMT]  INFO publishing.PublisherAPIImpl: Start of Bundler: FolderBundler
[09/03/21 22:54:37:391 GMT]  INFO publishing.PublisherAPIImpl: End of Bundler: FolderBundler
[09/03/21 22:54:37:391 GMT]  INFO publishing.PublisherAPIImpl: Start of Bundler: TemplateBundler
[09/03/21 22:54:37:391 GMT]  INFO publishing.PublisherAPIImpl: End of Bundler: TemplateBundler
[09/03/21 22:54:37:391 GMT]  INFO publishing.PublisherAPIImpl: Start of Bundler: ContainerBundler
[09/03/21 22:54:37:391 GMT]  INFO publishing.PublisherAPIImpl: End of Bundler: ContainerBundler
[09/03/21 22:54:37:391 GMT]  INFO publishing.PublisherAPIImpl: Start of Bundler: RuleBundler
[09/03/21 22:54:37:392 GMT]  INFO publishing.PublisherAPIImpl: End of Bundler: RuleBundler
[09/03/21 22:54:37:392 GMT]  INFO publishing.PublisherAPIImpl: Start of Bundler: LinkBundler
[09/03/21 22:54:37:392 GMT]  INFO publishing.PublisherAPIImpl: End of Bundler: LinkBundler
[09/03/21 22:54:37:392 GMT]  INFO publishing.PublisherAPIImpl: Start of Bundler: ContentTypeBundler
[09/03/21 22:54:37:395 GMT]  INFO publishing.PublisherAPIImpl: End of Bundler: ContentTypeBundler
[09/03/21 22:54:37:395 GMT]  INFO publishing.PublisherAPIImpl: Start of Bundler: RelationshipBundler
[09/03/21 22:54:37:395 GMT]  INFO publishing.PublisherAPIImpl: End of Bundler: RelationshipBundler
[09/03/21 22:54:37:395 GMT]  INFO publishing.PublisherAPIImpl: Start of Bundler: LanguageVariablesBundler
[09/03/21 22:54:37:397 GMT]  INFO publishing.PublisherAPIImpl: End of Bundler: LanguageVariablesBundler
[09/03/21 22:54:37:397 GMT]  INFO publishing.PublisherAPIImpl: Start of Bundler: WorkflowBundler
[09/03/21 22:54:37:413 GMT]  INFO publishing.PublisherAPIImpl: End of Bundler: WorkflowBundler
[09/03/21 22:54:37:413 GMT]  INFO publishing.PublisherAPIImpl: Start of Bundler: LanguageBundler
[09/03/21 22:54:37:414 GMT]  INFO publishing.PublisherAPIImpl: End of Bundler: LanguageBundler
[09/03/21 22:54:37:414 GMT]  INFO publishing.PublisherAPIImpl: Start of Bundler: BundleXMLAsc
[09/03/21 22:54:37:414 GMT]  INFO publishing.PublisherAPIImpl: End of Bundler: BundleXMLAsc
[09/03/21 22:54:37:414 GMT]  INFO publishing.PublisherAPIImpl: Start of Bundler: CategoryBundler
[09/03/21 22:54:37:414 GMT]  INFO publishing.PublisherAPIImpl: End of Bundler: CategoryBundler
[09/03/21 22:54:37:414 GMT]  INFO util.PushPublishLogger: class com.dotcms.publishing.PublisherAPIImpl : [BundleID: 01F0CK619MMCD4BK7GYKMAVR6X] Completed Publishing Task
[09/03/21 22:54:37:420 GMT]  INFO junit.RuleWatcher: >>>>>>>>>>>>>>>>>>>>>>>>>>
[09/03/21 22:54:37:420 GMT]  INFO junit.RuleWatcher: >>> publish[17: com.dotcms.publishing.PublisherAPIImplTest$TestCase@4d9fea49](com.dotcms.publishing.PublisherAPIImplTest) - starting...
[09/03/21 22:54:37:420 GMT]  INFO junit.RuleWatcher: >>>>>>>>>>>>>>>>>>>>>>>>>>
[09/03/21 22:54:37:420 GMT]  INFO publishing.PublisherAPIImplTest: languageVariables [com.dotmarketing.portlets.contentlet.model.Contentlet@31a00eee[map={owner=system, identifier=01b25631-b8b9-4cf0-99e8-4f4102701366, nullProperties=[wfExpireDate, filterKey, whereToSend, wfPublishDate, wfNeverExpire, wfActionAssign, iWantTo, wfActionId, wfPublishTime, wfActionComments, wfExpireTime], modDate=2021-03-09 22:13:28.517, languageId=1615328008474, inode=c67c64dc-66c0-49be-a417-5eed0842e785, folder=SYSTEM_FOLDER, disabledWYSIWYG=[], sortOrder=0, modUser=system, host=8a7d5e23-da1e-420a-b4f0-471e7da8ea2d, stInode=f4d7c1b8-2c88-4071-abf1-a5328977b07d, value=key-exists-as-contentletbfe12e6518works, key=key-exists-as-contentletbfe12e6518},lowIndexPriority=false], com.dotmarketing.portlets.contentlet.model.Contentlet@6713e3b1[map={owner=system, identifier=5109a050-86a4-4d63-870d-1258f1c5cd40, nullProperties=[wfExpireDate, filterKey, whereToSend, wfPublishDate, wfNeverExpire, wfActionAssign, iWantTo, wfActionId, wfPublishTime, wfActionComments, wfExpireTime], modDate=2021-03-09 22:09:05.951, languageId=1, inode=d40b3618-2fc5-41bc-a075-1091ce57d8a1, folder=SYSTEM_FOLDER, disabledWYSIWYG=[], sortOrder=0, modUser=dotcms.org.1, host=SYSTEM_HOST, stInode=f4d7c1b8-2c88-4071-abf1-a5328977b07d, value=test, key=testVarname1615326490218.test1615326490218.name},lowIndexPriority=false], com.dotmarketing.portlets.contentlet.model.Contentlet@4006e430[map={owner=system, identifier=9e002e5d-56e3-4419-9b72-3c3a60266b1e, nullProperties=[wfExpireDate, filterKey, whereToSend, wfPublishDate, wfNeverExpire, wfActionAssign, iWantTo, wfActionId, wfPublishTime, wfActionComments, wfExpireTime], modDate=2021-03-09 21:48:10.766, languageId=1, inode=854839d2-84c7-4880-83dc-2df2802b9796, folder=SYSTEM_FOLDER, disabledWYSIWYG=[], sortOrder=0, modUser=system, host=SYSTEM_HOST, stInode=f4d7c1b8-2c88-4071-abf1-a5328977b07d, value=test, key=testVarname1615326490682.test1615326490682.name},lowIndexPriority=false]]
[09/03/21 22:54:37:420 GMT]  INFO util.StdOutErrLog: [class com.dotcms.publishing.PublisherAPIImplTest$PushPublisherMock]
[09/03/21 22:54:37:422 GMT]  INFO util.PushPublishLogger: class com.dotcms.publishing.PublisherAPIImpl : [BundleID: 01F0CK61BD20YRNE7BZWRQDF95] Started Publishing Task
[09/03/21 22:54:37:422 GMT]  INFO publishing.PublisherAPIImpl: Writing bundle.xml file
[09/03/21 22:54:37:427 GMT]  INFO publishing.PublisherAPIImpl: Start of Bundler: DependencyBundler
[09/03/21 22:54:37:434 GMT]  INFO util.DependencyManager: PublisherFilter { excludeClassesSet = [] , excludeDependencyClassesSet = [] , excludeQueryIds = [] , excludeDependencyQueryIds = [] , relationships = true , dependencies = true}
[09/03/21 22:54:37:448 GMT]  INFO publishing.PublisherAPIImpl: End of Bundler: DependencyBundler
[09/03/21 22:54:37:448 GMT]  INFO publishing.PublisherAPIImpl: Start of Bundler: HostBundler
[09/03/21 22:54:37:451 GMT]  INFO bundler.HostBundler: Searching for ContentletVersionInfo. Identifier: 8a7d5e23-da1e-420a-b4f0-471e7da8ea2d. Language:1
[09/03/21 22:54:37:454 GMT]  INFO bundler.HostBundler: Searching for ContentletVersionInfo. Identifier: 8a7d5e23-da1e-420a-b4f0-471e7da8ea2d. Language:1
[09/03/21 22:54:37:457 GMT]  INFO publishing.PublisherAPIImpl: End of Bundler: HostBundler
[09/03/21 22:54:37:457 GMT]  INFO publishing.PublisherAPIImpl: Start of Bundler: RuleBundler
[09/03/21 22:54:37:459 GMT]  INFO publishing.PublisherAPIImpl: End of Bundler: RuleBundler
[09/03/21 22:54:37:459 GMT]  INFO publishing.PublisherAPIImpl: Start of Bundler: BundleXMLAsc
[09/03/21 22:54:37:459 GMT]  INFO publishing.PublisherAPIImpl: End of Bundler: BundleXMLAsc
[09/03/21 22:54:37:459 GMT]  INFO publishing.PublisherAPIImpl: Start of Bundler: CategoryBundler
[09/03/21 22:54:37:459 GMT]  INFO publishing.PublisherAPIImpl: End of Bundler: CategoryBundler
[09/03/21 22:54:37:461 GMT]  INFO util.PushPublishLogger: class com.dotcms.publishing.PublisherAPIImpl : [BundleID: 01F0CK61BD20YRNE7BZWRQDF95] Completed Publishing Task
[09/03/21 22:54:37:477 GMT]  WARN shorty.ShortyIdAPIImpl: An error occurred when getting shorty value for '' of type 'CONTENT': shorty  is not a short id.  Short Ids should be 10 chars in length
[09/03/21 22:54:37:486 GMT]  WARN shorty.ShortyIdAPIImpl: An error occurred when getting shorty value for '' of type 'CONTENT': shorty  is not a short id.  Short Ids should be 10 chars in length
[09/03/21 22:54:37:492 GMT]  INFO util.ActivityLogger: class com.dotcms.content.elasticsearch.business.ESContentletAPIImpl: demo.dotcms.com : Saving Content , StartDate: N/D; EndDate: N/D; User:system; ContentIdentifier: 
[09/03/21 22:54:37:511 GMT]  INFO caffine.CaffineCache: ***	 Building Cache : esquerycache, size:1000,Concurrency:32
[09/03/21 22:54:37:511 GMT]  INFO caffine.CaffineCache: ***	 Building Cache : esquerycountcache, size:1000,Concurrency:32
[09/03/21 22:54:37:511 GMT]  INFO caffine.CaffineCache: ***	 Building Cache : esquerycountcache, size:1000,Concurrency:32
[09/03/21 22:54:37:534 GMT]  INFO caffine.CaffineCache: ***	 Building Cache : esquerycache, size:1000,Concurrency:32
[09/03/21 22:54:37:538 GMT]  INFO caffine.CaffineCache: ***	 Building Cache : esquerycountcache, size:1000,Concurrency:32
[09/03/21 22:54:37:539 GMT]  INFO caffine.CaffineCache: ***	 Building Cache : esquerycache, size:1000,Concurrency:32
[09/03/21 22:54:37:539 GMT]  INFO caffine.CaffineCache: ***	 Building Cache : esquerycountcache, size:1000,Concurrency:32
[09/03/21 22:54:37:542 GMT]  INFO business.ContentletIndexAPIImpl: Indexing: e0b28bb2-2011-4ba3-9035-b4b71470ec19 : TestContent, includeDependencies: true, policy: FORCE
[09/03/21 22:54:37:546 GMT]  INFO util.ActivityLogger: class com.dotcms.content.elasticsearch.business.ESContentletAPIImpl: demo.dotcms.com : Content Saved , StartDate: N/D; EndDate: N/D; User:system; ContentIdentifier: e0b28bb2-2011-4ba3-9035-b4b71470ec19
[09/03/21 22:54:37:553 GMT]  INFO caffine.CaffineCache: ***	 Building Cache : esquerycache, size:1000,Concurrency:32
[09/03/21 22:54:37:553 GMT]  INFO caffine.CaffineCache: ***	 Building Cache : esquerycountcache, size:1000,Concurrency:32
[09/03/21 22:54:37:559 GMT]  INFO caffine.CaffineCache: ***	 Building Cache : esquerycache, size:1000,Concurrency:32
[09/03/21 22:54:37:559 GMT]  INFO caffine.CaffineCache: ***	 Building Cache : esquerycountcache, size:1000,Concurrency:32
[09/03/21 22:54:37:568 GMT]  INFO util.SecurityLogger: class com.dotmarketing.portlets.workflows.business.WorkflowAPIImpl : The Workflow task with id:3cfe886e-21cd-49ef-a49c-3ff55c5f7480 has been saved. -- ip:ukn,user:null
[09/03/21 22:54:37:606 GMT]  INFO util.ActivityLogger: class com.dotcms.content.elasticsearch.business.ESContentletAPIImpl: demo.dotcms.com : Saving Content , StartDate: N/D; EndDate: N/D; User:system; ContentIdentifier: 
[09/03/21 22:54:37:617 GMT]  INFO caffine.CaffineCache: ***	 Building Cache : esquerycache, size:1000,Concurrency:32
[09/03/21 22:54:37:618 GMT]  INFO caffine.CaffineCache: ***	 Building Cache : esquerycache, size:1000,Concurrency:32
[09/03/21 22:54:37:618 GMT]  INFO caffine.CaffineCache: ***	 Building Cache : esquerycountcache, size:1000,Concurrency:32
[09/03/21 22:54:37:619 GMT]  INFO caffine.CaffineCache: ***	 Building Cache : esquerycountcache, size:1000,Concurrency:32
[09/03/21 22:54:37:652 GMT]  INFO caffine.CaffineCache: ***	 Building Cache : esquerycache, size:1000,Concurrency:32
[09/03/21 22:54:37:652 GMT]  INFO caffine.CaffineCache: ***	 Building Cache : esquerycache, size:1000,Concurrency:32
[09/03/21 22:54:37:652 GMT]  INFO caffine.CaffineCache: ***	 Building Cache : esquerycountcache, size:1000,Concurrency:32
[09/03/21 22:54:37:652 GMT]  INFO caffine.CaffineCache: ***	 Building Cache : esquerycountcache, size:1000,Concurrency:32
[09/03/21 22:54:37:710 GMT]  INFO caffine.CaffineCache: ***	 Building Cache : esquerycache, size:1000,Concurrency:32
[09/03/21 22:54:37:710 GMT]  INFO caffine.CaffineCache: ***	 Building Cache : esquerycountcache, size:1000,Concurrency:32
[09/03/21 22:54:37:710 GMT]  INFO caffine.CaffineCache: ***	 Building Cache : esquerycache, size:1000,Concurrency:32
[09/03/21 22:54:37:710 GMT]  INFO caffine.CaffineCache: ***	 Building Cache : esquerycountcache, size:1000,Concurrency:32
[09/03/21 22:54:37:720 GMT]  INFO business.ContentletIndexAPIImpl: Indexing: 55c5f298-46e2-4f8b-ab99-9b5e9b2081a2 : TestContent, includeDependencies: true, policy: FORCE
[09/03/21 22:54:37:724 GMT]  INFO util.ActivityLogger: class com.dotcms.content.elasticsearch.business.ESContentletAPIImpl: demo.dotcms.com : Content Saved , StartDate: N/D; EndDate: N/D; User:system; ContentIdentifier: 55c5f298-46e2-4f8b-ab99-9b5e9b2081a2
[09/03/21 22:54:37:728 GMT]  INFO caffine.CaffineCache: ***	 Building Cache : esquerycache, size:1000,Concurrency:32
[09/03/21 22:54:37:728 GMT]  INFO caffine.CaffineCache: ***	 Building Cache : esquerycountcache, size:1000,Concurrency:32
[09/03/21 22:54:37:728 GMT]  INFO caffine.CaffineCache: ***	 Building Cache : esquerycache, size:1000,Concurrency:32
[09/03/21 22:54:37:728 GMT]  INFO caffine.CaffineCache: ***	 Building Cache : esquerycountcache, size:1000,Concurrency:32
[09/03/21 22:54:37:737 GMT]  INFO util.SecurityLogger: class com.dotmarketing.portlets.workflows.business.WorkflowAPIImpl : The Workflow task with id:231857e6-d983-4096-ad9b-b751c02e6080 has been saved. -- ip:ukn,user:null
[09/03/21 22:54:37:767 GMT]  INFO caffine.CaffineCache: ***	 Building Cache : esquerycache, size:1000,Concurrency:32
[09/03/21 22:54:37:767 GMT]  INFO caffine.CaffineCache: ***	 Building Cache : esquerycountcache, size:1000,Concurrency:32
[09/03/21 22:54:37:768 GMT]  INFO caffine.CaffineCache: ***	 Building Cache : esquerycache, size:1000,Concurrency:32
[09/03/21 22:54:37:768 GMT]  INFO caffine.CaffineCache: ***	 Building Cache : esquerycountcache, size:1000,Concurrency:32
[09/03/21 22:54:37:844 GMT]  WARN shorty.ShortyIdAPIImpl: An error occurred when getting shorty value for '' of type 'CONTENT': shorty  is not a short id.  Short Ids should be 10 chars in length
[09/03/21 22:54:37:850 GMT]  WARN shorty.ShortyIdAPIImpl: An error occurred when getting shorty value for '' of type 'CONTENT': shorty  is not a short id.  Short Ids should be 10 chars in length
[09/03/21 22:54:37:857 GMT]  WARN shorty.ShortyIdAPIImpl: An error occurred when getting shorty value for '' of type 'CONTENT': shorty  is not a short id.  Short Ids should be 10 chars in length
[09/03/21 22:54:37:862 GMT]  WARN shorty.ShortyIdAPIImpl: An error occurred when getting shorty value for '' of type 'CONTENT': shorty  is not a short id.  Short Ids should be 10 chars in length
[09/03/21 22:54:37:879 GMT]  INFO util.ActivityLogger: class com.dotcms.contenttype.business.ContentTypeAPIImpl: system : Save ContentType Action , User system/system user system user added ContentType testName1615330477873 to host id:48190c8c-42c4-46af-8d1a-0cd5db894797
[09/03/21 22:54:37:879 GMT]  INFO business.ContentTypeAPIImpl: UserId : system : ContentType : ContentType saved : testName1615330477873
[09/03/21 22:54:37:879 GMT]  INFO util.AdminLogger: UserId : system : class com.dotcms.contenttype.business.ContentTypeAPIImpl : ContentType : ContentType saved : testName1615330477873
[09/03/21 22:54:37:880 GMT]  INFO business.WorkflowAPIImpl: Saving Schemas: d61a59e1-a49c-46f2-a929-db2b4bfa88b2 for Content type 3d7de65e-a0ef-4b8f-9df7-d20b3449de55
[09/03/21 22:54:37:880 GMT]  INFO util.SecurityLogger: class com.dotmarketing.portlets.workflows.business.WorkflowAPIImpl : Saving Schemas: d61a59e1-a49c-46f2-a929-db2b4bfa88b2 for Content type 3d7de65e-a0ef-4b8f-9df7-d20b3449de55 -- ip:127.0.0.1,user:system user system user [ID: system][email:system@dotcmsfakeemail.org]
[09/03/21 22:54:37:886 GMT]  INFO caffine.CaffineCache: ***	 Building Cache : workflowstepcache, size:1000,Concurrency:32
[09/03/21 22:54:37:886 GMT]  INFO caffine.CaffineCache: ***	 Building Cache : workflowstepcache, size:1000,Concurrency:32
[09/03/21 22:54:37:887 GMT]  INFO caffine.CaffineCache: ***	 Building Cache : workflowstepcache, size:1000,Concurrency:32
[09/03/21 22:54:37:949 GMT]  INFO delegate.SystemEventsJobDelegate: The event: 8842bc01-f694-414a-9c81-6ef643de52d5, has been skipped on the server: 4d17cc2b-e470-4f17-8936-95e9c26253c5
[09/03/21 22:54:37:949 GMT]  INFO delegate.SystemEventsJobDelegate: The event: ecab41ea-e77b-458d-ab99-ac098e1e9ab2, has been skipped on the server: 4d17cc2b-e470-4f17-8936-95e9c26253c5
[09/03/21 22:54:37:949 GMT]  INFO delegate.SystemEventsJobDelegate: The event: c9f0861a-6864-4e36-bf3e-0b387d1937e1, has been skipped on the server: 4d17cc2b-e470-4f17-8936-95e9c26253c5
[09/03/21 22:54:37:949 GMT]  INFO delegate.SystemEventsJobDelegate: The event: 533d7a0d-9faa-49ca-a96a-f0a406701d09, has been skipped on the server: 4d17cc2b-e470-4f17-8936-95e9c26253c5
[09/03/21 22:54:38:021 GMT]  INFO caffine.CaffineCache: ***	 Building Cache : workflowstepcache, size:1000,Concurrency:32
[09/03/21 22:54:38:021 GMT]  INFO caffine.CaffineCache: ***	 Building Cache : workflowstepcache, size:1000,Concurrency:32
[09/03/21 22:54:38:116 GMT]  INFO business.FieldAPIImpl: Elasticsearch mapping set for Field: testFieldName1615330477888. Content type: testName1615330477873 on Index: live_20210309213640
[09/03/21 22:54:38:358 GMT]  INFO business.FieldAPIImpl: Elasticsearch mapping set for Field: testFieldName1615330477888. Content type: testName1615330477873 on Index: working_20210309213640
[09/03/21 22:54:38:358 GMT]  INFO util.ActivityLogger: class com.dotmarketing.util.ActivityLogger: system : Save Field Action , User system/system user added field testFieldName1615330477888 to testName1615330477873 Structure.
[09/03/21 22:54:38:609 GMT]  INFO business.FieldAPIImpl: Elasticsearch mapping set for Field: testFieldName1615330478359. Content type: testName1615330477873 on Index: live_20210309213640
[09/03/21 22:54:38:723 GMT]  WARN business.FieldAPIImpl: Error trying to set Elasticsearch mapping for Field: testFieldName1615330478359. Content type: testName1615330477873
[09/03/21 22:54:38:723 GMT]  WARN business.FieldAPIImpl: Elasticsearch exception [type=illegal_argument_exception, reason=Limit of total fields [10000] in index [cluster_69bd8198b8.working_20210309213640] has been exceeded]
[09/03/21 22:54:38:724 GMT]  WARN business.FieldAPIImpl: org.elasticsearch.rest.BytesRestResponse.errorFromXContent(BytesRestResponse.java:177)
[09/03/21 22:54:38:724 GMT]  INFO util.ActivityLogger: class com.dotmarketing.util.ActivityLogger: system : Save Field Action , User system/system user added field testFieldName1615330478359 to testName1615330477873 Structure.
[09/03/21 22:54:38:731 GMT]  INFO util.ActivityLogger: class com.dotcms.contenttype.business.ContentTypeAPIImpl: system : Save ContentType Action , User system/system user system user added ContentType testName1615330478725 to host id:48190c8c-42c4-46af-8d1a-0cd5db894797
[09/03/21 22:54:38:731 GMT]  INFO business.ContentTypeAPIImpl: UserId : system : ContentType : ContentType saved : testName1615330478725
[09/03/21 22:54:38:731 GMT]  INFO util.AdminLogger: UserId : system : class com.dotcms.contenttype.business.ContentTypeAPIImpl : ContentType : ContentType saved : testName1615330478725
[09/03/21 22:54:38:731 GMT]  INFO business.WorkflowAPIImpl: Saving Schemas: d61a59e1-a49c-46f2-a929-db2b4bfa88b2 for Content type 7820c9c7-06c2-4f6e-a05c-4eb32fcf74fb
[09/03/21 22:54:38:731 GMT]  INFO util.SecurityLogger: class com.dotmarketing.portlets.workflows.business.WorkflowAPIImpl : Saving Schemas: d61a59e1-a49c-46f2-a929-db2b4bfa88b2 for Content type 7820c9c7-06c2-4f6e-a05c-4eb32fcf74fb -- ip:127.0.0.1,user:system user system user [ID: system][email:system@dotcmsfakeemail.org]
[09/03/21 22:54:38:736 GMT]  INFO caffine.CaffineCache: ***	 Building Cache : workflowstepcache, size:1000,Concurrency:32
[09/03/21 22:54:38:737 GMT]  INFO caffine.CaffineCache: ***	 Building Cache : workflowstepcache, size:1000,Concurrency:32
[09/03/21 22:54:38:738 GMT]  INFO caffine.CaffineCache: ***	 Building Cache : workflowstepcache, size:1000,Concurrency:32
[09/03/21 22:54:38:738 GMT]  INFO caffine.CaffineCache: ***	 Building Cache : workflowstepcache, size:1000,Concurrency:32
[09/03/21 22:54:38:743 GMT]  INFO util.ActivityLogger: class com.dotcms.contenttype.business.ContentTypeAPIImpl: system : Save ContentType Action , User system/system user system user added ContentType testName1615330478739 to host id:48190c8c-42c4-46af-8d1a-0cd5db894797
[09/03/21 22:54:38:743 GMT]  INFO business.ContentTypeAPIImpl: UserId : system : ContentType : ContentType saved : testName1615330478739
[09/03/21 22:54:38:743 GMT]  INFO util.AdminLogger: UserId : system : class com.dotcms.contenttype.business.ContentTypeAPIImpl : ContentType : ContentType saved : testName1615330478739
[09/03/21 22:54:38:744 GMT]  INFO business.WorkflowAPIImpl: Saving Schemas: d61a59e1-a49c-46f2-a929-db2b4bfa88b2 for Content type 1e06ee19-4f56-4b27-b053-63e4a97512cc
[09/03/21 22:54:38:744 GMT]  INFO util.SecurityLogger: class com.dotmarketing.portlets.workflows.business.WorkflowAPIImpl : Saving Schemas: d61a59e1-a49c-46f2-a929-db2b4bfa88b2 for Content type 1e06ee19-4f56-4b27-b053-63e4a97512cc -- ip:127.0.0.1,user:system user system user [ID: system][email:system@dotcmsfakeemail.org]
[09/03/21 22:54:38:749 GMT]  INFO caffine.CaffineCache: ***	 Building Cache : workflowstepcache, size:1000,Concurrency:32
[09/03/21 22:54:38:749 GMT]  INFO caffine.CaffineCache: ***	 Building Cache : workflowstepcache, size:1000,Concurrency:32
[09/03/21 22:54:38:750 GMT]  INFO caffine.CaffineCache: ***	 Building Cache : workflowstepcache, size:1000,Concurrency:32
[09/03/21 22:54:38:750 GMT]  INFO caffine.CaffineCache: ***	 Building Cache : workflowstepcache, size:1000,Concurrency:32
[09/03/21 22:54:38:759 GMT]  INFO util.ActivityLogger: class com.dotcms.contenttype.business.ContentTypeAPIImpl: system : Save ContentType Action , User system/system user system user added ContentType testName1615330478754 to host id:48190c8c-42c4-46af-8d1a-0cd5db894797
[09/03/21 22:54:38:759 GMT]  INFO business.ContentTypeAPIImpl: UserId : system : ContentType : ContentType saved : testName1615330478754
[09/03/21 22:54:38:759 GMT]  INFO util.AdminLogger: UserId : system : class com.dotcms.contenttype.business.ContentTypeAPIImpl : ContentType : ContentType saved : testName1615330478754
[09/03/21 22:54:38:760 GMT]  INFO business.WorkflowAPIImpl: Saving Schemas: d61a59e1-a49c-46f2-a929-db2b4bfa88b2 for Content type 0da58446-c1c8-48f4-b1fc-14e0a6d389e8
[09/03/21 22:54:38:760 GMT]  INFO util.SecurityLogger: class com.dotmarketing.portlets.workflows.business.WorkflowAPIImpl : Saving Schemas: d61a59e1-a49c-46f2-a929-db2b4bfa88b2 for Content type 0da58446-c1c8-48f4-b1fc-14e0a6d389e8 -- ip:127.0.0.1,user:system user system user [ID: system][email:system@dotcmsfakeemail.org]
[09/03/21 22:54:38:768 GMT]  INFO caffine.CaffineCache: ***	 Building Cache : workflowstepcache, size:1000,Concurrency:32
[09/03/21 22:54:38:768 GMT]  INFO caffine.CaffineCache: ***	 Building Cache : workflowstepcache, size:1000,Concurrency:32
[09/03/21 22:54:38:769 GMT]  INFO caffine.CaffineCache: ***	 Building Cache : workflowstepcache, size:1000,Concurrency:32
[09/03/21 22:54:38:769 GMT]  INFO caffine.CaffineCache: ***	 Building Cache : workflowstepcache, size:1000,Concurrency:32
[09/03/21 22:54:38:778 GMT]  INFO util.ActivityLogger: class com.dotcms.contenttype.business.ContentTypeAPIImpl: system : Save ContentType Action , User system/system user system user added ContentType testName1615330478771 to host id:48190c8c-42c4-46af-8d1a-0cd5db894797
[09/03/21 22:54:38:778 GMT]  INFO business.ContentTypeAPIImpl: UserId : system : ContentType : ContentType saved : testName1615330478771
[09/03/21 22:54:38:778 GMT]  INFO util.AdminLogger: UserId : system : class com.dotcms.contenttype.business.ContentTypeAPIImpl : ContentType : ContentType saved : testName1615330478771
[09/03/21 22:54:38:779 GMT]  INFO business.WorkflowAPIImpl: Saving Schemas: d61a59e1-a49c-46f2-a929-db2b4bfa88b2 for Content type 4f8105c1-1e0c-44d4-a531-ea6549d9a04d
[09/03/21 22:54:38:779 GMT]  INFO util.SecurityLogger: class com.dotmarketing.portlets.workflows.business.WorkflowAPIImpl : Saving Schemas: d61a59e1-a49c-46f2-a929-db2b4bfa88b2 for Content type 4f8105c1-1e0c-44d4-a531-ea6549d9a04d -- ip:127.0.0.1,user:system user system user [ID: system][email:system@dotcmsfakeemail.org]
[09/03/21 22:54:38:785 GMT]  INFO caffine.CaffineCache: ***	 Building Cache : workflowstepcache, size:1000,Concurrency:32
[09/03/21 22:54:38:785 GMT]  INFO caffine.CaffineCache: ***	 Building Cache : workflowstepcache, size:1000,Concurrency:32
[09/03/21 22:54:38:786 GMT]  INFO caffine.CaffineCache: ***	 Building Cache : workflowstepcache, size:1000,Concurrency:32
[09/03/21 22:54:38:786 GMT]  INFO caffine.CaffineCache: ***	 Building Cache : workflowstepcache, size:1000,Concurrency:32
[09/03/21 22:54:38:790 GMT]  INFO junit.RuleWatcher: >>>>>>>>>>>>>>>>>>>>>>>>>>
[09/03/21 22:54:38:790 GMT]  INFO junit.RuleWatcher: >>> test404Cache(com.dotcms.uuid.shorty.LegacyShortyIdApiTest) - starting...
[09/03/21 22:54:38:790 GMT]  INFO junit.RuleWatcher: >>>>>>>>>>>>>>>>>>>>>>>>>>
[09/03/21 22:54:38:808 GMT]  INFO junit.RuleWatcher: >>>>>>>>>>>>>>>>>>>>>>>>>>
[09/03/21 22:54:38:808 GMT]  INFO junit.RuleWatcher: >>> test_shortify[0: (, )](com.dotcms.uuid.shorty.LegacyShortyIdApiTest) - starting...
[09/03/21 22:54:38:808 GMT]  INFO junit.RuleWatcher: >>>>>>>>>>>>>>>>>>>>>>>>>>
[09/03/21 22:54:38:808 GMT]  INFO junit.RuleWatcher: >>>>>>>>>>>>>>>>>>>>>>>>>>
[09/03/21 22:54:38:808 GMT]  INFO junit.RuleWatcher: >>> test_shortify[1: (1234, 1234)](com.dotcms.uuid.shorty.LegacyShortyIdApiTest) - starting...
[09/03/21 22:54:38:808 GMT]  INFO junit.RuleWatcher: >>>>>>>>>>>>>>>>>>>>>>>>>>
[09/03/21 22:54:38:808 GMT]  INFO junit.RuleWatcher: >>>>>>>>>>>>>>>>>>>>>>>>>>
[09/03/21 22:54:38:808 GMT]  INFO junit.RuleWatcher: >>> test_shortify[2: (12345, 12345)](com.dotcms.uuid.shorty.LegacyShortyIdApiTest) - starting...
[09/03/21 22:54:38:808 GMT]  INFO junit.RuleWatcher: >>>>>>>>>>>>>>>>>>>>>>>>>>
[09/03/21 22:54:38:808 GMT]  INFO junit.RuleWatcher: >>>>>>>>>>>>>>>>>>>>>>>>>>
[09/03/21 22:54:38:808 GMT]  INFO junit.RuleWatcher: >>> test_shortify[3: (12345-6, 123456)](com.dotcms.uuid.shorty.LegacyShortyIdApiTest) - starting...
[09/03/21 22:54:38:809 GMT]  INFO junit.RuleWatcher: >>>>>>>>>>>>>>>>>>>>>>>>>>
[09/03/21 22:54:38:809 GMT]  INFO junit.RuleWatcher: >>>>>>>>>>>>>>>>>>>>>>>>>>
[09/03/21 22:54:38:809 GMT]  INFO junit.RuleWatcher: >>> test_shortify[4: (12345-67, 1234567)](com.dotcms.uuid.shorty.LegacyShortyIdApiTest) - starting...
[09/03/21 22:54:38:809 GMT]  INFO junit.RuleWatcher: >>>>>>>>>>>>>>>>>>>>>>>>>>
[09/03/21 22:54:38:809 GMT]  INFO junit.RuleWatcher: >>>>>>>>>>>>>>>>>>>>>>>>>>
[09/03/21 22:54:38:809 GMT]  INFO junit.RuleWatcher: >>> test_shortify[5: (12345-678, 12345678)](com.dotcms.uuid.shorty.LegacyShortyIdApiTest) - starting...
[09/03/21 22:54:38:809 GMT]  INFO junit.RuleWatcher: >>>>>>>>>>>>>>>>>>>>>>>>>>
[09/03/21 22:54:38:809 GMT]  INFO junit.RuleWatcher: >>>>>>>>>>>>>>>>>>>>>>>>>>
[09/03/21 22:54:38:809 GMT]  INFO junit.RuleWatcher: >>> test_shortify[6: (12345-6789, 123456789)](com.dotcms.uuid.shorty.LegacyShortyIdApiTest) - starting...
[09/03/21 22:54:38:809 GMT]  INFO junit.RuleWatcher: >>>>>>>>>>>>>>>>>>>>>>>>>>
[09/03/21 22:54:38:810 GMT]  INFO junit.RuleWatcher: >>>>>>>>>>>>>>>>>>>>>>>>>>
[09/03/21 22:54:38:810 GMT]  INFO junit.RuleWatcher: >>> test_shortify[7: (12345-6789-0, 1234567890)](com.dotcms.uuid.shorty.LegacyShortyIdApiTest) - starting...
[09/03/21 22:54:38:810 GMT]  INFO junit.RuleWatcher: >>>>>>>>>>>>>>>>>>>>>>>>>>
[09/03/21 22:54:38:810 GMT]  INFO junit.RuleWatcher: >>>>>>>>>>>>>>>>>>>>>>>>>>
[09/03/21 22:54:38:810 GMT]  INFO junit.RuleWatcher: >>> test_shortify[8: (12345-6789-01, 1234567890)](com.dotcms.uuid.shorty.LegacyShortyIdApiTest) - starting...
[09/03/21 22:54:38:810 GMT]  INFO junit.RuleWatcher: >>>>>>>>>>>>>>>>>>>>>>>>>>
[09/03/21 22:54:38:810 GMT]  INFO junit.RuleWatcher: >>>>>>>>>>>>>>>>>>>>>>>>>>
[09/03/21 22:54:38:810 GMT]  INFO junit.RuleWatcher: >>> test_shortify[9: (12345-6789-012, 1234567890)](com.dotcms.uuid.shorty.LegacyShortyIdApiTest) - starting...
[09/03/21 22:54:38:810 GMT]  INFO junit.RuleWatcher: >>>>>>>>>>>>>>>>>>>>>>>>>>
[09/03/21 22:54:38:810 GMT]  INFO junit.RuleWatcher: >>>>>>>>>>>>>>>>>>>>>>>>>>
[09/03/21 22:54:38:810 GMT]  INFO junit.RuleWatcher: >>> test_shortify[10: (12345-6789-011-12, 1234567890)](com.dotcms.uuid.shorty.LegacyShortyIdApiTest) - starting...
[09/03/21 22:54:38:810 GMT]  INFO junit.RuleWatcher: >>>>>>>>>>>>>>>>>>>>>>>>>>
[09/03/21 22:54:38:810 GMT]  INFO junit.RuleWatcher: >>>>>>>>>>>>>>>>>>>>>>>>>>
[09/03/21 22:54:38:810 GMT]  INFO junit.RuleWatcher: >>> testShortyLookup(com.dotcms.uuid.shorty.LegacyShortyIdApiTest) - starting...
[09/03/21 22:54:38:810 GMT]  INFO junit.RuleWatcher: >>>>>>>>>>>>>>>>>>>>>>>>>>
[09/03/21 22:54:38:826 GMT]  INFO junit.RuleWatcher: >>>>>>>>>>>>>>>>>>>>>>>>>>
[09/03/21 22:54:38:826 GMT]  INFO junit.RuleWatcher: >>> test_shortify_modify_MINIMUM_SHORTY_ID_LENGTH_success(com.dotcms.uuid.shorty.LegacyShortyIdApiTest) - starting...
[09/03/21 22:54:38:826 GMT]  INFO junit.RuleWatcher: >>>>>>>>>>>>>>>>>>>>>>>>>>
[09/03/21 22:54:38:826 GMT]  INFO junit.RuleWatcher: >>>>>>>>>>>>>>>>>>>>>>>>>>
[09/03/21 22:54:38:827 GMT]  INFO junit.RuleWatcher: >>> testShortyCache(com.dotcms.uuid.shorty.LegacyShortyIdApiTest) - starting...
[09/03/21 22:54:38:827 GMT]  INFO junit.RuleWatcher: >>>>>>>>>>>>>>>>>>>>>>>>>>
[09/03/21 22:54:38:827 GMT]  INFO junit.RuleWatcher: >>>>>>>>>>>>>>>>>>>>>>>>>>
[09/03/21 22:54:38:828 GMT]  INFO junit.RuleWatcher: >>> testValidShorty[0: (asdd-1234-asdasda-asda, true)](com.dotcms.uuid.shorty.LegacyShortyIdApiTest) - starting...
[09/03/21 22:54:38:828 GMT]  INFO junit.RuleWatcher: >>>>>>>>>>>>>>>>>>>>>>>>>>
[09/03/21 22:54:38:828 GMT]  INFO junit.RuleWatcher: >>>>>>>>>>>>>>>>>>>>>>>>>>
[09/03/21 22:54:38:828 GMT]  INFO junit.RuleWatcher: >>> testValidShorty[1: (asd87-234-214, true)](com.dotcms.uuid.shorty.LegacyShortyIdApiTest) - starting...
[09/03/21 22:54:38:828 GMT]  INFO junit.RuleWatcher: >>>>>>>>>>>>>>>>>>>>>>>>>>
[09/03/21 22:54:38:828 GMT]  INFO junit.RuleWatcher: >>>>>>>>>>>>>>>>>>>>>>>>>>
[09/03/21 22:54:38:828 GMT]  INFO junit.RuleWatcher: >>> testValidShorty[2: (asd87-234:-251, false)](com.dotcms.uuid.shorty.LegacyShortyIdApiTest) - starting...
[09/03/21 22:54:38:828 GMT]  INFO junit.RuleWatcher: >>>>>>>>>>>>>>>>>>>>>>>>>>
[09/03/21 22:54:38:828 GMT]  INFO junit.RuleWatcher: >>>>>>>>>>>>>>>>>>>>>>>>>>
[09/03/21 22:54:38:828 GMT]  INFO junit.RuleWatcher: >>> testValidShorty[3: (asd87-234;-251, false)](com.dotcms.uuid.shorty.LegacyShortyIdApiTest) - starting...
[09/03/21 22:54:38:828 GMT]  INFO junit.RuleWatcher: >>>>>>>>>>>>>>>>>>>>>>>>>>
[09/03/21 22:54:38:828 GMT]  INFO junit.RuleWatcher: >>>>>>>>>>>>>>>>>>>>>>>>>>
[09/03/21 22:54:38:828 GMT]  INFO junit.RuleWatcher: >>> testValidShorty[4: (asd87-234"-251, false)](com.dotcms.uuid.shorty.LegacyShortyIdApiTest) - starting...
[09/03/21 22:54:38:828 GMT]  INFO junit.RuleWatcher: >>>>>>>>>>>>>>>>>>>>>>>>>>
[09/03/21 22:54:38:828 GMT]  INFO junit.RuleWatcher: >>>>>>>>>>>>>>>>>>>>>>>>>>
[09/03/21 22:54:38:828 GMT]  INFO junit.RuleWatcher: >>> testValidShorty[5: (asd87-234*-251, false)](com.dotcms.uuid.shorty.LegacyShortyIdApiTest) - starting...
[09/03/21 22:54:38:828 GMT]  INFO junit.RuleWatcher: >>>>>>>>>>>>>>>>>>>>>>>>>>
[09/03/21 22:54:38:828 GMT]  INFO junit.RuleWatcher: >>>>>>>>>>>>>>>>>>>>>>>>>>
[09/03/21 22:54:38:828 GMT]  INFO junit.RuleWatcher: >>> testValidShorty[6: (asd87_232_251, false)](com.dotcms.uuid.shorty.LegacyShortyIdApiTest) - starting...
[09/03/21 22:54:38:828 GMT]  INFO junit.RuleWatcher: >>>>>>>>>>>>>>>>>>>>>>>>>>
[09/03/21 22:54:38:828 GMT]  INFO junit.RuleWatcher: >>>>>>>>>>>>>>>>>>>>>>>>>>
[09/03/21 22:54:38:828 GMT]  INFO junit.RuleWatcher: >>> testValidShorty[7: (null, false)](com.dotcms.uuid.shorty.LegacyShortyIdApiTest) - starting...
[09/03/21 22:54:38:828 GMT]  INFO junit.RuleWatcher: >>>>>>>>>>>>>>>>>>>>>>>>>>
[09/03/21 22:54:38:828 GMT]  INFO junit.RuleWatcher: >>>>>>>>>>>>>>>>>>>>>>>>>>
[09/03/21 22:54:38:828 GMT]  INFO junit.RuleWatcher: >>> testValidShorty[8: (asd81, false)](com.dotcms.uuid.shorty.LegacyShortyIdApiTest) - starting...
[09/03/21 22:54:38:828 GMT]  INFO junit.RuleWatcher: >>>>>>>>>>>>>>>>>>>>>>>>>>
[09/03/21 22:54:38:828 GMT]  INFO junit.RuleWatcher: >>>>>>>>>>>>>>>>>>>>>>>>>>
[09/03/21 22:54:38:828 GMT]  INFO junit.RuleWatcher: >>> test404CacheInvalidation(com.dotcms.uuid.shorty.LegacyShortyIdApiTest) - starting...
[09/03/21 22:54:38:828 GMT]  INFO junit.RuleWatcher: >>>>>>>>>>>>>>>>>>>>>>>>>>
[09/03/21 22:54:38:831 GMT]  INFO util.ActivityLogger: class com.dotcms.content.elasticsearch.business.ESContentletAPIImpl: system : Saving Content , StartDate: N/D; EndDate: N/D; User:system; ContentIdentifier: 
[09/03/21 22:54:38:832 GMT] ERROR business.ChainableCacheAdministratorImpl: The cache to locally remove key is invalid. The value was :hostcache
[09/03/21 22:54:38:832 GMT]  INFO caffine.CaffineCache: ***	 Building Cache : hostaliascache, size:1000,Concurrency:32
[09/03/21 22:54:38:832 GMT]  INFO caffine.CaffineCache: ***	 Building Cache : esquerycache, size:1000,Concurrency:32
[09/03/21 22:54:38:861 GMT]  INFO caffine.CaffineCache: ***	 Building Cache : workflowstepcache, size:1000,Concurrency:32
[09/03/21 22:54:38:862 GMT]  INFO caffine.CaffineCache: ***	 Building Cache : workflowstepcache, size:1000,Concurrency:32
[09/03/21 22:54:38:870 GMT]  INFO caffine.CaffineCache: ***	 Building Cache : esquerycountcache, size:1000,Concurrency:32
[09/03/21 22:54:38:871 GMT]  INFO caffine.CaffineCache: ***	 Building Cache : esquerycache, size:1000,Concurrency:32
[09/03/21 22:54:38:871 GMT]  INFO caffine.CaffineCache: ***	 Building Cache : esquerycountcache, size:1000,Concurrency:32
[09/03/21 22:54:38:872 GMT]  INFO caffine.CaffineCache: ***	 Building Cache : workflowstepcache, size:1000,Concurrency:32
[09/03/21 22:54:38:872 GMT]  INFO caffine.CaffineCache: ***	 Building Cache : workflowstepcache, size:1000,Concurrency:32
[09/03/21 22:54:38:894 GMT]  INFO caffine.CaffineCache: ***	 Building Cache : workflowstepcache, size:1000,Concurrency:32
[09/03/21 22:54:38:894 GMT]  INFO caffine.CaffineCache: ***	 Building Cache : workflowstepcache, size:1000,Concurrency:32
[09/03/21 22:54:38:930 GMT]  INFO caffine.CaffineCache: ***	 Building Cache : esquerycache, size:1000,Concurrency:32
[09/03/21 22:54:38:930 GMT]  INFO caffine.CaffineCache: ***	 Building Cache : esquerycountcache, size:1000,Concurrency:32
[09/03/21 22:54:38:930 GMT]  INFO caffine.CaffineCache: ***	 Building Cache : esquerycache, size:1000,Concurrency:32
[09/03/21 22:54:38:930 GMT]  INFO caffine.CaffineCache: ***	 Building Cache : esquerycountcache, size:1000,Concurrency:32
[09/03/21 22:54:38:932 GMT]  INFO caffine.CaffineCache: ***	 Building Cache : workflowstepcache, size:1000,Concurrency:32
[09/03/21 22:54:38:932 GMT]  INFO caffine.CaffineCache: ***	 Building Cache : workflowstepcache, size:1000,Concurrency:32
[09/03/21 22:54:38:934 GMT]  INFO caffine.CaffineCache: ***	 Building Cache : hostaliascache, size:1000,Concurrency:32
[09/03/21 22:54:38:935 GMT]  INFO caffine.CaffineCache: ***	 Building Cache : hostaliascache, size:1000,Concurrency:32
[09/03/21 22:54:38:935 GMT]  INFO caffine.CaffineCache: ***	 Building Cache : hostaliascache, size:1000,Concurrency:32
[09/03/21 22:54:38:935 GMT]  INFO caffine.CaffineCache: ***	 Building Cache : hostaliascache, size:1000,Concurrency:32
[09/03/21 22:54:38:943 GMT]  INFO caffine.CaffineCache: ***	 Building Cache : hostaliascache, size:1000,Concurrency:32
[09/03/21 22:54:38:943 GMT]  INFO caffine.CaffineCache: ***	 Building Cache : hostaliascache, size:1000,Concurrency:32
[09/03/21 22:54:38:955 GMT]  INFO caffine.CaffineCache: ***	 Building Cache : esquerycache, size:1000,Concurrency:32
[09/03/21 22:54:38:955 GMT]  INFO caffine.CaffineCache: ***	 Building Cache : esquerycountcache, size:1000,Concurrency:32
[09/03/21 22:54:38:956 GMT]  INFO caffine.CaffineCache: ***	 Building Cache : esquerycache, size:1000,Concurrency:32
[09/03/21 22:54:38:956 GMT]  INFO caffine.CaffineCache: ***	 Building Cache : esquerycountcache, size:1000,Concurrency:32
[09/03/21 22:54:38:964 GMT]  INFO caffine.CaffineCache: ***	 Building Cache : esquerycache, size:1000,Concurrency:32
[09/03/21 22:54:38:964 GMT]  INFO caffine.CaffineCache: ***	 Building Cache : esquerycountcache, size:1000,Concurrency:32
[09/03/21 22:54:38:965 GMT]  INFO business.ContentletIndexAPIImpl: Indexing: e86c6724-074a-4f52-9f24-6124fdd52662 : test1615330478830.dotcms.com, includeDependencies: true, policy: WAIT_FOR
[09/03/21 22:54:38:973 GMT]  INFO caffine.CaffineCache: ***	 Building Cache : esquerycache, size:1000,Concurrency:32
[09/03/21 22:54:38:973 GMT]  INFO caffine.CaffineCache: ***	 Building Cache : esquerycountcache, size:1000,Concurrency:32
[09/03/21 22:54:38:982 GMT]  INFO caffine.CaffineCache: ***	 Building Cache : esquerycache, size:1000,Concurrency:32
[09/03/21 22:54:38:986 GMT]  INFO util.ActivityLogger: class com.dotcms.content.elasticsearch.business.ESContentletAPIImpl: System Host : Content Saved , StartDate: N/D; EndDate: N/D; User:system; ContentIdentifier: e86c6724-074a-4f52-9f24-6124fdd52662
[09/03/21 22:54:38:986 GMT]  INFO caffine.CaffineCache: ***	 Building Cache : hostaliascache, size:1000,Concurrency:32
[09/03/21 22:54:38:988 GMT]  INFO caffine.CaffineCache: ***	 Building Cache : hostaliascache, size:1000,Concurrency:32
[09/03/21 22:54:38:990 GMT]  INFO caffine.CaffineCache: ***	 Building Cache : esquerycountcache, size:1000,Concurrency:32
[09/03/21 22:54:38:999 GMT]  INFO caffine.CaffineCache: ***	 Building Cache : hostaliascache, size:1000,Concurrency:32
[09/03/21 22:54:39:000 GMT] ERROR business.ChainableCacheAdministratorImpl: The cache to locally remove key is invalid. The value was :hostcache
[09/03/21 22:54:39:000 GMT]  INFO caffine.CaffineCache: ***	 Building Cache : hostaliascache, size:1000,Concurrency:32
[09/03/21 22:54:39:004 GMT]  INFO caffine.CaffineCache: ***	 Building Cache : esquerycache, size:1000,Concurrency:32
[09/03/21 22:54:39:004 GMT]  INFO caffine.CaffineCache: ***	 Building Cache : esquerycountcache, size:1000,Concurrency:32
[09/03/21 22:54:39:078 GMT] ERROR business.ChainableCacheAdministratorImpl: The cache to locally remove key is invalid. The value was :hostcache
[09/03/21 22:54:39:078 GMT]  INFO caffine.CaffineCache: ***	 Building Cache : hostaliascache, size:1000,Concurrency:32
[09/03/21 22:54:39:078 GMT]  INFO caffine.CaffineCache: ***	 Building Cache : hostaliascache, size:1000,Concurrency:32
[09/03/21 22:54:39:082 GMT]  INFO caffine.CaffineCache: ***	 Building Cache : esquerycache, size:1000,Concurrency:32
[09/03/21 22:54:39:082 GMT]  INFO caffine.CaffineCache: ***	 Building Cache : esquerycountcache, size:1000,Concurrency:32
[09/03/21 22:54:39:087 GMT]  INFO caffine.CaffineCache: ***	 Building Cache : esquerycache, size:1000,Concurrency:32
[09/03/21 22:54:39:087 GMT]  INFO caffine.CaffineCache: ***	 Building Cache : esquerycountcache, size:1000,Concurrency:32
[09/03/21 22:54:39:277 GMT]  INFO caffine.CaffineCache: ***	 Building Cache : hostaliascache, size:1000,Concurrency:32
[09/03/21 22:54:39:277 GMT]  INFO caffine.CaffineCache: ***	 Building Cache : hostaliascache, size:1000,Concurrency:32
[09/03/21 22:54:39:279 GMT]  INFO caffine.CaffineCache: ***	 Building Cache : esquerycache, size:1000,Concurrency:32
[09/03/21 22:54:39:282 GMT]  INFO util.ActivityLogger: class com.dotcms.content.elasticsearch.business.ESContentletAPIImpl: System Host : Publishing Content , StartDate: N/D; EndDate: N/D; User:system; ContentIdentifier: e86c6724-074a-4f52-9f24-6124fdd52662
[09/03/21 22:54:39:284 GMT]  INFO business.ContentletIndexAPIImpl: Indexing: e86c6724-074a-4f52-9f24-6124fdd52662 : test1615330478830.dotcms.com, includeDependencies: true, policy: FORCE
[09/03/21 22:54:39:332 GMT]  INFO caffine.CaffineCache: ***	 Building Cache : esquerycache, size:1000,Concurrency:32
[09/03/21 22:54:39:332 GMT]  INFO caffine.CaffineCache: ***	 Building Cache : esquerycountcache, size:1000,Concurrency:32
[09/03/21 22:54:39:332 GMT]  INFO caffine.CaffineCache: ***	 Building Cache : esquerycountcache, size:1000,Concurrency:32
[09/03/21 22:54:39:333 GMT]  INFO caffine.CaffineCache: ***	 Building Cache : esquerycache, size:1000,Concurrency:32
[09/03/21 22:54:39:336 GMT]  INFO util.ActivityLogger: class com.dotcms.content.elasticsearch.business.ESContentletAPIImpl: System Host : Content Published , StartDate: N/D; EndDate: N/D; User:system; ContentIdentifier: e86c6724-074a-4f52-9f24-6124fdd52662
[09/03/21 22:54:39:341 GMT]  INFO caffine.CaffineCache: ***	 Building Cache : esquerycountcache, size:1000,Concurrency:32
[09/03/21 22:54:39:342 GMT]  INFO caffine.CaffineCache: ***	 Building Cache : esquerycache, size:1000,Concurrency:32
[09/03/21 22:54:39:342 GMT]  INFO caffine.CaffineCache: ***	 Building Cache : esquerycountcache, size:1000,Concurrency:32
[09/03/21 22:54:39:371 GMT]  INFO caffine.CaffineCache: ***	 Building Cache : esquerycache, size:1000,Concurrency:32
[09/03/21 22:54:39:373 GMT]  INFO caffine.CaffineCache: ***	 Building Cache : esquerycountcache, size:1000,Concurrency:32
[09/03/21 22:54:39:374 GMT]  INFO caffine.CaffineCache: ***	 Building Cache : esquerycache, size:1000,Concurrency:32
[09/03/21 22:54:39:374 GMT]  INFO caffine.CaffineCache: ***	 Building Cache : esquerycountcache, size:1000,Concurrency:32
[09/03/21 22:54:39:394 GMT]  INFO caffine.CaffineCache: ***	 Building Cache : hostaliascache, size:1000,Concurrency:32
[09/03/21 22:54:39:394 GMT]  INFO caffine.CaffineCache: ***	 Building Cache : hostaliascache, size:1000,Concurrency:32
[09/03/21 22:54:39:394 GMT]  WARN shorty.ShortyIdAPIImpl: An error occurred when getting shorty value for '' of type 'CONTENT': shorty  is not a short id.  Short Ids should be 10 chars in length
[09/03/21 22:54:39:398 GMT]  INFO junit.RuleWatcher: >>>>>>>>>>>>>>>>>>>>>>>>>>
[09/03/21 22:54:39:398 GMT]  INFO junit.RuleWatcher: >>> shouldReturnOkWithLogoutRequest(com.dotmarketing.filters.AutoLoginFilterTest) - starting...
[09/03/21 22:54:39:398 GMT]  INFO junit.RuleWatcher: >>>>>>>>>>>>>>>>>>>>>>>>>>
[09/03/21 22:54:39:421 GMT] ERROR saml.DotSamlProxyFactory: Could not add the Dotsaml REST Service Redirect Rule. Requests to /dotsaml/login/{UUID} will fail!
[09/03/21 22:54:39:421 GMT]  INFO login.LogoutWebInterceptor: Starting Logout --> /dotAdmin/logout?r=1615330479398
[09/03/21 22:54:39:422 GMT]  INFO login.LogoutWebInterceptor: Doing the logout
[09/03/21 22:54:39:422 GMT]  INFO login.LogoutWebInterceptor: Logout DONE
[09/03/21 22:54:39:423 GMT]  INFO junit.RuleWatcher: >>>>>>>>>>>>>>>>>>>>>>>>>>
[09/03/21 22:54:39:423 GMT]  INFO junit.RuleWatcher: >>> testPUT_GivenSystemFolderWithSystemHost_ShouldStillHaveSystemHostInFolder(com.dotmarketing.cache.FolderCacheImplIntegrationTest) - starting...
[09/03/21 22:54:39:423 GMT]  INFO junit.RuleWatcher: >>>>>>>>>>>>>>>>>>>>>>>>>>
[09/03/21 22:54:39:424 GMT]  INFO caffine.CaffineCache: ***	 Building Cache : foldercache, size:1000,Concurrency:32
[09/03/21 22:54:39:424 GMT]  INFO caffine.CaffineCache: ***	 Building Cache : foldercache, size:1000,Concurrency:32
[09/03/21 22:54:39:424 GMT]  INFO junit.RuleWatcher: >>>>>>>>>>>>>>>>>>>>>>>>>>
[09/03/21 22:54:39:426 GMT]  INFO junit.RuleWatcher: >>> testPUT_GivenSystemFolderWithHostDifferentFromSystemHost_ShouldSetSystemHostToFolder(com.dotmarketing.cache.FolderCacheImplIntegrationTest) - starting...
[09/03/21 22:54:39:426 GMT]  INFO junit.RuleWatcher: >>>>>>>>>>>>>>>>>>>>>>>>>>
[09/03/21 22:54:39:426 GMT] ERROR cache.FolderCacheImpl: Host ID for SYSTEM_FOLDER must always be SYSTEM_HOST. Value '7a0a476f-ec4f-4469-8a1c-1c6b12ab1865' was set.
[09/03/21 22:54:39:426 GMT] ERROR cache.FolderCacheImpl: 	at java.lang.Thread.getStackTrace(Thread.java:1559)
	at com.dotcms.exception.ExceptionUtil.getCurrentStackTraceAsString(ExceptionUtil.java:395)
	at com.dotmarketing.cache.FolderCacheImpl.addFolder(FolderCacheImpl.java:31)
	at com.dotmarketing.cache.FolderCacheImplIntegrationTest.testPUT_GivenSystemFolderWithHostDifferentFromSystemHost_ShouldSetSystemHostToFolder(FolderCacheImplIntegrationTest.java:44)
	at sun.reflect.NativeMethodAccessorImpl.invoke0(Native Method)
	at sun.reflect.NativeMethodAccessorImpl.invoke(NativeMethodAccessorImpl.java:62)
	at sun.reflect.DelegatingMethodAccessorImpl.invoke(DelegatingMethodAccessorImpl.java:43)
	at java.lang.reflect.Method.invoke(Method.java:498)
	at org.junit.runners.model.FrameworkMethod$1.runReflectiveCall(FrameworkMethod.java:50)
	at org.junit.internal.runners.model.ReflectiveCallable.run(ReflectiveCallable.java:12)
	at org.junit.runners.model.FrameworkMethod.invokeExplosively(FrameworkMethod.java:47)
	at org.junit.internal.runners.statements.InvokeMethod.evaluate(InvokeMethod.java:17)
	at org.junit.internal.runners.statements.RunBefores.evaluate(RunBefores.java:26)
	at org.junit.internal.runners.statements.RunAfters.evaluate(RunAfters.java:27)
	at org.junit.rules.TestWatcher$1.evaluate(TestWatcher.java:55)
	at org.junit.rules.RunRules.evaluate(RunRules.java:20)
	at org.junit.runners.ParentRunner.runLeaf(ParentRunner.java:325)
	at com.dotcms.junit.CustomDataProviderRunner.runChild(CustomDataProviderRunner.java:28)
	at com.dotcms.junit.CustomDataProviderRunner.runChild(CustomDataProviderRunner.java:13)
	at org.junit.runners.ParentRunner$3.run(ParentRunner.java:290)
	at org.junit.runners.ParentRunner$1.schedule(ParentRunner.java:71)
	at org.junit.runners.ParentRunner.runChildren(ParentRunner.java:288)
	at org.junit.runners.ParentRunner.access$000(ParentRunner.java:58)
	at org.junit.runners.ParentRunner$2.evaluate(ParentRunner.java:268)
	at org.junit.internal.runners.statements.RunBefores.evaluate(RunBefores.java:26)
	at org.junit.runners.ParentRunner.run(ParentRunner.java:363)
	at org.junit.runners.Suite.runChild(Suite.java:128)
	at org.junit.runners.Suite.runChild(Suite.java:27)
	at org.junit.runners.ParentRunner$3.run(ParentRunner.java:290)
	at org.junit.runners.ParentRunner$1.schedule(ParentRunner.java:71)
	at org.junit.runners.ParentRunner.runChildren(ParentRunner.java:288)
	at org.junit.runners.ParentRunner.access$000(ParentRunner.java:58)
	at org.junit.runners.ParentRunner$2.evaluate(ParentRunner.java:268)
	at org.junit.runners.ParentRunner.run(ParentRunner.java:363)
	at org.gradle.api.internal.tasks.testing.junit.JUnitTestClassExecutor.runTestClass(JUnitTestClassExecutor.java:106)
	at org.gradle.api.internal.tasks.testing.junit.JUnitTestClassExecutor.execute(JUnitTestClassExecutor.java:58)
	at org.gradle.api.internal.tasks.testing.junit.JUnitTestClassExecutor.execute(JUnitTestClassExecutor.java:38)
	at org.gradle.api.internal.tasks.testing.junit.AbstractJUnitTestClassProcessor.processTestClass(AbstractJUnitTestClassProcessor.java:66)
	at org.gradle.api.internal.tasks.testing.SuiteTestClassProcessor.processTestClass(SuiteTestClassProcessor.java:51)
	at sun.reflect.NativeMethodAccessorImpl.invoke0(Native Method)
	at sun.reflect.NativeMethodAccessorImpl.invoke(NativeMethodAccessorImpl.java:62)
	at sun.reflect.DelegatingMethodAccessorImpl.invoke(DelegatingMethodAccessorImpl.java:43)
	at java.lang.reflect.Method.invoke(Method.java:498)
	at org.gradle.internal.dispatch.ReflectionDispatch.dispatch(ReflectionDispatch.java:35)
	at org.gradle.internal.dispatch.ReflectionDispatch.dispatch(ReflectionDispatch.java:24)
	at org.gradle.internal.dispatch.ContextClassLoaderDispatch.dispatch(ContextClassLoaderDispatch.java:32)
	at org.gradle.internal.dispatch.ProxyDispatchAdapter$DispatchingInvocationHandler.invoke(ProxyDispatchAdapter.java:93)
	at com.sun.proxy.$Proxy2.processTestClass(Unknown Source)
	at org.gradle.api.internal.tasks.testing.worker.TestWorker.processTestClass(TestWorker.java:117)
	at sun.reflect.NativeMethodAccessorImpl.invoke0(Native Method)
	at sun.reflect.NativeMethodAccessorImpl.invoke(NativeMethodAccessorImpl.java:62)
	at sun.reflect.DelegatingMethodAccessorImpl.invoke(DelegatingMethodAccessorImpl.java:43)
	at java.lang.reflect.Method.invoke(Method.java:498)
	at org.gradle.internal.dispatch.ReflectionDispatch.dispatch(ReflectionDispatch.java:35)
	at org.gradle.internal.dispatch.ReflectionDispatch.dispatch(ReflectionDispatch.java:24)
	at org.gradle.internal.remote.internal.hub.MessageHubBackedObjectConnection$DispatchWrapper.dispatch(MessageHubBackedObjectConnection.java:155)
	at org.gradle.internal.remote.internal.hub.MessageHubBackedObjectConnection$DispatchWrapper.dispatch(MessageHubBackedObjectConnection.java:137)
	at org.gradle.internal.remote.internal.hub.MessageHub$Handler.run(MessageHub.java:404)
	at org.gradle.internal.concurrent.ExecutorPolicy$CatchAndRecordFailures.onExecute(ExecutorPolicy.java:63)
	at org.gradle.internal.concurrent.ManagedExecutorImpl$1.run(ManagedExecutorImpl.java:46)
	at java.util.concurrent.ThreadPoolExecutor.runWorker(ThreadPoolExecutor.java:1149)
	at java.util.concurrent.ThreadPoolExecutor$Worker.run(ThreadPoolExecutor.java:624)
	at org.gradle.internal.concurrent.ThreadFactoryImpl$ManagedThreadRunnable.run(ThreadFactoryImpl.java:55)
	at java.lang.Thread.run(Thread.java:748)

[09/03/21 22:54:39:426 GMT]  INFO caffine.CaffineCache: ***	 Building Cache : foldercache, size:1000,Concurrency:32
[09/03/21 22:54:39:427 GMT]  INFO caffine.CaffineCache: ***	 Building Cache : foldercache, size:1000,Concurrency:32
