[11/03/21 18:38:54:828 GMT]  INFO util.StdOutErrLog: [class com.dotcms.publishing.GenerateBundlePublisher]
[11/03/21 18:38:54:829 GMT]  INFO util.PushPublishLogger: class com.dotcms.publishing.PublisherAPIImpl : [BundleID: 01F0H9B8BCBEPVM3596TYGJVVA] Started Publishing Task
[11/03/21 18:38:54:829 GMT]  INFO publishing.PublisherAPIImpl: Writing bundle.xml file
[11/03/21 18:38:54:831 GMT]  INFO publishing.PublisherAPIImpl: Start of Bundler: DependencyBundler
[11/03/21 18:38:54:835 GMT]  INFO util.DependencyManager: PublisherFilter { excludeClassesSet = [] , excludeDependencyClassesSet = [] , excludeQueryIds = [] , excludeDependencyQueryIds = [] , relationships = true , dependencies = true}
[11/03/21 18:38:54:860 GMT]  INFO publishing.PublisherAPIImpl: End of Bundler: DependencyBundler
[11/03/21 18:38:54:860 GMT]  INFO publishing.PublisherAPIImpl: Start of Bundler: HostBundler
[11/03/21 18:38:54:862 GMT]  INFO bundler.HostBundler: Searching for ContentletVersionInfo. Identifier: 8a7d5e23-da1e-420a-b4f0-471e7da8ea2d. Language:1
[11/03/21 18:38:54:867 GMT]  INFO bundler.HostBundler: Searching for ContentletVersionInfo. Identifier: 8a7d5e23-da1e-420a-b4f0-471e7da8ea2d. Language:1
[11/03/21 18:38:54:869 GMT]  INFO publishing.PublisherAPIImpl: End of Bundler: HostBundler
[11/03/21 18:38:54:869 GMT]  INFO publishing.PublisherAPIImpl: Start of Bundler: RuleBundler
[11/03/21 18:38:54:871 GMT]  INFO publishing.PublisherAPIImpl: End of Bundler: RuleBundler
[11/03/21 18:38:54:871 GMT]  INFO publishing.PublisherAPIImpl: Start of Bundler: BundleXMLAsc
[11/03/21 18:38:54:871 GMT]  INFO publishing.PublisherAPIImpl: End of Bundler: BundleXMLAsc
[11/03/21 18:38:54:872 GMT]  INFO publishing.PublisherAPIImpl: Start of Bundler: CategoryBundler
[11/03/21 18:38:54:872 GMT]  INFO publishing.PublisherAPIImpl: End of Bundler: CategoryBundler
[11/03/21 18:38:54:872 GMT]  INFO publishing.GenerateBundlePublisher: Bundling Complete: /custom/assets/bundles/01F0H9B8BCBEPVM3596TYGJVVA
[11/03/21 18:38:54:872 GMT]  INFO util.PushPublishLogger: class com.dotcms.publishing.PublisherAPIImpl : [BundleID: 01F0H9B8BCBEPVM3596TYGJVVA] Completed Publishing Task
[11/03/21 18:38:54:875 GMT]  INFO junit.RuleWatcher: >>>>>>>>>>>>>>>>>>>>>>>>>>
[11/03/21 18:38:54:875 GMT]  INFO junit.RuleWatcher: >>> publish[9: com.dotcms.publishing.PublisherAPIImplTest$TestCase@150b88dd](com.dotcms.publishing.PublisherAPIImplTest) - starting...
[11/03/21 18:38:54:875 GMT]  INFO junit.RuleWatcher: >>>>>>>>>>>>>>>>>>>>>>>>>>
[11/03/21 18:38:54:876 GMT]  INFO publishing.PublisherAPIImplTest: languageVariables [com.dotmarketing.portlets.contentlet.model.Contentlet@527bad27[map={owner=system, identifier=a135ec00-0fd8-4896-a19e-bb6952eeae26, nullProperties=[wfExpireDate, filterKey, whereToSend, wfPublishDate, wfNeverExpire, wfActionAssign, iWantTo, wfActionId, wfPublishTime, wfActionComments, wfExpireTime], modDate=2021-03-11 17:55:44.43, languageId=1615485344402, inode=126a468e-1741-4ee9-a808-9c8d928dee8c, folder=SYSTEM_FOLDER, disabledWYSIWYG=[], sortOrder=0, modUser=system, host=8a7d5e23-da1e-420a-b4f0-471e7da8ea2d, stInode=f4d7c1b8-2c88-4071-abf1-a5328977b07d, value=key-exists-as-contentlet70e4b51114works, key=key-exists-as-contentlet70e4b51114},lowIndexPriority=false], com.dotmarketing.portlets.contentlet.model.Contentlet@58cc12b0[map={owner=system, identifier=73fc3b7d-bf61-449e-9e03-387dd99f84ca, nullProperties=[wfExpireDate, filterKey, whereToSend, wfPublishDate, wfNeverExpire, wfActionAssign, iWantTo, wfActionId, wfPublishTime, wfActionComments, wfExpireTime], modDate=2021-03-11 17:54:04.341, languageId=1, inode=9999d254-5ec2-4c58-a2d8-06e2c1673ce1, folder=SYSTEM_FOLDER, disabledWYSIWYG=[], sortOrder=0, modUser=dotcms.org.1, host=SYSTEM_HOST, stInode=f4d7c1b8-2c88-4071-abf1-a5328977b07d, value=test, key=testVarname1615483820549.test1615483820549.name},lowIndexPriority=false], com.dotmarketing.portlets.contentlet.model.Contentlet@4716b96a[map={owner=system, identifier=bdb476be-b977-4d0c-9254-4ba4cb8dd4fd, nullProperties=[wfExpireDate, filterKey, whereToSend, wfPublishDate, wfNeverExpire, wfActionAssign, iWantTo, wfActionId, wfPublishTime, wfActionComments, wfExpireTime], modDate=2021-03-11 17:30:20.2, languageId=1, inode=9a84e84e-84af-423b-a34a-ef67cbbc0aa7, folder=SYSTEM_FOLDER, disabledWYSIWYG=[], sortOrder=0, modUser=system, host=SYSTEM_HOST, stInode=f4d7c1b8-2c88-4071-abf1-a5328977b07d, value=test, key=testVarname1615483820079.test1615483820079.name},lowIndexPriority=false]]
[11/03/21 18:38:54:876 GMT]  INFO util.StdOutErrLog: [class com.dotcms.publishing.PublisherAPIImplTest$PushPublisherMock]
[11/03/21 18:38:54:878 GMT]  INFO util.PushPublishLogger: class com.dotcms.publishing.PublisherAPIImpl : [BundleID: 01F0H9B8CXX3M3AM3EQSFVRSM6] Started Publishing Task
[11/03/21 18:38:54:878 GMT]  INFO publishing.PublisherAPIImpl: Writing bundle.xml file
[11/03/21 18:38:54:879 GMT]  INFO publishing.PublisherAPIImpl: Start of Bundler: DependencyBundler
[11/03/21 18:38:54:884 GMT]  INFO util.DependencyManager: PublisherFilter { excludeClassesSet = [] , excludeDependencyClassesSet = [] , excludeQueryIds = [] , excludeDependencyQueryIds = [] , relationships = true , dependencies = true}
[11/03/21 18:38:54:911 GMT]  INFO publishing.PublisherAPIImpl: End of Bundler: DependencyBundler
[11/03/21 18:38:54:911 GMT]  INFO publishing.PublisherAPIImpl: Start of Bundler: HostBundler
[11/03/21 18:38:54:914 GMT]  INFO bundler.HostBundler: Searching for ContentletVersionInfo. Identifier: 8a7d5e23-da1e-420a-b4f0-471e7da8ea2d. Language:1
[11/03/21 18:38:54:917 GMT]  INFO bundler.HostBundler: Searching for ContentletVersionInfo. Identifier: 8a7d5e23-da1e-420a-b4f0-471e7da8ea2d. Language:1
[11/03/21 18:38:54:919 GMT]  INFO bundler.HostBundler: Searching for ContentletVersionInfo. Identifier: cfbcdb73-a907-4584-8206-e72d9ae60b76. Language:1
[11/03/21 18:38:54:921 GMT]  INFO publishing.PublisherAPIImpl: End of Bundler: HostBundler
[11/03/21 18:38:54:921 GMT]  INFO publishing.PublisherAPIImpl: Start of Bundler: ContentBundler
[11/03/21 18:38:54:931 GMT]  INFO publishing.PublisherAPIImpl: End of Bundler: ContentBundler
[11/03/21 18:38:54:931 GMT]  INFO publishing.PublisherAPIImpl: Start of Bundler: FolderBundler
[11/03/21 18:38:54:931 GMT]  INFO publishing.PublisherAPIImpl: End of Bundler: FolderBundler
[11/03/21 18:38:54:931 GMT]  INFO publishing.PublisherAPIImpl: Start of Bundler: TemplateBundler
[11/03/21 18:38:54:931 GMT]  INFO publishing.PublisherAPIImpl: End of Bundler: TemplateBundler
[11/03/21 18:38:54:931 GMT]  INFO publishing.PublisherAPIImpl: Start of Bundler: ContainerBundler
[11/03/21 18:38:54:931 GMT]  INFO publishing.PublisherAPIImpl: End of Bundler: ContainerBundler
[11/03/21 18:38:54:931 GMT]  INFO publishing.PublisherAPIImpl: Start of Bundler: RuleBundler
[11/03/21 18:38:54:932 GMT]  INFO publishing.PublisherAPIImpl: End of Bundler: RuleBundler
[11/03/21 18:38:54:932 GMT]  INFO publishing.PublisherAPIImpl: Start of Bundler: LinkBundler
[11/03/21 18:38:54:932 GMT]  INFO publishing.PublisherAPIImpl: End of Bundler: LinkBundler
[11/03/21 18:38:54:932 GMT]  INFO publishing.PublisherAPIImpl: Start of Bundler: ContentTypeBundler
[11/03/21 18:38:54:943 GMT]  INFO publishing.PublisherAPIImpl: End of Bundler: ContentTypeBundler
[11/03/21 18:38:54:943 GMT]  INFO publishing.PublisherAPIImpl: Start of Bundler: RelationshipBundler
[11/03/21 18:38:54:943 GMT]  INFO util.PushPublishLogger: class com.dotcms.enterprise.publishing.remote.bundler.RelationshipBundler : Relationship INODE: 1cc6c5ad-0d0b-4b24-ab55-89dfea588399
[11/03/21 18:38:54:944 GMT]  INFO publishing.PublisherAPIImpl: End of Bundler: RelationshipBundler
[11/03/21 18:38:54:944 GMT]  INFO publishing.PublisherAPIImpl: Start of Bundler: LanguageVariablesBundler
[11/03/21 18:38:54:946 GMT]  INFO publishing.PublisherAPIImpl: End of Bundler: LanguageVariablesBundler
[11/03/21 18:38:54:946 GMT]  INFO publishing.PublisherAPIImpl: Start of Bundler: WorkflowBundler
[11/03/21 18:38:54:969 GMT]  INFO publishing.PublisherAPIImpl: End of Bundler: WorkflowBundler
[11/03/21 18:38:54:969 GMT]  INFO publishing.PublisherAPIImpl: Start of Bundler: LanguageBundler
[11/03/21 18:38:54:970 GMT]  INFO publishing.PublisherAPIImpl: End of Bundler: LanguageBundler
[11/03/21 18:38:54:970 GMT]  INFO publishing.PublisherAPIImpl: Start of Bundler: BundleXMLAsc
[11/03/21 18:38:54:971 GMT]  INFO publishing.PublisherAPIImpl: End of Bundler: BundleXMLAsc
[11/03/21 18:38:54:971 GMT]  INFO publishing.PublisherAPIImpl: Start of Bundler: CategoryBundler
[11/03/21 18:38:54:971 GMT]  INFO publishing.PublisherAPIImpl: End of Bundler: CategoryBundler
[11/03/21 18:38:54:971 GMT]  INFO util.PushPublishLogger: class com.dotcms.publishing.PublisherAPIImpl : [BundleID: 01F0H9B8CXX3M3AM3EQSFVRSM6] Completed Publishing Task
[11/03/21 18:38:54:983 GMT]  INFO junit.RuleWatcher: >>>>>>>>>>>>>>>>>>>>>>>>>>
[11/03/21 18:38:54:983 GMT]  INFO junit.RuleWatcher: >>> publish[10: com.dotcms.publishing.PublisherAPIImplTest$TestCase@1679b246](com.dotcms.publishing.PublisherAPIImplTest) - starting...
[11/03/21 18:38:54:983 GMT]  INFO junit.RuleWatcher: >>>>>>>>>>>>>>>>>>>>>>>>>>
[11/03/21 18:38:54:984 GMT]  INFO publishing.PublisherAPIImplTest: languageVariables [com.dotmarketing.portlets.contentlet.model.Contentlet@527bad27[map={owner=system, identifier=a135ec00-0fd8-4896-a19e-bb6952eeae26, nullProperties=[wfExpireDate, filterKey, whereToSend, wfPublishDate, wfNeverExpire, wfActionAssign, iWantTo, wfActionId, wfPublishTime, wfActionComments, wfExpireTime], modDate=2021-03-11 17:55:44.43, languageId=1615485344402, inode=126a468e-1741-4ee9-a808-9c8d928dee8c, folder=SYSTEM_FOLDER, disabledWYSIWYG=[], sortOrder=0, modUser=system, host=8a7d5e23-da1e-420a-b4f0-471e7da8ea2d, stInode=f4d7c1b8-2c88-4071-abf1-a5328977b07d, value=key-exists-as-contentlet70e4b51114works, key=key-exists-as-contentlet70e4b51114},lowIndexPriority=false], com.dotmarketing.portlets.contentlet.model.Contentlet@58cc12b0[map={owner=system, identifier=73fc3b7d-bf61-449e-9e03-387dd99f84ca, nullProperties=[wfExpireDate, filterKey, whereToSend, wfPublishDate, wfNeverExpire, wfActionAssign, iWantTo, wfActionId, wfPublishTime, wfActionComments, wfExpireTime], modDate=2021-03-11 17:54:04.341, languageId=1, inode=9999d254-5ec2-4c58-a2d8-06e2c1673ce1, folder=SYSTEM_FOLDER, disabledWYSIWYG=[], sortOrder=0, modUser=dotcms.org.1, host=SYSTEM_HOST, stInode=f4d7c1b8-2c88-4071-abf1-a5328977b07d, value=test, key=testVarname1615483820549.test1615483820549.name},lowIndexPriority=false], com.dotmarketing.portlets.contentlet.model.Contentlet@4716b96a[map={owner=system, identifier=bdb476be-b977-4d0c-9254-4ba4cb8dd4fd, nullProperties=[wfExpireDate, filterKey, whereToSend, wfPublishDate, wfNeverExpire, wfActionAssign, iWantTo, wfActionId, wfPublishTime, wfActionComments, wfExpireTime], modDate=2021-03-11 17:30:20.2, languageId=1, inode=9a84e84e-84af-423b-a34a-ef67cbbc0aa7, folder=SYSTEM_FOLDER, disabledWYSIWYG=[], sortOrder=0, modUser=system, host=SYSTEM_HOST, stInode=f4d7c1b8-2c88-4071-abf1-a5328977b07d, value=test, key=testVarname1615483820079.test1615483820079.name},lowIndexPriority=false]]
[11/03/21 18:38:54:984 GMT]  INFO util.StdOutErrLog: [class com.dotcms.publishing.PublisherAPIImplTest$PushPublisherMock]
[11/03/21 18:38:54:987 GMT]  INFO util.PushPublishLogger: class com.dotcms.publishing.PublisherAPIImpl : [BundleID: 01F0H9B8G9Z5FCW59QZZJBSQBE] Started Publishing Task
[11/03/21 18:38:54:987 GMT]  INFO publishing.PublisherAPIImpl: Writing bundle.xml file
[11/03/21 18:38:54:988 GMT]  INFO publishing.PublisherAPIImpl: Start of Bundler: DependencyBundler
[11/03/21 18:38:54:993 GMT]  INFO util.DependencyManager: PublisherFilter { excludeClassesSet = [] , excludeDependencyClassesSet = [] , excludeQueryIds = [] , excludeDependencyQueryIds = [] , relationships = true , dependencies = true}
[11/03/21 18:38:55:011 GMT]  INFO publishing.PublisherAPIImpl: End of Bundler: DependencyBundler
[11/03/21 18:38:55:011 GMT]  INFO publishing.PublisherAPIImpl: Start of Bundler: HostBundler
[11/03/21 18:38:55:014 GMT]  INFO bundler.HostBundler: Searching for ContentletVersionInfo. Identifier: 8a7d5e23-da1e-420a-b4f0-471e7da8ea2d. Language:1
[11/03/21 18:38:55:016 GMT]  INFO bundler.HostBundler: Searching for ContentletVersionInfo. Identifier: 8a7d5e23-da1e-420a-b4f0-471e7da8ea2d. Language:1
[11/03/21 18:38:55:029 GMT]  INFO bundler.HostBundler: Searching for ContentletVersionInfo. Identifier: 9941a4c3-c250-4be8-ac84-7e406631655c. Language:1
[11/03/21 18:38:55:031 GMT]  INFO publishing.PublisherAPIImpl: End of Bundler: HostBundler
[11/03/21 18:38:55:031 GMT]  INFO publishing.PublisherAPIImpl: Start of Bundler: ContentBundler
[11/03/21 18:38:55:045 GMT]  INFO publishing.PublisherAPIImpl: End of Bundler: ContentBundler
[11/03/21 18:38:55:045 GMT]  INFO publishing.PublisherAPIImpl: Start of Bundler: FolderBundler
[11/03/21 18:38:55:045 GMT]  INFO publishing.PublisherAPIImpl: End of Bundler: FolderBundler
[11/03/21 18:38:55:045 GMT]  INFO publishing.PublisherAPIImpl: Start of Bundler: TemplateBundler
[11/03/21 18:38:55:046 GMT]  INFO publishing.PublisherAPIImpl: End of Bundler: TemplateBundler
[11/03/21 18:38:55:046 GMT]  INFO publishing.PublisherAPIImpl: Start of Bundler: ContainerBundler
[11/03/21 18:38:55:047 GMT]  INFO publishing.PublisherAPIImpl: End of Bundler: ContainerBundler
[11/03/21 18:38:55:047 GMT]  INFO publishing.PublisherAPIImpl: Start of Bundler: RuleBundler
[11/03/21 18:38:55:048 GMT]  INFO publishing.PublisherAPIImpl: End of Bundler: RuleBundler
[11/03/21 18:38:55:048 GMT]  INFO publishing.PublisherAPIImpl: Start of Bundler: LinkBundler
[11/03/21 18:38:55:048 GMT]  INFO publishing.PublisherAPIImpl: End of Bundler: LinkBundler
[11/03/21 18:38:55:048 GMT]  INFO publishing.PublisherAPIImpl: Start of Bundler: ContentTypeBundler
[11/03/21 18:38:55:068 GMT]  INFO publishing.PublisherAPIImpl: End of Bundler: ContentTypeBundler
[11/03/21 18:38:55:068 GMT]  INFO publishing.PublisherAPIImpl: Start of Bundler: RelationshipBundler
[11/03/21 18:38:55:068 GMT]  INFO publishing.PublisherAPIImpl: End of Bundler: RelationshipBundler
[11/03/21 18:38:55:068 GMT]  INFO publishing.PublisherAPIImpl: Start of Bundler: LanguageVariablesBundler
[11/03/21 18:38:55:071 GMT]  INFO publishing.PublisherAPIImpl: End of Bundler: LanguageVariablesBundler
[11/03/21 18:38:55:071 GMT]  INFO publishing.PublisherAPIImpl: Start of Bundler: WorkflowBundler
[11/03/21 18:38:55:089 GMT]  INFO publishing.PublisherAPIImpl: End of Bundler: WorkflowBundler
[11/03/21 18:38:55:089 GMT]  INFO publishing.PublisherAPIImpl: Start of Bundler: LanguageBundler
[11/03/21 18:38:55:090 GMT]  INFO publishing.PublisherAPIImpl: End of Bundler: LanguageBundler
[11/03/21 18:38:55:090 GMT]  INFO publishing.PublisherAPIImpl: Start of Bundler: BundleXMLAsc
[11/03/21 18:38:55:090 GMT]  INFO publishing.PublisherAPIImpl: End of Bundler: BundleXMLAsc
[11/03/21 18:38:55:090 GMT]  INFO publishing.PublisherAPIImpl: Start of Bundler: CategoryBundler
[11/03/21 18:38:55:090 GMT]  INFO publishing.PublisherAPIImpl: End of Bundler: CategoryBundler
[11/03/21 18:38:55:090 GMT]  INFO util.PushPublishLogger: class com.dotcms.publishing.PublisherAPIImpl : [BundleID: 01F0H9B8G9Z5FCW59QZZJBSQBE] Completed Publishing Task
[11/03/21 18:38:55:101 GMT]  INFO junit.RuleWatcher: >>>>>>>>>>>>>>>>>>>>>>>>>>
[11/03/21 18:38:55:101 GMT]  INFO junit.RuleWatcher: >>> publish[11: com.dotcms.publishing.PublisherAPIImplTest$TestCase@37f079a8](com.dotcms.publishing.PublisherAPIImplTest) - starting...
[11/03/21 18:38:55:101 GMT]  INFO junit.RuleWatcher: >>>>>>>>>>>>>>>>>>>>>>>>>>
[11/03/21 18:38:55:102 GMT]  INFO publishing.PublisherAPIImplTest: languageVariables [com.dotmarketing.portlets.contentlet.model.Contentlet@527bad27[map={owner=system, identifier=a135ec00-0fd8-4896-a19e-bb6952eeae26, nullProperties=[wfExpireDate, filterKey, whereToSend, wfPublishDate, wfNeverExpire, wfActionAssign, iWantTo, wfActionId, wfPublishTime, wfActionComments, wfExpireTime], modDate=2021-03-11 17:55:44.43, languageId=1615485344402, inode=126a468e-1741-4ee9-a808-9c8d928dee8c, folder=SYSTEM_FOLDER, disabledWYSIWYG=[], sortOrder=0, modUser=system, host=8a7d5e23-da1e-420a-b4f0-471e7da8ea2d, stInode=f4d7c1b8-2c88-4071-abf1-a5328977b07d, value=key-exists-as-contentlet70e4b51114works, key=key-exists-as-contentlet70e4b51114},lowIndexPriority=false], com.dotmarketing.portlets.contentlet.model.Contentlet@58cc12b0[map={owner=system, identifier=73fc3b7d-bf61-449e-9e03-387dd99f84ca, nullProperties=[wfExpireDate, filterKey, whereToSend, wfPublishDate, wfNeverExpire, wfActionAssign, iWantTo, wfActionId, wfPublishTime, wfActionComments, wfExpireTime], modDate=2021-03-11 17:54:04.341, languageId=1, inode=9999d254-5ec2-4c58-a2d8-06e2c1673ce1, folder=SYSTEM_FOLDER, disabledWYSIWYG=[], sortOrder=0, modUser=dotcms.org.1, host=SYSTEM_HOST, stInode=f4d7c1b8-2c88-4071-abf1-a5328977b07d, value=test, key=testVarname1615483820549.test1615483820549.name},lowIndexPriority=false], com.dotmarketing.portlets.contentlet.model.Contentlet@4716b96a[map={owner=system, identifier=bdb476be-b977-4d0c-9254-4ba4cb8dd4fd, nullProperties=[wfExpireDate, filterKey, whereToSend, wfPublishDate, wfNeverExpire, wfActionAssign, iWantTo, wfActionId, wfPublishTime, wfActionComments, wfExpireTime], modDate=2021-03-11 17:30:20.2, languageId=1, inode=9a84e84e-84af-423b-a34a-ef67cbbc0aa7, folder=SYSTEM_FOLDER, disabledWYSIWYG=[], sortOrder=0, modUser=system, host=SYSTEM_HOST, stInode=f4d7c1b8-2c88-4071-abf1-a5328977b07d, value=test, key=testVarname1615483820079.test1615483820079.name},lowIndexPriority=false]]
[11/03/21 18:38:55:102 GMT]  INFO util.StdOutErrLog: [class com.dotcms.publishing.PublisherAPIImplTest$PushPublisherMock]
[11/03/21 18:38:55:104 GMT]  INFO util.PushPublishLogger: class com.dotcms.publishing.PublisherAPIImpl : [BundleID: 01F0H9B8KZYB2H173NXVXNPVBP] Started Publishing Task
[11/03/21 18:38:55:104 GMT]  INFO publishing.PublisherAPIImpl: Writing bundle.xml file
[11/03/21 18:38:55:105 GMT]  INFO publishing.PublisherAPIImpl: Start of Bundler: DependencyBundler
[11/03/21 18:38:55:110 GMT]  INFO util.DependencyManager: PublisherFilter { excludeClassesSet = [] , excludeDependencyClassesSet = [] , excludeQueryIds = [] , excludeDependencyQueryIds = [] , relationships = true , dependencies = true}
[11/03/21 18:38:55:124 GMT]  INFO publishing.PublisherAPIImpl: End of Bundler: DependencyBundler
[11/03/21 18:38:55:124 GMT]  INFO publishing.PublisherAPIImpl: Start of Bundler: HostBundler
[11/03/21 18:38:55:127 GMT]  INFO bundler.HostBundler: Searching for ContentletVersionInfo. Identifier: 8a7d5e23-da1e-420a-b4f0-471e7da8ea2d. Language:1
[11/03/21 18:38:55:129 GMT]  INFO bundler.HostBundler: Searching for ContentletVersionInfo. Identifier: 8a7d5e23-da1e-420a-b4f0-471e7da8ea2d. Language:1
[11/03/21 18:38:55:132 GMT]  INFO bundler.HostBundler: Searching for ContentletVersionInfo. Identifier: 6ab6142c-4a33-470a-857e-4564de4e6497. Language:1
[11/03/21 18:38:55:134 GMT]  INFO publishing.PublisherAPIImpl: End of Bundler: HostBundler
[11/03/21 18:38:55:134 GMT]  INFO publishing.PublisherAPIImpl: Start of Bundler: ContentBundler
[11/03/21 18:38:55:144 GMT]  INFO publishing.PublisherAPIImpl: End of Bundler: ContentBundler
[11/03/21 18:38:55:144 GMT]  INFO publishing.PublisherAPIImpl: Start of Bundler: FolderBundler
[11/03/21 18:38:55:144 GMT]  INFO publishing.PublisherAPIImpl: End of Bundler: FolderBundler
[11/03/21 18:38:55:144 GMT]  INFO publishing.PublisherAPIImpl: Start of Bundler: TemplateBundler
[11/03/21 18:38:55:144 GMT]  INFO publishing.PublisherAPIImpl: End of Bundler: TemplateBundler
[11/03/21 18:38:55:144 GMT]  INFO publishing.PublisherAPIImpl: Start of Bundler: ContainerBundler
[11/03/21 18:38:55:145 GMT]  INFO publishing.PublisherAPIImpl: End of Bundler: ContainerBundler
[11/03/21 18:38:55:145 GMT]  INFO publishing.PublisherAPIImpl: Start of Bundler: RuleBundler
[11/03/21 18:38:55:146 GMT]  INFO publishing.PublisherAPIImpl: End of Bundler: RuleBundler
[11/03/21 18:38:55:146 GMT]  INFO publishing.PublisherAPIImpl: Start of Bundler: LinkBundler
[11/03/21 18:38:55:146 GMT]  INFO publishing.PublisherAPIImpl: End of Bundler: LinkBundler
[11/03/21 18:38:55:146 GMT]  INFO publishing.PublisherAPIImpl: Start of Bundler: ContentTypeBundler
[11/03/21 18:38:55:152 GMT]  INFO publishing.PublisherAPIImpl: End of Bundler: ContentTypeBundler
[11/03/21 18:38:55:152 GMT]  INFO publishing.PublisherAPIImpl: Start of Bundler: RelationshipBundler
[11/03/21 18:38:55:152 GMT]  INFO publishing.PublisherAPIImpl: End of Bundler: RelationshipBundler
[11/03/21 18:38:55:152 GMT]  INFO publishing.PublisherAPIImpl: Start of Bundler: LanguageVariablesBundler
[11/03/21 18:38:55:156 GMT]  INFO publishing.PublisherAPIImpl: End of Bundler: LanguageVariablesBundler
[11/03/21 18:38:55:156 GMT]  INFO publishing.PublisherAPIImpl: Start of Bundler: WorkflowBundler
[11/03/21 18:38:55:173 GMT]  INFO publishing.PublisherAPIImpl: End of Bundler: WorkflowBundler
[11/03/21 18:38:55:173 GMT]  INFO publishing.PublisherAPIImpl: Start of Bundler: LanguageBundler
[11/03/21 18:38:55:174 GMT]  INFO publishing.PublisherAPIImpl: End of Bundler: LanguageBundler
[11/03/21 18:38:55:174 GMT]  INFO publishing.PublisherAPIImpl: Start of Bundler: BundleXMLAsc
[11/03/21 18:38:55:174 GMT]  INFO publishing.PublisherAPIImpl: End of Bundler: BundleXMLAsc
[11/03/21 18:38:55:174 GMT]  INFO publishing.PublisherAPIImpl: Start of Bundler: CategoryBundler
[11/03/21 18:38:55:174 GMT]  INFO publishing.PublisherAPIImpl: End of Bundler: CategoryBundler
[11/03/21 18:38:55:175 GMT]  INFO util.PushPublishLogger: class com.dotcms.publishing.PublisherAPIImpl : [BundleID: 01F0H9B8KZYB2H173NXVXNPVBP] Completed Publishing Task
[11/03/21 18:38:55:186 GMT]  INFO junit.RuleWatcher: >>>>>>>>>>>>>>>>>>>>>>>>>>
[11/03/21 18:38:55:186 GMT]  INFO junit.RuleWatcher: >>> publish[12: com.dotcms.publishing.PublisherAPIImplTest$TestCase@d6fc1c8](com.dotcms.publishing.PublisherAPIImplTest) - starting...
[11/03/21 18:38:55:186 GMT]  INFO junit.RuleWatcher: >>>>>>>>>>>>>>>>>>>>>>>>>>
[11/03/21 18:38:55:192 GMT]  INFO publishing.PublisherAPIImplTest: languageVariables [com.dotmarketing.portlets.contentlet.model.Contentlet@527bad27[map={owner=system, identifier=a135ec00-0fd8-4896-a19e-bb6952eeae26, nullProperties=[wfExpireDate, filterKey, whereToSend, wfPublishDate, wfNeverExpire, wfActionAssign, iWantTo, wfActionId, wfPublishTime, wfActionComments, wfExpireTime], modDate=2021-03-11 17:55:44.43, languageId=1615485344402, inode=126a468e-1741-4ee9-a808-9c8d928dee8c, folder=SYSTEM_FOLDER, disabledWYSIWYG=[], sortOrder=0, modUser=system, host=8a7d5e23-da1e-420a-b4f0-471e7da8ea2d, stInode=f4d7c1b8-2c88-4071-abf1-a5328977b07d, value=key-exists-as-contentlet70e4b51114works, key=key-exists-as-contentlet70e4b51114},lowIndexPriority=false], com.dotmarketing.portlets.contentlet.model.Contentlet@58cc12b0[map={owner=system, identifier=73fc3b7d-bf61-449e-9e03-387dd99f84ca, nullProperties=[wfExpireDate, filterKey, whereToSend, wfPublishDate, wfNeverExpire, wfActionAssign, iWantTo, wfActionId, wfPublishTime, wfActionComments, wfExpireTime], modDate=2021-03-11 17:54:04.341, languageId=1, inode=9999d254-5ec2-4c58-a2d8-06e2c1673ce1, folder=SYSTEM_FOLDER, disabledWYSIWYG=[], sortOrder=0, modUser=dotcms.org.1, host=SYSTEM_HOST, stInode=f4d7c1b8-2c88-4071-abf1-a5328977b07d, value=test, key=testVarname1615483820549.test1615483820549.name},lowIndexPriority=false], com.dotmarketing.portlets.contentlet.model.Contentlet@4716b96a[map={owner=system, identifier=bdb476be-b977-4d0c-9254-4ba4cb8dd4fd, nullProperties=[wfExpireDate, filterKey, whereToSend, wfPublishDate, wfNeverExpire, wfActionAssign, iWantTo, wfActionId, wfPublishTime, wfActionComments, wfExpireTime], modDate=2021-03-11 17:30:20.2, languageId=1, inode=9a84e84e-84af-423b-a34a-ef67cbbc0aa7, folder=SYSTEM_FOLDER, disabledWYSIWYG=[], sortOrder=0, modUser=system, host=SYSTEM_HOST, stInode=f4d7c1b8-2c88-4071-abf1-a5328977b07d, value=test, key=testVarname1615483820079.test1615483820079.name},lowIndexPriority=false]]
[11/03/21 18:38:55:194 GMT]  INFO util.StdOutErrLog: [class com.dotcms.publishing.PublisherAPIImplTest$PushPublisherMock]
[11/03/21 18:38:55:196 GMT]  INFO util.PushPublishLogger: class com.dotcms.publishing.PublisherAPIImpl : [BundleID: 01F0H9B8PV1N085SQ7S99KBT58] Started Publishing Task
[11/03/21 18:38:55:197 GMT]  INFO publishing.PublisherAPIImpl: Writing bundle.xml file
[11/03/21 18:38:55:198 GMT]  INFO publishing.PublisherAPIImpl: Start of Bundler: DependencyBundler
[11/03/21 18:38:55:203 GMT]  INFO util.DependencyManager: PublisherFilter { excludeClassesSet = [] , excludeDependencyClassesSet = [] , excludeQueryIds = [] , excludeDependencyQueryIds = [] , relationships = true , dependencies = true}
[11/03/21 18:38:55:237 GMT]  INFO publishing.PublisherAPIImpl: End of Bundler: DependencyBundler
[11/03/21 18:38:55:237 GMT]  INFO publishing.PublisherAPIImpl: Start of Bundler: HostBundler
[11/03/21 18:38:55:240 GMT]  INFO bundler.HostBundler: Searching for ContentletVersionInfo. Identifier: 8a7d5e23-da1e-420a-b4f0-471e7da8ea2d. Language:1
[11/03/21 18:38:55:243 GMT]  INFO bundler.HostBundler: Searching for ContentletVersionInfo. Identifier: 8a7d5e23-da1e-420a-b4f0-471e7da8ea2d. Language:1
[11/03/21 18:38:55:245 GMT]  INFO bundler.HostBundler: Searching for ContentletVersionInfo. Identifier: 034a782e-990b-45c5-8526-74549202f6f3. Language:1
[11/03/21 18:38:55:246 GMT]  INFO publishing.PublisherAPIImpl: End of Bundler: HostBundler
[11/03/21 18:38:55:246 GMT]  INFO publishing.PublisherAPIImpl: Start of Bundler: ContentBundler
[11/03/21 18:38:55:262 GMT]  INFO publishing.PublisherAPIImpl: End of Bundler: ContentBundler
[11/03/21 18:38:55:262 GMT]  INFO publishing.PublisherAPIImpl: Start of Bundler: FolderBundler
[11/03/21 18:38:55:266 GMT]  INFO publishing.PublisherAPIImpl: End of Bundler: FolderBundler
[11/03/21 18:38:55:266 GMT]  INFO publishing.PublisherAPIImpl: Start of Bundler: TemplateBundler
[11/03/21 18:38:55:266 GMT]  INFO publishing.PublisherAPIImpl: End of Bundler: TemplateBundler
[11/03/21 18:38:55:266 GMT]  INFO publishing.PublisherAPIImpl: Start of Bundler: ContainerBundler
[11/03/21 18:38:55:266 GMT]  INFO publishing.PublisherAPIImpl: End of Bundler: ContainerBundler
[11/03/21 18:38:55:266 GMT]  INFO publishing.PublisherAPIImpl: Start of Bundler: RuleBundler
[11/03/21 18:38:55:267 GMT]  INFO publishing.PublisherAPIImpl: End of Bundler: RuleBundler
[11/03/21 18:38:55:267 GMT]  INFO publishing.PublisherAPIImpl: Start of Bundler: LinkBundler
[11/03/21 18:38:55:268 GMT]  INFO publishing.PublisherAPIImpl: End of Bundler: LinkBundler
[11/03/21 18:38:55:268 GMT]  INFO publishing.PublisherAPIImpl: Start of Bundler: ContentTypeBundler
[11/03/21 18:38:55:284 GMT]  INFO publishing.PublisherAPIImpl: End of Bundler: ContentTypeBundler
[11/03/21 18:38:55:284 GMT]  INFO publishing.PublisherAPIImpl: Start of Bundler: RelationshipBundler
[11/03/21 18:38:55:284 GMT]  INFO publishing.PublisherAPIImpl: End of Bundler: RelationshipBundler
[11/03/21 18:38:55:284 GMT]  INFO publishing.PublisherAPIImpl: Start of Bundler: LanguageVariablesBundler
[11/03/21 18:38:55:286 GMT]  INFO publishing.PublisherAPIImpl: End of Bundler: LanguageVariablesBundler
[11/03/21 18:38:55:286 GMT]  INFO publishing.PublisherAPIImpl: Start of Bundler: WorkflowBundler
[11/03/21 18:38:55:305 GMT]  INFO publishing.PublisherAPIImpl: End of Bundler: WorkflowBundler
[11/03/21 18:38:55:305 GMT]  INFO publishing.PublisherAPIImpl: Start of Bundler: LanguageBundler
[11/03/21 18:38:55:306 GMT]  INFO publishing.PublisherAPIImpl: End of Bundler: LanguageBundler
[11/03/21 18:38:55:306 GMT]  INFO publishing.PublisherAPIImpl: Start of Bundler: BundleXMLAsc
[11/03/21 18:38:55:306 GMT]  INFO publishing.PublisherAPIImpl: End of Bundler: BundleXMLAsc
[11/03/21 18:38:55:306 GMT]  INFO publishing.PublisherAPIImpl: Start of Bundler: CategoryBundler
[11/03/21 18:38:55:306 GMT]  INFO publishing.PublisherAPIImpl: End of Bundler: CategoryBundler
[11/03/21 18:38:55:306 GMT]  INFO util.PushPublishLogger: class com.dotcms.publishing.PublisherAPIImpl : [BundleID: 01F0H9B8PV1N085SQ7S99KBT58] Completed Publishing Task
[11/03/21 18:38:55:323 GMT]  INFO junit.RuleWatcher: >>>>>>>>>>>>>>>>>>>>>>>>>>
[11/03/21 18:38:55:323 GMT]  INFO junit.RuleWatcher: >>> publish[13: com.dotcms.publishing.PublisherAPIImplTest$TestCase@44ebedd8](com.dotcms.publishing.PublisherAPIImplTest) - starting...
[11/03/21 18:38:55:323 GMT]  INFO junit.RuleWatcher: >>>>>>>>>>>>>>>>>>>>>>>>>>
[11/03/21 18:38:55:324 GMT]  INFO publishing.PublisherAPIImplTest: languageVariables [com.dotmarketing.portlets.contentlet.model.Contentlet@527bad27[map={owner=system, identifier=a135ec00-0fd8-4896-a19e-bb6952eeae26, nullProperties=[wfExpireDate, filterKey, whereToSend, wfPublishDate, wfNeverExpire, wfActionAssign, iWantTo, wfActionId, wfPublishTime, wfActionComments, wfExpireTime], modDate=2021-03-11 17:55:44.43, languageId=1615485344402, inode=126a468e-1741-4ee9-a808-9c8d928dee8c, folder=SYSTEM_FOLDER, disabledWYSIWYG=[], sortOrder=0, modUser=system, host=8a7d5e23-da1e-420a-b4f0-471e7da8ea2d, stInode=f4d7c1b8-2c88-4071-abf1-a5328977b07d, value=key-exists-as-contentlet70e4b51114works, key=key-exists-as-contentlet70e4b51114},lowIndexPriority=false], com.dotmarketing.portlets.contentlet.model.Contentlet@58cc12b0[map={owner=system, identifier=73fc3b7d-bf61-449e-9e03-387dd99f84ca, nullProperties=[wfExpireDate, filterKey, whereToSend, wfPublishDate, wfNeverExpire, wfActionAssign, iWantTo, wfActionId, wfPublishTime, wfActionComments, wfExpireTime], modDate=2021-03-11 17:54:04.341, languageId=1, inode=9999d254-5ec2-4c58-a2d8-06e2c1673ce1, folder=SYSTEM_FOLDER, disabledWYSIWYG=[], sortOrder=0, modUser=dotcms.org.1, host=SYSTEM_HOST, stInode=f4d7c1b8-2c88-4071-abf1-a5328977b07d, value=test, key=testVarname1615483820549.test1615483820549.name},lowIndexPriority=false], com.dotmarketing.portlets.contentlet.model.Contentlet@4716b96a[map={owner=system, identifier=bdb476be-b977-4d0c-9254-4ba4cb8dd4fd, nullProperties=[wfExpireDate, filterKey, whereToSend, wfPublishDate, wfNeverExpire, wfActionAssign, iWantTo, wfActionId, wfPublishTime, wfActionComments, wfExpireTime], modDate=2021-03-11 17:30:20.2, languageId=1, inode=9a84e84e-84af-423b-a34a-ef67cbbc0aa7, folder=SYSTEM_FOLDER, disabledWYSIWYG=[], sortOrder=0, modUser=system, host=SYSTEM_HOST, stInode=f4d7c1b8-2c88-4071-abf1-a5328977b07d, value=test, key=testVarname1615483820079.test1615483820079.name},lowIndexPriority=false]]
[11/03/21 18:38:55:324 GMT]  INFO util.StdOutErrLog: [class com.dotcms.publishing.PublisherAPIImplTest$PushPublisherMock]
[11/03/21 18:38:55:326 GMT]  INFO util.PushPublishLogger: class com.dotcms.publishing.PublisherAPIImpl : [BundleID: 01F0H9B8TXAFGK3XEGG7EY05JB] Started Publishing Task
[11/03/21 18:38:55:327 GMT]  INFO publishing.PublisherAPIImpl: Writing bundle.xml file
[11/03/21 18:38:55:327 GMT]  INFO publishing.PublisherAPIImpl: Start of Bundler: DependencyBundler
[11/03/21 18:38:55:332 GMT]  INFO util.DependencyManager: PublisherFilter { excludeClassesSet = [] , excludeDependencyClassesSet = [] , excludeQueryIds = [] , excludeDependencyQueryIds = [] , relationships = true , dependencies = true}
[11/03/21 18:38:55:379 GMT]  INFO publishing.PublisherAPIImpl: End of Bundler: DependencyBundler
[11/03/21 18:38:55:379 GMT]  INFO publishing.PublisherAPIImpl: Start of Bundler: HostBundler
[11/03/21 18:38:55:386 GMT]  INFO bundler.HostBundler: Searching for ContentletVersionInfo. Identifier: 8a7d5e23-da1e-420a-b4f0-471e7da8ea2d. Language:1
[11/03/21 18:38:55:389 GMT]  INFO bundler.HostBundler: Searching for ContentletVersionInfo. Identifier: 8a7d5e23-da1e-420a-b4f0-471e7da8ea2d. Language:1
[11/03/21 18:38:55:392 GMT]  INFO bundler.HostBundler: Searching for ContentletVersionInfo. Identifier: 16b871f3-0e6c-4877-925d-69b05296d359. Language:1
[11/03/21 18:38:55:394 GMT]  INFO publishing.PublisherAPIImpl: End of Bundler: HostBundler
[11/03/21 18:38:55:394 GMT]  INFO publishing.PublisherAPIImpl: Start of Bundler: ContentBundler
[11/03/21 18:38:55:405 GMT]  INFO publishing.PublisherAPIImpl: End of Bundler: ContentBundler
[11/03/21 18:38:55:405 GMT]  INFO publishing.PublisherAPIImpl: Start of Bundler: FolderBundler
[11/03/21 18:38:55:406 GMT]  INFO publishing.PublisherAPIImpl: End of Bundler: FolderBundler
[11/03/21 18:38:55:406 GMT]  INFO publishing.PublisherAPIImpl: Start of Bundler: TemplateBundler
[11/03/21 18:38:55:407 GMT]  INFO publishing.PublisherAPIImpl: End of Bundler: TemplateBundler
[11/03/21 18:38:55:407 GMT]  INFO publishing.PublisherAPIImpl: Start of Bundler: ContainerBundler
[11/03/21 18:38:55:407 GMT]  INFO publishing.PublisherAPIImpl: End of Bundler: ContainerBundler
[11/03/21 18:38:55:407 GMT]  INFO publishing.PublisherAPIImpl: Start of Bundler: RuleBundler
[11/03/21 18:38:55:409 GMT]  INFO publishing.PublisherAPIImpl: End of Bundler: RuleBundler
[11/03/21 18:38:55:409 GMT]  INFO publishing.PublisherAPIImpl: Start of Bundler: LinkBundler
[11/03/21 18:38:55:409 GMT]  INFO publishing.PublisherAPIImpl: End of Bundler: LinkBundler
[11/03/21 18:38:55:409 GMT]  INFO publishing.PublisherAPIImpl: Start of Bundler: ContentTypeBundler
[11/03/21 18:38:55:442 GMT]  INFO publishing.PublisherAPIImpl: End of Bundler: ContentTypeBundler
[11/03/21 18:38:55:442 GMT]  INFO publishing.PublisherAPIImpl: Start of Bundler: RelationshipBundler
[11/03/21 18:38:55:442 GMT]  INFO publishing.PublisherAPIImpl: End of Bundler: RelationshipBundler
[11/03/21 18:38:55:442 GMT]  INFO publishing.PublisherAPIImpl: Start of Bundler: LanguageVariablesBundler
[11/03/21 18:38:55:447 GMT]  INFO publishing.PublisherAPIImpl: End of Bundler: LanguageVariablesBundler
[11/03/21 18:38:55:447 GMT]  INFO publishing.PublisherAPIImpl: Start of Bundler: WorkflowBundler
[11/03/21 18:38:55:479 GMT]  INFO publishing.PublisherAPIImpl: End of Bundler: WorkflowBundler
[11/03/21 18:38:55:479 GMT]  INFO publishing.PublisherAPIImpl: Start of Bundler: LanguageBundler
[11/03/21 18:38:55:480 GMT]  INFO publishing.PublisherAPIImpl: End of Bundler: LanguageBundler
[11/03/21 18:38:55:480 GMT]  INFO publishing.PublisherAPIImpl: Start of Bundler: BundleXMLAsc
[11/03/21 18:38:55:480 GMT]  INFO publishing.PublisherAPIImpl: End of Bundler: BundleXMLAsc
[11/03/21 18:38:55:480 GMT]  INFO publishing.PublisherAPIImpl: Start of Bundler: CategoryBundler
[11/03/21 18:38:55:480 GMT]  INFO publishing.PublisherAPIImpl: End of Bundler: CategoryBundler
[11/03/21 18:38:55:480 GMT]  INFO util.PushPublishLogger: class com.dotcms.publishing.PublisherAPIImpl : [BundleID: 01F0H9B8TXAFGK3XEGG7EY05JB] Completed Publishing Task
[11/03/21 18:38:55:506 GMT]  INFO junit.RuleWatcher: >>>>>>>>>>>>>>>>>>>>>>>>>>
[11/03/21 18:38:55:506 GMT]  INFO junit.RuleWatcher: >>> publish[14: com.dotcms.publishing.PublisherAPIImplTest$TestCase@1f5b9c81](com.dotcms.publishing.PublisherAPIImplTest) - starting...
[11/03/21 18:38:55:506 GMT]  INFO junit.RuleWatcher: >>>>>>>>>>>>>>>>>>>>>>>>>>
[11/03/21 18:38:55:507 GMT]  INFO publishing.PublisherAPIImplTest: languageVariables [com.dotmarketing.portlets.contentlet.model.Contentlet@527bad27[map={owner=system, identifier=a135ec00-0fd8-4896-a19e-bb6952eeae26, nullProperties=[wfExpireDate, filterKey, whereToSend, wfPublishDate, wfNeverExpire, wfActionAssign, iWantTo, wfActionId, wfPublishTime, wfActionComments, wfExpireTime], modDate=2021-03-11 17:55:44.43, languageId=1615485344402, inode=126a468e-1741-4ee9-a808-9c8d928dee8c, folder=SYSTEM_FOLDER, disabledWYSIWYG=[], sortOrder=0, modUser=system, host=8a7d5e23-da1e-420a-b4f0-471e7da8ea2d, stInode=f4d7c1b8-2c88-4071-abf1-a5328977b07d, value=key-exists-as-contentlet70e4b51114works, key=key-exists-as-contentlet70e4b51114},lowIndexPriority=false], com.dotmarketing.portlets.contentlet.model.Contentlet@58cc12b0[map={owner=system, identifier=73fc3b7d-bf61-449e-9e03-387dd99f84ca, nullProperties=[wfExpireDate, filterKey, whereToSend, wfPublishDate, wfNeverExpire, wfActionAssign, iWantTo, wfActionId, wfPublishTime, wfActionComments, wfExpireTime], modDate=2021-03-11 17:54:04.341, languageId=1, inode=9999d254-5ec2-4c58-a2d8-06e2c1673ce1, folder=SYSTEM_FOLDER, disabledWYSIWYG=[], sortOrder=0, modUser=dotcms.org.1, host=SYSTEM_HOST, stInode=f4d7c1b8-2c88-4071-abf1-a5328977b07d, value=test, key=testVarname1615483820549.test1615483820549.name},lowIndexPriority=false], com.dotmarketing.portlets.contentlet.model.Contentlet@4716b96a[map={owner=system, identifier=bdb476be-b977-4d0c-9254-4ba4cb8dd4fd, nullProperties=[wfExpireDate, filterKey, whereToSend, wfPublishDate, wfNeverExpire, wfActionAssign, iWantTo, wfActionId, wfPublishTime, wfActionComments, wfExpireTime], modDate=2021-03-11 17:30:20.2, languageId=1, inode=9a84e84e-84af-423b-a34a-ef67cbbc0aa7, folder=SYSTEM_FOLDER, disabledWYSIWYG=[], sortOrder=0, modUser=system, host=SYSTEM_HOST, stInode=f4d7c1b8-2c88-4071-abf1-a5328977b07d, value=test, key=testVarname1615483820079.test1615483820079.name},lowIndexPriority=false]]
[11/03/21 18:38:55:507 GMT]  INFO util.StdOutErrLog: [class com.dotcms.publishing.PublisherAPIImplTest$PushPublisherMock]
[11/03/21 18:38:55:512 GMT]  INFO util.PushPublishLogger: class com.dotcms.publishing.PublisherAPIImpl : [BundleID: 01F0H9B90ME1XXKMNMJ2HXTS2Y] Started Publishing Task
[11/03/21 18:38:55:512 GMT]  INFO publishing.PublisherAPIImpl: Writing bundle.xml file
[11/03/21 18:38:55:513 GMT]  INFO publishing.PublisherAPIImpl: Start of Bundler: DependencyBundler
[11/03/21 18:38:55:518 GMT]  INFO util.DependencyManager: PublisherFilter { excludeClassesSet = [] , excludeDependencyClassesSet = [] , excludeQueryIds = [] , excludeDependencyQueryIds = [] , relationships = true , dependencies = true}
[11/03/21 18:38:55:533 GMT]  INFO publishing.PublisherAPIImpl: End of Bundler: DependencyBundler
[11/03/21 18:38:55:533 GMT]  INFO publishing.PublisherAPIImpl: Start of Bundler: HostBundler
[11/03/21 18:38:55:537 GMT]  INFO bundler.HostBundler: Searching for ContentletVersionInfo. Identifier: 8a7d5e23-da1e-420a-b4f0-471e7da8ea2d. Language:1
[11/03/21 18:38:55:539 GMT]  INFO bundler.HostBundler: Searching for ContentletVersionInfo. Identifier: 8a7d5e23-da1e-420a-b4f0-471e7da8ea2d. Language:1
[11/03/21 18:38:55:541 GMT]  INFO bundler.HostBundler: Searching for ContentletVersionInfo. Identifier: bbff0592-c03d-4fd1-ac72-0b95cc1f9689. Language:1
[11/03/21 18:38:55:543 GMT]  INFO publishing.PublisherAPIImpl: End of Bundler: HostBundler
[11/03/21 18:38:55:543 GMT]  INFO publishing.PublisherAPIImpl: Start of Bundler: ContentBundler
[11/03/21 18:38:55:554 GMT]  INFO publishing.PublisherAPIImpl: End of Bundler: ContentBundler
[11/03/21 18:38:55:554 GMT]  INFO publishing.PublisherAPIImpl: Start of Bundler: FolderBundler
[11/03/21 18:38:55:555 GMT]  INFO publishing.PublisherAPIImpl: End of Bundler: FolderBundler
[11/03/21 18:38:55:555 GMT]  INFO publishing.PublisherAPIImpl: Start of Bundler: TemplateBundler
[11/03/21 18:38:55:555 GMT]  INFO publishing.PublisherAPIImpl: End of Bundler: TemplateBundler
[11/03/21 18:38:55:555 GMT]  INFO publishing.PublisherAPIImpl: Start of Bundler: ContainerBundler
[11/03/21 18:38:55:555 GMT]  INFO publishing.PublisherAPIImpl: End of Bundler: ContainerBundler
[11/03/21 18:38:55:555 GMT]  INFO publishing.PublisherAPIImpl: Start of Bundler: RuleBundler
[11/03/21 18:38:55:556 GMT]  INFO publishing.PublisherAPIImpl: End of Bundler: RuleBundler
[11/03/21 18:38:55:556 GMT]  INFO publishing.PublisherAPIImpl: Start of Bundler: LinkBundler
[11/03/21 18:38:55:557 GMT]  INFO publishing.PublisherAPIImpl: End of Bundler: LinkBundler
[11/03/21 18:38:55:557 GMT]  INFO publishing.PublisherAPIImpl: Start of Bundler: ContentTypeBundler
[11/03/21 18:38:55:561 GMT]  INFO publishing.PublisherAPIImpl: End of Bundler: ContentTypeBundler
[11/03/21 18:38:55:561 GMT]  INFO publishing.PublisherAPIImpl: Start of Bundler: RelationshipBundler
[11/03/21 18:38:55:561 GMT]  INFO publishing.PublisherAPIImpl: End of Bundler: RelationshipBundler
[11/03/21 18:38:55:561 GMT]  INFO publishing.PublisherAPIImpl: Start of Bundler: LanguageVariablesBundler
[11/03/21 18:38:55:564 GMT]  INFO publishing.PublisherAPIImpl: End of Bundler: LanguageVariablesBundler
[11/03/21 18:38:55:564 GMT]  INFO publishing.PublisherAPIImpl: Start of Bundler: WorkflowBundler
[11/03/21 18:38:55:581 GMT]  INFO publishing.PublisherAPIImpl: End of Bundler: WorkflowBundler
[11/03/21 18:38:55:581 GMT]  INFO publishing.PublisherAPIImpl: Start of Bundler: LanguageBundler
[11/03/21 18:38:55:582 GMT]  INFO publishing.PublisherAPIImpl: End of Bundler: LanguageBundler
[11/03/21 18:38:55:582 GMT]  INFO publishing.PublisherAPIImpl: Start of Bundler: BundleXMLAsc
[11/03/21 18:38:55:582 GMT]  INFO publishing.PublisherAPIImpl: End of Bundler: BundleXMLAsc
[11/03/21 18:38:55:582 GMT]  INFO publishing.PublisherAPIImpl: Start of Bundler: CategoryBundler
[11/03/21 18:38:55:582 GMT]  INFO publishing.PublisherAPIImpl: End of Bundler: CategoryBundler
[11/03/21 18:38:55:582 GMT]  INFO util.PushPublishLogger: class com.dotcms.publishing.PublisherAPIImpl : [BundleID: 01F0H9B90ME1XXKMNMJ2HXTS2Y] Completed Publishing Task
[11/03/21 18:38:55:599 GMT]  INFO junit.RuleWatcher: >>>>>>>>>>>>>>>>>>>>>>>>>>
[11/03/21 18:38:55:599 GMT]  INFO junit.RuleWatcher: >>> publish[15: com.dotcms.publishing.PublisherAPIImplTest$TestCase@2b528bfb](com.dotcms.publishing.PublisherAPIImplTest) - starting...
[11/03/21 18:38:55:599 GMT]  INFO junit.RuleWatcher: >>>>>>>>>>>>>>>>>>>>>>>>>>
[11/03/21 18:38:55:600 GMT]  INFO publishing.PublisherAPIImplTest: languageVariables [com.dotmarketing.portlets.contentlet.model.Contentlet@527bad27[map={owner=system, identifier=a135ec00-0fd8-4896-a19e-bb6952eeae26, nullProperties=[wfExpireDate, filterKey, whereToSend, wfPublishDate, wfNeverExpire, wfActionAssign, iWantTo, wfActionId, wfPublishTime, wfActionComments, wfExpireTime], modDate=2021-03-11 17:55:44.43, languageId=1615485344402, inode=126a468e-1741-4ee9-a808-9c8d928dee8c, folder=SYSTEM_FOLDER, disabledWYSIWYG=[], sortOrder=0, modUser=system, host=8a7d5e23-da1e-420a-b4f0-471e7da8ea2d, stInode=f4d7c1b8-2c88-4071-abf1-a5328977b07d, value=key-exists-as-contentlet70e4b51114works, key=key-exists-as-contentlet70e4b51114},lowIndexPriority=false], com.dotmarketing.portlets.contentlet.model.Contentlet@58cc12b0[map={owner=system, identifier=73fc3b7d-bf61-449e-9e03-387dd99f84ca, nullProperties=[wfExpireDate, filterKey, whereToSend, wfPublishDate, wfNeverExpire, wfActionAssign, iWantTo, wfActionId, wfPublishTime, wfActionComments, wfExpireTime], modDate=2021-03-11 17:54:04.341, languageId=1, inode=9999d254-5ec2-4c58-a2d8-06e2c1673ce1, folder=SYSTEM_FOLDER, disabledWYSIWYG=[], sortOrder=0, modUser=dotcms.org.1, host=SYSTEM_HOST, stInode=f4d7c1b8-2c88-4071-abf1-a5328977b07d, value=test, key=testVarname1615483820549.test1615483820549.name},lowIndexPriority=false], com.dotmarketing.portlets.contentlet.model.Contentlet@4716b96a[map={owner=system, identifier=bdb476be-b977-4d0c-9254-4ba4cb8dd4fd, nullProperties=[wfExpireDate, filterKey, whereToSend, wfPublishDate, wfNeverExpire, wfActionAssign, iWantTo, wfActionId, wfPublishTime, wfActionComments, wfExpireTime], modDate=2021-03-11 17:30:20.2, languageId=1, inode=9a84e84e-84af-423b-a34a-ef67cbbc0aa7, folder=SYSTEM_FOLDER, disabledWYSIWYG=[], sortOrder=0, modUser=system, host=SYSTEM_HOST, stInode=f4d7c1b8-2c88-4071-abf1-a5328977b07d, value=test, key=testVarname1615483820079.test1615483820079.name},lowIndexPriority=false]]
[11/03/21 18:38:55:601 GMT]  INFO util.StdOutErrLog: [class com.dotcms.publishing.PublisherAPIImplTest$PushPublisherMock]
[11/03/21 18:38:55:604 GMT]  INFO util.PushPublishLogger: class com.dotcms.publishing.PublisherAPIImpl : [BundleID: 01F0H9B93HJD1YRVGNKQ55RVPA] Started Publishing Task
[11/03/21 18:38:55:605 GMT]  INFO publishing.PublisherAPIImpl: Writing bundle.xml file
[11/03/21 18:38:55:606 GMT]  INFO publishing.PublisherAPIImpl: Start of Bundler: DependencyBundler
[11/03/21 18:38:55:611 GMT]  INFO util.DependencyManager: PublisherFilter { excludeClassesSet = [] , excludeDependencyClassesSet = [] , excludeQueryIds = [] , excludeDependencyQueryIds = [] , relationships = true , dependencies = true}
[11/03/21 18:38:55:626 GMT]  INFO publishing.PublisherAPIImpl: End of Bundler: DependencyBundler
[11/03/21 18:38:55:626 GMT]  INFO publishing.PublisherAPIImpl: Start of Bundler: HostBundler
[11/03/21 18:38:55:628 GMT]  INFO bundler.HostBundler: Searching for ContentletVersionInfo. Identifier: 8a7d5e23-da1e-420a-b4f0-471e7da8ea2d. Language:1
[11/03/21 18:38:55:630 GMT]  INFO bundler.HostBundler: Searching for ContentletVersionInfo. Identifier: 8a7d5e23-da1e-420a-b4f0-471e7da8ea2d. Language:1
[11/03/21 18:38:55:633 GMT]  INFO publishing.PublisherAPIImpl: End of Bundler: HostBundler
[11/03/21 18:38:55:633 GMT]  INFO publishing.PublisherAPIImpl: Start of Bundler: ContentBundler
[11/03/21 18:38:55:642 GMT]  INFO publishing.PublisherAPIImpl: End of Bundler: ContentBundler
[11/03/21 18:38:55:642 GMT]  INFO publishing.PublisherAPIImpl: Start of Bundler: FolderBundler
[11/03/21 18:38:55:642 GMT]  INFO publishing.PublisherAPIImpl: End of Bundler: FolderBundler
[11/03/21 18:38:55:642 GMT]  INFO publishing.PublisherAPIImpl: Start of Bundler: TemplateBundler
[11/03/21 18:38:55:642 GMT]  INFO publishing.PublisherAPIImpl: End of Bundler: TemplateBundler
[11/03/21 18:38:55:642 GMT]  INFO publishing.PublisherAPIImpl: Start of Bundler: ContainerBundler
[11/03/21 18:38:55:642 GMT]  INFO publishing.PublisherAPIImpl: End of Bundler: ContainerBundler
[11/03/21 18:38:55:643 GMT]  INFO publishing.PublisherAPIImpl: Start of Bundler: RuleBundler
[11/03/21 18:38:55:643 GMT]  INFO publishing.PublisherAPIImpl: End of Bundler: RuleBundler
[11/03/21 18:38:55:643 GMT]  INFO publishing.PublisherAPIImpl: Start of Bundler: LinkBundler
[11/03/21 18:38:55:643 GMT]  INFO publishing.PublisherAPIImpl: End of Bundler: LinkBundler
[11/03/21 18:38:55:643 GMT]  INFO publishing.PublisherAPIImpl: Start of Bundler: ContentTypeBundler
[11/03/21 18:38:55:647 GMT]  INFO publishing.PublisherAPIImpl: End of Bundler: ContentTypeBundler
[11/03/21 18:38:55:647 GMT]  INFO publishing.PublisherAPIImpl: Start of Bundler: RelationshipBundler
[11/03/21 18:38:55:647 GMT]  INFO publishing.PublisherAPIImpl: End of Bundler: RelationshipBundler
[11/03/21 18:38:55:647 GMT]  INFO publishing.PublisherAPIImpl: Start of Bundler: LanguageVariablesBundler
[11/03/21 18:38:55:649 GMT]  INFO publishing.PublisherAPIImpl: End of Bundler: LanguageVariablesBundler
[11/03/21 18:38:55:649 GMT]  INFO publishing.PublisherAPIImpl: Start of Bundler: WorkflowBundler
[11/03/21 18:38:55:669 GMT]  INFO publishing.PublisherAPIImpl: End of Bundler: WorkflowBundler
[11/03/21 18:38:55:669 GMT]  INFO publishing.PublisherAPIImpl: Start of Bundler: LanguageBundler
[11/03/21 18:38:55:670 GMT]  INFO publishing.PublisherAPIImpl: End of Bundler: LanguageBundler
[11/03/21 18:38:55:670 GMT]  INFO publishing.PublisherAPIImpl: Start of Bundler: BundleXMLAsc
[11/03/21 18:38:55:670 GMT]  INFO publishing.PublisherAPIImpl: End of Bundler: BundleXMLAsc
[11/03/21 18:38:55:670 GMT]  INFO publishing.PublisherAPIImpl: Start of Bundler: CategoryBundler
[11/03/21 18:38:55:670 GMT]  INFO publishing.PublisherAPIImpl: End of Bundler: CategoryBundler
[11/03/21 18:38:55:671 GMT]  INFO util.PushPublishLogger: class com.dotcms.publishing.PublisherAPIImpl : [BundleID: 01F0H9B93HJD1YRVGNKQ55RVPA] Completed Publishing Task
[11/03/21 18:38:55:682 GMT]  INFO junit.RuleWatcher: >>>>>>>>>>>>>>>>>>>>>>>>>>
[11/03/21 18:38:55:683 GMT]  INFO junit.RuleWatcher: >>> publish[16: com.dotcms.publishing.PublisherAPIImplTest$TestCase@58407ed8](com.dotcms.publishing.PublisherAPIImplTest) - starting...
[11/03/21 18:38:55:683 GMT]  INFO junit.RuleWatcher: >>>>>>>>>>>>>>>>>>>>>>>>>>
[11/03/21 18:38:55:684 GMT]  INFO publishing.PublisherAPIImplTest: languageVariables [com.dotmarketing.portlets.contentlet.model.Contentlet@527bad27[map={owner=system, identifier=a135ec00-0fd8-4896-a19e-bb6952eeae26, nullProperties=[wfExpireDate, filterKey, whereToSend, wfPublishDate, wfNeverExpire, wfActionAssign, iWantTo, wfActionId, wfPublishTime, wfActionComments, wfExpireTime], modDate=2021-03-11 17:55:44.43, languageId=1615485344402, inode=126a468e-1741-4ee9-a808-9c8d928dee8c, folder=SYSTEM_FOLDER, disabledWYSIWYG=[], sortOrder=0, modUser=system, host=8a7d5e23-da1e-420a-b4f0-471e7da8ea2d, stInode=f4d7c1b8-2c88-4071-abf1-a5328977b07d, value=key-exists-as-contentlet70e4b51114works, key=key-exists-as-contentlet70e4b51114},lowIndexPriority=false], com.dotmarketing.portlets.contentlet.model.Contentlet@58cc12b0[map={owner=system, identifier=73fc3b7d-bf61-449e-9e03-387dd99f84ca, nullProperties=[wfExpireDate, filterKey, whereToSend, wfPublishDate, wfNeverExpire, wfActionAssign, iWantTo, wfActionId, wfPublishTime, wfActionComments, wfExpireTime], modDate=2021-03-11 17:54:04.341, languageId=1, inode=9999d254-5ec2-4c58-a2d8-06e2c1673ce1, folder=SYSTEM_FOLDER, disabledWYSIWYG=[], sortOrder=0, modUser=dotcms.org.1, host=SYSTEM_HOST, stInode=f4d7c1b8-2c88-4071-abf1-a5328977b07d, value=test, key=testVarname1615483820549.test1615483820549.name},lowIndexPriority=false], com.dotmarketing.portlets.contentlet.model.Contentlet@4716b96a[map={owner=system, identifier=bdb476be-b977-4d0c-9254-4ba4cb8dd4fd, nullProperties=[wfExpireDate, filterKey, whereToSend, wfPublishDate, wfNeverExpire, wfActionAssign, iWantTo, wfActionId, wfPublishTime, wfActionComments, wfExpireTime], modDate=2021-03-11 17:30:20.2, languageId=1, inode=9a84e84e-84af-423b-a34a-ef67cbbc0aa7, folder=SYSTEM_FOLDER, disabledWYSIWYG=[], sortOrder=0, modUser=system, host=SYSTEM_HOST, stInode=f4d7c1b8-2c88-4071-abf1-a5328977b07d, value=test, key=testVarname1615483820079.test1615483820079.name},lowIndexPriority=false]]
[11/03/21 18:38:55:684 GMT]  INFO util.StdOutErrLog: [class com.dotcms.publishing.PublisherAPIImplTest$PushPublisherMock]
[11/03/21 18:38:55:686 GMT]  INFO util.PushPublishLogger: class com.dotcms.publishing.PublisherAPIImpl : [BundleID: 01F0H9B9646QR7QJ3YFA4V6HP9] Started Publishing Task
[11/03/21 18:38:55:686 GMT]  INFO publishing.PublisherAPIImpl: Writing bundle.xml file
[11/03/21 18:38:55:687 GMT]  INFO publishing.PublisherAPIImpl: Start of Bundler: DependencyBundler
[11/03/21 18:38:55:693 GMT]  INFO util.DependencyManager: PublisherFilter { excludeClassesSet = [] , excludeDependencyClassesSet = [] , excludeQueryIds = [] , excludeDependencyQueryIds = [] , relationships = true , dependencies = true}
[11/03/21 18:38:55:708 GMT]  INFO publishing.PublisherAPIImpl: End of Bundler: DependencyBundler
[11/03/21 18:38:55:708 GMT]  INFO publishing.PublisherAPIImpl: Start of Bundler: HostBundler
[11/03/21 18:38:55:712 GMT]  INFO bundler.HostBundler: Searching for ContentletVersionInfo. Identifier: 8a7d5e23-da1e-420a-b4f0-471e7da8ea2d. Language:1
[11/03/21 18:38:55:714 GMT]  INFO bundler.HostBundler: Searching for ContentletVersionInfo. Identifier: 8a7d5e23-da1e-420a-b4f0-471e7da8ea2d. Language:1
[11/03/21 18:38:55:717 GMT]  INFO publishing.PublisherAPIImpl: End of Bundler: HostBundler
[11/03/21 18:38:55:717 GMT]  INFO publishing.PublisherAPIImpl: Start of Bundler: ContentBundler
[11/03/21 18:38:55:726 GMT]  INFO publishing.PublisherAPIImpl: End of Bundler: ContentBundler
[11/03/21 18:38:55:726 GMT]  INFO publishing.PublisherAPIImpl: Start of Bundler: FolderBundler
[11/03/21 18:38:55:727 GMT]  INFO publishing.PublisherAPIImpl: End of Bundler: FolderBundler
[11/03/21 18:38:55:727 GMT]  INFO publishing.PublisherAPIImpl: Start of Bundler: TemplateBundler
[11/03/21 18:38:55:727 GMT]  INFO publishing.PublisherAPIImpl: End of Bundler: TemplateBundler
[11/03/21 18:38:55:727 GMT]  INFO publishing.PublisherAPIImpl: Start of Bundler: ContainerBundler
[11/03/21 18:38:55:727 GMT]  INFO publishing.PublisherAPIImpl: End of Bundler: ContainerBundler
[11/03/21 18:38:55:727 GMT]  INFO publishing.PublisherAPIImpl: Start of Bundler: RuleBundler
[11/03/21 18:38:55:727 GMT]  INFO publishing.PublisherAPIImpl: End of Bundler: RuleBundler
[11/03/21 18:38:55:728 GMT]  INFO publishing.PublisherAPIImpl: Start of Bundler: LinkBundler
[11/03/21 18:38:55:728 GMT]  INFO publishing.PublisherAPIImpl: End of Bundler: LinkBundler
[11/03/21 18:38:55:728 GMT]  INFO publishing.PublisherAPIImpl: Start of Bundler: ContentTypeBundler
[11/03/21 18:38:55:732 GMT]  INFO publishing.PublisherAPIImpl: End of Bundler: ContentTypeBundler
[11/03/21 18:38:55:732 GMT]  INFO publishing.PublisherAPIImpl: Start of Bundler: RelationshipBundler
[11/03/21 18:38:55:732 GMT]  INFO publishing.PublisherAPIImpl: End of Bundler: RelationshipBundler
[11/03/21 18:38:55:732 GMT]  INFO publishing.PublisherAPIImpl: Start of Bundler: LanguageVariablesBundler
[11/03/21 18:38:55:734 GMT]  INFO publishing.PublisherAPIImpl: End of Bundler: LanguageVariablesBundler
[11/03/21 18:38:55:734 GMT]  INFO publishing.PublisherAPIImpl: Start of Bundler: WorkflowBundler
[11/03/21 18:38:55:752 GMT]  INFO publishing.PublisherAPIImpl: End of Bundler: WorkflowBundler
[11/03/21 18:38:55:752 GMT]  INFO publishing.PublisherAPIImpl: Start of Bundler: LanguageBundler
[11/03/21 18:38:55:754 GMT]  INFO publishing.PublisherAPIImpl: End of Bundler: LanguageBundler
[11/03/21 18:38:55:754 GMT]  INFO publishing.PublisherAPIImpl: Start of Bundler: BundleXMLAsc
[11/03/21 18:38:55:754 GMT]  INFO publishing.PublisherAPIImpl: End of Bundler: BundleXMLAsc
[11/03/21 18:38:55:754 GMT]  INFO publishing.PublisherAPIImpl: Start of Bundler: CategoryBundler
[11/03/21 18:38:55:754 GMT]  INFO publishing.PublisherAPIImpl: End of Bundler: CategoryBundler
[11/03/21 18:38:55:754 GMT]  INFO util.PushPublishLogger: class com.dotcms.publishing.PublisherAPIImpl : [BundleID: 01F0H9B9646QR7QJ3YFA4V6HP9] Completed Publishing Task
[11/03/21 18:38:55:762 GMT]  INFO junit.RuleWatcher: >>>>>>>>>>>>>>>>>>>>>>>>>>
[11/03/21 18:38:55:762 GMT]  INFO junit.RuleWatcher: >>> publish[17: com.dotcms.publishing.PublisherAPIImplTest$TestCase@435ecd25](com.dotcms.publishing.PublisherAPIImplTest) - starting...
[11/03/21 18:38:55:762 GMT]  INFO junit.RuleWatcher: >>>>>>>>>>>>>>>>>>>>>>>>>>
[11/03/21 18:38:55:763 GMT]  INFO publishing.PublisherAPIImplTest: languageVariables [com.dotmarketing.portlets.contentlet.model.Contentlet@527bad27[map={owner=system, identifier=a135ec00-0fd8-4896-a19e-bb6952eeae26, nullProperties=[wfExpireDate, filterKey, whereToSend, wfPublishDate, wfNeverExpire, wfActionAssign, iWantTo, wfActionId, wfPublishTime, wfActionComments, wfExpireTime], modDate=2021-03-11 17:55:44.43, languageId=1615485344402, inode=126a468e-1741-4ee9-a808-9c8d928dee8c, folder=SYSTEM_FOLDER, disabledWYSIWYG=[], sortOrder=0, modUser=system, host=8a7d5e23-da1e-420a-b4f0-471e7da8ea2d, stInode=f4d7c1b8-2c88-4071-abf1-a5328977b07d, value=key-exists-as-contentlet70e4b51114works, key=key-exists-as-contentlet70e4b51114},lowIndexPriority=false], com.dotmarketing.portlets.contentlet.model.Contentlet@58cc12b0[map={owner=system, identifier=73fc3b7d-bf61-449e-9e03-387dd99f84ca, nullProperties=[wfExpireDate, filterKey, whereToSend, wfPublishDate, wfNeverExpire, wfActionAssign, iWantTo, wfActionId, wfPublishTime, wfActionComments, wfExpireTime], modDate=2021-03-11 17:54:04.341, languageId=1, inode=9999d254-5ec2-4c58-a2d8-06e2c1673ce1, folder=SYSTEM_FOLDER, disabledWYSIWYG=[], sortOrder=0, modUser=dotcms.org.1, host=SYSTEM_HOST, stInode=f4d7c1b8-2c88-4071-abf1-a5328977b07d, value=test, key=testVarname1615483820549.test1615483820549.name},lowIndexPriority=false], com.dotmarketing.portlets.contentlet.model.Contentlet@4716b96a[map={owner=system, identifier=bdb476be-b977-4d0c-9254-4ba4cb8dd4fd, nullProperties=[wfExpireDate, filterKey, whereToSend, wfPublishDate, wfNeverExpire, wfActionAssign, iWantTo, wfActionId, wfPublishTime, wfActionComments, wfExpireTime], modDate=2021-03-11 17:30:20.2, languageId=1, inode=9a84e84e-84af-423b-a34a-ef67cbbc0aa7, folder=SYSTEM_FOLDER, disabledWYSIWYG=[], sortOrder=0, modUser=system, host=SYSTEM_HOST, stInode=f4d7c1b8-2c88-4071-abf1-a5328977b07d, value=test, key=testVarname1615483820079.test1615483820079.name},lowIndexPriority=false]]
[11/03/21 18:38:55:763 GMT]  INFO util.StdOutErrLog: [class com.dotcms.publishing.PublisherAPIImplTest$PushPublisherMock]
[11/03/21 18:38:55:765 GMT]  INFO util.PushPublishLogger: class com.dotcms.publishing.PublisherAPIImpl : [BundleID: 01F0H9B98K8D0ZJZNJP3W1ZEP6] Started Publishing Task
[11/03/21 18:38:55:765 GMT]  INFO publishing.PublisherAPIImpl: Writing bundle.xml file
[11/03/21 18:38:55:766 GMT]  INFO publishing.PublisherAPIImpl: Start of Bundler: DependencyBundler
[11/03/21 18:38:55:771 GMT]  INFO util.DependencyManager: PublisherFilter { excludeClassesSet = [] , excludeDependencyClassesSet = [] , excludeQueryIds = [] , excludeDependencyQueryIds = [] , relationships = true , dependencies = true}
[11/03/21 18:38:55:787 GMT]  INFO publishing.PublisherAPIImpl: End of Bundler: DependencyBundler
[11/03/21 18:38:55:787 GMT]  INFO publishing.PublisherAPIImpl: Start of Bundler: HostBundler
[11/03/21 18:38:55:789 GMT]  INFO bundler.HostBundler: Searching for ContentletVersionInfo. Identifier: 8a7d5e23-da1e-420a-b4f0-471e7da8ea2d. Language:1
[11/03/21 18:38:55:791 GMT]  INFO bundler.HostBundler: Searching for ContentletVersionInfo. Identifier: 8a7d5e23-da1e-420a-b4f0-471e7da8ea2d. Language:1
[11/03/21 18:38:55:794 GMT]  INFO publishing.PublisherAPIImpl: End of Bundler: HostBundler
[11/03/21 18:38:55:794 GMT]  INFO publishing.PublisherAPIImpl: Start of Bundler: RuleBundler
[11/03/21 18:38:55:795 GMT]  INFO publishing.PublisherAPIImpl: End of Bundler: RuleBundler
[11/03/21 18:38:55:795 GMT]  INFO publishing.PublisherAPIImpl: Start of Bundler: BundleXMLAsc
[11/03/21 18:38:55:795 GMT]  INFO publishing.PublisherAPIImpl: End of Bundler: BundleXMLAsc
[11/03/21 18:38:55:795 GMT]  INFO publishing.PublisherAPIImpl: Start of Bundler: CategoryBundler
[11/03/21 18:38:55:796 GMT]  INFO publishing.PublisherAPIImpl: End of Bundler: CategoryBundler
[11/03/21 18:38:55:796 GMT]  INFO util.PushPublishLogger: class com.dotcms.publishing.PublisherAPIImpl : [BundleID: 01F0H9B98K8D0ZJZNJP3W1ZEP6] Completed Publishing Task
[11/03/21 18:38:55:808 GMT]  WARN shorty.ShortyIdAPIImpl: An error occurred when getting shorty value for '' of type 'CONTENT': shorty  is not a short id.  Short Ids should be 10 chars in length
[11/03/21 18:38:55:816 GMT]  WARN shorty.ShortyIdAPIImpl: An error occurred when getting shorty value for '' of type 'CONTENT': shorty  is not a short id.  Short Ids should be 10 chars in length
[11/03/21 18:38:55:822 GMT]  INFO util.ActivityLogger: class com.dotcms.content.elasticsearch.business.ESContentletAPIImpl: demo.dotcms.com : Saving Content , StartDate: N/D; EndDate: N/D; User:system; ContentIdentifier: 
[11/03/21 18:38:55:839 GMT]  INFO caffine.CaffineCache: ***	 Building Cache : esquerycountcache, size:1000,Concurrency:32
[11/03/21 18:38:55:844 GMT]  INFO caffine.CaffineCache: ***	 Building Cache : esquerycache, size:1000,Concurrency:32
[11/03/21 18:38:55:844 GMT]  INFO caffine.CaffineCache: ***	 Building Cache : esquerycountcache, size:1000,Concurrency:32
[11/03/21 18:38:55:859 GMT]  INFO caffine.CaffineCache: ***	 Building Cache : esquerycache, size:1000,Concurrency:32
[11/03/21 18:38:55:859 GMT]  INFO caffine.CaffineCache: ***	 Building Cache : esquerycountcache, size:1000,Concurrency:32
[11/03/21 18:38:55:863 GMT]  INFO business.ContentletIndexAPIImpl: Indexing: d5bf87ea-0127-47a0-832b-1fbfd6e00355 : TestContent, includeDependencies: true, policy: FORCE
[11/03/21 18:38:55:868 GMT]  INFO util.ActivityLogger: class com.dotcms.content.elasticsearch.business.ESContentletAPIImpl: demo.dotcms.com : Content Saved , StartDate: N/D; EndDate: N/D; User:system; ContentIdentifier: d5bf87ea-0127-47a0-832b-1fbfd6e00355
[11/03/21 18:38:55:877 GMT]  INFO caffine.CaffineCache: ***	 Building Cache : esquerycache, size:1000,Concurrency:32
[11/03/21 18:38:55:883 GMT]  INFO caffine.CaffineCache: ***	 Building Cache : esquerycountcache, size:1000,Concurrency:32
[11/03/21 18:38:55:885 GMT]  INFO util.SecurityLogger: class com.dotmarketing.portlets.workflows.business.WorkflowAPIImpl : The Workflow task with id:9b0b1848-e13b-4229-bb9a-be8818843be9 has been saved. -- ip:ukn,user:null
[11/03/21 18:38:55:897 GMT]  INFO caffine.CaffineCache: ***	 Building Cache : esquerycache, size:1000,Concurrency:32
[11/03/21 18:38:55:897 GMT]  INFO caffine.CaffineCache: ***	 Building Cache : esquerycountcache, size:1000,Concurrency:32
[11/03/21 18:38:55:899 GMT]  INFO caffine.CaffineCache: ***	 Building Cache : esquerycache, size:1000,Concurrency:32
[11/03/21 18:38:55:899 GMT]  INFO caffine.CaffineCache: ***	 Building Cache : esquerycountcache, size:1000,Concurrency:32
[11/03/21 18:38:55:924 GMT]  INFO caffine.CaffineCache: ***	 Building Cache : esquerycache, size:1000,Concurrency:32
[11/03/21 18:38:55:924 GMT]  INFO caffine.CaffineCache: ***	 Building Cache : esquerycountcache, size:1000,Concurrency:32
[11/03/21 18:38:55:926 GMT]  INFO caffine.CaffineCache: ***	 Building Cache : esquerycache, size:1000,Concurrency:32
[11/03/21 18:38:55:926 GMT]  INFO caffine.CaffineCache: ***	 Building Cache : esquerycountcache, size:1000,Concurrency:32
[11/03/21 18:38:55:933 GMT]  INFO util.ActivityLogger: class com.dotcms.content.elasticsearch.business.ESContentletAPIImpl: demo.dotcms.com : Saving Content , StartDate: N/D; EndDate: N/D; User:system; ContentIdentifier: 
[11/03/21 18:38:55:952 GMT]  INFO caffine.CaffineCache: ***	 Building Cache : esquerycache, size:1000,Concurrency:32
[11/03/21 18:38:55:952 GMT]  INFO caffine.CaffineCache: ***	 Building Cache : esquerycache, size:1000,Concurrency:32
[11/03/21 18:38:55:952 GMT]  INFO caffine.CaffineCache: ***	 Building Cache : esquerycountcache, size:1000,Concurrency:32
[11/03/21 18:38:55:952 GMT]  INFO caffine.CaffineCache: ***	 Building Cache : esquerycountcache, size:1000,Concurrency:32
[11/03/21 18:38:55:970 GMT]  INFO caffine.CaffineCache: ***	 Building Cache : esquerycache, size:1000,Concurrency:32
[11/03/21 18:38:55:970 GMT]  INFO caffine.CaffineCache: ***	 Building Cache : esquerycountcache, size:1000,Concurrency:32
[11/03/21 18:38:55:974 GMT]  INFO business.ContentletIndexAPIImpl: Indexing: d7ca309f-5a06-49c3-a47f-e14c1a8628e0 : TestContent, includeDependencies: true, policy: FORCE
[11/03/21 18:38:55:979 GMT]  INFO util.ActivityLogger: class com.dotcms.content.elasticsearch.business.ESContentletAPIImpl: demo.dotcms.com : Content Saved , StartDate: N/D; EndDate: N/D; User:system; ContentIdentifier: d7ca309f-5a06-49c3-a47f-e14c1a8628e0
[11/03/21 18:38:55:986 GMT]  INFO caffine.CaffineCache: ***	 Building Cache : esquerycache, size:1000,Concurrency:32
[11/03/21 18:38:55:986 GMT]  INFO caffine.CaffineCache: ***	 Building Cache : esquerycountcache, size:1000,Concurrency:32
[11/03/21 18:38:55:991 GMT]  INFO util.SecurityLogger: class com.dotmarketing.portlets.workflows.business.WorkflowAPIImpl : The Workflow task with id:db6da57c-f9ac-47dd-9c8d-17112eccdd3a has been saved. -- ip:ukn,user:null
[11/03/21 18:38:55:991 GMT]  INFO caffine.CaffineCache: ***	 Building Cache : esquerycache, size:1000,Concurrency:32
[11/03/21 18:38:55:992 GMT]  INFO caffine.CaffineCache: ***	 Building Cache : esquerycountcache, size:1000,Concurrency:32
[11/03/21 18:38:55:996 GMT]  INFO caffine.CaffineCache: ***	 Building Cache : esquerycache, size:1000,Concurrency:32
[11/03/21 18:38:55:996 GMT]  INFO caffine.CaffineCache: ***	 Building Cache : esquerycountcache, size:1000,Concurrency:32
[11/03/21 18:38:56:073 GMT]  INFO caffine.CaffineCache: ***	 Building Cache : esquerycache, size:1000,Concurrency:32
[11/03/21 18:38:56:073 GMT]  INFO caffine.CaffineCache: ***	 Building Cache : esquerycountcache, size:1000,Concurrency:32
[11/03/21 18:38:56:074 GMT]  INFO caffine.CaffineCache: ***	 Building Cache : esquerycache, size:1000,Concurrency:32
[11/03/21 18:38:56:074 GMT]  INFO caffine.CaffineCache: ***	 Building Cache : esquerycountcache, size:1000,Concurrency:32
[11/03/21 18:38:56:090 GMT]  WARN shorty.ShortyIdAPIImpl: An error occurred when getting shorty value for '' of type 'CONTENT': shorty  is not a short id.  Short Ids should be 10 chars in length
[11/03/21 18:38:56:096 GMT]  WARN shorty.ShortyIdAPIImpl: An error occurred when getting shorty value for '' of type 'CONTENT': shorty  is not a short id.  Short Ids should be 10 chars in length
[11/03/21 18:38:56:103 GMT]  WARN shorty.ShortyIdAPIImpl: An error occurred when getting shorty value for '' of type 'CONTENT': shorty  is not a short id.  Short Ids should be 10 chars in length
[11/03/21 18:38:56:109 GMT]  WARN shorty.ShortyIdAPIImpl: An error occurred when getting shorty value for '' of type 'CONTENT': shorty  is not a short id.  Short Ids should be 10 chars in length
[11/03/21 18:38:56:129 GMT]  INFO util.ActivityLogger: class com.dotcms.contenttype.business.ContentTypeAPIImpl: system : Save ContentType Action , User system/system user system user added ContentType testName1615487936123 to host id:48190c8c-42c4-46af-8d1a-0cd5db894797
[11/03/21 18:38:56:129 GMT]  INFO business.ContentTypeAPIImpl: UserId : system : ContentType : ContentType saved : testName1615487936123
[11/03/21 18:38:56:129 GMT]  INFO util.AdminLogger: UserId : system : class com.dotcms.contenttype.business.ContentTypeAPIImpl : ContentType : ContentType saved : testName1615487936123
[11/03/21 18:38:56:130 GMT]  INFO business.WorkflowAPIImpl: Saving Schemas: d61a59e1-a49c-46f2-a929-db2b4bfa88b2 for Content type eb2dc499-9c24-461f-ab8d-0f6c0a02c736
[11/03/21 18:38:56:130 GMT]  INFO util.SecurityLogger: class com.dotmarketing.portlets.workflows.business.WorkflowAPIImpl : Saving Schemas: d61a59e1-a49c-46f2-a929-db2b4bfa88b2 for Content type eb2dc499-9c24-461f-ab8d-0f6c0a02c736 -- ip:127.0.0.1,user:system user system user [ID: system][email:system@dotcmsfakeemail.org]
[11/03/21 18:38:56:136 GMT]  INFO caffine.CaffineCache: ***	 Building Cache : workflowstepcache, size:1000,Concurrency:32
[11/03/21 18:38:56:136 GMT]  INFO caffine.CaffineCache: ***	 Building Cache : workflowstepcache, size:1000,Concurrency:32
[11/03/21 18:38:56:136 GMT]  INFO caffine.CaffineCache: ***	 Building Cache : workflowstepcache, size:1000,Concurrency:32
[11/03/21 18:38:56:320 GMT]  INFO caffine.CaffineCache: ***	 Building Cache : workflowstepcache, size:1000,Concurrency:32
[11/03/21 18:38:56:321 GMT]  INFO caffine.CaffineCache: ***	 Building Cache : workflowstepcache, size:1000,Concurrency:32
[11/03/21 18:38:56:375 GMT]  INFO business.FieldAPIImpl: Elasticsearch mapping set for Field: testFieldName1615487936137. Content type: testName1615487936123 on Index: live_20210311171813
[11/03/21 18:38:56:473 GMT]  WARN business.FieldAPIImpl: Error trying to set Elasticsearch mapping for Field: testFieldName1615487936137. Content type: testName1615487936123
[11/03/21 18:38:56:473 GMT]  WARN business.FieldAPIImpl: Elasticsearch exception [type=illegal_argument_exception, reason=Limit of total fields [10000] in index [cluster_d4bc6ea89d.working_20210311171813] has been exceeded]
[11/03/21 18:38:56:474 GMT]  WARN business.FieldAPIImpl: org.elasticsearch.rest.BytesRestResponse.errorFromXContent(BytesRestResponse.java:177)
[11/03/21 18:38:56:474 GMT]  INFO util.ActivityLogger: class com.dotmarketing.util.ActivityLogger: system : Save Field Action , User system/system user added field testFieldName1615487936137 to testName1615487936123 Structure.
[11/03/21 18:38:56:748 GMT]  INFO business.FieldAPIImpl: Elasticsearch mapping set for Field: testFieldName1615487936475. Content type: testName1615487936123 on Index: live_20210311171813
[11/03/21 18:38:56:876 GMT]  WARN business.FieldAPIImpl: Error trying to set Elasticsearch mapping for Field: testFieldName1615487936475. Content type: testName1615487936123
[11/03/21 18:38:56:876 GMT]  WARN business.FieldAPIImpl: Elasticsearch exception [type=illegal_argument_exception, reason=Limit of total fields [10000] in index [cluster_d4bc6ea89d.working_20210311171813] has been exceeded]
[11/03/21 18:38:56:877 GMT]  WARN business.FieldAPIImpl: org.elasticsearch.rest.BytesRestResponse.errorFromXContent(BytesRestResponse.java:177)
[11/03/21 18:38:56:877 GMT]  INFO util.ActivityLogger: class com.dotmarketing.util.ActivityLogger: system : Save Field Action , User system/system user added field testFieldName1615487936475 to testName1615487936123 Structure.
[11/03/21 18:38:56:886 GMT]  INFO util.ActivityLogger: class com.dotcms.contenttype.business.ContentTypeAPIImpl: system : Save ContentType Action , User system/system user system user added ContentType testName1615487936879 to host id:48190c8c-42c4-46af-8d1a-0cd5db894797
[11/03/21 18:38:56:886 GMT]  INFO business.ContentTypeAPIImpl: UserId : system : ContentType : ContentType saved : testName1615487936879
[11/03/21 18:38:56:886 GMT]  INFO util.AdminLogger: UserId : system : class com.dotcms.contenttype.business.ContentTypeAPIImpl : ContentType : ContentType saved : testName1615487936879
[11/03/21 18:38:56:887 GMT]  INFO business.WorkflowAPIImpl: Saving Schemas: d61a59e1-a49c-46f2-a929-db2b4bfa88b2 for Content type bd4b590f-f19b-40c6-b74e-548c97829092
[11/03/21 18:38:56:887 GMT]  INFO util.SecurityLogger: class com.dotmarketing.portlets.workflows.business.WorkflowAPIImpl : Saving Schemas: d61a59e1-a49c-46f2-a929-db2b4bfa88b2 for Content type bd4b590f-f19b-40c6-b74e-548c97829092 -- ip:127.0.0.1,user:system user system user [ID: system][email:system@dotcmsfakeemail.org]
[11/03/21 18:38:56:894 GMT]  INFO caffine.CaffineCache: ***	 Building Cache : workflowstepcache, size:1000,Concurrency:32
[11/03/21 18:38:56:894 GMT]  INFO caffine.CaffineCache: ***	 Building Cache : workflowstepcache, size:1000,Concurrency:32
[11/03/21 18:38:56:895 GMT]  INFO caffine.CaffineCache: ***	 Building Cache : workflowstepcache, size:1000,Concurrency:32
[11/03/21 18:38:56:895 GMT]  INFO caffine.CaffineCache: ***	 Building Cache : workflowstepcache, size:1000,Concurrency:32
[11/03/21 18:38:56:903 GMT]  INFO util.ActivityLogger: class com.dotcms.contenttype.business.ContentTypeAPIImpl: system : Save ContentType Action , User system/system user system user added ContentType testName1615487936897 to host id:48190c8c-42c4-46af-8d1a-0cd5db894797
[11/03/21 18:38:56:903 GMT]  INFO business.ContentTypeAPIImpl: UserId : system : ContentType : ContentType saved : testName1615487936897
[11/03/21 18:38:56:903 GMT]  INFO util.AdminLogger: UserId : system : class com.dotcms.contenttype.business.ContentTypeAPIImpl : ContentType : ContentType saved : testName1615487936897
[11/03/21 18:38:56:904 GMT]  INFO business.WorkflowAPIImpl: Saving Schemas: d61a59e1-a49c-46f2-a929-db2b4bfa88b2 for Content type 6841119e-bd65-4f53-aa3a-8d997a9c1989
[11/03/21 18:38:56:904 GMT]  INFO util.SecurityLogger: class com.dotmarketing.portlets.workflows.business.WorkflowAPIImpl : Saving Schemas: d61a59e1-a49c-46f2-a929-db2b4bfa88b2 for Content type 6841119e-bd65-4f53-aa3a-8d997a9c1989 -- ip:127.0.0.1,user:system user system user [ID: system][email:system@dotcmsfakeemail.org]
[11/03/21 18:38:56:910 GMT]  INFO caffine.CaffineCache: ***	 Building Cache : workflowstepcache, size:1000,Concurrency:32
[11/03/21 18:38:56:910 GMT]  INFO caffine.CaffineCache: ***	 Building Cache : workflowstepcache, size:1000,Concurrency:32
[11/03/21 18:38:56:911 GMT]  INFO caffine.CaffineCache: ***	 Building Cache : workflowstepcache, size:1000,Concurrency:32
[11/03/21 18:38:56:911 GMT]  INFO caffine.CaffineCache: ***	 Building Cache : workflowstepcache, size:1000,Concurrency:32
[11/03/21 18:38:56:920 GMT]  INFO util.ActivityLogger: class com.dotcms.contenttype.business.ContentTypeAPIImpl: system : Save ContentType Action , User system/system user system user added ContentType testName1615487936914 to host id:48190c8c-42c4-46af-8d1a-0cd5db894797
[11/03/21 18:38:56:920 GMT]  INFO business.ContentTypeAPIImpl: UserId : system : ContentType : ContentType saved : testName1615487936914
[11/03/21 18:38:56:920 GMT]  INFO util.AdminLogger: UserId : system : class com.dotcms.contenttype.business.ContentTypeAPIImpl : ContentType : ContentType saved : testName1615487936914
[11/03/21 18:38:56:921 GMT]  INFO business.WorkflowAPIImpl: Saving Schemas: d61a59e1-a49c-46f2-a929-db2b4bfa88b2 for Content type d14a23b9-fe9d-4c9c-8b3a-d599dc250d20
[11/03/21 18:38:56:921 GMT]  INFO util.SecurityLogger: class com.dotmarketing.portlets.workflows.business.WorkflowAPIImpl : Saving Schemas: d61a59e1-a49c-46f2-a929-db2b4bfa88b2 for Content type d14a23b9-fe9d-4c9c-8b3a-d599dc250d20 -- ip:127.0.0.1,user:system user system user [ID: system][email:system@dotcmsfakeemail.org]
[11/03/21 18:38:56:927 GMT]  INFO caffine.CaffineCache: ***	 Building Cache : workflowstepcache, size:1000,Concurrency:32
[11/03/21 18:38:56:927 GMT]  INFO caffine.CaffineCache: ***	 Building Cache : workflowstepcache, size:1000,Concurrency:32
[11/03/21 18:38:56:928 GMT]  INFO caffine.CaffineCache: ***	 Building Cache : workflowstepcache, size:1000,Concurrency:32
[11/03/21 18:38:56:928 GMT]  INFO caffine.CaffineCache: ***	 Building Cache : workflowstepcache, size:1000,Concurrency:32
[11/03/21 18:38:56:935 GMT]  INFO util.ActivityLogger: class com.dotcms.contenttype.business.ContentTypeAPIImpl: system : Save ContentType Action , User system/system user system user added ContentType testName1615487936929 to host id:48190c8c-42c4-46af-8d1a-0cd5db894797
[11/03/21 18:38:56:935 GMT]  INFO business.ContentTypeAPIImpl: UserId : system : ContentType : ContentType saved : testName1615487936929
[11/03/21 18:38:56:935 GMT]  INFO util.AdminLogger: UserId : system : class com.dotcms.contenttype.business.ContentTypeAPIImpl : ContentType : ContentType saved : testName1615487936929
[11/03/21 18:38:56:935 GMT]  INFO business.WorkflowAPIImpl: Saving Schemas: d61a59e1-a49c-46f2-a929-db2b4bfa88b2 for Content type c23f8394-0a2a-4690-a069-641d3c1a5d4b
[11/03/21 18:38:56:935 GMT]  INFO util.SecurityLogger: class com.dotmarketing.portlets.workflows.business.WorkflowAPIImpl : Saving Schemas: d61a59e1-a49c-46f2-a929-db2b4bfa88b2 for Content type c23f8394-0a2a-4690-a069-641d3c1a5d4b -- ip:127.0.0.1,user:system user system user [ID: system][email:system@dotcmsfakeemail.org]
[11/03/21 18:38:56:941 GMT]  INFO caffine.CaffineCache: ***	 Building Cache : workflowstepcache, size:1000,Concurrency:32
[11/03/21 18:38:56:941 GMT]  INFO caffine.CaffineCache: ***	 Building Cache : workflowstepcache, size:1000,Concurrency:32
[11/03/21 18:38:56:942 GMT]  INFO caffine.CaffineCache: ***	 Building Cache : workflowstepcache, size:1000,Concurrency:32
[11/03/21 18:38:56:942 GMT]  INFO caffine.CaffineCache: ***	 Building Cache : workflowstepcache, size:1000,Concurrency:32
[11/03/21 18:38:56:946 GMT]  INFO junit.RuleWatcher: >>>>>>>>>>>>>>>>>>>>>>>>>>
[11/03/21 18:38:56:946 GMT]  INFO junit.RuleWatcher: >>> test404Cache(com.dotcms.uuid.shorty.LegacyShortyIdApiTest) - starting...
[11/03/21 18:38:56:946 GMT]  INFO junit.RuleWatcher: >>>>>>>>>>>>>>>>>>>>>>>>>>
[11/03/21 18:38:56:966 GMT]  INFO junit.RuleWatcher: >>>>>>>>>>>>>>>>>>>>>>>>>>
[11/03/21 18:38:56:966 GMT]  INFO junit.RuleWatcher: >>> test_shortify[0: (, )](com.dotcms.uuid.shorty.LegacyShortyIdApiTest) - starting...
[11/03/21 18:38:56:966 GMT]  INFO junit.RuleWatcher: >>>>>>>>>>>>>>>>>>>>>>>>>>
[11/03/21 18:38:56:967 GMT]  INFO junit.RuleWatcher: >>>>>>>>>>>>>>>>>>>>>>>>>>
[11/03/21 18:38:56:967 GMT]  INFO junit.RuleWatcher: >>> test_shortify[1: (1234, 1234)](com.dotcms.uuid.shorty.LegacyShortyIdApiTest) - starting...
[11/03/21 18:38:56:967 GMT]  INFO junit.RuleWatcher: >>>>>>>>>>>>>>>>>>>>>>>>>>
[11/03/21 18:38:56:967 GMT]  INFO junit.RuleWatcher: >>>>>>>>>>>>>>>>>>>>>>>>>>
[11/03/21 18:38:56:967 GMT]  INFO junit.RuleWatcher: >>> test_shortify[2: (12345, 12345)](com.dotcms.uuid.shorty.LegacyShortyIdApiTest) - starting...
[11/03/21 18:38:56:967 GMT]  INFO junit.RuleWatcher: >>>>>>>>>>>>>>>>>>>>>>>>>>
[11/03/21 18:38:56:967 GMT]  INFO junit.RuleWatcher: >>>>>>>>>>>>>>>>>>>>>>>>>>
[11/03/21 18:38:56:967 GMT]  INFO junit.RuleWatcher: >>> test_shortify[3: (12345-6, 123456)](com.dotcms.uuid.shorty.LegacyShortyIdApiTest) - starting...
[11/03/21 18:38:56:967 GMT]  INFO junit.RuleWatcher: >>>>>>>>>>>>>>>>>>>>>>>>>>
[11/03/21 18:38:56:967 GMT]  INFO junit.RuleWatcher: >>>>>>>>>>>>>>>>>>>>>>>>>>
[11/03/21 18:38:56:967 GMT]  INFO junit.RuleWatcher: >>> test_shortify[4: (12345-67, 1234567)](com.dotcms.uuid.shorty.LegacyShortyIdApiTest) - starting...
[11/03/21 18:38:56:967 GMT]  INFO junit.RuleWatcher: >>>>>>>>>>>>>>>>>>>>>>>>>>
[11/03/21 18:38:56:968 GMT]  INFO junit.RuleWatcher: >>>>>>>>>>>>>>>>>>>>>>>>>>
[11/03/21 18:38:56:968 GMT]  INFO junit.RuleWatcher: >>> test_shortify[5: (12345-678, 12345678)](com.dotcms.uuid.shorty.LegacyShortyIdApiTest) - starting...
[11/03/21 18:38:56:968 GMT]  INFO junit.RuleWatcher: >>>>>>>>>>>>>>>>>>>>>>>>>>
[11/03/21 18:38:56:968 GMT]  INFO junit.RuleWatcher: >>>>>>>>>>>>>>>>>>>>>>>>>>
[11/03/21 18:38:56:968 GMT]  INFO junit.RuleWatcher: >>> test_shortify[6: (12345-6789, 123456789)](com.dotcms.uuid.shorty.LegacyShortyIdApiTest) - starting...
[11/03/21 18:38:56:968 GMT]  INFO junit.RuleWatcher: >>>>>>>>>>>>>>>>>>>>>>>>>>
[11/03/21 18:38:56:968 GMT]  INFO junit.RuleWatcher: >>>>>>>>>>>>>>>>>>>>>>>>>>
[11/03/21 18:38:56:968 GMT]  INFO junit.RuleWatcher: >>> test_shortify[7: (12345-6789-0, 1234567890)](com.dotcms.uuid.shorty.LegacyShortyIdApiTest) - starting...
[11/03/21 18:38:56:968 GMT]  INFO junit.RuleWatcher: >>>>>>>>>>>>>>>>>>>>>>>>>>
[11/03/21 18:38:56:968 GMT]  INFO junit.RuleWatcher: >>>>>>>>>>>>>>>>>>>>>>>>>>
[11/03/21 18:38:56:968 GMT]  INFO junit.RuleWatcher: >>> test_shortify[8: (12345-6789-01, 1234567890)](com.dotcms.uuid.shorty.LegacyShortyIdApiTest) - starting...
[11/03/21 18:38:56:968 GMT]  INFO junit.RuleWatcher: >>>>>>>>>>>>>>>>>>>>>>>>>>
[11/03/21 18:38:56:968 GMT]  INFO junit.RuleWatcher: >>>>>>>>>>>>>>>>>>>>>>>>>>
[11/03/21 18:38:56:968 GMT]  INFO junit.RuleWatcher: >>> test_shortify[9: (12345-6789-012, 1234567890)](com.dotcms.uuid.shorty.LegacyShortyIdApiTest) - starting...
[11/03/21 18:38:56:968 GMT]  INFO junit.RuleWatcher: >>>>>>>>>>>>>>>>>>>>>>>>>>
[11/03/21 18:38:56:969 GMT]  INFO junit.RuleWatcher: >>>>>>>>>>>>>>>>>>>>>>>>>>
[11/03/21 18:38:56:969 GMT]  INFO junit.RuleWatcher: >>> test_shortify[10: (12345-6789-011-12, 1234567890)](com.dotcms.uuid.shorty.LegacyShortyIdApiTest) - starting...
[11/03/21 18:38:56:969 GMT]  INFO junit.RuleWatcher: >>>>>>>>>>>>>>>>>>>>>>>>>>
[11/03/21 18:38:56:969 GMT]  INFO junit.RuleWatcher: >>>>>>>>>>>>>>>>>>>>>>>>>>
[11/03/21 18:38:56:969 GMT]  INFO junit.RuleWatcher: >>> testShortyLookup(com.dotcms.uuid.shorty.LegacyShortyIdApiTest) - starting...
[11/03/21 18:38:56:969 GMT]  INFO junit.RuleWatcher: >>>>>>>>>>>>>>>>>>>>>>>>>>
[11/03/21 18:38:56:986 GMT]  INFO junit.RuleWatcher: >>>>>>>>>>>>>>>>>>>>>>>>>>
[11/03/21 18:38:56:986 GMT]  INFO junit.RuleWatcher: >>> test_shortify_modify_MINIMUM_SHORTY_ID_LENGTH_success(com.dotcms.uuid.shorty.LegacyShortyIdApiTest) - starting...
[11/03/21 18:38:56:986 GMT]  INFO junit.RuleWatcher: >>>>>>>>>>>>>>>>>>>>>>>>>>
[11/03/21 18:38:56:986 GMT]  INFO junit.RuleWatcher: >>>>>>>>>>>>>>>>>>>>>>>>>>
[11/03/21 18:38:56:987 GMT]  INFO junit.RuleWatcher: >>> testShortyCache(com.dotcms.uuid.shorty.LegacyShortyIdApiTest) - starting...
[11/03/21 18:38:56:987 GMT]  INFO junit.RuleWatcher: >>>>>>>>>>>>>>>>>>>>>>>>>>
[11/03/21 18:38:56:987 GMT]  INFO junit.RuleWatcher: >>>>>>>>>>>>>>>>>>>>>>>>>>
[11/03/21 18:38:56:987 GMT]  INFO junit.RuleWatcher: >>> testValidShorty[0: (asdd-1234-asdasda-asda, true)](com.dotcms.uuid.shorty.LegacyShortyIdApiTest) - starting...
[11/03/21 18:38:56:987 GMT]  INFO junit.RuleWatcher: >>>>>>>>>>>>>>>>>>>>>>>>>>
[11/03/21 18:38:56:987 GMT]  INFO junit.RuleWatcher: >>>>>>>>>>>>>>>>>>>>>>>>>>
[11/03/21 18:38:56:987 GMT]  INFO junit.RuleWatcher: >>> testValidShorty[1: (asd87-234-214, true)](com.dotcms.uuid.shorty.LegacyShortyIdApiTest) - starting...
[11/03/21 18:38:56:987 GMT]  INFO junit.RuleWatcher: >>>>>>>>>>>>>>>>>>>>>>>>>>
[11/03/21 18:38:56:988 GMT]  INFO junit.RuleWatcher: >>>>>>>>>>>>>>>>>>>>>>>>>>
[11/03/21 18:38:56:988 GMT]  INFO junit.RuleWatcher: >>> testValidShorty[2: (asd87-234:-251, false)](com.dotcms.uuid.shorty.LegacyShortyIdApiTest) - starting...
[11/03/21 18:38:56:988 GMT]  INFO junit.RuleWatcher: >>>>>>>>>>>>>>>>>>>>>>>>>>
[11/03/21 18:38:56:988 GMT]  INFO junit.RuleWatcher: >>>>>>>>>>>>>>>>>>>>>>>>>>
[11/03/21 18:38:56:988 GMT]  INFO junit.RuleWatcher: >>> testValidShorty[3: (asd87-234;-251, false)](com.dotcms.uuid.shorty.LegacyShortyIdApiTest) - starting...
[11/03/21 18:38:56:988 GMT]  INFO junit.RuleWatcher: >>>>>>>>>>>>>>>>>>>>>>>>>>
[11/03/21 18:38:56:988 GMT]  INFO junit.RuleWatcher: >>>>>>>>>>>>>>>>>>>>>>>>>>
[11/03/21 18:38:56:988 GMT]  INFO junit.RuleWatcher: >>> testValidShorty[4: (asd87-234"-251, false)](com.dotcms.uuid.shorty.LegacyShortyIdApiTest) - starting...
[11/03/21 18:38:56:988 GMT]  INFO junit.RuleWatcher: >>>>>>>>>>>>>>>>>>>>>>>>>>
[11/03/21 18:38:56:988 GMT]  INFO junit.RuleWatcher: >>>>>>>>>>>>>>>>>>>>>>>>>>
[11/03/21 18:38:56:988 GMT]  INFO junit.RuleWatcher: >>> testValidShorty[5: (asd87-234*-251, false)](com.dotcms.uuid.shorty.LegacyShortyIdApiTest) - starting...
[11/03/21 18:38:56:988 GMT]  INFO junit.RuleWatcher: >>>>>>>>>>>>>>>>>>>>>>>>>>
[11/03/21 18:38:56:988 GMT]  INFO junit.RuleWatcher: >>>>>>>>>>>>>>>>>>>>>>>>>>
[11/03/21 18:38:56:989 GMT]  INFO junit.RuleWatcher: >>> testValidShorty[6: (asd87_232_251, false)](com.dotcms.uuid.shorty.LegacyShortyIdApiTest) - starting...
[11/03/21 18:38:56:989 GMT]  INFO junit.RuleWatcher: >>>>>>>>>>>>>>>>>>>>>>>>>>
[11/03/21 18:38:56:989 GMT]  INFO junit.RuleWatcher: >>>>>>>>>>>>>>>>>>>>>>>>>>
[11/03/21 18:38:56:989 GMT]  INFO junit.RuleWatcher: >>> testValidShorty[7: (null, false)](com.dotcms.uuid.shorty.LegacyShortyIdApiTest) - starting...
[11/03/21 18:38:56:989 GMT]  INFO junit.RuleWatcher: >>>>>>>>>>>>>>>>>>>>>>>>>>
[11/03/21 18:38:56:989 GMT]  INFO junit.RuleWatcher: >>>>>>>>>>>>>>>>>>>>>>>>>>
[11/03/21 18:38:56:989 GMT]  INFO junit.RuleWatcher: >>> testValidShorty[8: (asd81, false)](com.dotcms.uuid.shorty.LegacyShortyIdApiTest) - starting...
[11/03/21 18:38:56:989 GMT]  INFO junit.RuleWatcher: >>>>>>>>>>>>>>>>>>>>>>>>>>
[11/03/21 18:38:56:989 GMT]  INFO junit.RuleWatcher: >>>>>>>>>>>>>>>>>>>>>>>>>>
[11/03/21 18:38:56:989 GMT]  INFO junit.RuleWatcher: >>> test404CacheInvalidation(com.dotcms.uuid.shorty.LegacyShortyIdApiTest) - starting...
[11/03/21 18:38:56:989 GMT]  INFO junit.RuleWatcher: >>>>>>>>>>>>>>>>>>>>>>>>>>
[11/03/21 18:38:56:992 GMT] ERROR business.ChainableCacheAdministratorImpl: The cache to locally remove key is invalid. The value was :hostcache
[11/03/21 18:38:56:992 GMT]  INFO caffine.CaffineCache: ***	 Building Cache : hostaliascache, size:1000,Concurrency:32
[11/03/21 18:38:56:993 GMT]  INFO util.ActivityLogger: class com.dotcms.content.elasticsearch.business.ESContentletAPIImpl: system : Saving Content , StartDate: N/D; EndDate: N/D; User:system; ContentIdentifier: 
[11/03/21 18:38:56:995 GMT]  INFO caffine.CaffineCache: ***	 Building Cache : esquerycache, size:1000,Concurrency:32
[11/03/21 18:38:57:047 GMT]  INFO caffine.CaffineCache: ***	 Building Cache : workflowstepcache, size:1000,Concurrency:32
[11/03/21 18:38:57:047 GMT]  INFO caffine.CaffineCache: ***	 Building Cache : workflowstepcache, size:1000,Concurrency:32
[11/03/21 18:38:57:051 GMT]  INFO caffine.CaffineCache: ***	 Building Cache : esquerycache, size:1000,Concurrency:32
[11/03/21 18:38:57:051 GMT]  INFO caffine.CaffineCache: ***	 Building Cache : esquerycountcache, size:1000,Concurrency:32
[11/03/21 18:38:57:051 GMT]  INFO caffine.CaffineCache: ***	 Building Cache : esquerycountcache, size:1000,Concurrency:32
[11/03/21 18:38:57:057 GMT]  INFO caffine.CaffineCache: ***	 Building Cache : workflowstepcache, size:1000,Concurrency:32
[11/03/21 18:38:57:058 GMT]  INFO caffine.CaffineCache: ***	 Building Cache : workflowstepcache, size:1000,Concurrency:32
[11/03/21 18:38:57:074 GMT]  INFO caffine.CaffineCache: ***	 Building Cache : workflowstepcache, size:1000,Concurrency:32
[11/03/21 18:38:57:075 GMT]  INFO caffine.CaffineCache: ***	 Building Cache : workflowstepcache, size:1000,Concurrency:32
[11/03/21 18:38:57:085 GMT]  INFO caffine.CaffineCache: ***	 Building Cache : workflowstepcache, size:1000,Concurrency:32
[11/03/21 18:38:57:085 GMT]  INFO caffine.CaffineCache: ***	 Building Cache : workflowstepcache, size:1000,Concurrency:32
[11/03/21 18:38:57:102 GMT]  INFO caffine.CaffineCache: ***	 Building Cache : esquerycache, size:1000,Concurrency:32
[11/03/21 18:38:57:102 GMT]  INFO caffine.CaffineCache: ***	 Building Cache : esquerycache, size:1000,Concurrency:32
[11/03/21 18:38:57:102 GMT]  INFO caffine.CaffineCache: ***	 Building Cache : esquerycountcache, size:1000,Concurrency:32
[11/03/21 18:38:57:102 GMT]  INFO caffine.CaffineCache: ***	 Building Cache : esquerycountcache, size:1000,Concurrency:32
[11/03/21 18:38:57:107 GMT]  INFO caffine.CaffineCache: ***	 Building Cache : hostaliascache, size:1000,Concurrency:32
[11/03/21 18:38:57:107 GMT]  INFO caffine.CaffineCache: ***	 Building Cache : hostaliascache, size:1000,Concurrency:32
[11/03/21 18:38:57:107 GMT]  INFO caffine.CaffineCache: ***	 Building Cache : hostaliascache, size:1000,Concurrency:32
[11/03/21 18:38:57:112 GMT]  INFO caffine.CaffineCache: ***	 Building Cache : hostaliascache, size:1000,Concurrency:32
[11/03/21 18:38:57:112 GMT]  INFO caffine.CaffineCache: ***	 Building Cache : hostaliascache, size:1000,Concurrency:32
[11/03/21 18:38:57:142 GMT]  INFO caffine.CaffineCache: ***	 Building Cache : esquerycache, size:1000,Concurrency:32
[11/03/21 18:38:57:142 GMT]  INFO caffine.CaffineCache: ***	 Building Cache : esquerycache, size:1000,Concurrency:32
[11/03/21 18:38:57:142 GMT]  INFO caffine.CaffineCache: ***	 Building Cache : esquerycountcache, size:1000,Concurrency:32
[11/03/21 18:38:57:143 GMT]  INFO caffine.CaffineCache: ***	 Building Cache : esquerycountcache, size:1000,Concurrency:32
[11/03/21 18:38:57:173 GMT]  INFO caffine.CaffineCache: ***	 Building Cache : esquerycache, size:1000,Concurrency:32
[11/03/21 18:38:57:173 GMT]  INFO caffine.CaffineCache: ***	 Building Cache : esquerycache, size:1000,Concurrency:32
[11/03/21 18:38:57:173 GMT]  INFO caffine.CaffineCache: ***	 Building Cache : esquerycountcache, size:1000,Concurrency:32
[11/03/21 18:38:57:173 GMT]  INFO caffine.CaffineCache: ***	 Building Cache : esquerycountcache, size:1000,Concurrency:32
[11/03/21 18:38:57:174 GMT]  INFO business.ContentletIndexAPIImpl: Indexing: 3e626452-0ad7-4d58-a30d-31d67da321c8 : test1615487936992.dotcms.com, includeDependencies: true, policy: WAIT_FOR
[11/03/21 18:38:57:220 GMT]  INFO caffine.CaffineCache: ***	 Building Cache : esquerycache, size:1000,Concurrency:32
[11/03/21 18:38:57:224 GMT]  INFO util.ActivityLogger: class com.dotcms.content.elasticsearch.business.ESContentletAPIImpl: System Host : Content Saved , StartDate: N/D; EndDate: N/D; User:system; ContentIdentifier: 3e626452-0ad7-4d58-a30d-31d67da321c8
[11/03/21 18:38:57:225 GMT]  INFO caffine.CaffineCache: ***	 Building Cache : hostaliascache, size:1000,Concurrency:32
[11/03/21 18:38:57:225 GMT]  INFO caffine.CaffineCache: ***	 Building Cache : hostaliascache, size:1000,Concurrency:32
[11/03/21 18:38:57:226 GMT] ERROR business.ChainableCacheAdministratorImpl: The cache to locally remove key is invalid. The value was :hostcache
[11/03/21 18:38:57:226 GMT]  INFO caffine.CaffineCache: ***	 Building Cache : hostaliascache, size:1000,Concurrency:32
[11/03/21 18:38:57:226 GMT]  INFO caffine.CaffineCache: ***	 Building Cache : hostaliascache, size:1000,Concurrency:32
[11/03/21 18:38:57:236 GMT]  INFO caffine.CaffineCache: ***	 Building Cache : hostaliascache, size:1000,Concurrency:32
[11/03/21 18:38:57:238 GMT] ERROR business.ChainableCacheAdministratorImpl: The cache to locally remove key is invalid. The value was :hostcache
[11/03/21 18:38:57:238 GMT]  INFO caffine.CaffineCache: ***	 Building Cache : hostaliascache, size:1000,Concurrency:32
[11/03/21 18:38:57:240 GMT]  INFO caffine.CaffineCache: ***	 Building Cache : esquerycountcache, size:1000,Concurrency:32
[11/03/21 18:38:57:243 GMT]  INFO caffine.CaffineCache: ***	 Building Cache : esquerycache, size:1000,Concurrency:32
[11/03/21 18:38:57:243 GMT]  INFO caffine.CaffineCache: ***	 Building Cache : esquerycountcache, size:1000,Concurrency:32
[11/03/21 18:38:57:254 GMT]  INFO caffine.CaffineCache: ***	 Building Cache : esquerycache, size:1000,Concurrency:32
[11/03/21 18:38:57:255 GMT]  INFO caffine.CaffineCache: ***	 Building Cache : esquerycountcache, size:1000,Concurrency:32
[11/03/21 18:38:57:255 GMT]  INFO caffine.CaffineCache: ***	 Building Cache : esquerycache, size:1000,Concurrency:32
[11/03/21 18:38:57:255 GMT]  INFO caffine.CaffineCache: ***	 Building Cache : esquerycountcache, size:1000,Concurrency:32
[11/03/21 18:38:57:994 GMT]  INFO caffine.CaffineCache: ***	 Building Cache : hostaliascache, size:1000,Concurrency:32
[11/03/21 18:38:57:994 GMT]  INFO caffine.CaffineCache: ***	 Building Cache : hostaliascache, size:1000,Concurrency:32
[11/03/21 18:38:57:997 GMT]  INFO caffine.CaffineCache: ***	 Building Cache : esquerycache, size:1000,Concurrency:32
[11/03/21 18:38:58:000 GMT]  INFO util.ActivityLogger: class com.dotcms.content.elasticsearch.business.ESContentletAPIImpl: System Host : Publishing Content , StartDate: N/D; EndDate: N/D; User:system; ContentIdentifier: 3e626452-0ad7-4d58-a30d-31d67da321c8
[11/03/21 18:38:58:003 GMT]  INFO business.ContentletIndexAPIImpl: Indexing: 3e626452-0ad7-4d58-a30d-31d67da321c8 : test1615487936992.dotcms.com, includeDependencies: true, policy: FORCE
[11/03/21 18:38:58:040 GMT]  INFO caffine.CaffineCache: ***	 Building Cache : esquerycountcache, size:1000,Concurrency:32
[11/03/21 18:38:58:041 GMT]  INFO caffine.CaffineCache: ***	 Building Cache : esquerycache, size:1000,Concurrency:32
[11/03/21 18:38:58:044 GMT]  INFO util.ActivityLogger: class com.dotcms.content.elasticsearch.business.ESContentletAPIImpl: System Host : Content Published , StartDate: N/D; EndDate: N/D; User:system; ContentIdentifier: 3e626452-0ad7-4d58-a30d-31d67da321c8
[11/03/21 18:38:58:048 GMT]  INFO caffine.CaffineCache: ***	 Building Cache : esquerycountcache, size:1000,Concurrency:32
[11/03/21 18:38:58:056 GMT]  INFO caffine.CaffineCache: ***	 Building Cache : esquerycache, size:1000,Concurrency:32
[11/03/21 18:38:58:056 GMT]  INFO caffine.CaffineCache: ***	 Building Cache : esquerycountcache, size:1000,Concurrency:32
[11/03/21 18:38:58:058 GMT]  INFO caffine.CaffineCache: ***	 Building Cache : esquerycache, size:1000,Concurrency:32
[11/03/21 18:38:58:059 GMT]  INFO caffine.CaffineCache: ***	 Building Cache : esquerycountcache, size:1000,Concurrency:32
[11/03/21 18:38:58:106 GMT]  INFO caffine.CaffineCache: ***	 Building Cache : esquerycache, size:1000,Concurrency:32
[11/03/21 18:38:58:106 GMT]  INFO caffine.CaffineCache: ***	 Building Cache : esquerycountcache, size:1000,Concurrency:32
[11/03/21 18:38:58:116 GMT]  INFO caffine.CaffineCache: ***	 Building Cache : esquerycache, size:1000,Concurrency:32
[11/03/21 18:38:58:116 GMT]  INFO caffine.CaffineCache: ***	 Building Cache : esquerycountcache, size:1000,Concurrency:32
[11/03/21 18:38:58:128 GMT]  INFO caffine.CaffineCache: ***	 Building Cache : hostaliascache, size:1000,Concurrency:32
[11/03/21 18:38:58:128 GMT]  INFO caffine.CaffineCache: ***	 Building Cache : hostaliascache, size:1000,Concurrency:32
[11/03/21 18:38:58:128 GMT]  WARN shorty.ShortyIdAPIImpl: An error occurred when getting shorty value for '' of type 'CONTENT': shorty  is not a short id.  Short Ids should be 10 chars in length
[11/03/21 18:38:58:131 GMT]  INFO junit.RuleWatcher: >>>>>>>>>>>>>>>>>>>>>>>>>>
[11/03/21 18:38:58:131 GMT]  INFO junit.RuleWatcher: >>> testPUT_GivenSystemFolderWithSystemHost_ShouldStillHaveSystemHostInFolder(com.dotmarketing.cache.FolderCacheImplIntegrationTest) - starting...
[11/03/21 18:38:58:131 GMT]  INFO junit.RuleWatcher: >>>>>>>>>>>>>>>>>>>>>>>>>>
[11/03/21 18:38:58:131 GMT]  INFO caffine.CaffineCache: ***	 Building Cache : foldercache, size:1000,Concurrency:32
[11/03/21 18:38:58:131 GMT]  INFO junit.RuleWatcher: >>>>>>>>>>>>>>>>>>>>>>>>>>
[11/03/21 18:38:58:131 GMT]  INFO junit.RuleWatcher: >>> testPUT_GivenSystemFolderWithHostDifferentFromSystemHost_ShouldSetSystemHostToFolder(com.dotmarketing.cache.FolderCacheImplIntegrationTest) - starting...
[11/03/21 18:38:58:131 GMT]  INFO junit.RuleWatcher: >>>>>>>>>>>>>>>>>>>>>>>>>>
[11/03/21 18:38:58:132 GMT] ERROR cache.FolderCacheImpl: Host ID for SYSTEM_FOLDER must always be SYSTEM_HOST. Value '0f746f56-497d-4a6e-839f-82e282168413' was set.
[11/03/21 18:38:58:132 GMT] ERROR cache.FolderCacheImpl: 	at java.lang.Thread.getStackTrace(Thread.java:1559)
	at com.dotcms.exception.ExceptionUtil.getCurrentStackTraceAsString(ExceptionUtil.java:395)
	at com.dotmarketing.cache.FolderCacheImpl.addFolder(FolderCacheImpl.java:31)
	at com.dotmarketing.cache.FolderCacheImplIntegrationTest.testPUT_GivenSystemFolderWithHostDifferentFromSystemHost_ShouldSetSystemHostToFolder(FolderCacheImplIntegrationTest.java:44)
	at sun.reflect.NativeMethodAccessorImpl.invoke0(Native Method)
	at sun.reflect.NativeMethodAccessorImpl.invoke(NativeMethodAccessorImpl.java:62)
	at sun.reflect.DelegatingMethodAccessorImpl.invoke(DelegatingMethodAccessorImpl.java:43)
	at java.lang.reflect.Method.invoke(Method.java:498)
	at org.junit.runners.model.FrameworkMethod$1.runReflectiveCall(FrameworkMethod.java:50)
	at org.junit.internal.runners.model.ReflectiveCallable.run(ReflectiveCallable.java:12)
	at org.junit.runners.model.FrameworkMethod.invokeExplosively(FrameworkMethod.java:47)
	at org.junit.internal.runners.statements.InvokeMethod.evaluate(InvokeMethod.java:17)
	at org.junit.internal.runners.statements.RunBefores.evaluate(RunBefores.java:26)
	at org.junit.internal.runners.statements.RunAfters.evaluate(RunAfters.java:27)
	at org.junit.rules.TestWatcher$1.evaluate(TestWatcher.java:55)
	at org.junit.rules.RunRules.evaluate(RunRules.java:20)
	at org.junit.runners.ParentRunner.runLeaf(ParentRunner.java:325)
	at com.dotcms.junit.CustomDataProviderRunner.runChild(CustomDataProviderRunner.java:28)
	at com.dotcms.junit.CustomDataProviderRunner.runChild(CustomDataProviderRunner.java:13)
	at org.junit.runners.ParentRunner$3.run(ParentRunner.java:290)
	at org.junit.runners.ParentRunner$1.schedule(ParentRunner.java:71)
	at org.junit.runners.ParentRunner.runChildren(ParentRunner.java:288)
	at org.junit.runners.ParentRunner.access$000(ParentRunner.java:58)
	at org.junit.runners.ParentRunner$2.evaluate(ParentRunner.java:268)
	at org.junit.internal.runners.statements.RunBefores.evaluate(RunBefores.java:26)
	at org.junit.runners.ParentRunner.run(ParentRunner.java:363)
	at org.junit.runners.Suite.runChild(Suite.java:128)
	at org.junit.runners.Suite.runChild(Suite.java:27)
	at org.junit.runners.ParentRunner$3.run(ParentRunner.java:290)
	at org.junit.runners.ParentRunner$1.schedule(ParentRunner.java:71)
	at org.junit.runners.ParentRunner.runChildren(ParentRunner.java:288)
	at org.junit.runners.ParentRunner.access$000(ParentRunner.java:58)
	at org.junit.runners.ParentRunner$2.evaluate(ParentRunner.java:268)
	at org.junit.runners.ParentRunner.run(ParentRunner.java:363)
	at org.gradle.api.internal.tasks.testing.junit.JUnitTestClassExecutor.runTestClass(JUnitTestClassExecutor.java:106)
	at org.gradle.api.internal.tasks.testing.junit.JUnitTestClassExecutor.execute(JUnitTestClassExecutor.java:58)
	at org.gradle.api.internal.tasks.testing.junit.JUnitTestClassExecutor.execute(JUnitTestClassExecutor.java:38)
	at org.gradle.api.internal.tasks.testing.junit.AbstractJUnitTestClassProcessor.processTestClass(AbstractJUnitTestClassProcessor.java:66)
	at org.gradle.api.internal.tasks.testing.SuiteTestClassProcessor.processTestClass(SuiteTestClassProcessor.java:51)
	at sun.reflect.NativeMethodAccessorImpl.invoke0(Native Method)
	at sun.reflect.NativeMethodAccessorImpl.invoke(NativeMethodAccessorImpl.java:62)
	at sun.reflect.DelegatingMethodAccessorImpl.invoke(DelegatingMethodAccessorImpl.java:43)
	at java.lang.reflect.Method.invoke(Method.java:498)
	at org.gradle.internal.dispatch.ReflectionDispatch.dispatch(ReflectionDispatch.java:35)
	at org.gradle.internal.dispatch.ReflectionDispatch.dispatch(ReflectionDispatch.java:24)
	at org.gradle.internal.dispatch.ContextClassLoaderDispatch.dispatch(ContextClassLoaderDispatch.java:32)
	at org.gradle.internal.dispatch.ProxyDispatchAdapter$DispatchingInvocationHandler.invoke(ProxyDispatchAdapter.java:93)
	at com.sun.proxy.$Proxy2.processTestClass(Unknown Source)
	at org.gradle.api.internal.tasks.testing.worker.TestWorker.processTestClass(TestWorker.java:117)
	at sun.reflect.NativeMethodAccessorImpl.invoke0(Native Method)
	at sun.reflect.NativeMethodAccessorImpl.invoke(NativeMethodAccessorImpl.java:62)
	at sun.reflect.DelegatingMethodAccessorImpl.invoke(DelegatingMethodAccessorImpl.java:43)
	at java.lang.reflect.Method.invoke(Method.java:498)
	at org.gradle.internal.dispatch.ReflectionDispatch.dispatch(ReflectionDispatch.java:35)
	at org.gradle.internal.dispatch.ReflectionDispatch.dispatch(ReflectionDispatch.java:24)
	at org.gradle.internal.remote.internal.hub.MessageHubBackedObjectConnection$DispatchWrapper.dispatch(MessageHubBackedObjectConnection.java:155)
	at org.gradle.internal.remote.internal.hub.MessageHubBackedObjectConnection$DispatchWrapper.dispatch(MessageHubBackedObjectConnection.java:137)
	at org.gradle.internal.remote.internal.hub.MessageHub$Handler.run(MessageHub.java:404)
	at org.gradle.internal.concurrent.ExecutorPolicy$CatchAndRecordFailures.onExecute(ExecutorPolicy.java:63)
	at org.gradle.internal.concurrent.ManagedExecutorImpl$1.run(ManagedExecutorImpl.java:46)
	at java.util.concurrent.ThreadPoolExecutor.runWorker(ThreadPoolExecutor.java:1149)
	at java.util.concurrent.ThreadPoolExecutor$Worker.run(ThreadPoolExecutor.java:624)
	at org.gradle.internal.concurrent.ThreadFactoryImpl$ManagedThreadRunnable.run(ThreadFactoryImpl.java:55)
	at java.lang.Thread.run(Thread.java:748)

[11/03/21 18:38:58:132 GMT]  INFO caffine.CaffineCache: ***	 Building Cache : foldercache, size:1000,Concurrency:32
[11/03/21 18:38:58:134 GMT]  INFO caffine.CaffineCache: ***	 Building Cache : foldercache, size:1000,Concurrency:32
