[09/03/21 19:14:32:782 GMT]  INFO publishing.PublisherAPIImpl: Start of Bundler: CategoryBundler
[09/03/21 19:14:32:782 GMT]  INFO publishing.PublisherAPIImpl: End of Bundler: CategoryBundler
[09/03/21 19:14:32:782 GMT]  INFO util.PushPublishLogger: class com.dotcms.publishing.PublisherAPIImpl : [BundleID: 01F0C6K249K4M5FAZ1P3C6T5NW] Completed Publishing Task
[09/03/21 19:14:32:795 GMT]  WARN shorty.ShortyIdAPIImpl: An error occurred when getting shorty value for '' of type 'CONTENT': shorty  is not a short id.  Short Ids should be 10 chars in length
[09/03/21 19:14:32:804 GMT]  WARN shorty.ShortyIdAPIImpl: An error occurred when getting shorty value for '' of type 'CONTENT': shorty  is not a short id.  Short Ids should be 10 chars in length
[09/03/21 19:14:32:811 GMT]  INFO util.ActivityLogger: class com.dotcms.content.elasticsearch.business.ESContentletAPIImpl: demo.dotcms.com : Saving Content , StartDate: N/D; EndDate: N/D; User:system; ContentIdentifier: 
[09/03/21 19:14:32:844 GMT]  INFO caffine.CaffineCache: ***	 Building Cache : esquerycache, size:1000,Concurrency:32
[09/03/21 19:14:32:844 GMT]  INFO caffine.CaffineCache: ***	 Building Cache : esquerycountcache, size:1000,Concurrency:32
[09/03/21 19:14:32:844 GMT]  INFO caffine.CaffineCache: ***	 Building Cache : esquerycountcache, size:1000,Concurrency:32
[09/03/21 19:14:32:884 GMT]  INFO caffine.CaffineCache: ***	 Building Cache : esquerycache, size:1000,Concurrency:32
[09/03/21 19:14:32:884 GMT]  INFO caffine.CaffineCache: ***	 Building Cache : esquerycache, size:1000,Concurrency:32
[09/03/21 19:14:32:884 GMT]  INFO caffine.CaffineCache: ***	 Building Cache : esquerycountcache, size:1000,Concurrency:32
[09/03/21 19:14:32:884 GMT]  INFO caffine.CaffineCache: ***	 Building Cache : esquerycountcache, size:1000,Concurrency:32
[09/03/21 19:14:32:889 GMT]  INFO business.ContentletIndexAPIImpl: Indexing: c9d31cb2-90df-4b75-8c76-a9e334119df5 : TestContent, includeDependencies: true, policy: FORCE
[09/03/21 19:14:32:895 GMT]  INFO util.ActivityLogger: class com.dotcms.content.elasticsearch.business.ESContentletAPIImpl: demo.dotcms.com : Content Saved , StartDate: N/D; EndDate: N/D; User:system; ContentIdentifier: c9d31cb2-90df-4b75-8c76-a9e334119df5
[09/03/21 19:14:32:906 GMT]  INFO caffine.CaffineCache: ***	 Building Cache : esquerycache, size:1000,Concurrency:32
[09/03/21 19:14:32:906 GMT]  INFO caffine.CaffineCache: ***	 Building Cache : esquerycountcache, size:1000,Concurrency:32
[09/03/21 19:14:32:908 GMT]  INFO caffine.CaffineCache: ***	 Building Cache : esquerycache, size:1000,Concurrency:32
[09/03/21 19:14:32:908 GMT]  INFO caffine.CaffineCache: ***	 Building Cache : esquerycountcache, size:1000,Concurrency:32
[09/03/21 19:14:32:908 GMT]  INFO util.SecurityLogger: class com.dotmarketing.portlets.workflows.business.WorkflowAPIImpl : The Workflow task with id:9222bdb0-d99c-4424-a279-4708ecb49e12 has been saved. -- ip:ukn,user:null
[09/03/21 19:14:32:984 GMT]  INFO util.ActivityLogger: class com.dotcms.content.elasticsearch.business.ESContentletAPIImpl: demo.dotcms.com : Saving Content , StartDate: N/D; EndDate: N/D; User:system; ContentIdentifier: 
[09/03/21 19:14:33:002 GMT]  INFO caffine.CaffineCache: ***	 Building Cache : esquerycache, size:1000,Concurrency:32
[09/03/21 19:14:33:003 GMT]  INFO caffine.CaffineCache: ***	 Building Cache : esquerycountcache, size:1000,Concurrency:32
[09/03/21 19:14:33:004 GMT]  INFO caffine.CaffineCache: ***	 Building Cache : esquerycache, size:1000,Concurrency:32
[09/03/21 19:14:33:004 GMT]  INFO caffine.CaffineCache: ***	 Building Cache : esquerycountcache, size:1000,Concurrency:32
[09/03/21 19:14:33:018 GMT]  INFO caffine.CaffineCache: ***	 Building Cache : esquerycache, size:1000,Concurrency:32
[09/03/21 19:14:33:018 GMT]  INFO caffine.CaffineCache: ***	 Building Cache : esquerycache, size:1000,Concurrency:32
[09/03/21 19:14:33:018 GMT]  INFO caffine.CaffineCache: ***	 Building Cache : esquerycountcache, size:1000,Concurrency:32
[09/03/21 19:14:33:018 GMT]  INFO caffine.CaffineCache: ***	 Building Cache : esquerycountcache, size:1000,Concurrency:32
[09/03/21 19:14:33:060 GMT]  INFO caffine.CaffineCache: ***	 Building Cache : esquerycache, size:1000,Concurrency:32
[09/03/21 19:14:33:060 GMT]  INFO caffine.CaffineCache: ***	 Building Cache : esquerycache, size:1000,Concurrency:32
[09/03/21 19:14:33:060 GMT]  INFO caffine.CaffineCache: ***	 Building Cache : esquerycountcache, size:1000,Concurrency:32
[09/03/21 19:14:33:060 GMT]  INFO caffine.CaffineCache: ***	 Building Cache : esquerycountcache, size:1000,Concurrency:32
[09/03/21 19:14:33:069 GMT]  INFO business.ContentletIndexAPIImpl: Indexing: 2f4dcc3e-302e-4c1c-bbf2-6046b9c267f9 : TestContent, includeDependencies: true, policy: FORCE
[09/03/21 19:14:33:078 GMT]  INFO util.ActivityLogger: class com.dotcms.content.elasticsearch.business.ESContentletAPIImpl: demo.dotcms.com : Content Saved , StartDate: N/D; EndDate: N/D; User:system; ContentIdentifier: 2f4dcc3e-302e-4c1c-bbf2-6046b9c267f9
[09/03/21 19:14:33:087 GMT]  INFO util.SecurityLogger: class com.dotmarketing.portlets.workflows.business.WorkflowAPIImpl : The Workflow task with id:b7b221cb-8c2e-447b-b730-a075713f4d83 has been saved. -- ip:ukn,user:null
[09/03/21 19:14:33:087 GMT]  INFO caffine.CaffineCache: ***	 Building Cache : esquerycache, size:1000,Concurrency:32
[09/03/21 19:14:33:087 GMT]  INFO caffine.CaffineCache: ***	 Building Cache : esquerycountcache, size:1000,Concurrency:32
[09/03/21 19:14:33:087 GMT]  INFO caffine.CaffineCache: ***	 Building Cache : esquerycache, size:1000,Concurrency:32
[09/03/21 19:14:33:087 GMT]  INFO caffine.CaffineCache: ***	 Building Cache : esquerycountcache, size:1000,Concurrency:32
[09/03/21 19:14:33:146 GMT]  INFO caffine.CaffineCache: ***	 Building Cache : esquerycache, size:1000,Concurrency:32
[09/03/21 19:14:33:146 GMT]  INFO caffine.CaffineCache: ***	 Building Cache : esquerycountcache, size:1000,Concurrency:32
[09/03/21 19:14:33:149 GMT]  INFO caffine.CaffineCache: ***	 Building Cache : esquerycache, size:1000,Concurrency:32
[09/03/21 19:14:33:149 GMT]  INFO caffine.CaffineCache: ***	 Building Cache : esquerycountcache, size:1000,Concurrency:32
[09/03/21 19:14:33:192 GMT]  WARN shorty.ShortyIdAPIImpl: An error occurred when getting shorty value for '' of type 'CONTENT': shorty  is not a short id.  Short Ids should be 10 chars in length
[09/03/21 19:14:33:199 GMT]  WARN shorty.ShortyIdAPIImpl: An error occurred when getting shorty value for '' of type 'CONTENT': shorty  is not a short id.  Short Ids should be 10 chars in length
[09/03/21 19:14:33:205 GMT]  WARN shorty.ShortyIdAPIImpl: An error occurred when getting shorty value for '' of type 'CONTENT': shorty  is not a short id.  Short Ids should be 10 chars in length
[09/03/21 19:14:33:211 GMT]  WARN shorty.ShortyIdAPIImpl: An error occurred when getting shorty value for '' of type 'CONTENT': shorty  is not a short id.  Short Ids should be 10 chars in length
[09/03/21 19:14:33:229 GMT]  INFO util.ActivityLogger: class com.dotcms.contenttype.business.ContentTypeAPIImpl: system : Save ContentType Action , User system/system user system user added ContentType testName1615317273222 to host id:48190c8c-42c4-46af-8d1a-0cd5db894797
[09/03/21 19:14:33:229 GMT]  INFO business.ContentTypeAPIImpl: UserId : system : ContentType : ContentType saved : testName1615317273222
[09/03/21 19:14:33:229 GMT]  INFO util.AdminLogger: UserId : system : class com.dotcms.contenttype.business.ContentTypeAPIImpl : ContentType : ContentType saved : testName1615317273222
[09/03/21 19:14:33:230 GMT]  INFO business.WorkflowAPIImpl: Saving Schemas: d61a59e1-a49c-46f2-a929-db2b4bfa88b2 for Content type 6d90d135-9408-456e-975b-899634176301
[09/03/21 19:14:33:230 GMT]  INFO util.SecurityLogger: class com.dotmarketing.portlets.workflows.business.WorkflowAPIImpl : Saving Schemas: d61a59e1-a49c-46f2-a929-db2b4bfa88b2 for Content type 6d90d135-9408-456e-975b-899634176301 -- ip:127.0.0.1,user:system user system user [ID: system][email:system@dotcmsfakeemail.org]
[09/03/21 19:14:33:236 GMT]  INFO caffine.CaffineCache: ***	 Building Cache : workflowstepcache, size:1000,Concurrency:32
[09/03/21 19:14:33:236 GMT]  INFO caffine.CaffineCache: ***	 Building Cache : workflowstepcache, size:1000,Concurrency:32
[09/03/21 19:14:33:236 GMT]  INFO caffine.CaffineCache: ***	 Building Cache : workflowstepcache, size:1000,Concurrency:32
[09/03/21 19:14:33:391 GMT]  INFO caffine.CaffineCache: ***	 Building Cache : workflowstepcache, size:1000,Concurrency:32
[09/03/21 19:14:33:391 GMT]  INFO caffine.CaffineCache: ***	 Building Cache : workflowstepcache, size:1000,Concurrency:32
[09/03/21 19:14:33:545 GMT]  INFO business.FieldAPIImpl: Elasticsearch mapping set for Field: testFieldName1615317273238. Content type: testName1615317273222 on Index: live_20210309174801
[09/03/21 19:14:33:822 GMT]  INFO business.FieldAPIImpl: Elasticsearch mapping set for Field: testFieldName1615317273238. Content type: testName1615317273222 on Index: working_20210309174801
[09/03/21 19:14:33:822 GMT]  INFO util.ActivityLogger: class com.dotmarketing.util.ActivityLogger: system : Save Field Action , User system/system user added field testFieldName1615317273238 to testName1615317273222 Structure.
[09/03/21 19:14:34:120 GMT]  INFO business.FieldAPIImpl: Elasticsearch mapping set for Field: testFieldName1615317273823. Content type: testName1615317273222 on Index: live_20210309174801
[09/03/21 19:14:34:416 GMT]  INFO business.FieldAPIImpl: Elasticsearch mapping set for Field: testFieldName1615317273823. Content type: testName1615317273222 on Index: working_20210309174801
[09/03/21 19:14:34:416 GMT]  INFO util.ActivityLogger: class com.dotmarketing.util.ActivityLogger: system : Save Field Action , User system/system user added field testFieldName1615317273823 to testName1615317273222 Structure.
[09/03/21 19:14:34:426 GMT]  INFO util.ActivityLogger: class com.dotcms.contenttype.business.ContentTypeAPIImpl: system : Save ContentType Action , User system/system user system user added ContentType testName1615317274418 to host id:48190c8c-42c4-46af-8d1a-0cd5db894797
[09/03/21 19:14:34:426 GMT]  INFO business.ContentTypeAPIImpl: UserId : system : ContentType : ContentType saved : testName1615317274418
[09/03/21 19:14:34:426 GMT]  INFO util.AdminLogger: UserId : system : class com.dotcms.contenttype.business.ContentTypeAPIImpl : ContentType : ContentType saved : testName1615317274418
[09/03/21 19:14:34:427 GMT]  INFO business.WorkflowAPIImpl: Saving Schemas: d61a59e1-a49c-46f2-a929-db2b4bfa88b2 for Content type bd70274b-f1f5-4376-b35f-87c6667d97dd
[09/03/21 19:14:34:428 GMT]  INFO util.SecurityLogger: class com.dotmarketing.portlets.workflows.business.WorkflowAPIImpl : Saving Schemas: d61a59e1-a49c-46f2-a929-db2b4bfa88b2 for Content type bd70274b-f1f5-4376-b35f-87c6667d97dd -- ip:127.0.0.1,user:system user system user [ID: system][email:system@dotcmsfakeemail.org]
[09/03/21 19:14:34:433 GMT]  INFO caffine.CaffineCache: ***	 Building Cache : workflowstepcache, size:1000,Concurrency:32
[09/03/21 19:14:34:433 GMT]  INFO caffine.CaffineCache: ***	 Building Cache : workflowstepcache, size:1000,Concurrency:32
[09/03/21 19:14:34:434 GMT]  INFO caffine.CaffineCache: ***	 Building Cache : workflowstepcache, size:1000,Concurrency:32
[09/03/21 19:14:34:434 GMT]  INFO caffine.CaffineCache: ***	 Building Cache : workflowstepcache, size:1000,Concurrency:32
[09/03/21 19:14:34:442 GMT]  INFO util.ActivityLogger: class com.dotcms.contenttype.business.ContentTypeAPIImpl: system : Save ContentType Action , User system/system user system user added ContentType testName1615317274436 to host id:48190c8c-42c4-46af-8d1a-0cd5db894797
[09/03/21 19:14:34:442 GMT]  INFO business.ContentTypeAPIImpl: UserId : system : ContentType : ContentType saved : testName1615317274436
[09/03/21 19:14:34:442 GMT]  INFO util.AdminLogger: UserId : system : class com.dotcms.contenttype.business.ContentTypeAPIImpl : ContentType : ContentType saved : testName1615317274436
[09/03/21 19:14:34:443 GMT]  INFO business.WorkflowAPIImpl: Saving Schemas: d61a59e1-a49c-46f2-a929-db2b4bfa88b2 for Content type 5ff6fe1e-22d1-4a80-9072-6381be22bf18
[09/03/21 19:14:34:443 GMT]  INFO util.SecurityLogger: class com.dotmarketing.portlets.workflows.business.WorkflowAPIImpl : Saving Schemas: d61a59e1-a49c-46f2-a929-db2b4bfa88b2 for Content type 5ff6fe1e-22d1-4a80-9072-6381be22bf18 -- ip:127.0.0.1,user:system user system user [ID: system][email:system@dotcmsfakeemail.org]
[09/03/21 19:14:34:449 GMT]  INFO caffine.CaffineCache: ***	 Building Cache : workflowstepcache, size:1000,Concurrency:32
[09/03/21 19:14:34:449 GMT]  INFO caffine.CaffineCache: ***	 Building Cache : workflowstepcache, size:1000,Concurrency:32
[09/03/21 19:14:34:450 GMT]  INFO caffine.CaffineCache: ***	 Building Cache : workflowstepcache, size:1000,Concurrency:32
[09/03/21 19:14:34:450 GMT]  INFO caffine.CaffineCache: ***	 Building Cache : workflowstepcache, size:1000,Concurrency:32
[09/03/21 19:14:34:460 GMT]  INFO util.ActivityLogger: class com.dotcms.contenttype.business.ContentTypeAPIImpl: system : Save ContentType Action , User system/system user system user added ContentType testName1615317274454 to host id:48190c8c-42c4-46af-8d1a-0cd5db894797
[09/03/21 19:14:34:460 GMT]  INFO business.ContentTypeAPIImpl: UserId : system : ContentType : ContentType saved : testName1615317274454
[09/03/21 19:14:34:460 GMT]  INFO util.AdminLogger: UserId : system : class com.dotcms.contenttype.business.ContentTypeAPIImpl : ContentType : ContentType saved : testName1615317274454
[09/03/21 19:14:34:461 GMT]  INFO business.WorkflowAPIImpl: Saving Schemas: d61a59e1-a49c-46f2-a929-db2b4bfa88b2 for Content type 787afa4c-f4e9-49ef-a50a-5ca386af8e38
[09/03/21 19:14:34:461 GMT]  INFO util.SecurityLogger: class com.dotmarketing.portlets.workflows.business.WorkflowAPIImpl : Saving Schemas: d61a59e1-a49c-46f2-a929-db2b4bfa88b2 for Content type 787afa4c-f4e9-49ef-a50a-5ca386af8e38 -- ip:127.0.0.1,user:system user system user [ID: system][email:system@dotcmsfakeemail.org]
[09/03/21 19:14:34:466 GMT]  INFO caffine.CaffineCache: ***	 Building Cache : workflowstepcache, size:1000,Concurrency:32
[09/03/21 19:14:34:466 GMT]  INFO caffine.CaffineCache: ***	 Building Cache : workflowstepcache, size:1000,Concurrency:32
[09/03/21 19:14:34:468 GMT]  INFO caffine.CaffineCache: ***	 Building Cache : workflowstepcache, size:1000,Concurrency:32
[09/03/21 19:14:34:468 GMT]  INFO caffine.CaffineCache: ***	 Building Cache : workflowstepcache, size:1000,Concurrency:32
[09/03/21 19:14:34:474 GMT]  INFO util.ActivityLogger: class com.dotcms.contenttype.business.ContentTypeAPIImpl: system : Save ContentType Action , User system/system user system user added ContentType testName1615317274469 to host id:48190c8c-42c4-46af-8d1a-0cd5db894797
[09/03/21 19:14:34:474 GMT]  INFO business.ContentTypeAPIImpl: UserId : system : ContentType : ContentType saved : testName1615317274469
[09/03/21 19:14:34:474 GMT]  INFO util.AdminLogger: UserId : system : class com.dotcms.contenttype.business.ContentTypeAPIImpl : ContentType : ContentType saved : testName1615317274469
[09/03/21 19:14:34:475 GMT]  INFO business.WorkflowAPIImpl: Saving Schemas: d61a59e1-a49c-46f2-a929-db2b4bfa88b2 for Content type 7acd0903-39d0-4d73-a128-bc20f67934bf
[09/03/21 19:14:34:475 GMT]  INFO util.SecurityLogger: class com.dotmarketing.portlets.workflows.business.WorkflowAPIImpl : Saving Schemas: d61a59e1-a49c-46f2-a929-db2b4bfa88b2 for Content type 7acd0903-39d0-4d73-a128-bc20f67934bf -- ip:127.0.0.1,user:system user system user [ID: system][email:system@dotcmsfakeemail.org]
[09/03/21 19:14:34:480 GMT]  INFO caffine.CaffineCache: ***	 Building Cache : workflowstepcache, size:1000,Concurrency:32
[09/03/21 19:14:34:481 GMT]  INFO caffine.CaffineCache: ***	 Building Cache : workflowstepcache, size:1000,Concurrency:32
[09/03/21 19:14:34:481 GMT]  INFO caffine.CaffineCache: ***	 Building Cache : workflowstepcache, size:1000,Concurrency:32
[09/03/21 19:14:34:481 GMT]  INFO caffine.CaffineCache: ***	 Building Cache : workflowstepcache, size:1000,Concurrency:32
[09/03/21 19:14:34:486 GMT]  INFO junit.RuleWatcher: >>>>>>>>>>>>>>>>>>>>>>>>>>
[09/03/21 19:14:34:486 GMT]  INFO junit.RuleWatcher: >>> test404Cache(com.dotcms.uuid.shorty.LegacyShortyIdApiTest) - starting...
[09/03/21 19:14:34:486 GMT]  INFO junit.RuleWatcher: >>>>>>>>>>>>>>>>>>>>>>>>>>
[09/03/21 19:14:34:501 GMT]  INFO caffine.CaffineCache: ***	 Building Cache : workflowstepcache, size:1000,Concurrency:32
[09/03/21 19:14:34:501 GMT]  INFO caffine.CaffineCache: ***	 Building Cache : workflowstepcache, size:1000,Concurrency:32
[09/03/21 19:14:34:506 GMT]  INFO junit.RuleWatcher: >>>>>>>>>>>>>>>>>>>>>>>>>>
[09/03/21 19:14:34:506 GMT]  INFO junit.RuleWatcher: >>> test_shortify[0: (, )](com.dotcms.uuid.shorty.LegacyShortyIdApiTest) - starting...
[09/03/21 19:14:34:506 GMT]  INFO junit.RuleWatcher: >>>>>>>>>>>>>>>>>>>>>>>>>>
[09/03/21 19:14:34:506 GMT]  INFO junit.RuleWatcher: >>>>>>>>>>>>>>>>>>>>>>>>>>
[09/03/21 19:14:34:506 GMT]  INFO junit.RuleWatcher: >>> test_shortify[1: (1234, 1234)](com.dotcms.uuid.shorty.LegacyShortyIdApiTest) - starting...
[09/03/21 19:14:34:506 GMT]  INFO junit.RuleWatcher: >>>>>>>>>>>>>>>>>>>>>>>>>>
[09/03/21 19:14:34:506 GMT]  INFO junit.RuleWatcher: >>>>>>>>>>>>>>>>>>>>>>>>>>
[09/03/21 19:14:34:506 GMT]  INFO junit.RuleWatcher: >>> test_shortify[2: (12345, 12345)](com.dotcms.uuid.shorty.LegacyShortyIdApiTest) - starting...
[09/03/21 19:14:34:506 GMT]  INFO junit.RuleWatcher: >>>>>>>>>>>>>>>>>>>>>>>>>>
[09/03/21 19:14:34:506 GMT]  INFO junit.RuleWatcher: >>>>>>>>>>>>>>>>>>>>>>>>>>
[09/03/21 19:14:34:506 GMT]  INFO junit.RuleWatcher: >>> test_shortify[3: (12345-6, 123456)](com.dotcms.uuid.shorty.LegacyShortyIdApiTest) - starting...
[09/03/21 19:14:34:506 GMT]  INFO junit.RuleWatcher: >>>>>>>>>>>>>>>>>>>>>>>>>>
[09/03/21 19:14:34:506 GMT]  INFO junit.RuleWatcher: >>>>>>>>>>>>>>>>>>>>>>>>>>
[09/03/21 19:14:34:506 GMT]  INFO junit.RuleWatcher: >>> test_shortify[4: (12345-67, 1234567)](com.dotcms.uuid.shorty.LegacyShortyIdApiTest) - starting...
[09/03/21 19:14:34:506 GMT]  INFO junit.RuleWatcher: >>>>>>>>>>>>>>>>>>>>>>>>>>
[09/03/21 19:14:34:506 GMT]  INFO junit.RuleWatcher: >>>>>>>>>>>>>>>>>>>>>>>>>>
[09/03/21 19:14:34:506 GMT]  INFO junit.RuleWatcher: >>> test_shortify[5: (12345-678, 12345678)](com.dotcms.uuid.shorty.LegacyShortyIdApiTest) - starting...
[09/03/21 19:14:34:506 GMT]  INFO junit.RuleWatcher: >>>>>>>>>>>>>>>>>>>>>>>>>>
[09/03/21 19:14:34:506 GMT]  INFO junit.RuleWatcher: >>>>>>>>>>>>>>>>>>>>>>>>>>
[09/03/21 19:14:34:506 GMT]  INFO junit.RuleWatcher: >>> test_shortify[6: (12345-6789, 123456789)](com.dotcms.uuid.shorty.LegacyShortyIdApiTest) - starting...
[09/03/21 19:14:34:506 GMT]  INFO junit.RuleWatcher: >>>>>>>>>>>>>>>>>>>>>>>>>>
[09/03/21 19:14:34:506 GMT]  INFO junit.RuleWatcher: >>>>>>>>>>>>>>>>>>>>>>>>>>
[09/03/21 19:14:34:506 GMT]  INFO junit.RuleWatcher: >>> test_shortify[7: (12345-6789-0, 1234567890)](com.dotcms.uuid.shorty.LegacyShortyIdApiTest) - starting...
[09/03/21 19:14:34:506 GMT]  INFO junit.RuleWatcher: >>>>>>>>>>>>>>>>>>>>>>>>>>
[09/03/21 19:14:34:507 GMT]  INFO junit.RuleWatcher: >>>>>>>>>>>>>>>>>>>>>>>>>>
[09/03/21 19:14:34:507 GMT]  INFO junit.RuleWatcher: >>> test_shortify[8: (12345-6789-01, 1234567890)](com.dotcms.uuid.shorty.LegacyShortyIdApiTest) - starting...
[09/03/21 19:14:34:507 GMT]  INFO junit.RuleWatcher: >>>>>>>>>>>>>>>>>>>>>>>>>>
[09/03/21 19:14:34:507 GMT]  INFO junit.RuleWatcher: >>>>>>>>>>>>>>>>>>>>>>>>>>
[09/03/21 19:14:34:507 GMT]  INFO junit.RuleWatcher: >>> test_shortify[9: (12345-6789-012, 1234567890)](com.dotcms.uuid.shorty.LegacyShortyIdApiTest) - starting...
[09/03/21 19:14:34:507 GMT]  INFO junit.RuleWatcher: >>>>>>>>>>>>>>>>>>>>>>>>>>
[09/03/21 19:14:34:507 GMT]  INFO junit.RuleWatcher: >>>>>>>>>>>>>>>>>>>>>>>>>>
[09/03/21 19:14:34:507 GMT]  INFO junit.RuleWatcher: >>> test_shortify[10: (12345-6789-011-12, 1234567890)](com.dotcms.uuid.shorty.LegacyShortyIdApiTest) - starting...
[09/03/21 19:14:34:507 GMT]  INFO junit.RuleWatcher: >>>>>>>>>>>>>>>>>>>>>>>>>>
[09/03/21 19:14:34:507 GMT]  INFO junit.RuleWatcher: >>>>>>>>>>>>>>>>>>>>>>>>>>
[09/03/21 19:14:34:507 GMT]  INFO junit.RuleWatcher: >>> testShortyLookup(com.dotcms.uuid.shorty.LegacyShortyIdApiTest) - starting...
[09/03/21 19:14:34:507 GMT]  INFO junit.RuleWatcher: >>>>>>>>>>>>>>>>>>>>>>>>>>
[09/03/21 19:14:34:511 GMT]  INFO caffine.CaffineCache: ***	 Building Cache : workflowstepcache, size:1000,Concurrency:32
[09/03/21 19:14:34:512 GMT]  INFO caffine.CaffineCache: ***	 Building Cache : workflowstepcache, size:1000,Concurrency:32
[09/03/21 19:14:34:528 GMT]  INFO caffine.CaffineCache: ***	 Building Cache : workflowstepcache, size:1000,Concurrency:32
[09/03/21 19:14:34:528 GMT]  INFO caffine.CaffineCache: ***	 Building Cache : workflowstepcache, size:1000,Concurrency:32
[09/03/21 19:14:34:530 GMT]  INFO junit.RuleWatcher: >>>>>>>>>>>>>>>>>>>>>>>>>>
[09/03/21 19:14:34:530 GMT]  INFO junit.RuleWatcher: >>> test_shortify_modify_MINIMUM_SHORTY_ID_LENGTH_success(com.dotcms.uuid.shorty.LegacyShortyIdApiTest) - starting...
[09/03/21 19:14:34:530 GMT]  INFO junit.RuleWatcher: >>>>>>>>>>>>>>>>>>>>>>>>>>
[09/03/21 19:14:34:531 GMT]  INFO junit.RuleWatcher: >>>>>>>>>>>>>>>>>>>>>>>>>>
[09/03/21 19:14:34:531 GMT]  INFO junit.RuleWatcher: >>> testShortyCache(com.dotcms.uuid.shorty.LegacyShortyIdApiTest) - starting...
[09/03/21 19:14:34:531 GMT]  INFO junit.RuleWatcher: >>>>>>>>>>>>>>>>>>>>>>>>>>
[09/03/21 19:14:34:532 GMT]  INFO junit.RuleWatcher: >>>>>>>>>>>>>>>>>>>>>>>>>>
[09/03/21 19:14:34:532 GMT]  INFO junit.RuleWatcher: >>> testValidShorty[0: (asdd-1234-asdasda-asda, true)](com.dotcms.uuid.shorty.LegacyShortyIdApiTest) - starting...
[09/03/21 19:14:34:532 GMT]  INFO junit.RuleWatcher: >>>>>>>>>>>>>>>>>>>>>>>>>>
[09/03/21 19:14:34:532 GMT]  INFO junit.RuleWatcher: >>>>>>>>>>>>>>>>>>>>>>>>>>
[09/03/21 19:14:34:532 GMT]  INFO junit.RuleWatcher: >>> testValidShorty[1: (asd87-234-214, true)](com.dotcms.uuid.shorty.LegacyShortyIdApiTest) - starting...
[09/03/21 19:14:34:532 GMT]  INFO junit.RuleWatcher: >>>>>>>>>>>>>>>>>>>>>>>>>>
[09/03/21 19:14:34:532 GMT]  INFO junit.RuleWatcher: >>>>>>>>>>>>>>>>>>>>>>>>>>
[09/03/21 19:14:34:532 GMT]  INFO junit.RuleWatcher: >>> testValidShorty[2: (asd87-234:-251, false)](com.dotcms.uuid.shorty.LegacyShortyIdApiTest) - starting...
[09/03/21 19:14:34:532 GMT]  INFO junit.RuleWatcher: >>>>>>>>>>>>>>>>>>>>>>>>>>
[09/03/21 19:14:34:532 GMT]  INFO junit.RuleWatcher: >>>>>>>>>>>>>>>>>>>>>>>>>>
[09/03/21 19:14:34:532 GMT]  INFO junit.RuleWatcher: >>> testValidShorty[3: (asd87-234;-251, false)](com.dotcms.uuid.shorty.LegacyShortyIdApiTest) - starting...
[09/03/21 19:14:34:532 GMT]  INFO junit.RuleWatcher: >>>>>>>>>>>>>>>>>>>>>>>>>>
[09/03/21 19:14:34:532 GMT]  INFO junit.RuleWatcher: >>>>>>>>>>>>>>>>>>>>>>>>>>
[09/03/21 19:14:34:532 GMT]  INFO junit.RuleWatcher: >>> testValidShorty[4: (asd87-234"-251, false)](com.dotcms.uuid.shorty.LegacyShortyIdApiTest) - starting...
[09/03/21 19:14:34:532 GMT]  INFO junit.RuleWatcher: >>>>>>>>>>>>>>>>>>>>>>>>>>
[09/03/21 19:14:34:532 GMT]  INFO junit.RuleWatcher: >>>>>>>>>>>>>>>>>>>>>>>>>>
[09/03/21 19:14:34:532 GMT]  INFO junit.RuleWatcher: >>> testValidShorty[5: (asd87-234*-251, false)](com.dotcms.uuid.shorty.LegacyShortyIdApiTest) - starting...
[09/03/21 19:14:34:532 GMT]  INFO junit.RuleWatcher: >>>>>>>>>>>>>>>>>>>>>>>>>>
[09/03/21 19:14:34:533 GMT]  INFO junit.RuleWatcher: >>>>>>>>>>>>>>>>>>>>>>>>>>
[09/03/21 19:14:34:533 GMT]  INFO junit.RuleWatcher: >>> testValidShorty[6: (asd87_232_251, false)](com.dotcms.uuid.shorty.LegacyShortyIdApiTest) - starting...
[09/03/21 19:14:34:533 GMT]  INFO junit.RuleWatcher: >>>>>>>>>>>>>>>>>>>>>>>>>>
[09/03/21 19:14:34:533 GMT]  INFO junit.RuleWatcher: >>>>>>>>>>>>>>>>>>>>>>>>>>
[09/03/21 19:14:34:533 GMT]  INFO junit.RuleWatcher: >>> testValidShorty[7: (null, false)](com.dotcms.uuid.shorty.LegacyShortyIdApiTest) - starting...
[09/03/21 19:14:34:533 GMT]  INFO junit.RuleWatcher: >>>>>>>>>>>>>>>>>>>>>>>>>>
[09/03/21 19:14:34:533 GMT]  INFO junit.RuleWatcher: >>>>>>>>>>>>>>>>>>>>>>>>>>
[09/03/21 19:14:34:533 GMT]  INFO junit.RuleWatcher: >>> testValidShorty[8: (asd81, false)](com.dotcms.uuid.shorty.LegacyShortyIdApiTest) - starting...
[09/03/21 19:14:34:533 GMT]  INFO junit.RuleWatcher: >>>>>>>>>>>>>>>>>>>>>>>>>>
[09/03/21 19:14:34:533 GMT]  INFO junit.RuleWatcher: >>>>>>>>>>>>>>>>>>>>>>>>>>
[09/03/21 19:14:34:533 GMT]  INFO junit.RuleWatcher: >>> test404CacheInvalidation(com.dotcms.uuid.shorty.LegacyShortyIdApiTest) - starting...
[09/03/21 19:14:34:533 GMT]  INFO junit.RuleWatcher: >>>>>>>>>>>>>>>>>>>>>>>>>>
[09/03/21 19:14:34:535 GMT] ERROR business.ChainableCacheAdministratorImpl: The cache to locally remove key is invalid. The value was :hostcache
[09/03/21 19:14:34:535 GMT]  INFO caffine.CaffineCache: ***	 Building Cache : hostaliascache, size:1000,Concurrency:32
[09/03/21 19:14:34:536 GMT]  INFO util.ActivityLogger: class com.dotcms.content.elasticsearch.business.ESContentletAPIImpl: system : Saving Content , StartDate: N/D; EndDate: N/D; User:system; ContentIdentifier: 
[09/03/21 19:14:34:537 GMT]  INFO caffine.CaffineCache: ***	 Building Cache : esquerycache, size:1000,Concurrency:32
[09/03/21 19:14:34:580 GMT]  INFO caffine.CaffineCache: ***	 Building Cache : esquerycache, size:1000,Concurrency:32
[09/03/21 19:14:34:580 GMT]  INFO caffine.CaffineCache: ***	 Building Cache : esquerycountcache, size:1000,Concurrency:32
[09/03/21 19:14:34:580 GMT]  INFO caffine.CaffineCache: ***	 Building Cache : esquerycountcache, size:1000,Concurrency:32
[09/03/21 19:14:34:611 GMT]  INFO caffine.CaffineCache: ***	 Building Cache : esquerycache, size:1000,Concurrency:32
[09/03/21 19:14:34:611 GMT]  INFO caffine.CaffineCache: ***	 Building Cache : esquerycache, size:1000,Concurrency:32
[09/03/21 19:14:34:611 GMT]  INFO caffine.CaffineCache: ***	 Building Cache : esquerycountcache, size:1000,Concurrency:32
[09/03/21 19:14:34:611 GMT]  INFO caffine.CaffineCache: ***	 Building Cache : esquerycountcache, size:1000,Concurrency:32
[09/03/21 19:14:34:615 GMT]  INFO caffine.CaffineCache: ***	 Building Cache : hostaliascache, size:1000,Concurrency:32
[09/03/21 19:14:34:615 GMT]  INFO caffine.CaffineCache: ***	 Building Cache : hostaliascache, size:1000,Concurrency:32
[09/03/21 19:14:34:615 GMT]  INFO caffine.CaffineCache: ***	 Building Cache : hostaliascache, size:1000,Concurrency:32
[09/03/21 19:14:34:620 GMT]  INFO caffine.CaffineCache: ***	 Building Cache : hostaliascache, size:1000,Concurrency:32
[09/03/21 19:14:34:620 GMT]  INFO caffine.CaffineCache: ***	 Building Cache : hostaliascache, size:1000,Concurrency:32
[09/03/21 19:14:34:647 GMT]  INFO caffine.CaffineCache: ***	 Building Cache : esquerycache, size:1000,Concurrency:32
[09/03/21 19:14:34:647 GMT]  INFO caffine.CaffineCache: ***	 Building Cache : esquerycache, size:1000,Concurrency:32
[09/03/21 19:14:34:647 GMT]  INFO caffine.CaffineCache: ***	 Building Cache : esquerycountcache, size:1000,Concurrency:32
[09/03/21 19:14:34:647 GMT]  INFO caffine.CaffineCache: ***	 Building Cache : esquerycountcache, size:1000,Concurrency:32
[09/03/21 19:14:34:670 GMT]  INFO caffine.CaffineCache: ***	 Building Cache : esquerycache, size:1000,Concurrency:32
[09/03/21 19:14:34:670 GMT]  INFO caffine.CaffineCache: ***	 Building Cache : esquerycache, size:1000,Concurrency:32
[09/03/21 19:14:34:670 GMT]  INFO caffine.CaffineCache: ***	 Building Cache : esquerycountcache, size:1000,Concurrency:32
[09/03/21 19:14:34:670 GMT]  INFO caffine.CaffineCache: ***	 Building Cache : esquerycountcache, size:1000,Concurrency:32
[09/03/21 19:14:34:671 GMT]  INFO business.ContentletIndexAPIImpl: Indexing: e6f48618-52e6-44f5-8ee3-3f42e1b657d5 : test1615317274534.dotcms.com, includeDependencies: true, policy: WAIT_FOR
[09/03/21 19:14:34:673 GMT]  INFO caffine.CaffineCache: ***	 Building Cache : workflowstepcache, size:1000,Concurrency:32
[09/03/21 19:14:34:674 GMT]  INFO caffine.CaffineCache: ***	 Building Cache : workflowstepcache, size:1000,Concurrency:32
[09/03/21 19:14:34:712 GMT]  INFO caffine.CaffineCache: ***	 Building Cache : esquerycache, size:1000,Concurrency:32
[09/03/21 19:14:34:715 GMT]  INFO util.ActivityLogger: class com.dotcms.content.elasticsearch.business.ESContentletAPIImpl: System Host : Content Saved , StartDate: N/D; EndDate: N/D; User:system; ContentIdentifier: e6f48618-52e6-44f5-8ee3-3f42e1b657d5
[09/03/21 19:14:34:715 GMT]  INFO caffine.CaffineCache: ***	 Building Cache : hostaliascache, size:1000,Concurrency:32
[09/03/21 19:14:34:715 GMT]  INFO caffine.CaffineCache: ***	 Building Cache : hostaliascache, size:1000,Concurrency:32
[09/03/21 19:14:34:717 GMT]  INFO caffine.CaffineCache: ***	 Building Cache : hostaliascache, size:1000,Concurrency:32
[09/03/21 19:14:34:718 GMT] ERROR business.ChainableCacheAdministratorImpl: The cache to locally remove key is invalid. The value was :hostcache
[09/03/21 19:14:34:718 GMT]  INFO caffine.CaffineCache: ***	 Building Cache : hostaliascache, size:1000,Concurrency:32
[09/03/21 19:14:34:720 GMT]  INFO caffine.CaffineCache: ***	 Building Cache : esquerycountcache, size:1000,Concurrency:32
[09/03/21 19:14:34:721 GMT]  INFO caffine.CaffineCache: ***	 Building Cache : esquerycache, size:1000,Concurrency:32
[09/03/21 19:14:34:721 GMT]  INFO caffine.CaffineCache: ***	 Building Cache : esquerycountcache, size:1000,Concurrency:32
[09/03/21 19:14:34:820 GMT] ERROR business.ChainableCacheAdministratorImpl: The cache to locally remove key is invalid. The value was :hostcache
[09/03/21 19:14:34:820 GMT]  INFO caffine.CaffineCache: ***	 Building Cache : hostaliascache, size:1000,Concurrency:32
[09/03/21 19:14:34:820 GMT]  INFO caffine.CaffineCache: ***	 Building Cache : hostaliascache, size:1000,Concurrency:32
[09/03/21 19:14:34:835 GMT]  INFO caffine.CaffineCache: ***	 Building Cache : esquerycache, size:1000,Concurrency:32
[09/03/21 19:14:34:835 GMT]  INFO caffine.CaffineCache: ***	 Building Cache : esquerycountcache, size:1000,Concurrency:32
[09/03/21 19:14:34:835 GMT]  INFO caffine.CaffineCache: ***	 Building Cache : esquerycache, size:1000,Concurrency:32
[09/03/21 19:14:34:835 GMT]  INFO caffine.CaffineCache: ***	 Building Cache : esquerycountcache, size:1000,Concurrency:32
[09/03/21 19:14:34:891 GMT]  INFO caffine.CaffineCache: ***	 Building Cache : hostaliascache, size:1000,Concurrency:32
[09/03/21 19:14:34:891 GMT]  INFO caffine.CaffineCache: ***	 Building Cache : hostaliascache, size:1000,Concurrency:32
[09/03/21 19:14:34:893 GMT]  INFO caffine.CaffineCache: ***	 Building Cache : esquerycache, size:1000,Concurrency:32
[09/03/21 19:14:34:896 GMT]  INFO util.ActivityLogger: class com.dotcms.content.elasticsearch.business.ESContentletAPIImpl: System Host : Publishing Content , StartDate: N/D; EndDate: N/D; User:system; ContentIdentifier: e6f48618-52e6-44f5-8ee3-3f42e1b657d5
[09/03/21 19:14:34:899 GMT]  INFO business.ContentletIndexAPIImpl: Indexing: e6f48618-52e6-44f5-8ee3-3f42e1b657d5 : test1615317274534.dotcms.com, includeDependencies: true, policy: FORCE
[09/03/21 19:14:34:959 GMT]  INFO caffine.CaffineCache: ***	 Building Cache : esquerycache, size:1000,Concurrency:32
[09/03/21 19:14:34:959 GMT]  INFO caffine.CaffineCache: ***	 Building Cache : esquerycountcache, size:1000,Concurrency:32
[09/03/21 19:14:34:959 GMT]  INFO caffine.CaffineCache: ***	 Building Cache : esquerycountcache, size:1000,Concurrency:32
[09/03/21 19:14:34:960 GMT]  INFO caffine.CaffineCache: ***	 Building Cache : esquerycache, size:1000,Concurrency:32
[09/03/21 19:14:34:963 GMT]  INFO util.ActivityLogger: class com.dotcms.content.elasticsearch.business.ESContentletAPIImpl: System Host : Content Published , StartDate: N/D; EndDate: N/D; User:system; ContentIdentifier: e6f48618-52e6-44f5-8ee3-3f42e1b657d5
[09/03/21 19:14:34:969 GMT]  INFO caffine.CaffineCache: ***	 Building Cache : esquerycountcache, size:1000,Concurrency:32
[09/03/21 19:14:34:971 GMT]  INFO caffine.CaffineCache: ***	 Building Cache : esquerycache, size:1000,Concurrency:32
[09/03/21 19:14:34:971 GMT]  INFO caffine.CaffineCache: ***	 Building Cache : esquerycountcache, size:1000,Concurrency:32
[09/03/21 19:14:35:029 GMT]  INFO caffine.CaffineCache: ***	 Building Cache : hostaliascache, size:1000,Concurrency:32
[09/03/21 19:14:35:029 GMT]  INFO caffine.CaffineCache: ***	 Building Cache : hostaliascache, size:1000,Concurrency:32
[09/03/21 19:14:35:030 GMT]  WARN shorty.ShortyIdAPIImpl: An error occurred when getting shorty value for '' of type 'CONTENT': shorty  is not a short id.  Short Ids should be 10 chars in length
