[04/03/21 17:28:44:261 GMT]  INFO caffine.CaffineCache: ***	 Building Cache : workflowstepcache, size:1000,Concurrency:32
[04/03/21 17:28:44:262 GMT]  INFO caffine.CaffineCache: ***	 Building Cache : workflowstepcache, size:1000,Concurrency:32
[04/03/21 17:28:44:263 GMT]  INFO caffine.CaffineCache: ***	 Building Cache : workflowstepcache, size:1000,Concurrency:32
[04/03/21 17:28:44:263 GMT]  INFO caffine.CaffineCache: ***	 Building Cache : workflowstepcache, size:1000,Concurrency:32
[04/03/21 17:28:44:268 GMT]  INFO junit.RuleWatcher: >>>>>>>>>>>>>>>>>>>>>>>>>>
[04/03/21 17:28:44:268 GMT]  INFO junit.RuleWatcher: >>> test404Cache(com.dotcms.uuid.shorty.LegacyShortyIdApiTest) - starting...
[04/03/21 17:28:44:268 GMT]  INFO junit.RuleWatcher: >>>>>>>>>>>>>>>>>>>>>>>>>>
[04/03/21 17:28:44:304 GMT]  INFO junit.RuleWatcher: >>>>>>>>>>>>>>>>>>>>>>>>>>
[04/03/21 17:28:44:304 GMT]  INFO junit.RuleWatcher: >>> test_shortify[0: (, )](com.dotcms.uuid.shorty.LegacyShortyIdApiTest) - starting...
[04/03/21 17:28:44:304 GMT]  INFO junit.RuleWatcher: >>>>>>>>>>>>>>>>>>>>>>>>>>
[04/03/21 17:28:44:304 GMT]  INFO junit.RuleWatcher: >>>>>>>>>>>>>>>>>>>>>>>>>>
[04/03/21 17:28:44:304 GMT]  INFO junit.RuleWatcher: >>> test_shortify[1: (1234, 1234)](com.dotcms.uuid.shorty.LegacyShortyIdApiTest) - starting...
[04/03/21 17:28:44:304 GMT]  INFO junit.RuleWatcher: >>>>>>>>>>>>>>>>>>>>>>>>>>
[04/03/21 17:28:44:305 GMT]  INFO junit.RuleWatcher: >>>>>>>>>>>>>>>>>>>>>>>>>>
[04/03/21 17:28:44:305 GMT]  INFO junit.RuleWatcher: >>> test_shortify[2: (12345, 12345)](com.dotcms.uuid.shorty.LegacyShortyIdApiTest) - starting...
[04/03/21 17:28:44:305 GMT]  INFO junit.RuleWatcher: >>>>>>>>>>>>>>>>>>>>>>>>>>
[04/03/21 17:28:44:305 GMT]  INFO junit.RuleWatcher: >>>>>>>>>>>>>>>>>>>>>>>>>>
[04/03/21 17:28:44:305 GMT]  INFO junit.RuleWatcher: >>> test_shortify[3: (12345-6, 123456)](com.dotcms.uuid.shorty.LegacyShortyIdApiTest) - starting...
[04/03/21 17:28:44:305 GMT]  INFO junit.RuleWatcher: >>>>>>>>>>>>>>>>>>>>>>>>>>
[04/03/21 17:28:44:305 GMT]  INFO junit.RuleWatcher: >>>>>>>>>>>>>>>>>>>>>>>>>>
[04/03/21 17:28:44:305 GMT]  INFO junit.RuleWatcher: >>> test_shortify[4: (12345-67, 1234567)](com.dotcms.uuid.shorty.LegacyShortyIdApiTest) - starting...
[04/03/21 17:28:44:305 GMT]  INFO junit.RuleWatcher: >>>>>>>>>>>>>>>>>>>>>>>>>>
[04/03/21 17:28:44:306 GMT]  INFO junit.RuleWatcher: >>>>>>>>>>>>>>>>>>>>>>>>>>
[04/03/21 17:28:44:306 GMT]  INFO junit.RuleWatcher: >>> test_shortify[5: (12345-678, 12345678)](com.dotcms.uuid.shorty.LegacyShortyIdApiTest) - starting...
[04/03/21 17:28:44:306 GMT]  INFO junit.RuleWatcher: >>>>>>>>>>>>>>>>>>>>>>>>>>
[04/03/21 17:28:44:306 GMT]  INFO junit.RuleWatcher: >>>>>>>>>>>>>>>>>>>>>>>>>>
[04/03/21 17:28:44:306 GMT]  INFO junit.RuleWatcher: >>> test_shortify[6: (12345-6789, 123456789)](com.dotcms.uuid.shorty.LegacyShortyIdApiTest) - starting...
[04/03/21 17:28:44:306 GMT]  INFO junit.RuleWatcher: >>>>>>>>>>>>>>>>>>>>>>>>>>
[04/03/21 17:28:44:306 GMT]  INFO junit.RuleWatcher: >>>>>>>>>>>>>>>>>>>>>>>>>>
[04/03/21 17:28:44:306 GMT]  INFO junit.RuleWatcher: >>> test_shortify[7: (12345-6789-0, 1234567890)](com.dotcms.uuid.shorty.LegacyShortyIdApiTest) - starting...
[04/03/21 17:28:44:307 GMT]  INFO junit.RuleWatcher: >>>>>>>>>>>>>>>>>>>>>>>>>>
[04/03/21 17:28:44:307 GMT]  INFO junit.RuleWatcher: >>>>>>>>>>>>>>>>>>>>>>>>>>
[04/03/21 17:28:44:307 GMT]  INFO junit.RuleWatcher: >>> test_shortify[8: (12345-6789-01, 1234567890)](com.dotcms.uuid.shorty.LegacyShortyIdApiTest) - starting...
[04/03/21 17:28:44:307 GMT]  INFO junit.RuleWatcher: >>>>>>>>>>>>>>>>>>>>>>>>>>
[04/03/21 17:28:44:307 GMT]  INFO junit.RuleWatcher: >>>>>>>>>>>>>>>>>>>>>>>>>>
[04/03/21 17:28:44:307 GMT]  INFO junit.RuleWatcher: >>> test_shortify[9: (12345-6789-012, 1234567890)](com.dotcms.uuid.shorty.LegacyShortyIdApiTest) - starting...
[04/03/21 17:28:44:307 GMT]  INFO junit.RuleWatcher: >>>>>>>>>>>>>>>>>>>>>>>>>>
[04/03/21 17:28:44:308 GMT]  INFO junit.RuleWatcher: >>>>>>>>>>>>>>>>>>>>>>>>>>
[04/03/21 17:28:44:308 GMT]  INFO junit.RuleWatcher: >>> test_shortify[10: (12345-6789-011-12, 1234567890)](com.dotcms.uuid.shorty.LegacyShortyIdApiTest) - starting...
[04/03/21 17:28:44:308 GMT]  INFO junit.RuleWatcher: >>>>>>>>>>>>>>>>>>>>>>>>>>
[04/03/21 17:28:44:308 GMT]  INFO junit.RuleWatcher: >>>>>>>>>>>>>>>>>>>>>>>>>>
[04/03/21 17:28:44:308 GMT]  INFO junit.RuleWatcher: >>> testShortyLookup(com.dotcms.uuid.shorty.LegacyShortyIdApiTest) - starting...
[04/03/21 17:28:44:308 GMT]  INFO junit.RuleWatcher: >>>>>>>>>>>>>>>>>>>>>>>>>>
[04/03/21 17:28:44:335 GMT]  INFO junit.RuleWatcher: >>>>>>>>>>>>>>>>>>>>>>>>>>
[04/03/21 17:28:44:335 GMT]  INFO junit.RuleWatcher: >>> test_shortify_modify_MINIMUM_SHORTY_ID_LENGTH_success(com.dotcms.uuid.shorty.LegacyShortyIdApiTest) - starting...
[04/03/21 17:28:44:335 GMT]  INFO junit.RuleWatcher: >>>>>>>>>>>>>>>>>>>>>>>>>>
[04/03/21 17:28:44:335 GMT]  INFO junit.RuleWatcher: >>>>>>>>>>>>>>>>>>>>>>>>>>
[04/03/21 17:28:44:335 GMT]  INFO junit.RuleWatcher: >>> testShortyCache(com.dotcms.uuid.shorty.LegacyShortyIdApiTest) - starting...
[04/03/21 17:28:44:335 GMT]  INFO junit.RuleWatcher: >>>>>>>>>>>>>>>>>>>>>>>>>>
[04/03/21 17:28:44:336 GMT]  INFO junit.RuleWatcher: >>>>>>>>>>>>>>>>>>>>>>>>>>
[04/03/21 17:28:44:336 GMT]  INFO junit.RuleWatcher: >>> testValidShorty[0: (asdd-1234-asdasda-asda, true)](com.dotcms.uuid.shorty.LegacyShortyIdApiTest) - starting...
[04/03/21 17:28:44:336 GMT]  INFO junit.RuleWatcher: >>>>>>>>>>>>>>>>>>>>>>>>>>
[04/03/21 17:28:44:337 GMT]  INFO junit.RuleWatcher: >>>>>>>>>>>>>>>>>>>>>>>>>>
[04/03/21 17:28:44:337 GMT]  INFO junit.RuleWatcher: >>> testValidShorty[1: (asd87-234-214, true)](com.dotcms.uuid.shorty.LegacyShortyIdApiTest) - starting...
[04/03/21 17:28:44:337 GMT]  INFO junit.RuleWatcher: >>>>>>>>>>>>>>>>>>>>>>>>>>
[04/03/21 17:28:44:337 GMT]  INFO junit.RuleWatcher: >>>>>>>>>>>>>>>>>>>>>>>>>>
[04/03/21 17:28:44:337 GMT]  INFO junit.RuleWatcher: >>> testValidShorty[2: (asd87-234:-251, false)](com.dotcms.uuid.shorty.LegacyShortyIdApiTest) - starting...
[04/03/21 17:28:44:337 GMT]  INFO junit.RuleWatcher: >>>>>>>>>>>>>>>>>>>>>>>>>>
[04/03/21 17:28:44:337 GMT]  INFO junit.RuleWatcher: >>>>>>>>>>>>>>>>>>>>>>>>>>
[04/03/21 17:28:44:337 GMT]  INFO junit.RuleWatcher: >>> testValidShorty[3: (asd87-234;-251, false)](com.dotcms.uuid.shorty.LegacyShortyIdApiTest) - starting...
[04/03/21 17:28:44:338 GMT]  INFO junit.RuleWatcher: >>>>>>>>>>>>>>>>>>>>>>>>>>
[04/03/21 17:28:44:338 GMT]  INFO junit.RuleWatcher: >>>>>>>>>>>>>>>>>>>>>>>>>>
[04/03/21 17:28:44:338 GMT]  INFO junit.RuleWatcher: >>> testValidShorty[4: (asd87-234"-251, false)](com.dotcms.uuid.shorty.LegacyShortyIdApiTest) - starting...
[04/03/21 17:28:44:338 GMT]  INFO junit.RuleWatcher: >>>>>>>>>>>>>>>>>>>>>>>>>>
[04/03/21 17:28:44:338 GMT]  INFO junit.RuleWatcher: >>>>>>>>>>>>>>>>>>>>>>>>>>
[04/03/21 17:28:44:338 GMT]  INFO junit.RuleWatcher: >>> testValidShorty[5: (asd87-234*-251, false)](com.dotcms.uuid.shorty.LegacyShortyIdApiTest) - starting...
[04/03/21 17:28:44:338 GMT]  INFO junit.RuleWatcher: >>>>>>>>>>>>>>>>>>>>>>>>>>
[04/03/21 17:28:44:339 GMT]  INFO junit.RuleWatcher: >>>>>>>>>>>>>>>>>>>>>>>>>>
[04/03/21 17:28:44:339 GMT]  INFO junit.RuleWatcher: >>> testValidShorty[6: (asd87_232_251, false)](com.dotcms.uuid.shorty.LegacyShortyIdApiTest) - starting...
[04/03/21 17:28:44:339 GMT]  INFO junit.RuleWatcher: >>>>>>>>>>>>>>>>>>>>>>>>>>
[04/03/21 17:28:44:339 GMT]  INFO junit.RuleWatcher: >>>>>>>>>>>>>>>>>>>>>>>>>>
[04/03/21 17:28:44:339 GMT]  INFO junit.RuleWatcher: >>> testValidShorty[7: (null, false)](com.dotcms.uuid.shorty.LegacyShortyIdApiTest) - starting...
[04/03/21 17:28:44:339 GMT]  INFO junit.RuleWatcher: >>>>>>>>>>>>>>>>>>>>>>>>>>
[04/03/21 17:28:44:339 GMT]  INFO junit.RuleWatcher: >>>>>>>>>>>>>>>>>>>>>>>>>>
[04/03/21 17:28:44:339 GMT]  INFO junit.RuleWatcher: >>> testValidShorty[8: (asd81, false)](com.dotcms.uuid.shorty.LegacyShortyIdApiTest) - starting...
[04/03/21 17:28:44:339 GMT]  INFO junit.RuleWatcher: >>>>>>>>>>>>>>>>>>>>>>>>>>
[04/03/21 17:28:44:340 GMT]  INFO junit.RuleWatcher: >>>>>>>>>>>>>>>>>>>>>>>>>>
[04/03/21 17:28:44:340 GMT]  INFO junit.RuleWatcher: >>> test404CacheInvalidation(com.dotcms.uuid.shorty.LegacyShortyIdApiTest) - starting...
[04/03/21 17:28:44:340 GMT]  INFO junit.RuleWatcher: >>>>>>>>>>>>>>>>>>>>>>>>>>
[04/03/21 17:28:44:341 GMT] ERROR business.ChainableCacheAdministratorImpl: The cache to locally remove key is invalid. The value was :hostcache
[04/03/21 17:28:44:341 GMT]  INFO caffine.CaffineCache: ***	 Building Cache : hostaliascache, size:1000,Concurrency:32
[04/03/21 17:28:44:342 GMT]  INFO util.ActivityLogger: class com.dotcms.content.elasticsearch.business.ESContentletAPIImpl: system : Saving Content , StartDate: N/D; EndDate: N/D; User:system; ContentIdentifier: 
[04/03/21 17:28:44:345 GMT]  INFO caffine.CaffineCache: ***	 Building Cache : workflowstepcache, size:1000,Concurrency:32
[04/03/21 17:28:44:345 GMT]  INFO caffine.CaffineCache: ***	 Building Cache : workflowstepcache, size:1000,Concurrency:32
[04/03/21 17:28:44:345 GMT]  INFO caffine.CaffineCache: ***	 Building Cache : esquerycache, size:1000,Concurrency:32
[04/03/21 17:28:44:356 GMT]  INFO caffine.CaffineCache: ***	 Building Cache : workflowstepcache, size:1000,Concurrency:32
[04/03/21 17:28:44:356 GMT]  INFO caffine.CaffineCache: ***	 Building Cache : workflowstepcache, size:1000,Concurrency:32
[04/03/21 17:28:44:376 GMT]  INFO caffine.CaffineCache: ***	 Building Cache : workflowstepcache, size:1000,Concurrency:32
[04/03/21 17:28:44:383 GMT]  INFO caffine.CaffineCache: ***	 Building Cache : workflowstepcache, size:1000,Concurrency:32
[04/03/21 17:28:44:394 GMT]  INFO caffine.CaffineCache: ***	 Building Cache : workflowstepcache, size:1000,Concurrency:32
[04/03/21 17:28:44:397 GMT]  INFO caffine.CaffineCache: ***	 Building Cache : workflowstepcache, size:1000,Concurrency:32
[04/03/21 17:28:44:398 GMT]  INFO caffine.CaffineCache: ***	 Building Cache : esquerycache, size:1000,Concurrency:32
[04/03/21 17:28:44:398 GMT]  INFO caffine.CaffineCache: ***	 Building Cache : esquerycountcache, size:1000,Concurrency:32
[04/03/21 17:28:44:398 GMT]  INFO caffine.CaffineCache: ***	 Building Cache : esquerycountcache, size:1000,Concurrency:32
[04/03/21 17:28:44:449 GMT]  INFO caffine.CaffineCache: ***	 Building Cache : esquerycache, size:1000,Concurrency:32
[04/03/21 17:28:44:449 GMT]  INFO caffine.CaffineCache: ***	 Building Cache : esquerycache, size:1000,Concurrency:32
[04/03/21 17:28:44:449 GMT]  INFO caffine.CaffineCache: ***	 Building Cache : esquerycountcache, size:1000,Concurrency:32
[04/03/21 17:28:44:449 GMT]  INFO caffine.CaffineCache: ***	 Building Cache : esquerycountcache, size:1000,Concurrency:32
[04/03/21 17:28:44:453 GMT]  INFO caffine.CaffineCache: ***	 Building Cache : hostaliascache, size:1000,Concurrency:32
[04/03/21 17:28:44:453 GMT]  INFO caffine.CaffineCache: ***	 Building Cache : hostaliascache, size:1000,Concurrency:32
[04/03/21 17:28:44:453 GMT]  INFO caffine.CaffineCache: ***	 Building Cache : hostaliascache, size:1000,Concurrency:32
[04/03/21 17:28:44:453 GMT]  INFO caffine.CaffineCache: ***	 Building Cache : hostaliascache, size:1000,Concurrency:32
[04/03/21 17:28:44:458 GMT]  INFO caffine.CaffineCache: ***	 Building Cache : hostaliascache, size:1000,Concurrency:32
[04/03/21 17:28:44:458 GMT]  INFO caffine.CaffineCache: ***	 Building Cache : hostaliascache, size:1000,Concurrency:32
[04/03/21 17:28:44:504 GMT]  INFO caffine.CaffineCache: ***	 Building Cache : esquerycache, size:1000,Concurrency:32
[04/03/21 17:28:44:504 GMT]  INFO caffine.CaffineCache: ***	 Building Cache : esquerycache, size:1000,Concurrency:32
[04/03/21 17:28:44:504 GMT]  INFO caffine.CaffineCache: ***	 Building Cache : esquerycountcache, size:1000,Concurrency:32
[04/03/21 17:28:44:504 GMT]  INFO caffine.CaffineCache: ***	 Building Cache : esquerycountcache, size:1000,Concurrency:32
[04/03/21 17:28:44:548 GMT]  INFO caffine.CaffineCache: ***	 Building Cache : esquerycache, size:1000,Concurrency:32
[04/03/21 17:28:44:548 GMT]  INFO caffine.CaffineCache: ***	 Building Cache : esquerycache, size:1000,Concurrency:32
[04/03/21 17:28:44:548 GMT]  INFO caffine.CaffineCache: ***	 Building Cache : esquerycountcache, size:1000,Concurrency:32
[04/03/21 17:28:44:548 GMT]  INFO caffine.CaffineCache: ***	 Building Cache : esquerycountcache, size:1000,Concurrency:32
[04/03/21 17:28:44:549 GMT]  INFO business.ContentletIndexAPIImpl: Indexing: ac80df80-708a-4423-a28d-7ccbb6fbdce8 : test1614878924341.dotcms.com, includeDependencies: true, policy: WAIT_FOR
[04/03/21 17:28:44:626 GMT]  INFO caffine.CaffineCache: ***	 Building Cache : esquerycache, size:1000,Concurrency:32
[04/03/21 17:28:44:630 GMT]  INFO util.ActivityLogger: class com.dotcms.content.elasticsearch.business.ESContentletAPIImpl: System Host : Content Saved , StartDate: N/D; EndDate: N/D; User:system; ContentIdentifier: ac80df80-708a-4423-a28d-7ccbb6fbdce8
[04/03/21 17:28:44:630 GMT]  INFO caffine.CaffineCache: ***	 Building Cache : hostaliascache, size:1000,Concurrency:32
[04/03/21 17:28:44:630 GMT]  INFO caffine.CaffineCache: ***	 Building Cache : hostaliascache, size:1000,Concurrency:32
[04/03/21 17:28:44:636 GMT]  INFO caffine.CaffineCache: ***	 Building Cache : hostaliascache, size:1000,Concurrency:32
[04/03/21 17:28:44:636 GMT] ERROR business.ChainableCacheAdministratorImpl: The cache to locally remove key is invalid. The value was :hostcache
[04/03/21 17:28:44:636 GMT]  INFO caffine.CaffineCache: ***	 Building Cache : hostaliascache, size:1000,Concurrency:32
[04/03/21 17:28:44:645 GMT]  INFO caffine.CaffineCache: ***	 Building Cache : esquerycountcache, size:1000,Concurrency:32
[04/03/21 17:28:44:645 GMT]  INFO caffine.CaffineCache: ***	 Building Cache : esquerycache, size:1000,Concurrency:32
[04/03/21 17:28:44:646 GMT]  INFO caffine.CaffineCache: ***	 Building Cache : esquerycountcache, size:1000,Concurrency:32
[04/03/21 17:28:44:676 GMT]  INFO caffine.CaffineCache: ***	 Building Cache : hostaliascache, size:1000,Concurrency:32
[04/03/21 17:28:44:677 GMT] ERROR business.ChainableCacheAdministratorImpl: The cache to locally remove key is invalid. The value was :hostcache
[04/03/21 17:28:44:677 GMT]  INFO caffine.CaffineCache: ***	 Building Cache : hostaliascache, size:1000,Concurrency:32
[04/03/21 17:28:44:686 GMT]  INFO caffine.CaffineCache: ***	 Building Cache : esquerycache, size:1000,Concurrency:32
[04/03/21 17:28:44:686 GMT]  INFO caffine.CaffineCache: ***	 Building Cache : esquerycache, size:1000,Concurrency:32
[04/03/21 17:28:44:686 GMT]  INFO caffine.CaffineCache: ***	 Building Cache : esquerycountcache, size:1000,Concurrency:32
[04/03/21 17:28:44:686 GMT]  INFO caffine.CaffineCache: ***	 Building Cache : esquerycountcache, size:1000,Concurrency:32
[04/03/21 17:28:45:358 GMT]  INFO delegate.SystemEventsJobDelegate: The event: 03c3d2d8-b509-4e14-bf2b-aedda088dcfb, has been skipped on the server: b57fb21c-b418-47da-be77-daff3963f7ee
[04/03/21 17:28:45:358 GMT]  INFO delegate.SystemEventsJobDelegate: The event: d6fa2585-fa0c-4a5d-ac34-d0d3635567f2, has been skipped on the server: b57fb21c-b418-47da-be77-daff3963f7ee
[04/03/21 17:28:45:358 GMT]  INFO delegate.SystemEventsJobDelegate: The event: d30b3142-0494-40a1-8a6e-1599c3e446b5, has been skipped on the server: b57fb21c-b418-47da-be77-daff3963f7ee
[04/03/21 17:28:45:358 GMT]  INFO delegate.SystemEventsJobDelegate: The event: 51dacd6e-cca4-4087-b9bf-18651841488d, has been skipped on the server: b57fb21c-b418-47da-be77-daff3963f7ee
[04/03/21 17:28:45:610 GMT]  INFO caffine.CaffineCache: ***	 Building Cache : hostaliascache, size:1000,Concurrency:32
[04/03/21 17:28:45:610 GMT]  INFO caffine.CaffineCache: ***	 Building Cache : hostaliascache, size:1000,Concurrency:32
[04/03/21 17:28:45:612 GMT]  INFO caffine.CaffineCache: ***	 Building Cache : esquerycache, size:1000,Concurrency:32
[04/03/21 17:28:45:616 GMT]  INFO util.ActivityLogger: class com.dotcms.content.elasticsearch.business.ESContentletAPIImpl: System Host : Publishing Content , StartDate: N/D; EndDate: N/D; User:system; ContentIdentifier: ac80df80-708a-4423-a28d-7ccbb6fbdce8
[04/03/21 17:28:45:618 GMT]  INFO business.ContentletIndexAPIImpl: Indexing: ac80df80-708a-4423-a28d-7ccbb6fbdce8 : test1614878924341.dotcms.com, includeDependencies: true, policy: FORCE
[04/03/21 17:28:45:656 GMT]  INFO caffine.CaffineCache: ***	 Building Cache : esquerycountcache, size:1000,Concurrency:32
[04/03/21 17:28:45:657 GMT]  INFO caffine.CaffineCache: ***	 Building Cache : esquerycache, size:1000,Concurrency:32
[04/03/21 17:28:45:660 GMT]  INFO util.ActivityLogger: class com.dotcms.content.elasticsearch.business.ESContentletAPIImpl: System Host : Content Published , StartDate: N/D; EndDate: N/D; User:system; ContentIdentifier: ac80df80-708a-4423-a28d-7ccbb6fbdce8
[04/03/21 17:28:45:662 GMT]  INFO caffine.CaffineCache: ***	 Building Cache : esquerycountcache, size:1000,Concurrency:32
[04/03/21 17:28:45:671 GMT]  INFO caffine.CaffineCache: ***	 Building Cache : esquerycache, size:1000,Concurrency:32
[04/03/21 17:28:45:671 GMT]  INFO caffine.CaffineCache: ***	 Building Cache : esquerycountcache, size:1000,Concurrency:32
[04/03/21 17:28:45:688 GMT]  INFO caffine.CaffineCache: ***	 Building Cache : esquerycache, size:1000,Concurrency:32
[04/03/21 17:28:45:688 GMT]  INFO caffine.CaffineCache: ***	 Building Cache : esquerycountcache, size:1000,Concurrency:32
[04/03/21 17:28:45:724 GMT]  INFO caffine.CaffineCache: ***	 Building Cache : esquerycache, size:1000,Concurrency:32
[04/03/21 17:28:45:725 GMT]  INFO caffine.CaffineCache: ***	 Building Cache : esquerycountcache, size:1000,Concurrency:32
[04/03/21 17:28:45:734 GMT]  INFO caffine.CaffineCache: ***	 Building Cache : hostaliascache, size:1000,Concurrency:32
[04/03/21 17:28:45:735 GMT]  WARN shorty.ShortyIdAPIImpl: An error occurred when getting shorty value for '' of type 'CONTENT': shorty  is not a short id.  Short Ids should be 10 chars in length
[04/03/21 17:28:45:749 GMT]  INFO caffine.CaffineCache: ***	 Building Cache : esquerycache, size:1000,Concurrency:32
[04/03/21 17:28:45:749 GMT]  INFO caffine.CaffineCache: ***	 Building Cache : esquerycountcache, size:1000,Concurrency:32
[04/03/21 17:28:45:749 GMT]  INFO caffine.CaffineCache: ***	 Building Cache : hostaliascache, size:1000,Concurrency:32
