[10/03/21 23:57:14:950 GMT]  INFO util.StdOutErrLog: [class com.dotcms.publishing.GenerateBundlePublisher]
[10/03/21 23:57:14:951 GMT]  INFO util.PushPublishLogger: class com.dotcms.publishing.PublisherAPIImpl : [BundleID: 01F0F95DT65K24AKY7529F8CYE] Started Publishing Task
[10/03/21 23:57:14:951 GMT]  INFO publishing.PublisherAPIImpl: Writing bundle.xml file
[10/03/21 23:57:14:952 GMT]  INFO publishing.PublisherAPIImpl: Start of Bundler: DependencyBundler
[10/03/21 23:57:14:955 GMT]  INFO util.DependencyManager: PublisherFilter { excludeClassesSet = [] , excludeDependencyClassesSet = [] , excludeQueryIds = [] , excludeDependencyQueryIds = [] , relationships = true , dependencies = true}
[10/03/21 23:57:14:973 GMT]  INFO publishing.PublisherAPIImpl: End of Bundler: DependencyBundler
[10/03/21 23:57:14:973 GMT]  INFO publishing.PublisherAPIImpl: Start of Bundler: HostBundler
[10/03/21 23:57:14:975 GMT]  INFO bundler.HostBundler: Searching for ContentletVersionInfo. Identifier: 8a7d5e23-da1e-420a-b4f0-471e7da8ea2d. Language:1
[10/03/21 23:57:14:976 GMT]  INFO bundler.HostBundler: Searching for ContentletVersionInfo. Identifier: 8a7d5e23-da1e-420a-b4f0-471e7da8ea2d. Language:1
[10/03/21 23:57:14:978 GMT]  INFO publishing.PublisherAPIImpl: End of Bundler: HostBundler
[10/03/21 23:57:14:978 GMT]  INFO publishing.PublisherAPIImpl: Start of Bundler: RuleBundler
[10/03/21 23:57:14:980 GMT]  INFO publishing.PublisherAPIImpl: End of Bundler: RuleBundler
[10/03/21 23:57:14:980 GMT]  INFO publishing.PublisherAPIImpl: Start of Bundler: BundleXMLAsc
[10/03/21 23:57:14:980 GMT]  INFO publishing.PublisherAPIImpl: End of Bundler: BundleXMLAsc
[10/03/21 23:57:14:981 GMT]  INFO publishing.PublisherAPIImpl: Start of Bundler: CategoryBundler
[10/03/21 23:57:14:981 GMT]  INFO publishing.PublisherAPIImpl: End of Bundler: CategoryBundler
[10/03/21 23:57:14:981 GMT]  INFO publishing.GenerateBundlePublisher: Bundling Complete: /custom/assets/bundles/01F0F95DT65K24AKY7529F8CYE
[10/03/21 23:57:14:981 GMT]  INFO util.PushPublishLogger: class com.dotcms.publishing.PublisherAPIImpl : [BundleID: 01F0F95DT65K24AKY7529F8CYE] Completed Publishing Task
[10/03/21 23:57:14:984 GMT]  INFO junit.RuleWatcher: >>>>>>>>>>>>>>>>>>>>>>>>>>
[10/03/21 23:57:14:984 GMT]  INFO junit.RuleWatcher: >>> publish[9: com.dotcms.publishing.PublisherAPIImplTest$TestCase@417dbd7e](com.dotcms.publishing.PublisherAPIImplTest) - starting...
[10/03/21 23:57:14:984 GMT]  INFO junit.RuleWatcher: >>>>>>>>>>>>>>>>>>>>>>>>>>
[10/03/21 23:57:14:985 GMT]  INFO publishing.PublisherAPIImplTest: languageVariables [com.dotmarketing.portlets.contentlet.model.Contentlet@7b6df39c[map={owner=system, identifier=c629b570-6d95-4c40-bd3f-5966445fe300, nullProperties=[wfExpireDate, filterKey, whereToSend, wfPublishDate, wfNeverExpire, wfActionAssign, iWantTo, wfActionId, wfPublishTime, wfActionComments, wfExpireTime], modDate=2021-03-10 23:16:25.675, languageId=1615418185649, inode=6074d8dd-08c3-4bf8-9b6a-0ed6a8b682ae, folder=SYSTEM_FOLDER, disabledWYSIWYG=[], sortOrder=0, modUser=system, host=8a7d5e23-da1e-420a-b4f0-471e7da8ea2d, stInode=f4d7c1b8-2c88-4071-abf1-a5328977b07d, value=key-exists-as-contentletab377fba32works, key=key-exists-as-contentletab377fba32},lowIndexPriority=false], com.dotmarketing.portlets.contentlet.model.Contentlet@4ad81ade[map={owner=system, identifier=b884f4ed-a2e0-475f-ad4b-e25adb030965, nullProperties=[wfExpireDate, filterKey, whereToSend, wfPublishDate, wfNeverExpire, wfActionAssign, iWantTo, wfActionId, wfPublishTime, wfActionComments, wfExpireTime], modDate=2021-03-10 23:12:31.437, languageId=1, inode=8f21ad33-dce4-4ef3-b482-a8bc39f21164, folder=SYSTEM_FOLDER, disabledWYSIWYG=[], sortOrder=0, modUser=dotcms.org.1, host=SYSTEM_HOST, stInode=f4d7c1b8-2c88-4071-abf1-a5328977b07d, value=test, key=testVarname1615416669008.test1615416669008.name},lowIndexPriority=false], com.dotmarketing.portlets.contentlet.model.Contentlet@a8579e8[map={owner=system, identifier=ec4ba679-337a-43a8-beab-1b39e7a335f9, nullProperties=[wfExpireDate, filterKey, whereToSend, wfPublishDate, wfNeverExpire, wfActionAssign, iWantTo, wfActionId, wfPublishTime, wfActionComments, wfExpireTime], modDate=2021-03-10 22:51:08.705, languageId=1, inode=b175206f-3651-448d-8f4d-2e673e32fe07, folder=SYSTEM_FOLDER, disabledWYSIWYG=[], sortOrder=0, modUser=system, host=SYSTEM_HOST, stInode=f4d7c1b8-2c88-4071-abf1-a5328977b07d, value=test, key=testVarname1615416668603.test1615416668603.name},lowIndexPriority=false]]
[10/03/21 23:57:14:985 GMT]  INFO util.StdOutErrLog: [class com.dotcms.publishing.PublisherAPIImplTest$PushPublisherMock]
[10/03/21 23:57:14:986 GMT]  INFO util.PushPublishLogger: class com.dotcms.publishing.PublisherAPIImpl : [BundleID: 01F0F95DV920G5P2NDVCTJC2BK] Started Publishing Task
[10/03/21 23:57:14:987 GMT]  INFO publishing.PublisherAPIImpl: Writing bundle.xml file
[10/03/21 23:57:14:988 GMT]  INFO publishing.PublisherAPIImpl: Start of Bundler: DependencyBundler
[10/03/21 23:57:14:991 GMT]  INFO util.DependencyManager: PublisherFilter { excludeClassesSet = [] , excludeDependencyClassesSet = [] , excludeQueryIds = [] , excludeDependencyQueryIds = [] , relationships = true , dependencies = true}
[10/03/21 23:57:15:006 GMT]  INFO publishing.PublisherAPIImpl: End of Bundler: DependencyBundler
[10/03/21 23:57:15:006 GMT]  INFO publishing.PublisherAPIImpl: Start of Bundler: HostBundler
[10/03/21 23:57:15:008 GMT]  INFO bundler.HostBundler: Searching for ContentletVersionInfo. Identifier: 8a7d5e23-da1e-420a-b4f0-471e7da8ea2d. Language:1
[10/03/21 23:57:15:010 GMT]  INFO bundler.HostBundler: Searching for ContentletVersionInfo. Identifier: 4fbf0790-f184-4be9-b7c3-5b5009ba1588. Language:1
[10/03/21 23:57:15:011 GMT]  INFO bundler.HostBundler: Searching for ContentletVersionInfo. Identifier: 8a7d5e23-da1e-420a-b4f0-471e7da8ea2d. Language:1
[10/03/21 23:57:15:013 GMT]  INFO publishing.PublisherAPIImpl: End of Bundler: HostBundler
[10/03/21 23:57:15:013 GMT]  INFO publishing.PublisherAPIImpl: Start of Bundler: ContentBundler
[10/03/21 23:57:15:022 GMT]  INFO publishing.PublisherAPIImpl: End of Bundler: ContentBundler
[10/03/21 23:57:15:022 GMT]  INFO publishing.PublisherAPIImpl: Start of Bundler: FolderBundler
[10/03/21 23:57:15:022 GMT]  INFO publishing.PublisherAPIImpl: End of Bundler: FolderBundler
[10/03/21 23:57:15:022 GMT]  INFO publishing.PublisherAPIImpl: Start of Bundler: TemplateBundler
[10/03/21 23:57:15:022 GMT]  INFO publishing.PublisherAPIImpl: End of Bundler: TemplateBundler
[10/03/21 23:57:15:022 GMT]  INFO publishing.PublisherAPIImpl: Start of Bundler: ContainerBundler
[10/03/21 23:57:15:022 GMT]  INFO publishing.PublisherAPIImpl: End of Bundler: ContainerBundler
[10/03/21 23:57:15:022 GMT]  INFO publishing.PublisherAPIImpl: Start of Bundler: RuleBundler
[10/03/21 23:57:15:023 GMT]  INFO publishing.PublisherAPIImpl: End of Bundler: RuleBundler
[10/03/21 23:57:15:023 GMT]  INFO publishing.PublisherAPIImpl: Start of Bundler: LinkBundler
[10/03/21 23:57:15:023 GMT]  INFO publishing.PublisherAPIImpl: End of Bundler: LinkBundler
[10/03/21 23:57:15:023 GMT]  INFO publishing.PublisherAPIImpl: Start of Bundler: ContentTypeBundler
[10/03/21 23:57:15:031 GMT]  INFO publishing.PublisherAPIImpl: End of Bundler: ContentTypeBundler
[10/03/21 23:57:15:031 GMT]  INFO publishing.PublisherAPIImpl: Start of Bundler: RelationshipBundler
[10/03/21 23:57:15:031 GMT]  INFO util.PushPublishLogger: class com.dotcms.enterprise.publishing.remote.bundler.RelationshipBundler : Relationship INODE: 5066a6a1-bceb-4d1f-8ee9-19bb30a56e53
[10/03/21 23:57:15:031 GMT]  INFO publishing.PublisherAPIImpl: End of Bundler: RelationshipBundler
[10/03/21 23:57:15:031 GMT]  INFO publishing.PublisherAPIImpl: Start of Bundler: LanguageVariablesBundler
[10/03/21 23:57:15:034 GMT]  INFO publishing.PublisherAPIImpl: End of Bundler: LanguageVariablesBundler
[10/03/21 23:57:15:034 GMT]  INFO publishing.PublisherAPIImpl: Start of Bundler: WorkflowBundler
[10/03/21 23:57:15:049 GMT]  INFO publishing.PublisherAPIImpl: End of Bundler: WorkflowBundler
[10/03/21 23:57:15:049 GMT]  INFO publishing.PublisherAPIImpl: Start of Bundler: LanguageBundler
[10/03/21 23:57:15:050 GMT]  INFO publishing.PublisherAPIImpl: End of Bundler: LanguageBundler
[10/03/21 23:57:15:050 GMT]  INFO publishing.PublisherAPIImpl: Start of Bundler: BundleXMLAsc
[10/03/21 23:57:15:050 GMT]  INFO publishing.PublisherAPIImpl: End of Bundler: BundleXMLAsc
[10/03/21 23:57:15:050 GMT]  INFO publishing.PublisherAPIImpl: Start of Bundler: CategoryBundler
[10/03/21 23:57:15:050 GMT]  INFO publishing.PublisherAPIImpl: End of Bundler: CategoryBundler
[10/03/21 23:57:15:050 GMT]  INFO util.PushPublishLogger: class com.dotcms.publishing.PublisherAPIImpl : [BundleID: 01F0F95DV920G5P2NDVCTJC2BK] Completed Publishing Task
[10/03/21 23:57:15:061 GMT]  INFO junit.RuleWatcher: >>>>>>>>>>>>>>>>>>>>>>>>>>
[10/03/21 23:57:15:061 GMT]  INFO junit.RuleWatcher: >>> publish[10: com.dotcms.publishing.PublisherAPIImplTest$TestCase@648d8826](com.dotcms.publishing.PublisherAPIImplTest) - starting...
[10/03/21 23:57:15:061 GMT]  INFO junit.RuleWatcher: >>>>>>>>>>>>>>>>>>>>>>>>>>
[10/03/21 23:57:15:061 GMT]  INFO publishing.PublisherAPIImplTest: languageVariables [com.dotmarketing.portlets.contentlet.model.Contentlet@7b6df39c[map={owner=system, identifier=c629b570-6d95-4c40-bd3f-5966445fe300, nullProperties=[wfExpireDate, filterKey, whereToSend, wfPublishDate, wfNeverExpire, wfActionAssign, iWantTo, wfActionId, wfPublishTime, wfActionComments, wfExpireTime], modDate=2021-03-10 23:16:25.675, languageId=1615418185649, inode=6074d8dd-08c3-4bf8-9b6a-0ed6a8b682ae, folder=SYSTEM_FOLDER, disabledWYSIWYG=[], sortOrder=0, modUser=system, host=8a7d5e23-da1e-420a-b4f0-471e7da8ea2d, stInode=f4d7c1b8-2c88-4071-abf1-a5328977b07d, value=key-exists-as-contentletab377fba32works, key=key-exists-as-contentletab377fba32},lowIndexPriority=false], com.dotmarketing.portlets.contentlet.model.Contentlet@4ad81ade[map={owner=system, identifier=b884f4ed-a2e0-475f-ad4b-e25adb030965, nullProperties=[wfExpireDate, filterKey, whereToSend, wfPublishDate, wfNeverExpire, wfActionAssign, iWantTo, wfActionId, wfPublishTime, wfActionComments, wfExpireTime], modDate=2021-03-10 23:12:31.437, languageId=1, inode=8f21ad33-dce4-4ef3-b482-a8bc39f21164, folder=SYSTEM_FOLDER, disabledWYSIWYG=[], sortOrder=0, modUser=dotcms.org.1, host=SYSTEM_HOST, stInode=f4d7c1b8-2c88-4071-abf1-a5328977b07d, value=test, key=testVarname1615416669008.test1615416669008.name},lowIndexPriority=false], com.dotmarketing.portlets.contentlet.model.Contentlet@a8579e8[map={owner=system, identifier=ec4ba679-337a-43a8-beab-1b39e7a335f9, nullProperties=[wfExpireDate, filterKey, whereToSend, wfPublishDate, wfNeverExpire, wfActionAssign, iWantTo, wfActionId, wfPublishTime, wfActionComments, wfExpireTime], modDate=2021-03-10 22:51:08.705, languageId=1, inode=b175206f-3651-448d-8f4d-2e673e32fe07, folder=SYSTEM_FOLDER, disabledWYSIWYG=[], sortOrder=0, modUser=system, host=SYSTEM_HOST, stInode=f4d7c1b8-2c88-4071-abf1-a5328977b07d, value=test, key=testVarname1615416668603.test1615416668603.name},lowIndexPriority=false]]
[10/03/21 23:57:15:061 GMT]  INFO util.StdOutErrLog: [class com.dotcms.publishing.PublisherAPIImplTest$PushPublisherMock]
[10/03/21 23:57:15:063 GMT]  INFO util.PushPublishLogger: class com.dotcms.publishing.PublisherAPIImpl : [BundleID: 01F0F95DXP5KZM38XSBZWDXEHM] Started Publishing Task
[10/03/21 23:57:15:064 GMT]  INFO publishing.PublisherAPIImpl: Writing bundle.xml file
[10/03/21 23:57:15:064 GMT]  INFO publishing.PublisherAPIImpl: Start of Bundler: DependencyBundler
[10/03/21 23:57:15:067 GMT]  INFO util.DependencyManager: PublisherFilter { excludeClassesSet = [] , excludeDependencyClassesSet = [] , excludeQueryIds = [] , excludeDependencyQueryIds = [] , relationships = true , dependencies = true}
[10/03/21 23:57:15:079 GMT]  INFO publishing.PublisherAPIImpl: End of Bundler: DependencyBundler
[10/03/21 23:57:15:079 GMT]  INFO publishing.PublisherAPIImpl: Start of Bundler: HostBundler
[10/03/21 23:57:15:081 GMT]  INFO bundler.HostBundler: Searching for ContentletVersionInfo. Identifier: d37a0d87-24e2-49c3-ae56-3d074356ee15. Language:1
[10/03/21 23:57:15:083 GMT]  INFO bundler.HostBundler: Searching for ContentletVersionInfo. Identifier: 8a7d5e23-da1e-420a-b4f0-471e7da8ea2d. Language:1
[10/03/21 23:57:15:085 GMT]  INFO bundler.HostBundler: Searching for ContentletVersionInfo. Identifier: 8a7d5e23-da1e-420a-b4f0-471e7da8ea2d. Language:1
[10/03/21 23:57:15:086 GMT]  INFO publishing.PublisherAPIImpl: End of Bundler: HostBundler
[10/03/21 23:57:15:086 GMT]  INFO publishing.PublisherAPIImpl: Start of Bundler: ContentBundler
[10/03/21 23:57:15:094 GMT]  INFO publishing.PublisherAPIImpl: End of Bundler: ContentBundler
[10/03/21 23:57:15:094 GMT]  INFO publishing.PublisherAPIImpl: Start of Bundler: FolderBundler
[10/03/21 23:57:15:094 GMT]  INFO publishing.PublisherAPIImpl: End of Bundler: FolderBundler
[10/03/21 23:57:15:094 GMT]  INFO publishing.PublisherAPIImpl: Start of Bundler: TemplateBundler
[10/03/21 23:57:15:095 GMT]  INFO publishing.PublisherAPIImpl: End of Bundler: TemplateBundler
[10/03/21 23:57:15:095 GMT]  INFO publishing.PublisherAPIImpl: Start of Bundler: ContainerBundler
[10/03/21 23:57:15:096 GMT]  INFO publishing.PublisherAPIImpl: End of Bundler: ContainerBundler
[10/03/21 23:57:15:096 GMT]  INFO publishing.PublisherAPIImpl: Start of Bundler: RuleBundler
[10/03/21 23:57:15:096 GMT]  INFO publishing.PublisherAPIImpl: End of Bundler: RuleBundler
[10/03/21 23:57:15:096 GMT]  INFO publishing.PublisherAPIImpl: Start of Bundler: LinkBundler
[10/03/21 23:57:15:096 GMT]  INFO publishing.PublisherAPIImpl: End of Bundler: LinkBundler
[10/03/21 23:57:15:097 GMT]  INFO publishing.PublisherAPIImpl: Start of Bundler: ContentTypeBundler
[10/03/21 23:57:15:102 GMT]  INFO publishing.PublisherAPIImpl: End of Bundler: ContentTypeBundler
[10/03/21 23:57:15:102 GMT]  INFO publishing.PublisherAPIImpl: Start of Bundler: RelationshipBundler
[10/03/21 23:57:15:102 GMT]  INFO publishing.PublisherAPIImpl: End of Bundler: RelationshipBundler
[10/03/21 23:57:15:102 GMT]  INFO publishing.PublisherAPIImpl: Start of Bundler: LanguageVariablesBundler
[10/03/21 23:57:15:104 GMT]  INFO publishing.PublisherAPIImpl: End of Bundler: LanguageVariablesBundler
[10/03/21 23:57:15:104 GMT]  INFO publishing.PublisherAPIImpl: Start of Bundler: WorkflowBundler
[10/03/21 23:57:15:119 GMT]  INFO publishing.PublisherAPIImpl: End of Bundler: WorkflowBundler
[10/03/21 23:57:15:119 GMT]  INFO publishing.PublisherAPIImpl: Start of Bundler: LanguageBundler
[10/03/21 23:57:15:120 GMT]  INFO publishing.PublisherAPIImpl: End of Bundler: LanguageBundler
[10/03/21 23:57:15:120 GMT]  INFO publishing.PublisherAPIImpl: Start of Bundler: BundleXMLAsc
[10/03/21 23:57:15:120 GMT]  INFO publishing.PublisherAPIImpl: End of Bundler: BundleXMLAsc
[10/03/21 23:57:15:120 GMT]  INFO publishing.PublisherAPIImpl: Start of Bundler: CategoryBundler
[10/03/21 23:57:15:120 GMT]  INFO publishing.PublisherAPIImpl: End of Bundler: CategoryBundler
[10/03/21 23:57:15:120 GMT]  INFO util.PushPublishLogger: class com.dotcms.publishing.PublisherAPIImpl : [BundleID: 01F0F95DXP5KZM38XSBZWDXEHM] Completed Publishing Task
[10/03/21 23:57:15:131 GMT]  INFO junit.RuleWatcher: >>>>>>>>>>>>>>>>>>>>>>>>>>
[10/03/21 23:57:15:131 GMT]  INFO junit.RuleWatcher: >>> publish[11: com.dotcms.publishing.PublisherAPIImplTest$TestCase@7498fc9a](com.dotcms.publishing.PublisherAPIImplTest) - starting...
[10/03/21 23:57:15:131 GMT]  INFO junit.RuleWatcher: >>>>>>>>>>>>>>>>>>>>>>>>>>
[10/03/21 23:57:15:131 GMT]  INFO publishing.PublisherAPIImplTest: languageVariables [com.dotmarketing.portlets.contentlet.model.Contentlet@7b6df39c[map={owner=system, identifier=c629b570-6d95-4c40-bd3f-5966445fe300, nullProperties=[wfExpireDate, filterKey, whereToSend, wfPublishDate, wfNeverExpire, wfActionAssign, iWantTo, wfActionId, wfPublishTime, wfActionComments, wfExpireTime], modDate=2021-03-10 23:16:25.675, languageId=1615418185649, inode=6074d8dd-08c3-4bf8-9b6a-0ed6a8b682ae, folder=SYSTEM_FOLDER, disabledWYSIWYG=[], sortOrder=0, modUser=system, host=8a7d5e23-da1e-420a-b4f0-471e7da8ea2d, stInode=f4d7c1b8-2c88-4071-abf1-a5328977b07d, value=key-exists-as-contentletab377fba32works, key=key-exists-as-contentletab377fba32},lowIndexPriority=false], com.dotmarketing.portlets.contentlet.model.Contentlet@4ad81ade[map={owner=system, identifier=b884f4ed-a2e0-475f-ad4b-e25adb030965, nullProperties=[wfExpireDate, filterKey, whereToSend, wfPublishDate, wfNeverExpire, wfActionAssign, iWantTo, wfActionId, wfPublishTime, wfActionComments, wfExpireTime], modDate=2021-03-10 23:12:31.437, languageId=1, inode=8f21ad33-dce4-4ef3-b482-a8bc39f21164, folder=SYSTEM_FOLDER, disabledWYSIWYG=[], sortOrder=0, modUser=dotcms.org.1, host=SYSTEM_HOST, stInode=f4d7c1b8-2c88-4071-abf1-a5328977b07d, value=test, key=testVarname1615416669008.test1615416669008.name},lowIndexPriority=false], com.dotmarketing.portlets.contentlet.model.Contentlet@a8579e8[map={owner=system, identifier=ec4ba679-337a-43a8-beab-1b39e7a335f9, nullProperties=[wfExpireDate, filterKey, whereToSend, wfPublishDate, wfNeverExpire, wfActionAssign, iWantTo, wfActionId, wfPublishTime, wfActionComments, wfExpireTime], modDate=2021-03-10 22:51:08.705, languageId=1, inode=b175206f-3651-448d-8f4d-2e673e32fe07, folder=SYSTEM_FOLDER, disabledWYSIWYG=[], sortOrder=0, modUser=system, host=SYSTEM_HOST, stInode=f4d7c1b8-2c88-4071-abf1-a5328977b07d, value=test, key=testVarname1615416668603.test1615416668603.name},lowIndexPriority=false]]
[10/03/21 23:57:15:131 GMT]  INFO util.StdOutErrLog: [class com.dotcms.publishing.PublisherAPIImplTest$PushPublisherMock]
[10/03/21 23:57:15:133 GMT]  INFO util.PushPublishLogger: class com.dotcms.publishing.PublisherAPIImpl : [BundleID: 01F0F95DZWEVHDX29S19NFY9YH] Started Publishing Task
[10/03/21 23:57:15:133 GMT]  INFO publishing.PublisherAPIImpl: Writing bundle.xml file
[10/03/21 23:57:15:134 GMT]  INFO publishing.PublisherAPIImpl: Start of Bundler: DependencyBundler
[10/03/21 23:57:15:137 GMT]  INFO util.DependencyManager: PublisherFilter { excludeClassesSet = [] , excludeDependencyClassesSet = [] , excludeQueryIds = [] , excludeDependencyQueryIds = [] , relationships = true , dependencies = true}
[10/03/21 23:57:15:149 GMT]  INFO publishing.PublisherAPIImpl: End of Bundler: DependencyBundler
[10/03/21 23:57:15:149 GMT]  INFO publishing.PublisherAPIImpl: Start of Bundler: HostBundler
[10/03/21 23:57:15:150 GMT]  INFO bundler.HostBundler: Searching for ContentletVersionInfo. Identifier: cf8c00f6-eabb-426a-8e71-5af92e01381d. Language:1
[10/03/21 23:57:15:152 GMT]  INFO bundler.HostBundler: Searching for ContentletVersionInfo. Identifier: 8a7d5e23-da1e-420a-b4f0-471e7da8ea2d. Language:1
[10/03/21 23:57:15:154 GMT]  INFO bundler.HostBundler: Searching for ContentletVersionInfo. Identifier: 8a7d5e23-da1e-420a-b4f0-471e7da8ea2d. Language:1
[10/03/21 23:57:15:156 GMT]  INFO publishing.PublisherAPIImpl: End of Bundler: HostBundler
[10/03/21 23:57:15:156 GMT]  INFO publishing.PublisherAPIImpl: Start of Bundler: ContentBundler
[10/03/21 23:57:15:166 GMT]  INFO publishing.PublisherAPIImpl: End of Bundler: ContentBundler
[10/03/21 23:57:15:166 GMT]  INFO publishing.PublisherAPIImpl: Start of Bundler: FolderBundler
[10/03/21 23:57:15:166 GMT]  INFO publishing.PublisherAPIImpl: End of Bundler: FolderBundler
[10/03/21 23:57:15:166 GMT]  INFO publishing.PublisherAPIImpl: Start of Bundler: TemplateBundler
[10/03/21 23:57:15:166 GMT]  INFO publishing.PublisherAPIImpl: End of Bundler: TemplateBundler
[10/03/21 23:57:15:166 GMT]  INFO publishing.PublisherAPIImpl: Start of Bundler: ContainerBundler
[10/03/21 23:57:15:166 GMT]  INFO publishing.PublisherAPIImpl: End of Bundler: ContainerBundler
[10/03/21 23:57:15:166 GMT]  INFO publishing.PublisherAPIImpl: Start of Bundler: RuleBundler
[10/03/21 23:57:15:167 GMT]  INFO publishing.PublisherAPIImpl: End of Bundler: RuleBundler
[10/03/21 23:57:15:167 GMT]  INFO publishing.PublisherAPIImpl: Start of Bundler: LinkBundler
[10/03/21 23:57:15:167 GMT]  INFO publishing.PublisherAPIImpl: End of Bundler: LinkBundler
[10/03/21 23:57:15:167 GMT]  INFO publishing.PublisherAPIImpl: Start of Bundler: ContentTypeBundler
[10/03/21 23:57:15:182 GMT]  INFO publishing.PublisherAPIImpl: End of Bundler: ContentTypeBundler
[10/03/21 23:57:15:182 GMT]  INFO publishing.PublisherAPIImpl: Start of Bundler: RelationshipBundler
[10/03/21 23:57:15:182 GMT]  INFO publishing.PublisherAPIImpl: End of Bundler: RelationshipBundler
[10/03/21 23:57:15:182 GMT]  INFO publishing.PublisherAPIImpl: Start of Bundler: LanguageVariablesBundler
[10/03/21 23:57:15:184 GMT]  INFO publishing.PublisherAPIImpl: End of Bundler: LanguageVariablesBundler
[10/03/21 23:57:15:184 GMT]  INFO publishing.PublisherAPIImpl: Start of Bundler: WorkflowBundler
[10/03/21 23:57:15:200 GMT]  INFO publishing.PublisherAPIImpl: End of Bundler: WorkflowBundler
[10/03/21 23:57:15:200 GMT]  INFO publishing.PublisherAPIImpl: Start of Bundler: LanguageBundler
[10/03/21 23:57:15:201 GMT]  INFO publishing.PublisherAPIImpl: End of Bundler: LanguageBundler
[10/03/21 23:57:15:202 GMT]  INFO publishing.PublisherAPIImpl: Start of Bundler: BundleXMLAsc
[10/03/21 23:57:15:202 GMT]  INFO publishing.PublisherAPIImpl: End of Bundler: BundleXMLAsc
[10/03/21 23:57:15:202 GMT]  INFO publishing.PublisherAPIImpl: Start of Bundler: CategoryBundler
[10/03/21 23:57:15:202 GMT]  INFO publishing.PublisherAPIImpl: End of Bundler: CategoryBundler
[10/03/21 23:57:15:202 GMT]  INFO util.PushPublishLogger: class com.dotcms.publishing.PublisherAPIImpl : [BundleID: 01F0F95DZWEVHDX29S19NFY9YH] Completed Publishing Task
[10/03/21 23:57:15:223 GMT]  INFO junit.RuleWatcher: >>>>>>>>>>>>>>>>>>>>>>>>>>
[10/03/21 23:57:15:223 GMT]  INFO junit.RuleWatcher: >>> publish[12: com.dotcms.publishing.PublisherAPIImplTest$TestCase@765d5a68](com.dotcms.publishing.PublisherAPIImplTest) - starting...
[10/03/21 23:57:15:223 GMT]  INFO junit.RuleWatcher: >>>>>>>>>>>>>>>>>>>>>>>>>>
[10/03/21 23:57:15:228 GMT]  INFO publishing.PublisherAPIImplTest: languageVariables [com.dotmarketing.portlets.contentlet.model.Contentlet@7b6df39c[map={owner=system, identifier=c629b570-6d95-4c40-bd3f-5966445fe300, nullProperties=[wfExpireDate, filterKey, whereToSend, wfPublishDate, wfNeverExpire, wfActionAssign, iWantTo, wfActionId, wfPublishTime, wfActionComments, wfExpireTime], modDate=2021-03-10 23:16:25.675, languageId=1615418185649, inode=6074d8dd-08c3-4bf8-9b6a-0ed6a8b682ae, folder=SYSTEM_FOLDER, disabledWYSIWYG=[], sortOrder=0, modUser=system, host=8a7d5e23-da1e-420a-b4f0-471e7da8ea2d, stInode=f4d7c1b8-2c88-4071-abf1-a5328977b07d, value=key-exists-as-contentletab377fba32works, key=key-exists-as-contentletab377fba32},lowIndexPriority=false], com.dotmarketing.portlets.contentlet.model.Contentlet@4ad81ade[map={owner=system, identifier=b884f4ed-a2e0-475f-ad4b-e25adb030965, nullProperties=[wfExpireDate, filterKey, whereToSend, wfPublishDate, wfNeverExpire, wfActionAssign, iWantTo, wfActionId, wfPublishTime, wfActionComments, wfExpireTime], modDate=2021-03-10 23:12:31.437, languageId=1, inode=8f21ad33-dce4-4ef3-b482-a8bc39f21164, folder=SYSTEM_FOLDER, disabledWYSIWYG=[], sortOrder=0, modUser=dotcms.org.1, host=SYSTEM_HOST, stInode=f4d7c1b8-2c88-4071-abf1-a5328977b07d, value=test, key=testVarname1615416669008.test1615416669008.name},lowIndexPriority=false], com.dotmarketing.portlets.contentlet.model.Contentlet@a8579e8[map={owner=system, identifier=ec4ba679-337a-43a8-beab-1b39e7a335f9, nullProperties=[wfExpireDate, filterKey, whereToSend, wfPublishDate, wfNeverExpire, wfActionAssign, iWantTo, wfActionId, wfPublishTime, wfActionComments, wfExpireTime], modDate=2021-03-10 22:51:08.705, languageId=1, inode=b175206f-3651-448d-8f4d-2e673e32fe07, folder=SYSTEM_FOLDER, disabledWYSIWYG=[], sortOrder=0, modUser=system, host=SYSTEM_HOST, stInode=f4d7c1b8-2c88-4071-abf1-a5328977b07d, value=test, key=testVarname1615416668603.test1615416668603.name},lowIndexPriority=false]]
[10/03/21 23:57:15:228 GMT]  INFO util.StdOutErrLog: [class com.dotcms.publishing.PublisherAPIImplTest$PushPublisherMock]
[10/03/21 23:57:15:229 GMT]  INFO util.PushPublishLogger: class com.dotcms.publishing.PublisherAPIImpl : [BundleID: 01F0F95E2WMMEPZ7NW8D6419CH] Started Publishing Task
[10/03/21 23:57:15:230 GMT]  INFO publishing.PublisherAPIImpl: Writing bundle.xml file
[10/03/21 23:57:15:231 GMT]  INFO publishing.PublisherAPIImpl: Start of Bundler: DependencyBundler
[10/03/21 23:57:15:234 GMT]  INFO util.DependencyManager: PublisherFilter { excludeClassesSet = [] , excludeDependencyClassesSet = [] , excludeQueryIds = [] , excludeDependencyQueryIds = [] , relationships = true , dependencies = true}
[10/03/21 23:57:15:260 GMT]  INFO publishing.PublisherAPIImpl: End of Bundler: DependencyBundler
[10/03/21 23:57:15:260 GMT]  INFO publishing.PublisherAPIImpl: Start of Bundler: HostBundler
[10/03/21 23:57:15:261 GMT]  INFO bundler.HostBundler: Searching for ContentletVersionInfo. Identifier: 3d09ac04-854c-4a17-a67e-8e82f70e579f. Language:1
[10/03/21 23:57:15:272 GMT]  INFO bundler.HostBundler: Searching for ContentletVersionInfo. Identifier: 8a7d5e23-da1e-420a-b4f0-471e7da8ea2d. Language:1
[10/03/21 23:57:15:274 GMT]  INFO bundler.HostBundler: Searching for ContentletVersionInfo. Identifier: 8a7d5e23-da1e-420a-b4f0-471e7da8ea2d. Language:1
[10/03/21 23:57:15:277 GMT]  INFO publishing.PublisherAPIImpl: End of Bundler: HostBundler
[10/03/21 23:57:15:279 GMT]  INFO publishing.PublisherAPIImpl: Start of Bundler: ContentBundler
[10/03/21 23:57:15:294 GMT]  INFO publishing.PublisherAPIImpl: End of Bundler: ContentBundler
[10/03/21 23:57:15:294 GMT]  INFO publishing.PublisherAPIImpl: Start of Bundler: FolderBundler
[10/03/21 23:57:15:297 GMT]  INFO publishing.PublisherAPIImpl: End of Bundler: FolderBundler
[10/03/21 23:57:15:298 GMT]  INFO publishing.PublisherAPIImpl: Start of Bundler: TemplateBundler
[10/03/21 23:57:15:298 GMT]  INFO publishing.PublisherAPIImpl: End of Bundler: TemplateBundler
[10/03/21 23:57:15:298 GMT]  INFO publishing.PublisherAPIImpl: Start of Bundler: ContainerBundler
[10/03/21 23:57:15:298 GMT]  INFO publishing.PublisherAPIImpl: End of Bundler: ContainerBundler
[10/03/21 23:57:15:298 GMT]  INFO publishing.PublisherAPIImpl: Start of Bundler: RuleBundler
[10/03/21 23:57:15:298 GMT]  INFO publishing.PublisherAPIImpl: End of Bundler: RuleBundler
[10/03/21 23:57:15:298 GMT]  INFO publishing.PublisherAPIImpl: Start of Bundler: LinkBundler
[10/03/21 23:57:15:299 GMT]  INFO publishing.PublisherAPIImpl: End of Bundler: LinkBundler
[10/03/21 23:57:15:299 GMT]  INFO publishing.PublisherAPIImpl: Start of Bundler: ContentTypeBundler
[10/03/21 23:57:15:327 GMT]  INFO publishing.PublisherAPIImpl: End of Bundler: ContentTypeBundler
[10/03/21 23:57:15:328 GMT]  INFO publishing.PublisherAPIImpl: Start of Bundler: RelationshipBundler
[10/03/21 23:57:15:328 GMT]  INFO publishing.PublisherAPIImpl: End of Bundler: RelationshipBundler
[10/03/21 23:57:15:328 GMT]  INFO publishing.PublisherAPIImpl: Start of Bundler: LanguageVariablesBundler
[10/03/21 23:57:15:332 GMT]  INFO publishing.PublisherAPIImpl: End of Bundler: LanguageVariablesBundler
[10/03/21 23:57:15:333 GMT]  INFO publishing.PublisherAPIImpl: Start of Bundler: WorkflowBundler
[10/03/21 23:57:15:359 GMT]  INFO publishing.PublisherAPIImpl: End of Bundler: WorkflowBundler
[10/03/21 23:57:15:359 GMT]  INFO publishing.PublisherAPIImpl: Start of Bundler: LanguageBundler
[10/03/21 23:57:15:360 GMT]  INFO publishing.PublisherAPIImpl: End of Bundler: LanguageBundler
[10/03/21 23:57:15:360 GMT]  INFO publishing.PublisherAPIImpl: Start of Bundler: BundleXMLAsc
[10/03/21 23:57:15:360 GMT]  INFO publishing.PublisherAPIImpl: End of Bundler: BundleXMLAsc
[10/03/21 23:57:15:360 GMT]  INFO publishing.PublisherAPIImpl: Start of Bundler: CategoryBundler
[10/03/21 23:57:15:360 GMT]  INFO publishing.PublisherAPIImpl: End of Bundler: CategoryBundler
[10/03/21 23:57:15:360 GMT]  INFO util.PushPublishLogger: class com.dotcms.publishing.PublisherAPIImpl : [BundleID: 01F0F95E2WMMEPZ7NW8D6419CH] Completed Publishing Task
[10/03/21 23:57:15:375 GMT]  INFO junit.RuleWatcher: >>>>>>>>>>>>>>>>>>>>>>>>>>
[10/03/21 23:57:15:375 GMT]  INFO junit.RuleWatcher: >>> publish[13: com.dotcms.publishing.PublisherAPIImplTest$TestCase@5ae79f90](com.dotcms.publishing.PublisherAPIImplTest) - starting...
[10/03/21 23:57:15:375 GMT]  INFO junit.RuleWatcher: >>>>>>>>>>>>>>>>>>>>>>>>>>
[10/03/21 23:57:15:376 GMT]  INFO publishing.PublisherAPIImplTest: languageVariables [com.dotmarketing.portlets.contentlet.model.Contentlet@7b6df39c[map={owner=system, identifier=c629b570-6d95-4c40-bd3f-5966445fe300, nullProperties=[wfExpireDate, filterKey, whereToSend, wfPublishDate, wfNeverExpire, wfActionAssign, iWantTo, wfActionId, wfPublishTime, wfActionComments, wfExpireTime], modDate=2021-03-10 23:16:25.675, languageId=1615418185649, inode=6074d8dd-08c3-4bf8-9b6a-0ed6a8b682ae, folder=SYSTEM_FOLDER, disabledWYSIWYG=[], sortOrder=0, modUser=system, host=8a7d5e23-da1e-420a-b4f0-471e7da8ea2d, stInode=f4d7c1b8-2c88-4071-abf1-a5328977b07d, value=key-exists-as-contentletab377fba32works, key=key-exists-as-contentletab377fba32},lowIndexPriority=false], com.dotmarketing.portlets.contentlet.model.Contentlet@4ad81ade[map={owner=system, identifier=b884f4ed-a2e0-475f-ad4b-e25adb030965, nullProperties=[wfExpireDate, filterKey, whereToSend, wfPublishDate, wfNeverExpire, wfActionAssign, iWantTo, wfActionId, wfPublishTime, wfActionComments, wfExpireTime], modDate=2021-03-10 23:12:31.437, languageId=1, inode=8f21ad33-dce4-4ef3-b482-a8bc39f21164, folder=SYSTEM_FOLDER, disabledWYSIWYG=[], sortOrder=0, modUser=dotcms.org.1, host=SYSTEM_HOST, stInode=f4d7c1b8-2c88-4071-abf1-a5328977b07d, value=test, key=testVarname1615416669008.test1615416669008.name},lowIndexPriority=false], com.dotmarketing.portlets.contentlet.model.Contentlet@a8579e8[map={owner=system, identifier=ec4ba679-337a-43a8-beab-1b39e7a335f9, nullProperties=[wfExpireDate, filterKey, whereToSend, wfPublishDate, wfNeverExpire, wfActionAssign, iWantTo, wfActionId, wfPublishTime, wfActionComments, wfExpireTime], modDate=2021-03-10 22:51:08.705, languageId=1, inode=b175206f-3651-448d-8f4d-2e673e32fe07, folder=SYSTEM_FOLDER, disabledWYSIWYG=[], sortOrder=0, modUser=system, host=SYSTEM_HOST, stInode=f4d7c1b8-2c88-4071-abf1-a5328977b07d, value=test, key=testVarname1615416668603.test1615416668603.name},lowIndexPriority=false]]
[10/03/21 23:57:15:376 GMT]  INFO util.StdOutErrLog: [class com.dotcms.publishing.PublisherAPIImplTest$PushPublisherMock]
[10/03/21 23:57:15:378 GMT]  INFO util.PushPublishLogger: class com.dotcms.publishing.PublisherAPIImpl : [BundleID: 01F0F95E7H63PAQYW8DXEW1C95] Started Publishing Task
[10/03/21 23:57:15:378 GMT]  INFO publishing.PublisherAPIImpl: Writing bundle.xml file
[10/03/21 23:57:15:379 GMT]  INFO publishing.PublisherAPIImpl: Start of Bundler: DependencyBundler
[10/03/21 23:57:15:382 GMT]  INFO util.DependencyManager: PublisherFilter { excludeClassesSet = [] , excludeDependencyClassesSet = [] , excludeQueryIds = [] , excludeDependencyQueryIds = [] , relationships = true , dependencies = true}
[10/03/21 23:57:15:409 GMT]  INFO publishing.PublisherAPIImpl: End of Bundler: DependencyBundler
[10/03/21 23:57:15:409 GMT]  INFO publishing.PublisherAPIImpl: Start of Bundler: HostBundler
[10/03/21 23:57:15:411 GMT]  INFO bundler.HostBundler: Searching for ContentletVersionInfo. Identifier: 8a7d5e23-da1e-420a-b4f0-471e7da8ea2d. Language:1
[10/03/21 23:57:15:413 GMT]  INFO bundler.HostBundler: Searching for ContentletVersionInfo. Identifier: fc9112de-8430-40a7-ab78-9cf7428dfc2e. Language:1
[10/03/21 23:57:15:415 GMT]  INFO bundler.HostBundler: Searching for ContentletVersionInfo. Identifier: 8a7d5e23-da1e-420a-b4f0-471e7da8ea2d. Language:1
[10/03/21 23:57:15:416 GMT]  INFO publishing.PublisherAPIImpl: End of Bundler: HostBundler
[10/03/21 23:57:15:416 GMT]  INFO publishing.PublisherAPIImpl: Start of Bundler: ContentBundler
[10/03/21 23:57:15:425 GMT]  INFO publishing.PublisherAPIImpl: End of Bundler: ContentBundler
[10/03/21 23:57:15:425 GMT]  INFO publishing.PublisherAPIImpl: Start of Bundler: FolderBundler
[10/03/21 23:57:15:426 GMT]  INFO publishing.PublisherAPIImpl: End of Bundler: FolderBundler
[10/03/21 23:57:15:426 GMT]  INFO publishing.PublisherAPIImpl: Start of Bundler: TemplateBundler
[10/03/21 23:57:15:426 GMT]  INFO publishing.PublisherAPIImpl: End of Bundler: TemplateBundler
[10/03/21 23:57:15:426 GMT]  INFO publishing.PublisherAPIImpl: Start of Bundler: ContainerBundler
[10/03/21 23:57:15:427 GMT]  INFO publishing.PublisherAPIImpl: End of Bundler: ContainerBundler
[10/03/21 23:57:15:427 GMT]  INFO publishing.PublisherAPIImpl: Start of Bundler: RuleBundler
[10/03/21 23:57:15:428 GMT]  INFO publishing.PublisherAPIImpl: End of Bundler: RuleBundler
[10/03/21 23:57:15:428 GMT]  INFO publishing.PublisherAPIImpl: Start of Bundler: LinkBundler
[10/03/21 23:57:15:428 GMT]  INFO publishing.PublisherAPIImpl: End of Bundler: LinkBundler
[10/03/21 23:57:15:428 GMT]  INFO publishing.PublisherAPIImpl: Start of Bundler: ContentTypeBundler
[10/03/21 23:57:15:441 GMT]  INFO publishing.PublisherAPIImpl: End of Bundler: ContentTypeBundler
[10/03/21 23:57:15:441 GMT]  INFO publishing.PublisherAPIImpl: Start of Bundler: RelationshipBundler
[10/03/21 23:57:15:441 GMT]  INFO publishing.PublisherAPIImpl: End of Bundler: RelationshipBundler
[10/03/21 23:57:15:441 GMT]  INFO publishing.PublisherAPIImpl: Start of Bundler: LanguageVariablesBundler
[10/03/21 23:57:15:443 GMT]  INFO publishing.PublisherAPIImpl: End of Bundler: LanguageVariablesBundler
[10/03/21 23:57:15:443 GMT]  INFO publishing.PublisherAPIImpl: Start of Bundler: WorkflowBundler
[10/03/21 23:57:15:459 GMT]  INFO publishing.PublisherAPIImpl: End of Bundler: WorkflowBundler
[10/03/21 23:57:15:459 GMT]  INFO publishing.PublisherAPIImpl: Start of Bundler: LanguageBundler
[10/03/21 23:57:15:460 GMT]  INFO publishing.PublisherAPIImpl: End of Bundler: LanguageBundler
[10/03/21 23:57:15:460 GMT]  INFO publishing.PublisherAPIImpl: Start of Bundler: BundleXMLAsc
[10/03/21 23:57:15:460 GMT]  INFO publishing.PublisherAPIImpl: End of Bundler: BundleXMLAsc
[10/03/21 23:57:15:460 GMT]  INFO publishing.PublisherAPIImpl: Start of Bundler: CategoryBundler
[10/03/21 23:57:15:460 GMT]  INFO publishing.PublisherAPIImpl: End of Bundler: CategoryBundler
[10/03/21 23:57:15:460 GMT]  INFO util.PushPublishLogger: class com.dotcms.publishing.PublisherAPIImpl : [BundleID: 01F0F95E7H63PAQYW8DXEW1C95] Completed Publishing Task
[10/03/21 23:57:15:472 GMT]  INFO junit.RuleWatcher: >>>>>>>>>>>>>>>>>>>>>>>>>>
[10/03/21 23:57:15:472 GMT]  INFO junit.RuleWatcher: >>> publish[14: com.dotcms.publishing.PublisherAPIImplTest$TestCase@52a3f052](com.dotcms.publishing.PublisherAPIImplTest) - starting...
[10/03/21 23:57:15:472 GMT]  INFO junit.RuleWatcher: >>>>>>>>>>>>>>>>>>>>>>>>>>
[10/03/21 23:57:15:473 GMT]  INFO publishing.PublisherAPIImplTest: languageVariables [com.dotmarketing.portlets.contentlet.model.Contentlet@7b6df39c[map={owner=system, identifier=c629b570-6d95-4c40-bd3f-5966445fe300, nullProperties=[wfExpireDate, filterKey, whereToSend, wfPublishDate, wfNeverExpire, wfActionAssign, iWantTo, wfActionId, wfPublishTime, wfActionComments, wfExpireTime], modDate=2021-03-10 23:16:25.675, languageId=1615418185649, inode=6074d8dd-08c3-4bf8-9b6a-0ed6a8b682ae, folder=SYSTEM_FOLDER, disabledWYSIWYG=[], sortOrder=0, modUser=system, host=8a7d5e23-da1e-420a-b4f0-471e7da8ea2d, stInode=f4d7c1b8-2c88-4071-abf1-a5328977b07d, value=key-exists-as-contentletab377fba32works, key=key-exists-as-contentletab377fba32},lowIndexPriority=false], com.dotmarketing.portlets.contentlet.model.Contentlet@4ad81ade[map={owner=system, identifier=b884f4ed-a2e0-475f-ad4b-e25adb030965, nullProperties=[wfExpireDate, filterKey, whereToSend, wfPublishDate, wfNeverExpire, wfActionAssign, iWantTo, wfActionId, wfPublishTime, wfActionComments, wfExpireTime], modDate=2021-03-10 23:12:31.437, languageId=1, inode=8f21ad33-dce4-4ef3-b482-a8bc39f21164, folder=SYSTEM_FOLDER, disabledWYSIWYG=[], sortOrder=0, modUser=dotcms.org.1, host=SYSTEM_HOST, stInode=f4d7c1b8-2c88-4071-abf1-a5328977b07d, value=test, key=testVarname1615416669008.test1615416669008.name},lowIndexPriority=false], com.dotmarketing.portlets.contentlet.model.Contentlet@a8579e8[map={owner=system, identifier=ec4ba679-337a-43a8-beab-1b39e7a335f9, nullProperties=[wfExpireDate, filterKey, whereToSend, wfPublishDate, wfNeverExpire, wfActionAssign, iWantTo, wfActionId, wfPublishTime, wfActionComments, wfExpireTime], modDate=2021-03-10 22:51:08.705, languageId=1, inode=b175206f-3651-448d-8f4d-2e673e32fe07, folder=SYSTEM_FOLDER, disabledWYSIWYG=[], sortOrder=0, modUser=system, host=SYSTEM_HOST, stInode=f4d7c1b8-2c88-4071-abf1-a5328977b07d, value=test, key=testVarname1615416668603.test1615416668603.name},lowIndexPriority=false]]
[10/03/21 23:57:15:473 GMT]  INFO util.StdOutErrLog: [class com.dotcms.publishing.PublisherAPIImplTest$PushPublisherMock]
[10/03/21 23:57:15:475 GMT]  INFO util.PushPublishLogger: class com.dotcms.publishing.PublisherAPIImpl : [BundleID: 01F0F95EAHXSP4XQ6RDEK41507] Started Publishing Task
[10/03/21 23:57:15:475 GMT]  INFO publishing.PublisherAPIImpl: Writing bundle.xml file
[10/03/21 23:57:15:476 GMT]  INFO publishing.PublisherAPIImpl: Start of Bundler: DependencyBundler
[10/03/21 23:57:15:479 GMT]  INFO util.DependencyManager: PublisherFilter { excludeClassesSet = [] , excludeDependencyClassesSet = [] , excludeQueryIds = [] , excludeDependencyQueryIds = [] , relationships = true , dependencies = true}
[10/03/21 23:57:15:492 GMT]  INFO publishing.PublisherAPIImpl: End of Bundler: DependencyBundler
[10/03/21 23:57:15:492 GMT]  INFO publishing.PublisherAPIImpl: Start of Bundler: HostBundler
[10/03/21 23:57:15:495 GMT]  INFO bundler.HostBundler: Searching for ContentletVersionInfo. Identifier: fe22234f-e5ef-4da9-af4c-9998f3c05ca9. Language:1
[10/03/21 23:57:15:496 GMT]  INFO bundler.HostBundler: Searching for ContentletVersionInfo. Identifier: 8a7d5e23-da1e-420a-b4f0-471e7da8ea2d. Language:1
[10/03/21 23:57:15:498 GMT]  INFO bundler.HostBundler: Searching for ContentletVersionInfo. Identifier: 8a7d5e23-da1e-420a-b4f0-471e7da8ea2d. Language:1
[10/03/21 23:57:15:500 GMT]  INFO publishing.PublisherAPIImpl: End of Bundler: HostBundler
[10/03/21 23:57:15:500 GMT]  INFO publishing.PublisherAPIImpl: Start of Bundler: ContentBundler
[10/03/21 23:57:15:506 GMT]  INFO publishing.PublisherAPIImpl: End of Bundler: ContentBundler
[10/03/21 23:57:15:506 GMT]  INFO publishing.PublisherAPIImpl: Start of Bundler: FolderBundler
[10/03/21 23:57:15:507 GMT]  INFO publishing.PublisherAPIImpl: End of Bundler: FolderBundler
[10/03/21 23:57:15:507 GMT]  INFO publishing.PublisherAPIImpl: Start of Bundler: TemplateBundler
[10/03/21 23:57:15:507 GMT]  INFO publishing.PublisherAPIImpl: End of Bundler: TemplateBundler
[10/03/21 23:57:15:507 GMT]  INFO publishing.PublisherAPIImpl: Start of Bundler: ContainerBundler
[10/03/21 23:57:15:507 GMT]  INFO publishing.PublisherAPIImpl: End of Bundler: ContainerBundler
[10/03/21 23:57:15:507 GMT]  INFO publishing.PublisherAPIImpl: Start of Bundler: RuleBundler
[10/03/21 23:57:15:507 GMT]  INFO publishing.PublisherAPIImpl: End of Bundler: RuleBundler
[10/03/21 23:57:15:507 GMT]  INFO publishing.PublisherAPIImpl: Start of Bundler: LinkBundler
[10/03/21 23:57:15:508 GMT]  INFO publishing.PublisherAPIImpl: End of Bundler: LinkBundler
[10/03/21 23:57:15:508 GMT]  INFO publishing.PublisherAPIImpl: Start of Bundler: ContentTypeBundler
[10/03/21 23:57:15:514 GMT]  INFO publishing.PublisherAPIImpl: End of Bundler: ContentTypeBundler
[10/03/21 23:57:15:514 GMT]  INFO publishing.PublisherAPIImpl: Start of Bundler: RelationshipBundler
[10/03/21 23:57:15:514 GMT]  INFO publishing.PublisherAPIImpl: End of Bundler: RelationshipBundler
[10/03/21 23:57:15:514 GMT]  INFO publishing.PublisherAPIImpl: Start of Bundler: LanguageVariablesBundler
[10/03/21 23:57:15:516 GMT]  INFO publishing.PublisherAPIImpl: End of Bundler: LanguageVariablesBundler
[10/03/21 23:57:15:516 GMT]  INFO publishing.PublisherAPIImpl: Start of Bundler: WorkflowBundler
[10/03/21 23:57:15:530 GMT]  INFO publishing.PublisherAPIImpl: End of Bundler: WorkflowBundler
[10/03/21 23:57:15:530 GMT]  INFO publishing.PublisherAPIImpl: Start of Bundler: LanguageBundler
[10/03/21 23:57:15:531 GMT]  INFO publishing.PublisherAPIImpl: End of Bundler: LanguageBundler
[10/03/21 23:57:15:531 GMT]  INFO publishing.PublisherAPIImpl: Start of Bundler: BundleXMLAsc
[10/03/21 23:57:15:531 GMT]  INFO publishing.PublisherAPIImpl: End of Bundler: BundleXMLAsc
[10/03/21 23:57:15:531 GMT]  INFO publishing.PublisherAPIImpl: Start of Bundler: CategoryBundler
[10/03/21 23:57:15:531 GMT]  INFO publishing.PublisherAPIImpl: End of Bundler: CategoryBundler
[10/03/21 23:57:15:531 GMT]  INFO util.PushPublishLogger: class com.dotcms.publishing.PublisherAPIImpl : [BundleID: 01F0F95EAHXSP4XQ6RDEK41507] Completed Publishing Task
[10/03/21 23:57:15:541 GMT]  INFO junit.RuleWatcher: >>>>>>>>>>>>>>>>>>>>>>>>>>
[10/03/21 23:57:15:541 GMT]  INFO junit.RuleWatcher: >>> publish[15: com.dotcms.publishing.PublisherAPIImplTest$TestCase@61ecaab0](com.dotcms.publishing.PublisherAPIImplTest) - starting...
[10/03/21 23:57:15:541 GMT]  INFO junit.RuleWatcher: >>>>>>>>>>>>>>>>>>>>>>>>>>
[10/03/21 23:57:15:542 GMT]  INFO publishing.PublisherAPIImplTest: languageVariables [com.dotmarketing.portlets.contentlet.model.Contentlet@7b6df39c[map={owner=system, identifier=c629b570-6d95-4c40-bd3f-5966445fe300, nullProperties=[wfExpireDate, filterKey, whereToSend, wfPublishDate, wfNeverExpire, wfActionAssign, iWantTo, wfActionId, wfPublishTime, wfActionComments, wfExpireTime], modDate=2021-03-10 23:16:25.675, languageId=1615418185649, inode=6074d8dd-08c3-4bf8-9b6a-0ed6a8b682ae, folder=SYSTEM_FOLDER, disabledWYSIWYG=[], sortOrder=0, modUser=system, host=8a7d5e23-da1e-420a-b4f0-471e7da8ea2d, stInode=f4d7c1b8-2c88-4071-abf1-a5328977b07d, value=key-exists-as-contentletab377fba32works, key=key-exists-as-contentletab377fba32},lowIndexPriority=false], com.dotmarketing.portlets.contentlet.model.Contentlet@4ad81ade[map={owner=system, identifier=b884f4ed-a2e0-475f-ad4b-e25adb030965, nullProperties=[wfExpireDate, filterKey, whereToSend, wfPublishDate, wfNeverExpire, wfActionAssign, iWantTo, wfActionId, wfPublishTime, wfActionComments, wfExpireTime], modDate=2021-03-10 23:12:31.437, languageId=1, inode=8f21ad33-dce4-4ef3-b482-a8bc39f21164, folder=SYSTEM_FOLDER, disabledWYSIWYG=[], sortOrder=0, modUser=dotcms.org.1, host=SYSTEM_HOST, stInode=f4d7c1b8-2c88-4071-abf1-a5328977b07d, value=test, key=testVarname1615416669008.test1615416669008.name},lowIndexPriority=false], com.dotmarketing.portlets.contentlet.model.Contentlet@a8579e8[map={owner=system, identifier=ec4ba679-337a-43a8-beab-1b39e7a335f9, nullProperties=[wfExpireDate, filterKey, whereToSend, wfPublishDate, wfNeverExpire, wfActionAssign, iWantTo, wfActionId, wfPublishTime, wfActionComments, wfExpireTime], modDate=2021-03-10 22:51:08.705, languageId=1, inode=b175206f-3651-448d-8f4d-2e673e32fe07, folder=SYSTEM_FOLDER, disabledWYSIWYG=[], sortOrder=0, modUser=system, host=SYSTEM_HOST, stInode=f4d7c1b8-2c88-4071-abf1-a5328977b07d, value=test, key=testVarname1615416668603.test1615416668603.name},lowIndexPriority=false]]
[10/03/21 23:57:15:542 GMT]  INFO util.StdOutErrLog: [class com.dotcms.publishing.PublisherAPIImplTest$PushPublisherMock]
[10/03/21 23:57:15:544 GMT]  INFO util.PushPublishLogger: class com.dotcms.publishing.PublisherAPIImpl : [BundleID: 01F0F95ECPM48XWNETGM6W8HN2] Started Publishing Task
[10/03/21 23:57:15:544 GMT]  INFO publishing.PublisherAPIImpl: Writing bundle.xml file
[10/03/21 23:57:15:544 GMT]  INFO publishing.PublisherAPIImpl: Start of Bundler: DependencyBundler
[10/03/21 23:57:15:548 GMT]  INFO util.DependencyManager: PublisherFilter { excludeClassesSet = [] , excludeDependencyClassesSet = [] , excludeQueryIds = [] , excludeDependencyQueryIds = [] , relationships = true , dependencies = true}
[10/03/21 23:57:15:558 GMT]  INFO publishing.PublisherAPIImpl: End of Bundler: DependencyBundler
[10/03/21 23:57:15:558 GMT]  INFO publishing.PublisherAPIImpl: Start of Bundler: HostBundler
[10/03/21 23:57:15:559 GMT]  INFO bundler.HostBundler: Searching for ContentletVersionInfo. Identifier: 8a7d5e23-da1e-420a-b4f0-471e7da8ea2d. Language:1
[10/03/21 23:57:15:561 GMT]  INFO bundler.HostBundler: Searching for ContentletVersionInfo. Identifier: 8a7d5e23-da1e-420a-b4f0-471e7da8ea2d. Language:1
[10/03/21 23:57:15:562 GMT]  INFO publishing.PublisherAPIImpl: End of Bundler: HostBundler
[10/03/21 23:57:15:563 GMT]  INFO publishing.PublisherAPIImpl: Start of Bundler: ContentBundler
[10/03/21 23:57:15:569 GMT]  INFO publishing.PublisherAPIImpl: End of Bundler: ContentBundler
[10/03/21 23:57:15:569 GMT]  INFO publishing.PublisherAPIImpl: Start of Bundler: FolderBundler
[10/03/21 23:57:15:569 GMT]  INFO publishing.PublisherAPIImpl: End of Bundler: FolderBundler
[10/03/21 23:57:15:569 GMT]  INFO publishing.PublisherAPIImpl: Start of Bundler: TemplateBundler
[10/03/21 23:57:15:569 GMT]  INFO publishing.PublisherAPIImpl: End of Bundler: TemplateBundler
[10/03/21 23:57:15:569 GMT]  INFO publishing.PublisherAPIImpl: Start of Bundler: ContainerBundler
[10/03/21 23:57:15:569 GMT]  INFO publishing.PublisherAPIImpl: End of Bundler: ContainerBundler
[10/03/21 23:57:15:569 GMT]  INFO publishing.PublisherAPIImpl: Start of Bundler: RuleBundler
[10/03/21 23:57:15:570 GMT]  INFO publishing.PublisherAPIImpl: End of Bundler: RuleBundler
[10/03/21 23:57:15:570 GMT]  INFO publishing.PublisherAPIImpl: Start of Bundler: LinkBundler
[10/03/21 23:57:15:570 GMT]  INFO publishing.PublisherAPIImpl: End of Bundler: LinkBundler
[10/03/21 23:57:15:570 GMT]  INFO publishing.PublisherAPIImpl: Start of Bundler: ContentTypeBundler
[10/03/21 23:57:15:573 GMT]  INFO publishing.PublisherAPIImpl: End of Bundler: ContentTypeBundler
[10/03/21 23:57:15:573 GMT]  INFO publishing.PublisherAPIImpl: Start of Bundler: RelationshipBundler
[10/03/21 23:57:15:573 GMT]  INFO publishing.PublisherAPIImpl: End of Bundler: RelationshipBundler
[10/03/21 23:57:15:573 GMT]  INFO publishing.PublisherAPIImpl: Start of Bundler: LanguageVariablesBundler
[10/03/21 23:57:15:576 GMT]  INFO publishing.PublisherAPIImpl: End of Bundler: LanguageVariablesBundler
[10/03/21 23:57:15:576 GMT]  INFO publishing.PublisherAPIImpl: Start of Bundler: WorkflowBundler
[10/03/21 23:57:15:591 GMT]  INFO publishing.PublisherAPIImpl: End of Bundler: WorkflowBundler
[10/03/21 23:57:15:591 GMT]  INFO publishing.PublisherAPIImpl: Start of Bundler: LanguageBundler
[10/03/21 23:57:15:592 GMT]  INFO publishing.PublisherAPIImpl: End of Bundler: LanguageBundler
[10/03/21 23:57:15:592 GMT]  INFO publishing.PublisherAPIImpl: Start of Bundler: BundleXMLAsc
[10/03/21 23:57:15:592 GMT]  INFO publishing.PublisherAPIImpl: End of Bundler: BundleXMLAsc
[10/03/21 23:57:15:592 GMT]  INFO publishing.PublisherAPIImpl: Start of Bundler: CategoryBundler
[10/03/21 23:57:15:592 GMT]  INFO publishing.PublisherAPIImpl: End of Bundler: CategoryBundler
[10/03/21 23:57:15:592 GMT]  INFO util.PushPublishLogger: class com.dotcms.publishing.PublisherAPIImpl : [BundleID: 01F0F95ECPM48XWNETGM6W8HN2] Completed Publishing Task
[10/03/21 23:57:15:600 GMT]  INFO junit.RuleWatcher: >>>>>>>>>>>>>>>>>>>>>>>>>>
[10/03/21 23:57:15:600 GMT]  INFO junit.RuleWatcher: >>> publish[16: com.dotcms.publishing.PublisherAPIImplTest$TestCase@7d7e32ff](com.dotcms.publishing.PublisherAPIImplTest) - starting...
[10/03/21 23:57:15:600 GMT]  INFO junit.RuleWatcher: >>>>>>>>>>>>>>>>>>>>>>>>>>
[10/03/21 23:57:15:601 GMT]  INFO publishing.PublisherAPIImplTest: languageVariables [com.dotmarketing.portlets.contentlet.model.Contentlet@7b6df39c[map={owner=system, identifier=c629b570-6d95-4c40-bd3f-5966445fe300, nullProperties=[wfExpireDate, filterKey, whereToSend, wfPublishDate, wfNeverExpire, wfActionAssign, iWantTo, wfActionId, wfPublishTime, wfActionComments, wfExpireTime], modDate=2021-03-10 23:16:25.675, languageId=1615418185649, inode=6074d8dd-08c3-4bf8-9b6a-0ed6a8b682ae, folder=SYSTEM_FOLDER, disabledWYSIWYG=[], sortOrder=0, modUser=system, host=8a7d5e23-da1e-420a-b4f0-471e7da8ea2d, stInode=f4d7c1b8-2c88-4071-abf1-a5328977b07d, value=key-exists-as-contentletab377fba32works, key=key-exists-as-contentletab377fba32},lowIndexPriority=false], com.dotmarketing.portlets.contentlet.model.Contentlet@4ad81ade[map={owner=system, identifier=b884f4ed-a2e0-475f-ad4b-e25adb030965, nullProperties=[wfExpireDate, filterKey, whereToSend, wfPublishDate, wfNeverExpire, wfActionAssign, iWantTo, wfActionId, wfPublishTime, wfActionComments, wfExpireTime], modDate=2021-03-10 23:12:31.437, languageId=1, inode=8f21ad33-dce4-4ef3-b482-a8bc39f21164, folder=SYSTEM_FOLDER, disabledWYSIWYG=[], sortOrder=0, modUser=dotcms.org.1, host=SYSTEM_HOST, stInode=f4d7c1b8-2c88-4071-abf1-a5328977b07d, value=test, key=testVarname1615416669008.test1615416669008.name},lowIndexPriority=false], com.dotmarketing.portlets.contentlet.model.Contentlet@a8579e8[map={owner=system, identifier=ec4ba679-337a-43a8-beab-1b39e7a335f9, nullProperties=[wfExpireDate, filterKey, whereToSend, wfPublishDate, wfNeverExpire, wfActionAssign, iWantTo, wfActionId, wfPublishTime, wfActionComments, wfExpireTime], modDate=2021-03-10 22:51:08.705, languageId=1, inode=b175206f-3651-448d-8f4d-2e673e32fe07, folder=SYSTEM_FOLDER, disabledWYSIWYG=[], sortOrder=0, modUser=system, host=SYSTEM_HOST, stInode=f4d7c1b8-2c88-4071-abf1-a5328977b07d, value=test, key=testVarname1615416668603.test1615416668603.name},lowIndexPriority=false]]
[10/03/21 23:57:15:601 GMT]  INFO util.StdOutErrLog: [class com.dotcms.publishing.PublisherAPIImplTest$PushPublisherMock]
[10/03/21 23:57:15:603 GMT]  INFO util.PushPublishLogger: class com.dotcms.publishing.PublisherAPIImpl : [BundleID: 01F0F95EEJ9X6Z4VXZ4JJCH8P4] Started Publishing Task
[10/03/21 23:57:15:603 GMT]  INFO publishing.PublisherAPIImpl: Writing bundle.xml file
[10/03/21 23:57:15:604 GMT]  INFO publishing.PublisherAPIImpl: Start of Bundler: DependencyBundler
[10/03/21 23:57:15:607 GMT]  INFO util.DependencyManager: PublisherFilter { excludeClassesSet = [] , excludeDependencyClassesSet = [] , excludeQueryIds = [] , excludeDependencyQueryIds = [] , relationships = true , dependencies = true}
[10/03/21 23:57:15:617 GMT]  INFO publishing.PublisherAPIImpl: End of Bundler: DependencyBundler
[10/03/21 23:57:15:617 GMT]  INFO publishing.PublisherAPIImpl: Start of Bundler: HostBundler
[10/03/21 23:57:15:619 GMT]  INFO bundler.HostBundler: Searching for ContentletVersionInfo. Identifier: 8a7d5e23-da1e-420a-b4f0-471e7da8ea2d. Language:1
[10/03/21 23:57:15:621 GMT]  INFO bundler.HostBundler: Searching for ContentletVersionInfo. Identifier: 8a7d5e23-da1e-420a-b4f0-471e7da8ea2d. Language:1
[10/03/21 23:57:15:623 GMT]  INFO publishing.PublisherAPIImpl: End of Bundler: HostBundler
[10/03/21 23:57:15:623 GMT]  INFO publishing.PublisherAPIImpl: Start of Bundler: ContentBundler
[10/03/21 23:57:15:630 GMT]  INFO publishing.PublisherAPIImpl: End of Bundler: ContentBundler
[10/03/21 23:57:15:630 GMT]  INFO publishing.PublisherAPIImpl: Start of Bundler: FolderBundler
[10/03/21 23:57:15:630 GMT]  INFO publishing.PublisherAPIImpl: End of Bundler: FolderBundler
[10/03/21 23:57:15:630 GMT]  INFO publishing.PublisherAPIImpl: Start of Bundler: TemplateBundler
[10/03/21 23:57:15:630 GMT]  INFO publishing.PublisherAPIImpl: End of Bundler: TemplateBundler
[10/03/21 23:57:15:630 GMT]  INFO publishing.PublisherAPIImpl: Start of Bundler: ContainerBundler
[10/03/21 23:57:15:630 GMT]  INFO publishing.PublisherAPIImpl: End of Bundler: ContainerBundler
[10/03/21 23:57:15:630 GMT]  INFO publishing.PublisherAPIImpl: Start of Bundler: RuleBundler
[10/03/21 23:57:15:631 GMT]  INFO publishing.PublisherAPIImpl: End of Bundler: RuleBundler
[10/03/21 23:57:15:631 GMT]  INFO publishing.PublisherAPIImpl: Start of Bundler: LinkBundler
[10/03/21 23:57:15:631 GMT]  INFO publishing.PublisherAPIImpl: End of Bundler: LinkBundler
[10/03/21 23:57:15:631 GMT]  INFO publishing.PublisherAPIImpl: Start of Bundler: ContentTypeBundler
[10/03/21 23:57:15:634 GMT]  INFO publishing.PublisherAPIImpl: End of Bundler: ContentTypeBundler
[10/03/21 23:57:15:634 GMT]  INFO publishing.PublisherAPIImpl: Start of Bundler: RelationshipBundler
[10/03/21 23:57:15:634 GMT]  INFO publishing.PublisherAPIImpl: End of Bundler: RelationshipBundler
[10/03/21 23:57:15:634 GMT]  INFO publishing.PublisherAPIImpl: Start of Bundler: LanguageVariablesBundler
[10/03/21 23:57:15:636 GMT]  INFO publishing.PublisherAPIImpl: End of Bundler: LanguageVariablesBundler
[10/03/21 23:57:15:636 GMT]  INFO publishing.PublisherAPIImpl: Start of Bundler: WorkflowBundler
[10/03/21 23:57:15:650 GMT]  INFO publishing.PublisherAPIImpl: End of Bundler: WorkflowBundler
[10/03/21 23:57:15:650 GMT]  INFO publishing.PublisherAPIImpl: Start of Bundler: LanguageBundler
[10/03/21 23:57:15:651 GMT]  INFO publishing.PublisherAPIImpl: End of Bundler: LanguageBundler
[10/03/21 23:57:15:651 GMT]  INFO publishing.PublisherAPIImpl: Start of Bundler: BundleXMLAsc
[10/03/21 23:57:15:651 GMT]  INFO publishing.PublisherAPIImpl: End of Bundler: BundleXMLAsc
[10/03/21 23:57:15:651 GMT]  INFO publishing.PublisherAPIImpl: Start of Bundler: CategoryBundler
[10/03/21 23:57:15:651 GMT]  INFO publishing.PublisherAPIImpl: End of Bundler: CategoryBundler
[10/03/21 23:57:15:651 GMT]  INFO util.PushPublishLogger: class com.dotcms.publishing.PublisherAPIImpl : [BundleID: 01F0F95EEJ9X6Z4VXZ4JJCH8P4] Completed Publishing Task
[10/03/21 23:57:15:657 GMT]  INFO junit.RuleWatcher: >>>>>>>>>>>>>>>>>>>>>>>>>>
[10/03/21 23:57:15:657 GMT]  INFO junit.RuleWatcher: >>> publish[17: com.dotcms.publishing.PublisherAPIImplTest$TestCase@1b8339df](com.dotcms.publishing.PublisherAPIImplTest) - starting...
[10/03/21 23:57:15:657 GMT]  INFO junit.RuleWatcher: >>>>>>>>>>>>>>>>>>>>>>>>>>
[10/03/21 23:57:15:657 GMT]  INFO publishing.PublisherAPIImplTest: languageVariables [com.dotmarketing.portlets.contentlet.model.Contentlet@7b6df39c[map={owner=system, identifier=c629b570-6d95-4c40-bd3f-5966445fe300, nullProperties=[wfExpireDate, filterKey, whereToSend, wfPublishDate, wfNeverExpire, wfActionAssign, iWantTo, wfActionId, wfPublishTime, wfActionComments, wfExpireTime], modDate=2021-03-10 23:16:25.675, languageId=1615418185649, inode=6074d8dd-08c3-4bf8-9b6a-0ed6a8b682ae, folder=SYSTEM_FOLDER, disabledWYSIWYG=[], sortOrder=0, modUser=system, host=8a7d5e23-da1e-420a-b4f0-471e7da8ea2d, stInode=f4d7c1b8-2c88-4071-abf1-a5328977b07d, value=key-exists-as-contentletab377fba32works, key=key-exists-as-contentletab377fba32},lowIndexPriority=false], com.dotmarketing.portlets.contentlet.model.Contentlet@4ad81ade[map={owner=system, identifier=b884f4ed-a2e0-475f-ad4b-e25adb030965, nullProperties=[wfExpireDate, filterKey, whereToSend, wfPublishDate, wfNeverExpire, wfActionAssign, iWantTo, wfActionId, wfPublishTime, wfActionComments, wfExpireTime], modDate=2021-03-10 23:12:31.437, languageId=1, inode=8f21ad33-dce4-4ef3-b482-a8bc39f21164, folder=SYSTEM_FOLDER, disabledWYSIWYG=[], sortOrder=0, modUser=dotcms.org.1, host=SYSTEM_HOST, stInode=f4d7c1b8-2c88-4071-abf1-a5328977b07d, value=test, key=testVarname1615416669008.test1615416669008.name},lowIndexPriority=false], com.dotmarketing.portlets.contentlet.model.Contentlet@a8579e8[map={owner=system, identifier=ec4ba679-337a-43a8-beab-1b39e7a335f9, nullProperties=[wfExpireDate, filterKey, whereToSend, wfPublishDate, wfNeverExpire, wfActionAssign, iWantTo, wfActionId, wfPublishTime, wfActionComments, wfExpireTime], modDate=2021-03-10 22:51:08.705, languageId=1, inode=b175206f-3651-448d-8f4d-2e673e32fe07, folder=SYSTEM_FOLDER, disabledWYSIWYG=[], sortOrder=0, modUser=system, host=SYSTEM_HOST, stInode=f4d7c1b8-2c88-4071-abf1-a5328977b07d, value=test, key=testVarname1615416668603.test1615416668603.name},lowIndexPriority=false]]
[10/03/21 23:57:15:657 GMT]  INFO util.StdOutErrLog: [class com.dotcms.publishing.PublisherAPIImplTest$PushPublisherMock]
[10/03/21 23:57:15:664 GMT]  INFO util.PushPublishLogger: class com.dotcms.publishing.PublisherAPIImpl : [BundleID: 01F0F95EGAG6DWAVRC8T9VD00C] Started Publishing Task
[10/03/21 23:57:15:664 GMT]  INFO publishing.PublisherAPIImpl: Writing bundle.xml file
[10/03/21 23:57:15:665 GMT]  INFO publishing.PublisherAPIImpl: Start of Bundler: DependencyBundler
[10/03/21 23:57:15:668 GMT]  INFO util.DependencyManager: PublisherFilter { excludeClassesSet = [] , excludeDependencyClassesSet = [] , excludeQueryIds = [] , excludeDependencyQueryIds = [] , relationships = true , dependencies = true}
[10/03/21 23:57:15:679 GMT]  INFO publishing.PublisherAPIImpl: End of Bundler: DependencyBundler
[10/03/21 23:57:15:679 GMT]  INFO publishing.PublisherAPIImpl: Start of Bundler: HostBundler
[10/03/21 23:57:15:681 GMT]  INFO bundler.HostBundler: Searching for ContentletVersionInfo. Identifier: 8a7d5e23-da1e-420a-b4f0-471e7da8ea2d. Language:1
[10/03/21 23:57:15:682 GMT]  INFO bundler.HostBundler: Searching for ContentletVersionInfo. Identifier: 8a7d5e23-da1e-420a-b4f0-471e7da8ea2d. Language:1
[10/03/21 23:57:15:684 GMT]  INFO publishing.PublisherAPIImpl: End of Bundler: HostBundler
[10/03/21 23:57:15:684 GMT]  INFO publishing.PublisherAPIImpl: Start of Bundler: RuleBundler
[10/03/21 23:57:15:685 GMT]  INFO publishing.PublisherAPIImpl: End of Bundler: RuleBundler
[10/03/21 23:57:15:686 GMT]  INFO publishing.PublisherAPIImpl: Start of Bundler: BundleXMLAsc
[10/03/21 23:57:15:686 GMT]  INFO publishing.PublisherAPIImpl: End of Bundler: BundleXMLAsc
[10/03/21 23:57:15:686 GMT]  INFO publishing.PublisherAPIImpl: Start of Bundler: CategoryBundler
[10/03/21 23:57:15:686 GMT]  INFO publishing.PublisherAPIImpl: End of Bundler: CategoryBundler
[10/03/21 23:57:15:686 GMT]  INFO util.PushPublishLogger: class com.dotcms.publishing.PublisherAPIImpl : [BundleID: 01F0F95EGAG6DWAVRC8T9VD00C] Completed Publishing Task
[10/03/21 23:57:15:698 GMT]  WARN shorty.ShortyIdAPIImpl: An error occurred when getting shorty value for '' of type 'CONTENT': shorty  is not a short id.  Short Ids should be 10 chars in length
[10/03/21 23:57:15:706 GMT]  WARN shorty.ShortyIdAPIImpl: An error occurred when getting shorty value for '' of type 'CONTENT': shorty  is not a short id.  Short Ids should be 10 chars in length
[10/03/21 23:57:15:712 GMT]  INFO util.ActivityLogger: class com.dotcms.content.elasticsearch.business.ESContentletAPIImpl: demo.dotcms.com : Saving Content , StartDate: N/D; EndDate: N/D; User:system; ContentIdentifier: 
[10/03/21 23:57:15:726 GMT]  INFO caffine.CaffineCache: ***	 Building Cache : esquerycache, size:1000,Concurrency:32
[10/03/21 23:57:15:726 GMT]  INFO caffine.CaffineCache: ***	 Building Cache : esquerycountcache, size:1000,Concurrency:32
[10/03/21 23:57:15:726 GMT]  INFO caffine.CaffineCache: ***	 Building Cache : esquerycountcache, size:1000,Concurrency:32
[10/03/21 23:57:15:740 GMT]  INFO caffine.CaffineCache: ***	 Building Cache : esquerycache, size:1000,Concurrency:32
[10/03/21 23:57:15:741 GMT]  INFO caffine.CaffineCache: ***	 Building Cache : esquerycountcache, size:1000,Concurrency:32
[10/03/21 23:57:15:744 GMT]  INFO business.ContentletIndexAPIImpl: Indexing: 9a0651f2-08c2-4e58-bc65-6d08e879fffb : TestContent, includeDependencies: true, policy: FORCE
[10/03/21 23:57:15:748 GMT]  INFO util.ActivityLogger: class com.dotcms.content.elasticsearch.business.ESContentletAPIImpl: demo.dotcms.com : Content Saved , StartDate: N/D; EndDate: N/D; User:system; ContentIdentifier: 9a0651f2-08c2-4e58-bc65-6d08e879fffb
[10/03/21 23:57:15:749 GMT]  INFO caffine.CaffineCache: ***	 Building Cache : esquerycache, size:1000,Concurrency:32
[10/03/21 23:57:15:749 GMT]  INFO caffine.CaffineCache: ***	 Building Cache : esquerycountcache, size:1000,Concurrency:32
[10/03/21 23:57:15:770 GMT]  INFO caffine.CaffineCache: ***	 Building Cache : esquerycache, size:1000,Concurrency:32
[10/03/21 23:57:15:770 GMT]  INFO caffine.CaffineCache: ***	 Building Cache : esquerycountcache, size:1000,Concurrency:32
[10/03/21 23:57:15:780 GMT]  INFO util.SecurityLogger: class com.dotmarketing.portlets.workflows.business.WorkflowAPIImpl : The Workflow task with id:e28b5a82-0d09-4ae0-b1b9-488c5c32daad has been saved. -- ip:ukn,user:null
[10/03/21 23:57:15:780 GMT]  INFO caffine.CaffineCache: ***	 Building Cache : esquerycache, size:1000,Concurrency:32
[10/03/21 23:57:15:780 GMT]  INFO caffine.CaffineCache: ***	 Building Cache : esquerycountcache, size:1000,Concurrency:32
[10/03/21 23:57:15:807 GMT]  INFO util.ActivityLogger: class com.dotcms.content.elasticsearch.business.ESContentletAPIImpl: demo.dotcms.com : Saving Content , StartDate: N/D; EndDate: N/D; User:system; ContentIdentifier: 
[10/03/21 23:57:15:827 GMT]  INFO caffine.CaffineCache: ***	 Building Cache : esquerycache, size:1000,Concurrency:32
[10/03/21 23:57:15:827 GMT]  INFO caffine.CaffineCache: ***	 Building Cache : esquerycountcache, size:1000,Concurrency:32
[10/03/21 23:57:15:827 GMT]  INFO caffine.CaffineCache: ***	 Building Cache : esquerycache, size:1000,Concurrency:32
[10/03/21 23:57:15:827 GMT]  INFO caffine.CaffineCache: ***	 Building Cache : esquerycountcache, size:1000,Concurrency:32
[10/03/21 23:57:15:843 GMT]  INFO caffine.CaffineCache: ***	 Building Cache : esquerycache, size:1000,Concurrency:32
[10/03/21 23:57:15:843 GMT]  INFO caffine.CaffineCache: ***	 Building Cache : esquerycountcache, size:1000,Concurrency:32
[10/03/21 23:57:15:843 GMT]  INFO caffine.CaffineCache: ***	 Building Cache : esquerycache, size:1000,Concurrency:32
[10/03/21 23:57:15:843 GMT]  INFO caffine.CaffineCache: ***	 Building Cache : esquerycountcache, size:1000,Concurrency:32
[10/03/21 23:57:15:847 GMT]  INFO business.ContentletIndexAPIImpl: Indexing: 92ca537e-1c2a-4f4a-9611-b935ee2546e0 : TestContent, includeDependencies: true, policy: FORCE
[10/03/21 23:57:15:850 GMT]  INFO util.ActivityLogger: class com.dotcms.content.elasticsearch.business.ESContentletAPIImpl: demo.dotcms.com : Content Saved , StartDate: N/D; EndDate: N/D; User:system; ContentIdentifier: 92ca537e-1c2a-4f4a-9611-b935ee2546e0
[10/03/21 23:57:15:857 GMT]  INFO caffine.CaffineCache: ***	 Building Cache : esquerycache, size:1000,Concurrency:32
[10/03/21 23:57:15:857 GMT]  INFO caffine.CaffineCache: ***	 Building Cache : esquerycountcache, size:1000,Concurrency:32
[10/03/21 23:57:15:863 GMT]  INFO caffine.CaffineCache: ***	 Building Cache : esquerycache, size:1000,Concurrency:32
[10/03/21 23:57:15:863 GMT]  INFO caffine.CaffineCache: ***	 Building Cache : esquerycountcache, size:1000,Concurrency:32
[10/03/21 23:57:15:865 GMT]  INFO util.SecurityLogger: class com.dotmarketing.portlets.workflows.business.WorkflowAPIImpl : The Workflow task with id:0d0d814e-9ec2-4302-91ab-a6a4759e3c24 has been saved. -- ip:ukn,user:null
[10/03/21 23:57:15:894 GMT]  INFO caffine.CaffineCache: ***	 Building Cache : esquerycache, size:1000,Concurrency:32
[10/03/21 23:57:15:894 GMT]  INFO caffine.CaffineCache: ***	 Building Cache : esquerycountcache, size:1000,Concurrency:32
[10/03/21 23:57:15:894 GMT]  INFO caffine.CaffineCache: ***	 Building Cache : esquerycache, size:1000,Concurrency:32
[10/03/21 23:57:15:894 GMT]  INFO caffine.CaffineCache: ***	 Building Cache : esquerycountcache, size:1000,Concurrency:32
[10/03/21 23:57:15:902 GMT]  INFO caffine.CaffineCache: ***	 Building Cache : esquerycache, size:1000,Concurrency:32
[10/03/21 23:57:15:902 GMT]  INFO caffine.CaffineCache: ***	 Building Cache : esquerycountcache, size:1000,Concurrency:32
[10/03/21 23:57:15:902 GMT]  INFO caffine.CaffineCache: ***	 Building Cache : esquerycache, size:1000,Concurrency:32
[10/03/21 23:57:15:902 GMT]  INFO caffine.CaffineCache: ***	 Building Cache : esquerycountcache, size:1000,Concurrency:32
[10/03/21 23:57:15:936 GMT]  WARN shorty.ShortyIdAPIImpl: An error occurred when getting shorty value for '' of type 'CONTENT': shorty  is not a short id.  Short Ids should be 10 chars in length
[10/03/21 23:57:15:941 GMT]  WARN shorty.ShortyIdAPIImpl: An error occurred when getting shorty value for '' of type 'CONTENT': shorty  is not a short id.  Short Ids should be 10 chars in length
[10/03/21 23:57:15:946 GMT]  WARN shorty.ShortyIdAPIImpl: An error occurred when getting shorty value for '' of type 'CONTENT': shorty  is not a short id.  Short Ids should be 10 chars in length
[10/03/21 23:57:15:952 GMT]  WARN shorty.ShortyIdAPIImpl: An error occurred when getting shorty value for '' of type 'CONTENT': shorty  is not a short id.  Short Ids should be 10 chars in length
[10/03/21 23:57:15:968 GMT]  INFO util.ActivityLogger: class com.dotcms.contenttype.business.ContentTypeAPIImpl: system : Save ContentType Action , User system/system user system user added ContentType testName1615420635963 to host id:48190c8c-42c4-46af-8d1a-0cd5db894797
[10/03/21 23:57:15:968 GMT]  INFO business.ContentTypeAPIImpl: UserId : system : ContentType : ContentType saved : testName1615420635963
[10/03/21 23:57:15:968 GMT]  INFO util.AdminLogger: UserId : system : class com.dotcms.contenttype.business.ContentTypeAPIImpl : ContentType : ContentType saved : testName1615420635963
[10/03/21 23:57:15:969 GMT]  INFO business.WorkflowAPIImpl: Saving Schemas: d61a59e1-a49c-46f2-a929-db2b4bfa88b2 for Content type 08de491b-2cb8-472f-bacd-fb500b39a4da
[10/03/21 23:57:15:969 GMT]  INFO util.SecurityLogger: class com.dotmarketing.portlets.workflows.business.WorkflowAPIImpl : Saving Schemas: d61a59e1-a49c-46f2-a929-db2b4bfa88b2 for Content type 08de491b-2cb8-472f-bacd-fb500b39a4da -- ip:127.0.0.1,user:system user system user [ID: system][email:system@dotcmsfakeemail.org]
[10/03/21 23:57:15:975 GMT]  INFO caffine.CaffineCache: ***	 Building Cache : workflowstepcache, size:1000,Concurrency:32
[10/03/21 23:57:15:975 GMT]  INFO caffine.CaffineCache: ***	 Building Cache : workflowstepcache, size:1000,Concurrency:32
[10/03/21 23:57:15:975 GMT]  INFO caffine.CaffineCache: ***	 Building Cache : workflowstepcache, size:1000,Concurrency:32
[10/03/21 23:57:16:149 GMT]  INFO caffine.CaffineCache: ***	 Building Cache : workflowstepcache, size:1000,Concurrency:32
[10/03/21 23:57:16:149 GMT]  INFO caffine.CaffineCache: ***	 Building Cache : workflowstepcache, size:1000,Concurrency:32
[10/03/21 23:57:16:152 GMT]  INFO delegate.SystemEventsJobDelegate: The event: 870768e7-cc82-43a9-8b85-8d488e0c04d5, has been skipped on the server: 2b845508-70e1-4d99-9940-6a50daff8b5a
[10/03/21 23:57:16:152 GMT]  INFO delegate.SystemEventsJobDelegate: The event: 40561001-bb21-46b6-ba2f-ba45bf4a7fa1, has been skipped on the server: 2b845508-70e1-4d99-9940-6a50daff8b5a
[10/03/21 23:57:16:152 GMT]  INFO delegate.SystemEventsJobDelegate: The event: 399e8369-1c2b-4c6a-a4de-47b3670d5726, has been skipped on the server: 2b845508-70e1-4d99-9940-6a50daff8b5a
[10/03/21 23:57:16:152 GMT]  INFO delegate.SystemEventsJobDelegate: The event: 7dc438e0-eb3d-4c33-bc12-528fd5b77280, has been skipped on the server: 2b845508-70e1-4d99-9940-6a50daff8b5a
[10/03/21 23:57:16:194 GMT]  INFO business.FieldAPIImpl: Elasticsearch mapping set for Field: testFieldName1615420635977. Content type: testName1615420635963 on Index: live_20210310223939
[10/03/21 23:57:16:408 GMT]  INFO business.FieldAPIImpl: Elasticsearch mapping set for Field: testFieldName1615420635977. Content type: testName1615420635963 on Index: working_20210310223939
[10/03/21 23:57:16:408 GMT]  INFO util.ActivityLogger: class com.dotmarketing.util.ActivityLogger: system : Save Field Action , User system/system user added field testFieldName1615420635977 to testName1615420635963 Structure.
[10/03/21 23:57:16:683 GMT]  INFO business.FieldAPIImpl: Elasticsearch mapping set for Field: testFieldName1615420636410. Content type: testName1615420635963 on Index: live_20210310223939
[10/03/21 23:57:16:772 GMT]  WARN business.FieldAPIImpl: Error trying to set Elasticsearch mapping for Field: testFieldName1615420636410. Content type: testName1615420635963
[10/03/21 23:57:16:772 GMT]  WARN business.FieldAPIImpl: Elasticsearch exception [type=illegal_argument_exception, reason=Limit of total fields [10000] in index [cluster_80b0664aa9.working_20210310223939] has been exceeded]
[10/03/21 23:57:16:772 GMT]  WARN business.FieldAPIImpl: org.elasticsearch.rest.BytesRestResponse.errorFromXContent(BytesRestResponse.java:177)
[10/03/21 23:57:16:772 GMT]  INFO util.ActivityLogger: class com.dotmarketing.util.ActivityLogger: system : Save Field Action , User system/system user added field testFieldName1615420636410 to testName1615420635963 Structure.
[10/03/21 23:57:16:779 GMT]  INFO util.ActivityLogger: class com.dotcms.contenttype.business.ContentTypeAPIImpl: system : Save ContentType Action , User system/system user system user added ContentType testName1615420636774 to host id:48190c8c-42c4-46af-8d1a-0cd5db894797
[10/03/21 23:57:16:779 GMT]  INFO business.ContentTypeAPIImpl: UserId : system : ContentType : ContentType saved : testName1615420636774
[10/03/21 23:57:16:779 GMT]  INFO util.AdminLogger: UserId : system : class com.dotcms.contenttype.business.ContentTypeAPIImpl : ContentType : ContentType saved : testName1615420636774
[10/03/21 23:57:16:781 GMT]  INFO business.WorkflowAPIImpl: Saving Schemas: d61a59e1-a49c-46f2-a929-db2b4bfa88b2 for Content type d439de65-2244-4643-a238-e164ccb684f2
[10/03/21 23:57:16:781 GMT]  INFO util.SecurityLogger: class com.dotmarketing.portlets.workflows.business.WorkflowAPIImpl : Saving Schemas: d61a59e1-a49c-46f2-a929-db2b4bfa88b2 for Content type d439de65-2244-4643-a238-e164ccb684f2 -- ip:127.0.0.1,user:system user system user [ID: system][email:system@dotcmsfakeemail.org]
[10/03/21 23:57:16:786 GMT]  INFO caffine.CaffineCache: ***	 Building Cache : workflowstepcache, size:1000,Concurrency:32
[10/03/21 23:57:16:786 GMT]  INFO caffine.CaffineCache: ***	 Building Cache : workflowstepcache, size:1000,Concurrency:32
[10/03/21 23:57:16:787 GMT]  INFO caffine.CaffineCache: ***	 Building Cache : workflowstepcache, size:1000,Concurrency:32
[10/03/21 23:57:16:787 GMT]  INFO caffine.CaffineCache: ***	 Building Cache : workflowstepcache, size:1000,Concurrency:32
[10/03/21 23:57:16:792 GMT]  INFO util.ActivityLogger: class com.dotcms.contenttype.business.ContentTypeAPIImpl: system : Save ContentType Action , User system/system user system user added ContentType testName1615420636788 to host id:48190c8c-42c4-46af-8d1a-0cd5db894797
[10/03/21 23:57:16:792 GMT]  INFO business.ContentTypeAPIImpl: UserId : system : ContentType : ContentType saved : testName1615420636788
[10/03/21 23:57:16:792 GMT]  INFO util.AdminLogger: UserId : system : class com.dotcms.contenttype.business.ContentTypeAPIImpl : ContentType : ContentType saved : testName1615420636788
[10/03/21 23:57:16:793 GMT]  INFO business.WorkflowAPIImpl: Saving Schemas: d61a59e1-a49c-46f2-a929-db2b4bfa88b2 for Content type d5a4e9c3-2416-4f99-9900-ac25f943b400
[10/03/21 23:57:16:794 GMT]  INFO util.SecurityLogger: class com.dotmarketing.portlets.workflows.business.WorkflowAPIImpl : Saving Schemas: d61a59e1-a49c-46f2-a929-db2b4bfa88b2 for Content type d5a4e9c3-2416-4f99-9900-ac25f943b400 -- ip:127.0.0.1,user:system user system user [ID: system][email:system@dotcmsfakeemail.org]
[10/03/21 23:57:16:799 GMT]  INFO caffine.CaffineCache: ***	 Building Cache : workflowstepcache, size:1000,Concurrency:32
[10/03/21 23:57:16:799 GMT]  INFO caffine.CaffineCache: ***	 Building Cache : workflowstepcache, size:1000,Concurrency:32
[10/03/21 23:57:16:800 GMT]  INFO caffine.CaffineCache: ***	 Building Cache : workflowstepcache, size:1000,Concurrency:32
[10/03/21 23:57:16:800 GMT]  INFO caffine.CaffineCache: ***	 Building Cache : workflowstepcache, size:1000,Concurrency:32
[10/03/21 23:57:16:807 GMT]  INFO util.ActivityLogger: class com.dotcms.contenttype.business.ContentTypeAPIImpl: system : Save ContentType Action , User system/system user system user added ContentType testName1615420636802 to host id:48190c8c-42c4-46af-8d1a-0cd5db894797
[10/03/21 23:57:16:807 GMT]  INFO business.ContentTypeAPIImpl: UserId : system : ContentType : ContentType saved : testName1615420636802
[10/03/21 23:57:16:807 GMT]  INFO util.AdminLogger: UserId : system : class com.dotcms.contenttype.business.ContentTypeAPIImpl : ContentType : ContentType saved : testName1615420636802
[10/03/21 23:57:16:808 GMT]  INFO business.WorkflowAPIImpl: Saving Schemas: d61a59e1-a49c-46f2-a929-db2b4bfa88b2 for Content type dd7b4500-41fe-458f-9cfa-1ec11b6e3e40
[10/03/21 23:57:16:808 GMT]  INFO util.SecurityLogger: class com.dotmarketing.portlets.workflows.business.WorkflowAPIImpl : Saving Schemas: d61a59e1-a49c-46f2-a929-db2b4bfa88b2 for Content type dd7b4500-41fe-458f-9cfa-1ec11b6e3e40 -- ip:127.0.0.1,user:system user system user [ID: system][email:system@dotcmsfakeemail.org]
[10/03/21 23:57:16:812 GMT]  INFO caffine.CaffineCache: ***	 Building Cache : workflowstepcache, size:1000,Concurrency:32
[10/03/21 23:57:16:813 GMT]  INFO caffine.CaffineCache: ***	 Building Cache : workflowstepcache, size:1000,Concurrency:32
[10/03/21 23:57:16:813 GMT]  INFO caffine.CaffineCache: ***	 Building Cache : workflowstepcache, size:1000,Concurrency:32
[10/03/21 23:57:16:813 GMT]  INFO caffine.CaffineCache: ***	 Building Cache : workflowstepcache, size:1000,Concurrency:32
[10/03/21 23:57:16:818 GMT]  INFO util.ActivityLogger: class com.dotcms.contenttype.business.ContentTypeAPIImpl: system : Save ContentType Action , User system/system user system user added ContentType testName1615420636814 to host id:48190c8c-42c4-46af-8d1a-0cd5db894797
[10/03/21 23:57:16:819 GMT]  INFO business.ContentTypeAPIImpl: UserId : system : ContentType : ContentType saved : testName1615420636814
[10/03/21 23:57:16:819 GMT]  INFO util.AdminLogger: UserId : system : class com.dotcms.contenttype.business.ContentTypeAPIImpl : ContentType : ContentType saved : testName1615420636814
[10/03/21 23:57:16:826 GMT]  INFO business.WorkflowAPIImpl: Saving Schemas: d61a59e1-a49c-46f2-a929-db2b4bfa88b2 for Content type a6fa966d-01f7-4c82-b413-4f3e8c2c699d
[10/03/21 23:57:16:826 GMT]  INFO util.SecurityLogger: class com.dotmarketing.portlets.workflows.business.WorkflowAPIImpl : Saving Schemas: d61a59e1-a49c-46f2-a929-db2b4bfa88b2 for Content type a6fa966d-01f7-4c82-b413-4f3e8c2c699d -- ip:127.0.0.1,user:system user system user [ID: system][email:system@dotcmsfakeemail.org]
[10/03/21 23:57:16:831 GMT]  INFO caffine.CaffineCache: ***	 Building Cache : workflowstepcache, size:1000,Concurrency:32
[10/03/21 23:57:16:832 GMT]  INFO caffine.CaffineCache: ***	 Building Cache : workflowstepcache, size:1000,Concurrency:32
[10/03/21 23:57:16:832 GMT]  INFO caffine.CaffineCache: ***	 Building Cache : workflowstepcache, size:1000,Concurrency:32
[10/03/21 23:57:16:832 GMT]  INFO caffine.CaffineCache: ***	 Building Cache : workflowstepcache, size:1000,Concurrency:32
[10/03/21 23:57:16:836 GMT]  INFO junit.RuleWatcher: >>>>>>>>>>>>>>>>>>>>>>>>>>
[10/03/21 23:57:16:836 GMT]  INFO junit.RuleWatcher: >>> test404Cache(com.dotcms.uuid.shorty.LegacyShortyIdApiTest) - starting...
[10/03/21 23:57:16:836 GMT]  INFO junit.RuleWatcher: >>>>>>>>>>>>>>>>>>>>>>>>>>
[10/03/21 23:57:16:855 GMT]  INFO junit.RuleWatcher: >>>>>>>>>>>>>>>>>>>>>>>>>>
[10/03/21 23:57:16:855 GMT]  INFO junit.RuleWatcher: >>> test_shortify[0: (, )](com.dotcms.uuid.shorty.LegacyShortyIdApiTest) - starting...
[10/03/21 23:57:16:855 GMT]  INFO junit.RuleWatcher: >>>>>>>>>>>>>>>>>>>>>>>>>>
[10/03/21 23:57:16:855 GMT]  INFO junit.RuleWatcher: >>>>>>>>>>>>>>>>>>>>>>>>>>
[10/03/21 23:57:16:855 GMT]  INFO junit.RuleWatcher: >>> test_shortify[1: (1234, 1234)](com.dotcms.uuid.shorty.LegacyShortyIdApiTest) - starting...
[10/03/21 23:57:16:855 GMT]  INFO junit.RuleWatcher: >>>>>>>>>>>>>>>>>>>>>>>>>>
[10/03/21 23:57:16:855 GMT]  INFO junit.RuleWatcher: >>>>>>>>>>>>>>>>>>>>>>>>>>
[10/03/21 23:57:16:855 GMT]  INFO junit.RuleWatcher: >>> test_shortify[2: (12345, 12345)](com.dotcms.uuid.shorty.LegacyShortyIdApiTest) - starting...
[10/03/21 23:57:16:855 GMT]  INFO junit.RuleWatcher: >>>>>>>>>>>>>>>>>>>>>>>>>>
[10/03/21 23:57:16:855 GMT]  INFO junit.RuleWatcher: >>>>>>>>>>>>>>>>>>>>>>>>>>
[10/03/21 23:57:16:855 GMT]  INFO junit.RuleWatcher: >>> test_shortify[3: (12345-6, 123456)](com.dotcms.uuid.shorty.LegacyShortyIdApiTest) - starting...
[10/03/21 23:57:16:855 GMT]  INFO junit.RuleWatcher: >>>>>>>>>>>>>>>>>>>>>>>>>>
[10/03/21 23:57:16:855 GMT]  INFO junit.RuleWatcher: >>>>>>>>>>>>>>>>>>>>>>>>>>
[10/03/21 23:57:16:855 GMT]  INFO junit.RuleWatcher: >>> test_shortify[4: (12345-67, 1234567)](com.dotcms.uuid.shorty.LegacyShortyIdApiTest) - starting...
[10/03/21 23:57:16:855 GMT]  INFO junit.RuleWatcher: >>>>>>>>>>>>>>>>>>>>>>>>>>
[10/03/21 23:57:16:855 GMT]  INFO junit.RuleWatcher: >>>>>>>>>>>>>>>>>>>>>>>>>>
[10/03/21 23:57:16:855 GMT]  INFO junit.RuleWatcher: >>> test_shortify[5: (12345-678, 12345678)](com.dotcms.uuid.shorty.LegacyShortyIdApiTest) - starting...
[10/03/21 23:57:16:855 GMT]  INFO junit.RuleWatcher: >>>>>>>>>>>>>>>>>>>>>>>>>>
[10/03/21 23:57:16:856 GMT]  INFO junit.RuleWatcher: >>>>>>>>>>>>>>>>>>>>>>>>>>
[10/03/21 23:57:16:856 GMT]  INFO junit.RuleWatcher: >>> test_shortify[6: (12345-6789, 123456789)](com.dotcms.uuid.shorty.LegacyShortyIdApiTest) - starting...
[10/03/21 23:57:16:856 GMT]  INFO junit.RuleWatcher: >>>>>>>>>>>>>>>>>>>>>>>>>>
[10/03/21 23:57:16:856 GMT]  INFO junit.RuleWatcher: >>>>>>>>>>>>>>>>>>>>>>>>>>
[10/03/21 23:57:16:856 GMT]  INFO junit.RuleWatcher: >>> test_shortify[7: (12345-6789-0, 1234567890)](com.dotcms.uuid.shorty.LegacyShortyIdApiTest) - starting...
[10/03/21 23:57:16:856 GMT]  INFO junit.RuleWatcher: >>>>>>>>>>>>>>>>>>>>>>>>>>
[10/03/21 23:57:16:856 GMT]  INFO junit.RuleWatcher: >>>>>>>>>>>>>>>>>>>>>>>>>>
[10/03/21 23:57:16:856 GMT]  INFO junit.RuleWatcher: >>> test_shortify[8: (12345-6789-01, 1234567890)](com.dotcms.uuid.shorty.LegacyShortyIdApiTest) - starting...
[10/03/21 23:57:16:856 GMT]  INFO junit.RuleWatcher: >>>>>>>>>>>>>>>>>>>>>>>>>>
[10/03/21 23:57:16:856 GMT]  INFO junit.RuleWatcher: >>>>>>>>>>>>>>>>>>>>>>>>>>
[10/03/21 23:57:16:856 GMT]  INFO junit.RuleWatcher: >>> test_shortify[9: (12345-6789-012, 1234567890)](com.dotcms.uuid.shorty.LegacyShortyIdApiTest) - starting...
[10/03/21 23:57:16:856 GMT]  INFO junit.RuleWatcher: >>>>>>>>>>>>>>>>>>>>>>>>>>
[10/03/21 23:57:16:856 GMT]  INFO junit.RuleWatcher: >>>>>>>>>>>>>>>>>>>>>>>>>>
[10/03/21 23:57:16:856 GMT]  INFO junit.RuleWatcher: >>> test_shortify[10: (12345-6789-011-12, 1234567890)](com.dotcms.uuid.shorty.LegacyShortyIdApiTest) - starting...
[10/03/21 23:57:16:856 GMT]  INFO junit.RuleWatcher: >>>>>>>>>>>>>>>>>>>>>>>>>>
[10/03/21 23:57:16:856 GMT]  INFO junit.RuleWatcher: >>>>>>>>>>>>>>>>>>>>>>>>>>
[10/03/21 23:57:16:856 GMT]  INFO junit.RuleWatcher: >>> testShortyLookup(com.dotcms.uuid.shorty.LegacyShortyIdApiTest) - starting...
[10/03/21 23:57:16:856 GMT]  INFO junit.RuleWatcher: >>>>>>>>>>>>>>>>>>>>>>>>>>
[10/03/21 23:57:16:872 GMT]  INFO junit.RuleWatcher: >>>>>>>>>>>>>>>>>>>>>>>>>>
[10/03/21 23:57:16:872 GMT]  INFO junit.RuleWatcher: >>> test_shortify_modify_MINIMUM_SHORTY_ID_LENGTH_success(com.dotcms.uuid.shorty.LegacyShortyIdApiTest) - starting...
[10/03/21 23:57:16:872 GMT]  INFO junit.RuleWatcher: >>>>>>>>>>>>>>>>>>>>>>>>>>
[10/03/21 23:57:16:873 GMT]  INFO junit.RuleWatcher: >>>>>>>>>>>>>>>>>>>>>>>>>>
[10/03/21 23:57:16:873 GMT]  INFO junit.RuleWatcher: >>> testShortyCache(com.dotcms.uuid.shorty.LegacyShortyIdApiTest) - starting...
[10/03/21 23:57:16:873 GMT]  INFO junit.RuleWatcher: >>>>>>>>>>>>>>>>>>>>>>>>>>
[10/03/21 23:57:16:873 GMT]  INFO junit.RuleWatcher: >>>>>>>>>>>>>>>>>>>>>>>>>>
[10/03/21 23:57:16:873 GMT]  INFO junit.RuleWatcher: >>> testValidShorty[0: (asdd-1234-asdasda-asda, true)](com.dotcms.uuid.shorty.LegacyShortyIdApiTest) - starting...
[10/03/21 23:57:16:873 GMT]  INFO junit.RuleWatcher: >>>>>>>>>>>>>>>>>>>>>>>>>>
[10/03/21 23:57:16:874 GMT]  INFO junit.RuleWatcher: >>>>>>>>>>>>>>>>>>>>>>>>>>
[10/03/21 23:57:16:874 GMT]  INFO junit.RuleWatcher: >>> testValidShorty[1: (asd87-234-214, true)](com.dotcms.uuid.shorty.LegacyShortyIdApiTest) - starting...
[10/03/21 23:57:16:874 GMT]  INFO junit.RuleWatcher: >>>>>>>>>>>>>>>>>>>>>>>>>>
[10/03/21 23:57:16:874 GMT]  INFO junit.RuleWatcher: >>>>>>>>>>>>>>>>>>>>>>>>>>
[10/03/21 23:57:16:874 GMT]  INFO junit.RuleWatcher: >>> testValidShorty[2: (asd87-234:-251, false)](com.dotcms.uuid.shorty.LegacyShortyIdApiTest) - starting...
[10/03/21 23:57:16:874 GMT]  INFO junit.RuleWatcher: >>>>>>>>>>>>>>>>>>>>>>>>>>
[10/03/21 23:57:16:874 GMT]  INFO junit.RuleWatcher: >>>>>>>>>>>>>>>>>>>>>>>>>>
[10/03/21 23:57:16:874 GMT]  INFO junit.RuleWatcher: >>> testValidShorty[3: (asd87-234;-251, false)](com.dotcms.uuid.shorty.LegacyShortyIdApiTest) - starting...
[10/03/21 23:57:16:874 GMT]  INFO junit.RuleWatcher: >>>>>>>>>>>>>>>>>>>>>>>>>>
[10/03/21 23:57:16:874 GMT]  INFO junit.RuleWatcher: >>>>>>>>>>>>>>>>>>>>>>>>>>
[10/03/21 23:57:16:874 GMT]  INFO junit.RuleWatcher: >>> testValidShorty[4: (asd87-234"-251, false)](com.dotcms.uuid.shorty.LegacyShortyIdApiTest) - starting...
[10/03/21 23:57:16:874 GMT]  INFO junit.RuleWatcher: >>>>>>>>>>>>>>>>>>>>>>>>>>
[10/03/21 23:57:16:874 GMT]  INFO junit.RuleWatcher: >>>>>>>>>>>>>>>>>>>>>>>>>>
[10/03/21 23:57:16:874 GMT]  INFO junit.RuleWatcher: >>> testValidShorty[5: (asd87-234*-251, false)](com.dotcms.uuid.shorty.LegacyShortyIdApiTest) - starting...
[10/03/21 23:57:16:874 GMT]  INFO junit.RuleWatcher: >>>>>>>>>>>>>>>>>>>>>>>>>>
[10/03/21 23:57:16:874 GMT]  INFO junit.RuleWatcher: >>>>>>>>>>>>>>>>>>>>>>>>>>
[10/03/21 23:57:16:874 GMT]  INFO junit.RuleWatcher: >>> testValidShorty[6: (asd87_232_251, false)](com.dotcms.uuid.shorty.LegacyShortyIdApiTest) - starting...
[10/03/21 23:57:16:874 GMT]  INFO junit.RuleWatcher: >>>>>>>>>>>>>>>>>>>>>>>>>>
[10/03/21 23:57:16:874 GMT]  INFO junit.RuleWatcher: >>>>>>>>>>>>>>>>>>>>>>>>>>
[10/03/21 23:57:16:874 GMT]  INFO junit.RuleWatcher: >>> testValidShorty[7: (null, false)](com.dotcms.uuid.shorty.LegacyShortyIdApiTest) - starting...
[10/03/21 23:57:16:874 GMT]  INFO junit.RuleWatcher: >>>>>>>>>>>>>>>>>>>>>>>>>>
[10/03/21 23:57:16:874 GMT]  INFO junit.RuleWatcher: >>>>>>>>>>>>>>>>>>>>>>>>>>
[10/03/21 23:57:16:874 GMT]  INFO junit.RuleWatcher: >>> testValidShorty[8: (asd81, false)](com.dotcms.uuid.shorty.LegacyShortyIdApiTest) - starting...
[10/03/21 23:57:16:874 GMT]  INFO junit.RuleWatcher: >>>>>>>>>>>>>>>>>>>>>>>>>>
[10/03/21 23:57:16:874 GMT]  INFO junit.RuleWatcher: >>>>>>>>>>>>>>>>>>>>>>>>>>
[10/03/21 23:57:16:874 GMT]  INFO junit.RuleWatcher: >>> test404CacheInvalidation(com.dotcms.uuid.shorty.LegacyShortyIdApiTest) - starting...
[10/03/21 23:57:16:874 GMT]  INFO junit.RuleWatcher: >>>>>>>>>>>>>>>>>>>>>>>>>>
[10/03/21 23:57:16:875 GMT]  INFO caffine.CaffineCache: ***	 Building Cache : workflowstepcache, size:1000,Concurrency:32
[10/03/21 23:57:16:875 GMT]  INFO caffine.CaffineCache: ***	 Building Cache : workflowstepcache, size:1000,Concurrency:32
[10/03/21 23:57:16:876 GMT] ERROR business.ChainableCacheAdministratorImpl: The cache to locally remove key is invalid. The value was :hostcache
[10/03/21 23:57:16:876 GMT]  INFO caffine.CaffineCache: ***	 Building Cache : hostaliascache, size:1000,Concurrency:32
[10/03/21 23:57:16:877 GMT]  INFO util.ActivityLogger: class com.dotcms.content.elasticsearch.business.ESContentletAPIImpl: system : Saving Content , StartDate: N/D; EndDate: N/D; User:system; ContentIdentifier: 
[10/03/21 23:57:16:878 GMT]  INFO caffine.CaffineCache: ***	 Building Cache : esquerycache, size:1000,Concurrency:32
[10/03/21 23:57:16:885 GMT]  INFO caffine.CaffineCache: ***	 Building Cache : workflowstepcache, size:1000,Concurrency:32
[10/03/21 23:57:16:885 GMT]  INFO caffine.CaffineCache: ***	 Building Cache : workflowstepcache, size:1000,Concurrency:32
[10/03/21 23:57:16:900 GMT]  INFO caffine.CaffineCache: ***	 Building Cache : workflowstepcache, size:1000,Concurrency:32
[10/03/21 23:57:16:901 GMT]  INFO caffine.CaffineCache: ***	 Building Cache : workflowstepcache, size:1000,Concurrency:32
[10/03/21 23:57:16:911 GMT]  INFO caffine.CaffineCache: ***	 Building Cache : workflowstepcache, size:1000,Concurrency:32
[10/03/21 23:57:16:911 GMT]  INFO caffine.CaffineCache: ***	 Building Cache : workflowstepcache, size:1000,Concurrency:32
[10/03/21 23:57:16:914 GMT]  INFO caffine.CaffineCache: ***	 Building Cache : esquerycache, size:1000,Concurrency:32
[10/03/21 23:57:16:914 GMT]  INFO caffine.CaffineCache: ***	 Building Cache : esquerycountcache, size:1000,Concurrency:32
[10/03/21 23:57:16:914 GMT]  INFO caffine.CaffineCache: ***	 Building Cache : esquerycountcache, size:1000,Concurrency:32
[10/03/21 23:57:16:940 GMT]  INFO caffine.CaffineCache: ***	 Building Cache : esquerycache, size:1000,Concurrency:32
[10/03/21 23:57:16:940 GMT]  INFO caffine.CaffineCache: ***	 Building Cache : esquerycache, size:1000,Concurrency:32
[10/03/21 23:57:16:940 GMT]  INFO caffine.CaffineCache: ***	 Building Cache : esquerycountcache, size:1000,Concurrency:32
[10/03/21 23:57:16:940 GMT]  INFO caffine.CaffineCache: ***	 Building Cache : esquerycountcache, size:1000,Concurrency:32
[10/03/21 23:57:16:944 GMT]  INFO caffine.CaffineCache: ***	 Building Cache : hostaliascache, size:1000,Concurrency:32
[10/03/21 23:57:16:944 GMT]  INFO caffine.CaffineCache: ***	 Building Cache : hostaliascache, size:1000,Concurrency:32
[10/03/21 23:57:16:944 GMT]  INFO caffine.CaffineCache: ***	 Building Cache : hostaliascache, size:1000,Concurrency:32
[10/03/21 23:57:16:948 GMT]  INFO caffine.CaffineCache: ***	 Building Cache : hostaliascache, size:1000,Concurrency:32
[10/03/21 23:57:16:948 GMT]  INFO caffine.CaffineCache: ***	 Building Cache : hostaliascache, size:1000,Concurrency:32
[10/03/21 23:57:16:969 GMT]  INFO caffine.CaffineCache: ***	 Building Cache : esquerycache, size:1000,Concurrency:32
[10/03/21 23:57:16:969 GMT]  INFO caffine.CaffineCache: ***	 Building Cache : esquerycache, size:1000,Concurrency:32
[10/03/21 23:57:16:969 GMT]  INFO caffine.CaffineCache: ***	 Building Cache : esquerycountcache, size:1000,Concurrency:32
[10/03/21 23:57:16:969 GMT]  INFO caffine.CaffineCache: ***	 Building Cache : esquerycountcache, size:1000,Concurrency:32
[10/03/21 23:57:16:990 GMT]  INFO caffine.CaffineCache: ***	 Building Cache : esquerycache, size:1000,Concurrency:32
[10/03/21 23:57:16:990 GMT]  INFO caffine.CaffineCache: ***	 Building Cache : esquerycache, size:1000,Concurrency:32
[10/03/21 23:57:16:990 GMT]  INFO caffine.CaffineCache: ***	 Building Cache : esquerycountcache, size:1000,Concurrency:32
[10/03/21 23:57:16:990 GMT]  INFO caffine.CaffineCache: ***	 Building Cache : esquerycountcache, size:1000,Concurrency:32
[10/03/21 23:57:16:991 GMT]  INFO business.ContentletIndexAPIImpl: Indexing: 74dd1923-b014-4a58-81c5-f2112b67a09f : test1615420636875.dotcms.com, includeDependencies: true, policy: WAIT_FOR
[10/03/21 23:57:17:024 GMT]  INFO caffine.CaffineCache: ***	 Building Cache : esquerycache, size:1000,Concurrency:32
[10/03/21 23:57:17:027 GMT]  INFO util.ActivityLogger: class com.dotcms.content.elasticsearch.business.ESContentletAPIImpl: System Host : Content Saved , StartDate: N/D; EndDate: N/D; User:system; ContentIdentifier: 74dd1923-b014-4a58-81c5-f2112b67a09f
[10/03/21 23:57:17:028 GMT]  INFO caffine.CaffineCache: ***	 Building Cache : hostaliascache, size:1000,Concurrency:32
[10/03/21 23:57:17:028 GMT]  INFO caffine.CaffineCache: ***	 Building Cache : hostaliascache, size:1000,Concurrency:32
[10/03/21 23:57:17:029 GMT]  INFO caffine.CaffineCache: ***	 Building Cache : hostaliascache, size:1000,Concurrency:32
[10/03/21 23:57:17:031 GMT]  INFO caffine.CaffineCache: ***	 Building Cache : esquerycountcache, size:1000,Concurrency:32
[10/03/21 23:57:17:032 GMT] ERROR business.ChainableCacheAdministratorImpl: The cache to locally remove key is invalid. The value was :hostcache
[10/03/21 23:57:17:032 GMT]  INFO caffine.CaffineCache: ***	 Building Cache : hostaliascache, size:1000,Concurrency:32
[10/03/21 23:57:17:033 GMT]  INFO caffine.CaffineCache: ***	 Building Cache : esquerycache, size:1000,Concurrency:32
[10/03/21 23:57:17:033 GMT]  INFO caffine.CaffineCache: ***	 Building Cache : esquerycountcache, size:1000,Concurrency:32
[10/03/21 23:57:17:062 GMT] ERROR business.ChainableCacheAdministratorImpl: The cache to locally remove key is invalid. The value was :hostcache
[10/03/21 23:57:17:062 GMT]  INFO caffine.CaffineCache: ***	 Building Cache : hostaliascache, size:1000,Concurrency:32
[10/03/21 23:57:17:062 GMT]  INFO caffine.CaffineCache: ***	 Building Cache : hostaliascache, size:1000,Concurrency:32
[10/03/21 23:57:17:064 GMT]  INFO caffine.CaffineCache: ***	 Building Cache : esquerycache, size:1000,Concurrency:32
[10/03/21 23:57:17:064 GMT]  INFO caffine.CaffineCache: ***	 Building Cache : esquerycountcache, size:1000,Concurrency:32
[10/03/21 23:57:17:065 GMT]  INFO caffine.CaffineCache: ***	 Building Cache : esquerycache, size:1000,Concurrency:32
[10/03/21 23:57:17:065 GMT]  INFO caffine.CaffineCache: ***	 Building Cache : esquerycountcache, size:1000,Concurrency:32
[10/03/21 23:57:17:485 GMT]  INFO caffine.CaffineCache: ***	 Building Cache : hostaliascache, size:1000,Concurrency:32
[10/03/21 23:57:17:485 GMT]  INFO caffine.CaffineCache: ***	 Building Cache : hostaliascache, size:1000,Concurrency:32
[10/03/21 23:57:17:487 GMT]  INFO caffine.CaffineCache: ***	 Building Cache : esquerycache, size:1000,Concurrency:32
[10/03/21 23:57:17:490 GMT]  INFO util.ActivityLogger: class com.dotcms.content.elasticsearch.business.ESContentletAPIImpl: System Host : Publishing Content , StartDate: N/D; EndDate: N/D; User:system; ContentIdentifier: 74dd1923-b014-4a58-81c5-f2112b67a09f
[10/03/21 23:57:17:492 GMT]  INFO business.ContentletIndexAPIImpl: Indexing: 74dd1923-b014-4a58-81c5-f2112b67a09f : test1615420636875.dotcms.com, includeDependencies: true, policy: FORCE
[10/03/21 23:57:17:520 GMT]  INFO caffine.CaffineCache: ***	 Building Cache : esquerycountcache, size:1000,Concurrency:32
[10/03/21 23:57:17:521 GMT]  INFO caffine.CaffineCache: ***	 Building Cache : esquerycache, size:1000,Concurrency:32
[10/03/21 23:57:17:524 GMT]  INFO util.ActivityLogger: class com.dotcms.content.elasticsearch.business.ESContentletAPIImpl: System Host : Content Published , StartDate: N/D; EndDate: N/D; User:system; ContentIdentifier: 74dd1923-b014-4a58-81c5-f2112b67a09f
[10/03/21 23:57:17:528 GMT]  INFO caffine.CaffineCache: ***	 Building Cache : esquerycountcache, size:1000,Concurrency:32
[10/03/21 23:57:17:534 GMT]  INFO caffine.CaffineCache: ***	 Building Cache : esquerycache, size:1000,Concurrency:32
[10/03/21 23:57:17:534 GMT]  INFO caffine.CaffineCache: ***	 Building Cache : esquerycountcache, size:1000,Concurrency:32
[10/03/21 23:57:17:546 GMT]  INFO caffine.CaffineCache: ***	 Building Cache : esquerycache, size:1000,Concurrency:32
[10/03/21 23:57:17:547 GMT]  INFO caffine.CaffineCache: ***	 Building Cache : esquerycountcache, size:1000,Concurrency:32
[10/03/21 23:57:17:586 GMT]  INFO caffine.CaffineCache: ***	 Building Cache : hostaliascache, size:1000,Concurrency:32
[10/03/21 23:57:17:586 GMT]  INFO caffine.CaffineCache: ***	 Building Cache : hostaliascache, size:1000,Concurrency:32
[10/03/21 23:57:17:587 GMT]  WARN shorty.ShortyIdAPIImpl: An error occurred when getting shorty value for '' of type 'CONTENT': shorty  is not a short id.  Short Ids should be 10 chars in length
[10/03/21 23:57:17:589 GMT]  INFO junit.RuleWatcher: >>>>>>>>>>>>>>>>>>>>>>>>>>
[10/03/21 23:57:17:589 GMT]  INFO junit.RuleWatcher: >>> testPUT_GivenSystemFolderWithSystemHost_ShouldStillHaveSystemHostInFolder(com.dotmarketing.cache.FolderCacheImplIntegrationTest) - starting...
[10/03/21 23:57:17:589 GMT]  INFO junit.RuleWatcher: >>>>>>>>>>>>>>>>>>>>>>>>>>
[10/03/21 23:57:17:589 GMT]  INFO caffine.CaffineCache: ***	 Building Cache : foldercache, size:1000,Concurrency:32
[10/03/21 23:57:17:589 GMT]  INFO junit.RuleWatcher: >>>>>>>>>>>>>>>>>>>>>>>>>>
[10/03/21 23:57:17:589 GMT]  INFO junit.RuleWatcher: >>> testPUT_GivenSystemFolderWithHostDifferentFromSystemHost_ShouldSetSystemHostToFolder(com.dotmarketing.cache.FolderCacheImplIntegrationTest) - starting...
[10/03/21 23:57:17:589 GMT]  INFO junit.RuleWatcher: >>>>>>>>>>>>>>>>>>>>>>>>>>
[10/03/21 23:57:17:589 GMT] ERROR cache.FolderCacheImpl: Host ID for SYSTEM_FOLDER must always be SYSTEM_HOST. Value 'b75325ec-dacb-46de-95a0-57d791ffe65b' was set.
[10/03/21 23:57:17:590 GMT]  INFO caffine.CaffineCache: ***	 Building Cache : foldercache, size:1000,Concurrency:32
[10/03/21 23:57:17:590 GMT]  INFO caffine.CaffineCache: ***	 Building Cache : foldercache, size:1000,Concurrency:32
[10/03/21 23:57:17:590 GMT] ERROR cache.FolderCacheImpl: 	at java.lang.Thread.getStackTrace(Thread.java:1559)
	at com.dotcms.exception.ExceptionUtil.getCurrentStackTraceAsString(ExceptionUtil.java:395)
	at com.dotmarketing.cache.FolderCacheImpl.addFolder(FolderCacheImpl.java:31)
	at com.dotmarketing.cache.FolderCacheImplIntegrationTest.testPUT_GivenSystemFolderWithHostDifferentFromSystemHost_ShouldSetSystemHostToFolder(FolderCacheImplIntegrationTest.java:44)
	at sun.reflect.NativeMethodAccessorImpl.invoke0(Native Method)
	at sun.reflect.NativeMethodAccessorImpl.invoke(NativeMethodAccessorImpl.java:62)
	at sun.reflect.DelegatingMethodAccessorImpl.invoke(DelegatingMethodAccessorImpl.java:43)
	at java.lang.reflect.Method.invoke(Method.java:498)
	at org.junit.runners.model.FrameworkMethod$1.runReflectiveCall(FrameworkMethod.java:50)
	at org.junit.internal.runners.model.ReflectiveCallable.run(ReflectiveCallable.java:12)
	at org.junit.runners.model.FrameworkMethod.invokeExplosively(FrameworkMethod.java:47)
	at org.junit.internal.runners.statements.InvokeMethod.evaluate(InvokeMethod.java:17)
	at org.junit.internal.runners.statements.RunBefores.evaluate(RunBefores.java:26)
	at org.junit.internal.runners.statements.RunAfters.evaluate(RunAfters.java:27)
	at org.junit.rules.TestWatcher$1.evaluate(TestWatcher.java:55)
	at org.junit.rules.RunRules.evaluate(RunRules.java:20)
	at org.junit.runners.ParentRunner.runLeaf(ParentRunner.java:325)
	at com.dotcms.junit.CustomDataProviderRunner.runChild(CustomDataProviderRunner.java:28)
	at com.dotcms.junit.CustomDataProviderRunner.runChild(CustomDataProviderRunner.java:13)
	at org.junit.runners.ParentRunner$3.run(ParentRunner.java:290)
	at org.junit.runners.ParentRunner$1.schedule(ParentRunner.java:71)
	at org.junit.runners.ParentRunner.runChildren(ParentRunner.java:288)
	at org.junit.runners.ParentRunner.access$000(ParentRunner.java:58)
	at org.junit.runners.ParentRunner$2.evaluate(ParentRunner.java:268)
	at org.junit.internal.runners.statements.RunBefores.evaluate(RunBefores.java:26)
	at org.junit.runners.ParentRunner.run(ParentRunner.java:363)
	at org.junit.runners.Suite.runChild(Suite.java:128)
	at org.junit.runners.Suite.runChild(Suite.java:27)
	at org.junit.runners.ParentRunner$3.run(ParentRunner.java:290)
	at org.junit.runners.ParentRunner$1.schedule(ParentRunner.java:71)
	at org.junit.runners.ParentRunner.runChildren(ParentRunner.java:288)
	at org.junit.runners.ParentRunner.access$000(ParentRunner.java:58)
	at org.junit.runners.ParentRunner$2.evaluate(ParentRunner.java:268)
	at org.junit.runners.ParentRunner.run(ParentRunner.java:363)
	at org.gradle.api.internal.tasks.testing.junit.JUnitTestClassExecutor.runTestClass(JUnitTestClassExecutor.java:106)
	at org.gradle.api.internal.tasks.testing.junit.JUnitTestClassExecutor.execute(JUnitTestClassExecutor.java:58)
	at org.gradle.api.internal.tasks.testing.junit.JUnitTestClassExecutor.execute(JUnitTestClassExecutor.java:38)
	at org.gradle.api.internal.tasks.testing.junit.AbstractJUnitTestClassProcessor.processTestClass(AbstractJUnitTestClassProcessor.java:66)
	at org.gradle.api.internal.tasks.testing.SuiteTestClassProcessor.processTestClass(SuiteTestClassProcessor.java:51)
	at sun.reflect.NativeMethodAccessorImpl.invoke0(Native Method)
	at sun.reflect.NativeMethodAccessorImpl.invoke(NativeMethodAccessorImpl.java:62)
	at sun.reflect.DelegatingMethodAccessorImpl.invoke(DelegatingMethodAccessorImpl.java:43)
	at java.lang.reflect.Method.invoke(Method.java:498)
	at org.gradle.internal.dispatch.ReflectionDispatch.dispatch(ReflectionDispatch.java:35)
	at org.gradle.internal.dispatch.ReflectionDispatch.dispatch(ReflectionDispatch.java:24)
	at org.gradle.internal.dispatch.ContextClassLoaderDispatch.dispatch(ContextClassLoaderDispatch.java:32)
	at org.gradle.internal.dispatch.ProxyDispatchAdapter$DispatchingInvocationHandler.invoke(ProxyDispatchAdapter.java:93)
	at com.sun.proxy.$Proxy2.processTestClass(Unknown Source)
	at org.gradle.api.internal.tasks.testing.worker.TestWorker.processTestClass(TestWorker.java:117)
	at sun.reflect.NativeMethodAccessorImpl.invoke0(Native Method)
	at sun.reflect.NativeMethodAccessorImpl.invoke(NativeMethodAccessorImpl.java:62)
	at sun.reflect.DelegatingMethodAccessorImpl.invoke(DelegatingMethodAccessorImpl.java:43)
	at java.lang.reflect.Method.invoke(Method.java:498)
	at org.gradle.internal.dispatch.ReflectionDispatch.dispatch(ReflectionDispatch.java:35)
	at org.gradle.internal.dispatch.ReflectionDispatch.dispatch(ReflectionDispatch.java:24)
	at org.gradle.internal.remote.internal.hub.MessageHubBackedObjectConnection$DispatchWrapper.dispatch(MessageHubBackedObjectConnection.java:155)
	at org.gradle.internal.remote.internal.hub.MessageHubBackedObjectConnection$DispatchWrapper.dispatch(MessageHubBackedObjectConnection.java:137)
	at org.gradle.internal.remote.internal.hub.MessageHub$Handler.run(MessageHub.java:404)
	at org.gradle.internal.concurrent.ExecutorPolicy$CatchAndRecordFailures.onExecute(ExecutorPolicy.java:63)
	at org.gradle.internal.concurrent.ManagedExecutorImpl$1.run(ManagedExecutorImpl.java:46)
	at java.util.concurrent.ThreadPoolExecutor.runWorker(ThreadPoolExecutor.java:1149)
	at java.util.concurrent.ThreadPoolExecutor$Worker.run(ThreadPoolExecutor.java:624)
	at org.gradle.internal.concurrent.ThreadFactoryImpl$ManagedThreadRunnable.run(ThreadFactoryImpl.java:55)
	at java.lang.Thread.run(Thread.java:748)

[10/03/21 23:57:17:590 GMT]  INFO caffine.CaffineCache: ***	 Building Cache : foldercache, size:1000,Concurrency:32
